{
    "Id":  5,
    "Version":  3,
    "Qualifiers":  null,
    "Level":  4,
    "Task":  5,
    "Opcode":  0,
    "Keywords":  -9223372036854775808,
    "RecordId":  668,
    "ProviderName":  "Microsoft-Windows-Sysmon",
    "ProviderId":  "5770385f-c22a-43e0-bf4c-06f5698ffbd9",
    "LogName":  "Microsoft-Windows-Sysmon/Operational",
    "ProcessId":  2620,
    "ThreadId":  8520,
    "MachineName":  "DESKTOP-FUN63VP",
    "UserId":  {
                   "BinaryLength":  12,
                   "AccountDomainSid":  null,
                   "Value":  "S-1-5-18"
               },
    "TimeCreated":  "\/Date(1765810363062)\/",
    "ActivityId":  null,
    "RelatedActivityId":  null,
    "ContainerLog":  "Microsoft-Windows-Sysmon/Operational",
    "MatchedQueryIds":  [

                        ],
    "Bookmark":  {

                 },
    "LevelDisplayName":  "Information",
    "OpcodeDisplayName":  "Informations",
    "TaskDisplayName":  "Process terminated (rule: ProcessTerminate)",
    "KeywordsDisplayNames":  [

                             ],
    "Properties":  [
                       {
                           "Value":  "-"
                       },
                       {
                           "Value":  "2025-12-15 14:52:43.062"
                       },
                       {
                           "Value":  "bf59a455-209b-6940-8204-000000009301"
                       },
                       {
                           "Value":  4448
                       },
                       {
                           "Value":  "C:\\Users\\pc\\AppData\\Local\\Programs\\Opera\\opera.exe"
                       },
                       {
                           "Value":  "DESKTOP-FUN63VP\\pc"
                       }
                   ],
    "Message":  "Process terminated:\r\nRuleName: -\r\nUtcTime: 2025-12-15 14:52:43.062\r\nProcessGuid: {BF59A455-209B-6940-8204-000000009301}\r\nProcessId: 4448\r\nImage: C:\\Users\\pc\\AppData\\Local\\Programs\\Opera\\opera.exe\r\nUser: DESKTOP-FUN63VP\\pc"
}
{
    "Id":  5,
    "Version":  3,
    "Qualifiers":  null,
    "Level":  4,
    "Task":  5,
    "Opcode":  0,
    "Keywords":  -9223372036854775808,
    "RecordId":  667,
    "ProviderName":  "Microsoft-Windows-Sysmon",
    "ProviderId":  "5770385f-c22a-43e0-bf4c-06f5698ffbd9",
    "LogName":  "Microsoft-Windows-Sysmon/Operational",
    "ProcessId":  2620,
    "ThreadId":  8520,
    "MachineName":  "DESKTOP-FUN63VP",
    "UserId":  {
                   "BinaryLength":  12,
                   "AccountDomainSid":  null,
                   "Value":  "S-1-5-18"
               },
    "TimeCreated":  "\/Date(1765810362731)\/",
    "ActivityId":  null,
    "RelatedActivityId":  null,
    "ContainerLog":  "Microsoft-Windows-Sysmon/Operational",
    "MatchedQueryIds":  [

                        ],
    "Bookmark":  {

                 },
    "LevelDisplayName":  "Information",
    "OpcodeDisplayName":  "Informations",
    "TaskDisplayName":  "Process terminated (rule: ProcessTerminate)",
    "KeywordsDisplayNames":  [

                             ],
    "Properties":  [
                       {
                           "Value":  "-"
                       },
                       {
                           "Value":  "2025-12-15 14:52:42.728"
                       },
                       {
                           "Value":  "bf59a455-206a-6940-8104-000000009301"
                       },
                       {
                           "Value":  4964
                       },
                       {
                           "Value":  "C:\\Windows\\System32\\SearchFilterHost.exe"
                       },
                       {
                           "Value":  "AUTORITE NT\\Système"
                       }
                   ],
    "Message":  "Process terminated:\r\nRuleName: -\r\nUtcTime: 2025-12-15 14:52:42.728\r\nProcessGuid: {BF59A455-206A-6940-8104-000000009301}\r\nProcessId: 4964\r\nImage: C:\\Windows\\System32\\SearchFilterHost.exe\r\nUser: AUTORITE NT\\Système"
}
{
    "Id":  5,
    "Version":  3,
    "Qualifiers":  null,
    "Level":  4,
    "Task":  5,
    "Opcode":  0,
    "Keywords":  -9223372036854775808,
    "RecordId":  666,
    "ProviderName":  "Microsoft-Windows-Sysmon",
    "ProviderId":  "5770385f-c22a-43e0-bf4c-06f5698ffbd9",
    "LogName":  "Microsoft-Windows-Sysmon/Operational",
    "ProcessId":  2620,
    "ThreadId":  8520,
    "MachineName":  "DESKTOP-FUN63VP",
    "UserId":  {
                   "BinaryLength":  12,
                   "AccountDomainSid":  null,
                   "Value":  "S-1-5-18"
               },
    "TimeCreated":  "\/Date(1765810362702)\/",
    "ActivityId":  null,
    "RelatedActivityId":  null,
    "ContainerLog":  "Microsoft-Windows-Sysmon/Operational",
    "MatchedQueryIds":  [

                        ],
    "Bookmark":  {

                 },
    "LevelDisplayName":  "Information",
    "OpcodeDisplayName":  "Informations",
    "TaskDisplayName":  "Process terminated (rule: ProcessTerminate)",
    "KeywordsDisplayNames":  [

                             ],
    "Properties":  [
                       {
                           "Value":  "-"
                       },
                       {
                           "Value":  "2025-12-15 14:52:42.701"
                       },
                       {
                           "Value":  "bf59a455-1fe7-6940-7904-000000009301"
                       },
                       {
                           "Value":  6712
                       },
                       {
                           "Value":  "C:\\Windows\\System32\\SearchProtocolHost.exe"
                       },
                       {
                           "Value":  "DESKTOP-FUN63VP\\pc"
                       }
                   ],
    "Message":  "Process terminated:\r\nRuleName: -\r\nUtcTime: 2025-12-15 14:52:42.701\r\nProcessGuid: {BF59A455-1FE7-6940-7904-000000009301}\r\nProcessId: 6712\r\nImage: C:\\Windows\\System32\\SearchProtocolHost.exe\r\nUser: DESKTOP-FUN63VP\\pc"
}
{
    "Id":  5,
    "Version":  3,
    "Qualifiers":  null,
    "Level":  4,
    "Task":  5,
    "Opcode":  0,
    "Keywords":  -9223372036854775808,
    "RecordId":  665,
    "ProviderName":  "Microsoft-Windows-Sysmon",
    "ProviderId":  "5770385f-c22a-43e0-bf4c-06f5698ffbd9",
    "LogName":  "Microsoft-Windows-Sysmon/Operational",
    "ProcessId":  2620,
    "ThreadId":  8520,
    "MachineName":  "DESKTOP-FUN63VP",
    "UserId":  {
                   "BinaryLength":  12,
                   "AccountDomainSid":  null,
                   "Value":  "S-1-5-18"
               },
    "TimeCreated":  "\/Date(1765810362690)\/",
    "ActivityId":  null,
    "RelatedActivityId":  null,
    "ContainerLog":  "Microsoft-Windows-Sysmon/Operational",
    "MatchedQueryIds":  [

                        ],
    "Bookmark":  {

                 },
    "LevelDisplayName":  "Information",
    "OpcodeDisplayName":  "Informations",
    "TaskDisplayName":  "Process terminated (rule: ProcessTerminate)",
    "KeywordsDisplayNames":  [

                             ],
    "Properties":  [
                       {
                           "Value":  "-"
                       },
                       {
                           "Value":  "2025-12-15 14:52:42.687"
                       },
                       {
                           "Value":  "bf59a455-2015-6940-7c04-000000009301"
                       },
                       {
                           "Value":  2916
                       },
                       {
                           "Value":  "C:\\Windows\\System32\\SearchProtocolHost.exe"
                       },
                       {
                           "Value":  "AUTORITE NT\\Système"
                       }
                   ],
    "Message":  "Process terminated:\r\nRuleName: -\r\nUtcTime: 2025-12-15 14:52:42.687\r\nProcessGuid: {BF59A455-2015-6940-7C04-000000009301}\r\nProcessId: 2916\r\nImage: C:\\Windows\\System32\\SearchProtocolHost.exe\r\nUser: AUTORITE NT\\Système"
}
{
    "Id":  5,
    "Version":  3,
    "Qualifiers":  null,
    "Level":  4,
    "Task":  5,
    "Opcode":  0,
    "Keywords":  -9223372036854775808,
    "RecordId":  664,
    "ProviderName":  "Microsoft-Windows-Sysmon",
    "ProviderId":  "5770385f-c22a-43e0-bf4c-06f5698ffbd9",
    "LogName":  "Microsoft-Windows-Sysmon/Operational",
    "ProcessId":  2620,
    "ThreadId":  8520,
    "MachineName":  "DESKTOP-FUN63VP",
    "UserId":  {
                   "BinaryLength":  12,
                   "AccountDomainSid":  null,
                   "Value":  "S-1-5-18"
               },
    "TimeCreated":  "\/Date(1765810337727)\/",
    "ActivityId":  null,
    "RelatedActivityId":  null,
    "ContainerLog":  "Microsoft-Windows-Sysmon/Operational",
    "MatchedQueryIds":  [

                        ],
    "Bookmark":  {

                 },
    "LevelDisplayName":  "Information",
    "OpcodeDisplayName":  "Informations",
    "TaskDisplayName":  "Process terminated (rule: ProcessTerminate)",
    "KeywordsDisplayNames":  [

                             ],
    "Properties":  [
                       {
                           "Value":  "-"
                       },
                       {
                           "Value":  "2025-12-15 14:52:17.726"
                       },
                       {
                           "Value":  "bf59a455-1eac-6940-6b04-000000009301"
                       },
                       {
                           "Value":  9816
                       },
                       {
                           "Value":  "C:\\Windows\\System32\\audiodg.exe"
                       },
                       {
                           "Value":  "AUTORITE NT\\SERVICE LOCAL"
                       }
                   ],
    "Message":  "Process terminated:\r\nRuleName: -\r\nUtcTime: 2025-12-15 14:52:17.726\r\nProcessGuid: {BF59A455-1EAC-6940-6B04-000000009301}\r\nProcessId: 9816\r\nImage: C:\\Windows\\System32\\audiodg.exe\r\nUser: AUTORITE NT\\SERVICE LOCAL"
}
{
    "Id":  5,
    "Version":  3,
    "Qualifiers":  null,
    "Level":  4,
    "Task":  5,
    "Opcode":  0,
    "Keywords":  -9223372036854775808,
    "RecordId":  663,
    "ProviderName":  "Microsoft-Windows-Sysmon",
    "ProviderId":  "5770385f-c22a-43e0-bf4c-06f5698ffbd9",
    "LogName":  "Microsoft-Windows-Sysmon/Operational",
    "ProcessId":  2620,
    "ThreadId":  8520,
    "MachineName":  "DESKTOP-FUN63VP",
    "UserId":  {
                   "BinaryLength":  12,
                   "AccountDomainSid":  null,
                   "Value":  "S-1-5-18"
               },
    "TimeCreated":  "\/Date(1765810302226)\/",
    "ActivityId":  null,
    "RelatedActivityId":  null,
    "ContainerLog":  "Microsoft-Windows-Sysmon/Operational",
    "MatchedQueryIds":  [

                        ],
    "Bookmark":  {

                 },
    "LevelDisplayName":  "Information",
    "OpcodeDisplayName":  "Informations",
    "TaskDisplayName":  "Process terminated (rule: ProcessTerminate)",
    "KeywordsDisplayNames":  [

                             ],
    "Properties":  [
                       {
                           "Value":  "-"
                       },
                       {
                           "Value":  "2025-12-15 14:51:42.225"
                       },
                       {
                           "Value":  "bf59a455-205f-6940-7f04-000000009301"
                       },
                       {
                           "Value":  8548
                       },
                       {
                           "Value":  "C:\\Users\\pc\\AppData\\Local\\Programs\\Opera\\opera.exe"
                       },
                       {
                           "Value":  "DESKTOP-FUN63VP\\pc"
                       }
                   ],
    "Message":  "Process terminated:\r\nRuleName: -\r\nUtcTime: 2025-12-15 14:51:42.225\r\nProcessGuid: {BF59A455-205F-6940-7F04-000000009301}\r\nProcessId: 8548\r\nImage: C:\\Users\\pc\\AppData\\Local\\Programs\\Opera\\opera.exe\r\nUser: DESKTOP-FUN63VP\\pc"
}
{
    "Id":  5,
    "Version":  3,
    "Qualifiers":  null,
    "Level":  4,
    "Task":  5,
    "Opcode":  0,
    "Keywords":  -9223372036854775808,
    "RecordId":  662,
    "ProviderName":  "Microsoft-Windows-Sysmon",
    "ProviderId":  "5770385f-c22a-43e0-bf4c-06f5698ffbd9",
    "LogName":  "Microsoft-Windows-Sysmon/Operational",
    "ProcessId":  2620,
    "ThreadId":  8520,
    "MachineName":  "DESKTOP-FUN63VP",
    "UserId":  {
                   "BinaryLength":  12,
                   "AccountDomainSid":  null,
                   "Value":  "S-1-5-18"
               },
    "TimeCreated":  "\/Date(1765810284997)\/",
    "ActivityId":  null,
    "RelatedActivityId":  null,
    "ContainerLog":  "Microsoft-Windows-Sysmon/Operational",
    "MatchedQueryIds":  [

                        ],
    "Bookmark":  {

                 },
    "LevelDisplayName":  "Information",
    "OpcodeDisplayName":  "Informations",
    "TaskDisplayName":  "Process terminated (rule: ProcessTerminate)",
    "KeywordsDisplayNames":  [

                             ],
    "Properties":  [
                       {
                           "Value":  "-"
                       },
                       {
                           "Value":  "2025-12-15 14:51:24.992"
                       },
                       {
                           "Value":  "bf59a455-2069-6940-8004-000000009301"
                       },
                       {
                           "Value":  1964
                       },
                       {
                           "Value":  "C:\\Windows\\System32\\notepad.exe"
                       },
                       {
                           "Value":  "DESKTOP-FUN63VP\\pc"
                       }
                   ],
    "Message":  "Process terminated:\r\nRuleName: -\r\nUtcTime: 2025-12-15 14:51:24.992\r\nProcessGuid: {BF59A455-2069-6940-8004-000000009301}\r\nProcessId: 1964\r\nImage: C:\\Windows\\System32\\notepad.exe\r\nUser: DESKTOP-FUN63VP\\pc"
}
{
    "Id":  5,
    "Version":  3,
    "Qualifiers":  null,
    "Level":  4,
    "Task":  5,
    "Opcode":  0,
    "Keywords":  -9223372036854775808,
    "RecordId":  661,
    "ProviderName":  "Microsoft-Windows-Sysmon",
    "ProviderId":  "5770385f-c22a-43e0-bf4c-06f5698ffbd9",
    "LogName":  "Microsoft-Windows-Sysmon/Operational",
    "ProcessId":  2620,
    "ThreadId":  8520,
    "MachineName":  "DESKTOP-FUN63VP",
    "UserId":  {
                   "BinaryLength":  12,
                   "AccountDomainSid":  null,
                   "Value":  "S-1-5-18"
               },
    "TimeCreated":  "\/Date(1765810278687)\/",
    "ActivityId":  null,
    "RelatedActivityId":  null,
    "ContainerLog":  "Microsoft-Windows-Sysmon/Operational",
    "MatchedQueryIds":  [

                        ],
    "Bookmark":  {

                 },
    "LevelDisplayName":  "Information",
    "OpcodeDisplayName":  "Informations",
    "TaskDisplayName":  "Process terminated (rule: ProcessTerminate)",
    "KeywordsDisplayNames":  [

                             ],
    "Properties":  [
                       {
                           "Value":  "-"
                       },
                       {
                           "Value":  "2025-12-15 14:51:18.683"
                       },
                       {
                           "Value":  "bf59a455-1fe7-6940-7a04-000000009301"
                       },
                       {
                           "Value":  5916
                       },
                       {
                           "Value":  "C:\\Windows\\System32\\SearchFilterHost.exe"
                       },
                       {
                           "Value":  "AUTORITE NT\\Système"
                       }
                   ],
    "Message":  "Process terminated:\r\nRuleName: -\r\nUtcTime: 2025-12-15 14:51:18.683\r\nProcessGuid: {BF59A455-1FE7-6940-7A04-000000009301}\r\nProcessId: 5916\r\nImage: C:\\Windows\\System32\\SearchFilterHost.exe\r\nUser: AUTORITE NT\\Système"
}
{
    "Id":  5,
    "Version":  3,
    "Qualifiers":  null,
    "Level":  4,
    "Task":  5,
    "Opcode":  0,
    "Keywords":  -9223372036854775808,
    "RecordId":  660,
    "ProviderName":  "Microsoft-Windows-Sysmon",
    "ProviderId":  "5770385f-c22a-43e0-bf4c-06f5698ffbd9",
    "LogName":  "Microsoft-Windows-Sysmon/Operational",
    "ProcessId":  2620,
    "ThreadId":  8520,
    "MachineName":  "DESKTOP-FUN63VP",
    "UserId":  {
                   "BinaryLength":  12,
                   "AccountDomainSid":  null,
                   "Value":  "S-1-5-18"
               },
    "TimeCreated":  "\/Date(1765810278645)\/",
    "ActivityId":  null,
    "RelatedActivityId":  null,
    "ContainerLog":  "Microsoft-Windows-Sysmon/Operational",
    "MatchedQueryIds":  [

                        ],
    "Bookmark":  {

                 },
    "LevelDisplayName":  "Information",
    "OpcodeDisplayName":  "Informations",
    "TaskDisplayName":  "Process terminated (rule: ProcessTerminate)",
    "KeywordsDisplayNames":  [

                             ],
    "Properties":  [
                       {
                           "Value":  "-"
                       },
                       {
                           "Value":  "2025-12-15 14:51:18.643"
                       },
                       {
                           "Value":  "bf59a455-2035-6940-7e04-000000009301"
                       },
                       {
                           "Value":  7116
                       },
                       {
                           "Value":  "C:\\Windows\\System32\\notepad.exe"
                       },
                       {
                           "Value":  "DESKTOP-FUN63VP\\pc"
                       }
                   ],
    "Message":  "Process terminated:\r\nRuleName: -\r\nUtcTime: 2025-12-15 14:51:18.643\r\nProcessGuid: {BF59A455-2035-6940-7E04-000000009301}\r\nProcessId: 7116\r\nImage: C:\\Windows\\System32\\notepad.exe\r\nUser: DESKTOP-FUN63VP\\pc"
}
{
    "Id":  5,
    "Version":  3,
    "Qualifiers":  null,
    "Level":  4,
    "Task":  5,
    "Opcode":  0,
    "Keywords":  -9223372036854775808,
    "RecordId":  659,
    "ProviderName":  "Microsoft-Windows-Sysmon",
    "ProviderId":  "5770385f-c22a-43e0-bf4c-06f5698ffbd9",
    "LogName":  "Microsoft-Windows-Sysmon/Operational",
    "ProcessId":  2620,
    "ThreadId":  8520,
    "MachineName":  "DESKTOP-FUN63VP",
    "UserId":  {
                   "BinaryLength":  12,
                   "AccountDomainSid":  null,
                   "Value":  "S-1-5-18"
               },
    "TimeCreated":  "\/Date(1765810242210)\/",
    "ActivityId":  null,
    "RelatedActivityId":  null,
    "ContainerLog":  "Microsoft-Windows-Sysmon/Operational",
    "MatchedQueryIds":  [

                        ],
    "Bookmark":  {

                 },
    "LevelDisplayName":  "Information",
    "OpcodeDisplayName":  "Informations",
    "TaskDisplayName":  "Process terminated (rule: ProcessTerminate)",
    "KeywordsDisplayNames":  [

                             ],
    "Properties":  [
                       {
                           "Value":  "-"
                       },
                       {
                           "Value":  "2025-12-15 14:50:42.209"
                       },
                       {
                           "Value":  "bf59a455-2023-6940-7d04-000000009301"
                       },
                       {
                           "Value":  8380
                       },
                       {
                           "Value":  "C:\\Users\\pc\\AppData\\Local\\Programs\\Opera\\opera.exe"
                       },
                       {
                           "Value":  "DESKTOP-FUN63VP\\pc"
                       }
                   ],
    "Message":  "Process terminated:\r\nRuleName: -\r\nUtcTime: 2025-12-15 14:50:42.209\r\nProcessGuid: {BF59A455-2023-6940-7D04-000000009301}\r\nProcessId: 8380\r\nImage: C:\\Users\\pc\\AppData\\Local\\Programs\\Opera\\opera.exe\r\nUser: DESKTOP-FUN63VP\\pc"
}
{
    "Id":  5,
    "Version":  3,
    "Qualifiers":  null,
    "Level":  4,
    "Task":  5,
    "Opcode":  0,
    "Keywords":  -9223372036854775808,
    "RecordId":  658,
    "ProviderName":  "Microsoft-Windows-Sysmon",
    "ProviderId":  "5770385f-c22a-43e0-bf4c-06f5698ffbd9",
    "LogName":  "Microsoft-Windows-Sysmon/Operational",
    "ProcessId":  2620,
    "ThreadId":  8520,
    "MachineName":  "DESKTOP-FUN63VP",
    "UserId":  {
                   "BinaryLength":  12,
                   "AccountDomainSid":  null,
                   "Value":  "S-1-5-18"
               },
    "TimeCreated":  "\/Date(1765810212467)\/",
    "ActivityId":  null,
    "RelatedActivityId":  null,
    "ContainerLog":  "Microsoft-Windows-Sysmon/Operational",
    "MatchedQueryIds":  [

                        ],
    "Bookmark":  {

                 },
    "LevelDisplayName":  "Information",
    "OpcodeDisplayName":  "Informations",
    "TaskDisplayName":  "Process terminated (rule: ProcessTerminate)",
    "KeywordsDisplayNames":  [

                             ],
    "Properties":  [
                       {
                           "Value":  "-"
                       },
                       {
                           "Value":  "2025-12-15 14:50:12.466"
                       },
                       {
                           "Value":  "bf59a455-1fe6-6940-7804-000000009301"
                       },
                       {
                           "Value":  3044
                       },
                       {
                           "Value":  "C:\\Windows\\System32\\notepad.exe"
                       },
                       {
                           "Value":  "DESKTOP-FUN63VP\\pc"
                       }
                   ],
    "Message":  "Process terminated:\r\nRuleName: -\r\nUtcTime: 2025-12-15 14:50:12.466\r\nProcessGuid: {BF59A455-1FE6-6940-7804-000000009301}\r\nProcessId: 3044\r\nImage: C:\\Windows\\System32\\notepad.exe\r\nUser: DESKTOP-FUN63VP\\pc"
}
{
    "Id":  5,
    "Version":  3,
    "Qualifiers":  null,
    "Level":  4,
    "Task":  5,
    "Opcode":  0,
    "Keywords":  -9223372036854775808,
    "RecordId":  657,
    "ProviderName":  "Microsoft-Windows-Sysmon",
    "ProviderId":  "5770385f-c22a-43e0-bf4c-06f5698ffbd9",
    "LogName":  "Microsoft-Windows-Sysmon/Operational",
    "ProcessId":  2620,
    "ThreadId":  8520,
    "MachineName":  "DESKTOP-FUN63VP",
    "UserId":  {
                   "BinaryLength":  12,
                   "AccountDomainSid":  null,
                   "Value":  "S-1-5-18"
               },
    "TimeCreated":  "\/Date(1765810200381)\/",
    "ActivityId":  null,
    "RelatedActivityId":  null,
    "ContainerLog":  "Microsoft-Windows-Sysmon/Operational",
    "MatchedQueryIds":  [

                        ],
    "Bookmark":  {

                 },
    "LevelDisplayName":  "Information",
    "OpcodeDisplayName":  "Informations",
    "TaskDisplayName":  "Process terminated (rule: ProcessTerminate)",
    "KeywordsDisplayNames":  [

                             ],
    "Properties":  [
                       {
                           "Value":  "-"
                       },
                       {
                           "Value":  "2025-12-15 14:50:00.380"
                       },
                       {
                           "Value":  "bf59a455-1fe7-6940-7b04-000000009301"
                       },
                       {
                           "Value":  2424
                       },
                       {
                           "Value":  "C:\\Users\\pc\\AppData\\Local\\Programs\\Opera\\opera.exe"
                       },
                       {
                           "Value":  "DESKTOP-FUN63VP\\pc"
                       }
                   ],
    "Message":  "Process terminated:\r\nRuleName: -\r\nUtcTime: 2025-12-15 14:50:00.380\r\nProcessGuid: {BF59A455-1FE7-6940-7B04-000000009301}\r\nProcessId: 2424\r\nImage: C:\\Users\\pc\\AppData\\Local\\Programs\\Opera\\opera.exe\r\nUser: DESKTOP-FUN63VP\\pc"
}
{
    "Id":  5,
    "Version":  3,
    "Qualifiers":  null,
    "Level":  4,
    "Task":  5,
    "Opcode":  0,
    "Keywords":  -9223372036854775808,
    "RecordId":  656,
    "ProviderName":  "Microsoft-Windows-Sysmon",
    "ProviderId":  "5770385f-c22a-43e0-bf4c-06f5698ffbd9",
    "LogName":  "Microsoft-Windows-Sysmon/Operational",
    "ProcessId":  2620,
    "ThreadId":  8520,
    "MachineName":  "DESKTOP-FUN63VP",
    "UserId":  {
                   "BinaryLength":  12,
                   "AccountDomainSid":  null,
                   "Value":  "S-1-5-18"
               },
    "TimeCreated":  "\/Date(1765810149705)\/",
    "ActivityId":  null,
    "RelatedActivityId":  null,
    "ContainerLog":  "Microsoft-Windows-Sysmon/Operational",
    "MatchedQueryIds":  [

                        ],
    "Bookmark":  {

                 },
    "LevelDisplayName":  "Information",
    "OpcodeDisplayName":  "Informations",
    "TaskDisplayName":  "Process terminated (rule: ProcessTerminate)",
    "KeywordsDisplayNames":  [

                             ],
    "Properties":  [
                       {
                           "Value":  "-"
                       },
                       {
                           "Value":  "2025-12-15 14:49:09.703"
                       },
                       {
                           "Value":  "bf59a455-1eb5-6940-6c04-000000009301"
                       },
                       {
                           "Value":  4940
                       },
                       {
                           "Value":  "C:\\Windows\\System32\\svchost.exe"
                       },
                       {
                           "Value":  "DESKTOP-FUN63VP\\pc"
                       }
                   ],
    "Message":  "Process terminated:\r\nRuleName: -\r\nUtcTime: 2025-12-15 14:49:09.703\r\nProcessGuid: {BF59A455-1EB5-6940-6C04-000000009301}\r\nProcessId: 4940\r\nImage: C:\\Windows\\System32\\svchost.exe\r\nUser: DESKTOP-FUN63VP\\pc"
}
{
    "Id":  5,
    "Version":  3,
    "Qualifiers":  null,
    "Level":  4,
    "Task":  5,
    "Opcode":  0,
    "Keywords":  -9223372036854775808,
    "RecordId":  655,
    "ProviderName":  "Microsoft-Windows-Sysmon",
    "ProviderId":  "5770385f-c22a-43e0-bf4c-06f5698ffbd9",
    "LogName":  "Microsoft-Windows-Sysmon/Operational",
    "ProcessId":  2620,
    "ThreadId":  8520,
    "MachineName":  "DESKTOP-FUN63VP",
    "UserId":  {
                   "BinaryLength":  12,
                   "AccountDomainSid":  null,
                   "Value":  "S-1-5-18"
               },
    "TimeCreated":  "\/Date(1765810122761)\/",
    "ActivityId":  null,
    "RelatedActivityId":  null,
    "ContainerLog":  "Microsoft-Windows-Sysmon/Operational",
    "MatchedQueryIds":  [

                        ],
    "Bookmark":  {

                 },
    "LevelDisplayName":  "Information",
    "OpcodeDisplayName":  "Informations",
    "TaskDisplayName":  "Process terminated (rule: ProcessTerminate)",
    "KeywordsDisplayNames":  [

                             ],
    "Properties":  [
                       {
                           "Value":  "-"
                       },
                       {
                           "Value":  "2025-12-15 14:48:42.760"
                       },
                       {
                           "Value":  "bf59a455-1f35-6940-7304-000000009301"
                       },
                       {
                           "Value":  9324
                       },
                       {
                           "Value":  "C:\\Windows\\System32\\SearchFilterHost.exe"
                       },
                       {
                           "Value":  "AUTORITE NT\\Système"
                       }
                   ],
    "Message":  "Process terminated:\r\nRuleName: -\r\nUtcTime: 2025-12-15 14:48:42.760\r\nProcessGuid: {BF59A455-1F35-6940-7304-000000009301}\r\nProcessId: 9324\r\nImage: C:\\Windows\\System32\\SearchFilterHost.exe\r\nUser: AUTORITE NT\\Système"
}
{
    "Id":  5,
    "Version":  3,
    "Qualifiers":  null,
    "Level":  4,
    "Task":  5,
    "Opcode":  0,
    "Keywords":  -9223372036854775808,
    "RecordId":  654,
    "ProviderName":  "Microsoft-Windows-Sysmon",
    "ProviderId":  "5770385f-c22a-43e0-bf4c-06f5698ffbd9",
    "LogName":  "Microsoft-Windows-Sysmon/Operational",
    "ProcessId":  2620,
    "ThreadId":  8520,
    "MachineName":  "DESKTOP-FUN63VP",
    "UserId":  {
                   "BinaryLength":  12,
                   "AccountDomainSid":  null,
                   "Value":  "S-1-5-18"
               },
    "TimeCreated":  "\/Date(1765810122750)\/",
    "ActivityId":  null,
    "RelatedActivityId":  null,
    "ContainerLog":  "Microsoft-Windows-Sysmon/Operational",
    "MatchedQueryIds":  [

                        ],
    "Bookmark":  {

                 },
    "LevelDisplayName":  "Information",
    "OpcodeDisplayName":  "Informations",
    "TaskDisplayName":  "Process terminated (rule: ProcessTerminate)",
    "KeywordsDisplayNames":  [

                             ],
    "Properties":  [
                       {
                           "Value":  "-"
                       },
                       {
                           "Value":  "2025-12-15 14:48:42.743"
                       },
                       {
                           "Value":  "bf59a455-1f35-6940-7204-000000009301"
                       },
                       {
                           "Value":  4448
                       },
                       {
                           "Value":  "C:\\Windows\\System32\\SearchProtocolHost.exe"
                       },
                       {
                           "Value":  "AUTORITE NT\\Système"
                       }
                   ],
    "Message":  "Process terminated:\r\nRuleName: -\r\nUtcTime: 2025-12-15 14:48:42.743\r\nProcessGuid: {BF59A455-1F35-6940-7204-000000009301}\r\nProcessId: 4448\r\nImage: C:\\Windows\\System32\\SearchProtocolHost.exe\r\nUser: AUTORITE NT\\Système"
}
{
    "Id":  5,
    "Version":  3,
    "Qualifiers":  null,
    "Level":  4,
    "Task":  5,
    "Opcode":  0,
    "Keywords":  -9223372036854775808,
    "RecordId":  653,
    "ProviderName":  "Microsoft-Windows-Sysmon",
    "ProviderId":  "5770385f-c22a-43e0-bf4c-06f5698ffbd9",
    "LogName":  "Microsoft-Windows-Sysmon/Operational",
    "ProcessId":  2620,
    "ThreadId":  8520,
    "MachineName":  "DESKTOP-FUN63VP",
    "UserId":  {
                   "BinaryLength":  12,
                   "AccountDomainSid":  null,
                   "Value":  "S-1-5-18"
               },
    "TimeCreated":  "\/Date(1765810122206)\/",
    "ActivityId":  null,
    "RelatedActivityId":  null,
    "ContainerLog":  "Microsoft-Windows-Sysmon/Operational",
    "MatchedQueryIds":  [

                        ],
    "Bookmark":  {

                 },
    "LevelDisplayName":  "Information",
    "OpcodeDisplayName":  "Informations",
    "TaskDisplayName":  "Process terminated (rule: ProcessTerminate)",
    "KeywordsDisplayNames":  [

                             ],
    "Properties":  [
                       {
                           "Value":  "-"
                       },
                       {
                           "Value":  "2025-12-15 14:48:42.205"
                       },
                       {
                           "Value":  "bf59a455-1fab-6940-7604-000000009301"
                       },
                       {
                           "Value":  9824
                       },
                       {
                           "Value":  "C:\\Users\\pc\\AppData\\Local\\Programs\\Opera\\opera.exe"
                       },
                       {
                           "Value":  "DESKTOP-FUN63VP\\pc"
                       }
                   ],
    "Message":  "Process terminated:\r\nRuleName: -\r\nUtcTime: 2025-12-15 14:48:42.205\r\nProcessGuid: {BF59A455-1FAB-6940-7604-000000009301}\r\nProcessId: 9824\r\nImage: C:\\Users\\pc\\AppData\\Local\\Programs\\Opera\\opera.exe\r\nUser: DESKTOP-FUN63VP\\pc"
}
{
    "Id":  5,
    "Version":  3,
    "Qualifiers":  null,
    "Level":  4,
    "Task":  5,
    "Opcode":  0,
    "Keywords":  -9223372036854775808,
    "RecordId":  652,
    "ProviderName":  "Microsoft-Windows-Sysmon",
    "ProviderId":  "5770385f-c22a-43e0-bf4c-06f5698ffbd9",
    "LogName":  "Microsoft-Windows-Sysmon/Operational",
    "ProcessId":  2620,
    "ThreadId":  8520,
    "MachineName":  "DESKTOP-FUN63VP",
    "UserId":  {
                   "BinaryLength":  12,
                   "AccountDomainSid":  null,
                   "Value":  "S-1-5-18"
               },
    "TimeCreated":  "\/Date(1765810067248)\/",
    "ActivityId":  null,
    "RelatedActivityId":  null,
    "ContainerLog":  "Microsoft-Windows-Sysmon/Operational",
    "MatchedQueryIds":  [

                        ],
    "Bookmark":  {

                 },
    "LevelDisplayName":  "Information",
    "OpcodeDisplayName":  "Informations",
    "TaskDisplayName":  "Process terminated (rule: ProcessTerminate)",
    "KeywordsDisplayNames":  [

                             ],
    "Properties":  [
                       {
                           "Value":  "-"
                       },
                       {
                           "Value":  "2025-12-15 14:47:47.242"
                       },
                       {
                           "Value":  "bf59a455-1f92-6940-7504-000000009301"
                       },
                       {
                           "Value":  7648
                       },
                       {
                           "Value":  "C:\\Windows\\System32\\backgroundTaskHost.exe"
                       },
                       {
                           "Value":  "DESKTOP-FUN63VP\\pc"
                       }
                   ],
    "Message":  "Process terminated:\r\nRuleName: -\r\nUtcTime: 2025-12-15 14:47:47.242\r\nProcessGuid: {BF59A455-1F92-6940-7504-000000009301}\r\nProcessId: 7648\r\nImage: C:\\Windows\\System32\\backgroundTaskHost.exe\r\nUser: DESKTOP-FUN63VP\\pc"
}
{
    "Id":  5,
    "Version":  3,
    "Qualifiers":  null,
    "Level":  4,
    "Task":  5,
    "Opcode":  0,
    "Keywords":  -9223372036854775808,
    "RecordId":  651,
    "ProviderName":  "Microsoft-Windows-Sysmon",
    "ProviderId":  "5770385f-c22a-43e0-bf4c-06f5698ffbd9",
    "LogName":  "Microsoft-Windows-Sysmon/Operational",
    "ProcessId":  2620,
    "ThreadId":  8520,
    "MachineName":  "DESKTOP-FUN63VP",
    "UserId":  {
                   "BinaryLength":  12,
                   "AccountDomainSid":  null,
                   "Value":  "S-1-5-18"
               },
    "TimeCreated":  "\/Date(1765810063716)\/",
    "ActivityId":  null,
    "RelatedActivityId":  null,
    "ContainerLog":  "Microsoft-Windows-Sysmon/Operational",
    "MatchedQueryIds":  [

                        ],
    "Bookmark":  {

                 },
    "LevelDisplayName":  "Information",
    "OpcodeDisplayName":  "Informations",
    "TaskDisplayName":  "Process terminated (rule: ProcessTerminate)",
    "KeywordsDisplayNames":  [

                             ],
    "Properties":  [
                       {
                           "Value":  "-"
                       },
                       {
                           "Value":  "2025-12-15 14:47:43.715"
                       },
                       {
                           "Value":  "bf59a455-1f6f-6940-7404-000000009301"
                       },
                       {
                           "Value":  7968
                       },
                       {
                           "Value":  "C:\\Users\\pc\\AppData\\Local\\Programs\\Opera\\opera.exe"
                       },
                       {
                           "Value":  "DESKTOP-FUN63VP\\pc"
                       }
                   ],
    "Message":  "Process terminated:\r\nRuleName: -\r\nUtcTime: 2025-12-15 14:47:43.715\r\nProcessGuid: {BF59A455-1F6F-6940-7404-000000009301}\r\nProcessId: 7968\r\nImage: C:\\Users\\pc\\AppData\\Local\\Programs\\Opera\\opera.exe\r\nUser: DESKTOP-FUN63VP\\pc"
}
{
    "Id":  5,
    "Version":  3,
    "Qualifiers":  null,
    "Level":  4,
    "Task":  5,
    "Opcode":  0,
    "Keywords":  -9223372036854775808,
    "RecordId":  650,
    "ProviderName":  "Microsoft-Windows-Sysmon",
    "ProviderId":  "5770385f-c22a-43e0-bf4c-06f5698ffbd9",
    "LogName":  "Microsoft-Windows-Sysmon/Operational",
    "ProcessId":  2620,
    "ThreadId":  8520,
    "MachineName":  "DESKTOP-FUN63VP",
    "UserId":  {
                   "BinaryLength":  12,
                   "AccountDomainSid":  null,
                   "Value":  "S-1-5-18"
               },
    "TimeCreated":  "\/Date(1765810002192)\/",
    "ActivityId":  null,
    "RelatedActivityId":  null,
    "ContainerLog":  "Microsoft-Windows-Sysmon/Operational",
    "MatchedQueryIds":  [

                        ],
    "Bookmark":  {

                 },
    "LevelDisplayName":  "Information",
    "OpcodeDisplayName":  "Informations",
    "TaskDisplayName":  "Process terminated (rule: ProcessTerminate)",
    "KeywordsDisplayNames":  [

                             ],
    "Properties":  [
                       {
                           "Value":  "-"
                       },
                       {
                           "Value":  "2025-12-15 14:46:42.192"
                       },
                       {
                           "Value":  "bf59a455-1f33-6940-7104-000000009301"
                       },
                       {
                           "Value":  1888
                       },
                       {
                           "Value":  "C:\\Users\\pc\\AppData\\Local\\Programs\\Opera\\opera.exe"
                       },
                       {
                           "Value":  "DESKTOP-FUN63VP\\pc"
                       }
                   ],
    "Message":  "Process terminated:\r\nRuleName: -\r\nUtcTime: 2025-12-15 14:46:42.192\r\nProcessGuid: {BF59A455-1F33-6940-7104-000000009301}\r\nProcessId: 1888\r\nImage: C:\\Users\\pc\\AppData\\Local\\Programs\\Opera\\opera.exe\r\nUser: DESKTOP-FUN63VP\\pc"
}
{
    "Id":  5,
    "Version":  3,
    "Qualifiers":  null,
    "Level":  4,
    "Task":  5,
    "Opcode":  0,
    "Keywords":  -9223372036854775808,
    "RecordId":  649,
    "ProviderName":  "Microsoft-Windows-Sysmon",
    "ProviderId":  "5770385f-c22a-43e0-bf4c-06f5698ffbd9",
    "LogName":  "Microsoft-Windows-Sysmon/Operational",
    "ProcessId":  2620,
    "ThreadId":  8520,
    "MachineName":  "DESKTOP-FUN63VP",
    "UserId":  {
                   "BinaryLength":  12,
                   "AccountDomainSid":  null,
                   "Value":  "S-1-5-18"
               },
    "TimeCreated":  "\/Date(1765809976918)\/",
    "ActivityId":  null,
    "RelatedActivityId":  null,
    "ContainerLog":  "Microsoft-Windows-Sysmon/Operational",
    "MatchedQueryIds":  [

                        ],
    "Bookmark":  {

                 },
    "LevelDisplayName":  "Information",
    "OpcodeDisplayName":  "Informations",
    "TaskDisplayName":  "Process terminated (rule: ProcessTerminate)",
    "KeywordsDisplayNames":  [

                             ],
    "Properties":  [
                       {
                           "Value":  "-"
                       },
                       {
                           "Value":  "2025-12-15 14:46:16.917"
                       },
                       {
                           "Value":  "bf59a455-1e0c-6940-6604-000000009301"
                       },
                       {
                           "Value":  8704
                       },
                       {
                           "Value":  "C:\\Windows\\System32\\svchost.exe"
                       },
                       {
                           "Value":  "AUTORITE NT\\Système"
                       }
                   ],
    "Message":  "Process terminated:\r\nRuleName: -\r\nUtcTime: 2025-12-15 14:46:16.917\r\nProcessGuid: {BF59A455-1E0C-6940-6604-000000009301}\r\nProcessId: 8704\r\nImage: C:\\Windows\\System32\\svchost.exe\r\nUser: AUTORITE NT\\Système"
}
{
    "Id":  5,
    "Version":  3,
    "Qualifiers":  null,
    "Level":  4,
    "Task":  5,
    "Opcode":  0,
    "Keywords":  -9223372036854775808,
    "RecordId":  648,
    "ProviderName":  "Microsoft-Windows-Sysmon",
    "ProviderId":  "5770385f-c22a-43e0-bf4c-06f5698ffbd9",
    "LogName":  "Microsoft-Windows-Sysmon/Operational",
    "ProcessId":  2620,
    "ThreadId":  8520,
    "MachineName":  "DESKTOP-FUN63VP",
    "UserId":  {
                   "BinaryLength":  12,
                   "AccountDomainSid":  null,
                   "Value":  "S-1-5-18"
               },
    "TimeCreated":  "\/Date(1765809941897)\/",
    "ActivityId":  null,
    "RelatedActivityId":  null,
    "ContainerLog":  "Microsoft-Windows-Sysmon/Operational",
    "MatchedQueryIds":  [

                        ],
    "Bookmark":  {

                 },
    "LevelDisplayName":  "Information",
    "OpcodeDisplayName":  "Informations",
    "TaskDisplayName":  "Process terminated (rule: ProcessTerminate)",
    "KeywordsDisplayNames":  [

                             ],
    "Properties":  [
                       {
                           "Value":  "-"
                       },
                       {
                           "Value":  "2025-12-15 14:45:41.896"
                       },
                       {
                           "Value":  "bf59a455-1ed9-6940-7004-000000009301"
                       },
                       {
                           "Value":  3928
                       },
                       {
                           "Value":  "C:\\Users\\pc\\AppData\\Local\\Programs\\Opera\\opera.exe"
                       },
                       {
                           "Value":  "DESKTOP-FUN63VP\\pc"
                       }
                   ],
    "Message":  "Process terminated:\r\nRuleName: -\r\nUtcTime: 2025-12-15 14:45:41.896\r\nProcessGuid: {BF59A455-1ED9-6940-7004-000000009301}\r\nProcessId: 3928\r\nImage: C:\\Users\\pc\\AppData\\Local\\Programs\\Opera\\opera.exe\r\nUser: DESKTOP-FUN63VP\\pc"
}
{
    "Id":  5,
    "Version":  3,
    "Qualifiers":  null,
    "Level":  4,
    "Task":  5,
    "Opcode":  0,
    "Keywords":  -9223372036854775808,
    "RecordId":  647,
    "ProviderName":  "Microsoft-Windows-Sysmon",
    "ProviderId":  "5770385f-c22a-43e0-bf4c-06f5698ffbd9",
    "LogName":  "Microsoft-Windows-Sysmon/Operational",
    "ProcessId":  2620,
    "ThreadId":  8520,
    "MachineName":  "DESKTOP-FUN63VP",
    "UserId":  {
                   "BinaryLength":  12,
                   "AccountDomainSid":  null,
                   "Value":  "S-1-5-18"
               },
    "TimeCreated":  "\/Date(1765809894392)\/",
    "ActivityId":  null,
    "RelatedActivityId":  null,
    "ContainerLog":  "Microsoft-Windows-Sysmon/Operational",
    "MatchedQueryIds":  [

                        ],
    "Bookmark":  {

                 },
    "LevelDisplayName":  "Information",
    "OpcodeDisplayName":  "Informations",
    "TaskDisplayName":  "Process terminated (rule: ProcessTerminate)",
    "KeywordsDisplayNames":  [

                             ],
    "Properties":  [
                       {
                           "Value":  "-"
                       },
                       {
                           "Value":  "2025-12-15 14:44:54.391"
                       },
                       {
                           "Value":  "bf59a455-1d3e-6940-5904-000000009301"
                       },
                       {
                           "Value":  4800
                       },
                       {
                           "Value":  "C:\\Windows\\System32\\svchost.exe"
                       },
                       {
                           "Value":  "AUTORITE NT\\SERVICE LOCAL"
                       }
                   ],
    "Message":  "Process terminated:\r\nRuleName: -\r\nUtcTime: 2025-12-15 14:44:54.391\r\nProcessGuid: {BF59A455-1D3E-6940-5904-000000009301}\r\nProcessId: 4800\r\nImage: C:\\Windows\\System32\\svchost.exe\r\nUser: AUTORITE NT\\SERVICE LOCAL"
}
{
    "Id":  5,
    "Version":  3,
    "Qualifiers":  null,
    "Level":  4,
    "Task":  5,
    "Opcode":  0,
    "Keywords":  -9223372036854775808,
    "RecordId":  646,
    "ProviderName":  "Microsoft-Windows-Sysmon",
    "ProviderId":  "5770385f-c22a-43e0-bf4c-06f5698ffbd9",
    "LogName":  "Microsoft-Windows-Sysmon/Operational",
    "ProcessId":  2620,
    "ThreadId":  8520,
    "MachineName":  "DESKTOP-FUN63VP",
    "UserId":  {
                   "BinaryLength":  12,
                   "AccountDomainSid":  null,
                   "Value":  "S-1-5-18"
               },
    "TimeCreated":  "\/Date(1765809880375)\/",
    "ActivityId":  null,
    "RelatedActivityId":  null,
    "ContainerLog":  "Microsoft-Windows-Sysmon/Operational",
    "MatchedQueryIds":  [

                        ],
    "Bookmark":  {

                 },
    "LevelDisplayName":  "Information",
    "OpcodeDisplayName":  "Informations",
    "TaskDisplayName":  "Process terminated (rule: ProcessTerminate)",
    "KeywordsDisplayNames":  [

                             ],
    "Properties":  [
                       {
                           "Value":  "-"
                       },
                       {
                           "Value":  "2025-12-15 14:44:40.375"
                       },
                       {
                           "Value":  "bf59a455-1eb7-6940-6e04-000000009301"
                       },
                       {
                           "Value":  5084
                       },
                       {
                           "Value":  "C:\\Users\\pc\\AppData\\Local\\Programs\\Opera\\opera.exe"
                       },
                       {
                           "Value":  "DESKTOP-FUN63VP\\pc"
                       }
                   ],
    "Message":  "Process terminated:\r\nRuleName: -\r\nUtcTime: 2025-12-15 14:44:40.375\r\nProcessGuid: {BF59A455-1EB7-6940-6E04-000000009301}\r\nProcessId: 5084\r\nImage: C:\\Users\\pc\\AppData\\Local\\Programs\\Opera\\opera.exe\r\nUser: DESKTOP-FUN63VP\\pc"
}
