<Event xmlns='http://schemas.microsoft.com/win/2004/08/events/event'><System><Provider Name='Microsoft-Windows-Sysmon' Guid='{5770385F-C22A-43E0-BF4C-06F5698FFBD9}'/><EventID>5</EventID><Version>3</Version><Level>4</Level><Task>5</Task><Opcode>0</Opcode><Keywords>0x8000000000000000</Keywords><TimeCreated SystemTime='2025-12-15T13:03:01.972999700Z'/><EventRecordID>234</EventRecordID><Correlation/><Execution ProcessID='2620' ThreadID='8520'/><Channel>Microsoft-Windows-Sysmon/Operational</Channel><Computer>DESKTOP-FUN63VP</Computer><Security UserID='S-1-5-18'/></System><EventData><Data Name='RuleName'>-</Data><Data Name='UtcTime'>2025-12-15 13:03:01.972</Data><Data Name='ProcessGuid'>{BF59A455-06F9-6940-C402-000000009301}</Data><Data Name='ProcessId'>996</Data><Data Name='Image'>C:\Users\pc\AppData\Local\Programs\Opera\autoupdate\opera_autoupdate.exe</Data><Data Name='User'>DESKTOP-FUN63VP\pc</Data></EventData><RenderingInfo Culture='fr-FR'><Message>Process terminated:
RuleName: -
UtcTime: 2025-12-15 13:03:01.972
ProcessGuid: {BF59A455-06F9-6940-C402-000000009301}
ProcessId: 996
Image: C:\Users\pc\AppData\Local\Programs\Opera\autoupdate\opera_autoupdate.exe
User: DESKTOP-FUN63VP\pc</Message><Level>Information</Level><Task>Process terminated (rule: ProcessTerminate)</Task><Opcode>Informations</Opcode><Channel></Channel><Provider></Provider><Keywords></Keywords></RenderingInfo></Event><Event xmlns='http://schemas.microsoft.com/win/2004/08/events/event'><System><Provider Name='Microsoft-Windows-Sysmon' Guid='{5770385F-C22A-43E0-BF4C-06F5698FFBD9}'/><EventID>5</EventID><Version>3</Version><Level>4</Level><Task>5</Task><Opcode>0</Opcode><Keywords>0x8000000000000000</Keywords><TimeCreated SystemTime='2025-12-15T13:03:01.956278300Z'/><EventRecordID>233</EventRecordID><Correlation/><Execution ProcessID='2620' ThreadID='8520'/><Channel>Microsoft-Windows-Sysmon/Operational</Channel><Computer>DESKTOP-FUN63VP</Computer><Security UserID='S-1-5-18'/></System><EventData><Data Name='RuleName'>-</Data><Data Name='UtcTime'>2025-12-15 13:03:01.955</Data><Data Name='ProcessGuid'>{BF59A455-06F9-6940-C302-000000009301}</Data><Data Name='ProcessId'>7916</Data><Data Name='Image'>C:\Users\pc\AppData\Local\Programs\Opera\autoupdate\opera_autoupdate.exe</Data><Data Name='User'>DESKTOP-FUN63VP\pc</Data></EventData><RenderingInfo Culture='fr-FR'><Message>Process terminated:
RuleName: -
UtcTime: 2025-12-15 13:03:01.955
ProcessGuid: {BF59A455-06F9-6940-C302-000000009301}
ProcessId: 7916
Image: C:\Users\pc\AppData\Local\Programs\Opera\autoupdate\opera_autoupdate.exe
User: DESKTOP-FUN63VP\pc</Message><Level>Information</Level><Task>Process terminated (rule: ProcessTerminate)</Task><Opcode>Informations</Opcode><Channel></Channel><Provider></Provider><Keywords></Keywords></RenderingInfo></Event><Event xmlns='http://schemas.microsoft.com/win/2004/08/events/event'><System><Provider Name='Microsoft-Windows-Sysmon' Guid='{5770385F-C22A-43E0-BF4C-06F5698FFBD9}'/><EventID>5</EventID><Version>3</Version><Level>4</Level><Task>5</Task><Opcode>0</Opcode><Keywords>0x8000000000000000</Keywords><TimeCreated SystemTime='2025-12-15T13:01:41.895169100Z'/><EventRecordID>232</EventRecordID><Correlation/><Execution ProcessID='2620' ThreadID='8520'/><Channel>Microsoft-Windows-Sysmon/Operational</Channel><Computer>DESKTOP-FUN63VP</Computer><Security UserID='S-1-5-18'/></System><EventData><Data Name='RuleName'>-</Data><Data Name='UtcTime'>2025-12-15 13:01:41.894</Data><Data Name='ProcessGuid'>{BF59A455-0679-6940-BE02-000000009301}</Data><Data Name='ProcessId'>7828</Data><Data Name='Image'>C:\Users\pc\AppData\Local\Programs\Opera\opera.exe</Data><Data Name='User'>DESKTOP-FUN63VP\pc</Data></EventData><RenderingInfo Culture='fr-FR'><Message>Process terminated:
RuleName: -
UtcTime: 2025-12-15 13:01:41.894
ProcessGuid: {BF59A455-0679-6940-BE02-000000009301}
ProcessId: 7828
Image: C:\Users\pc\AppData\Local\Programs\Opera\opera.exe
User: DESKTOP-FUN63VP\pc</Message><Level>Information</Level><Task>Process terminated (rule: ProcessTerminate)</Task><Opcode>Informations</Opcode><Channel></Channel><Provider></Provider><Keywords></Keywords></RenderingInfo></Event><Event xmlns='http://schemas.microsoft.com/win/2004/08/events/event'><System><Provider Name='Microsoft-Windows-Sysmon' Guid='{5770385F-C22A-43E0-BF4C-06F5698FFBD9}'/><EventID>5</EventID><Version>3</Version><Level>4</Level><Task>5</Task><Opcode>0</Opcode><Keywords>0x8000000000000000</Keywords><TimeCreated SystemTime='2025-12-15T13:01:34.954741400Z'/><EventRecordID>231</EventRecordID><Correlation/><Execution ProcessID='2620' ThreadID='8520'/><Channel>Microsoft-Windows-Sysmon/Operational</Channel><Computer>DESKTOP-FUN63VP</Computer><Security UserID='S-1-5-18'/></System><EventData><Data Name='RuleName'>-</Data><Data Name='UtcTime'>2025-12-15 13:01:34.953</Data><Data Name='ProcessGuid'>{BF59A455-0617-6940-B602-000000009301}</Data><Data Name='ProcessId'>6864</Data><Data Name='Image'>C:\Windows\System32\SearchFilterHost.exe</Data><Data Name='User'>AUTORITE NT\Système</Data></EventData><RenderingInfo Culture='fr-FR'><Message>Process terminated:
RuleName: -
UtcTime: 2025-12-15 13:01:34.953
ProcessGuid: {BF59A455-0617-6940-B602-000000009301}
ProcessId: 6864
Image: C:\Windows\System32\SearchFilterHost.exe
User: AUTORITE NT\Système</Message><Level>Information</Level><Task>Process terminated (rule: ProcessTerminate)</Task><Opcode>Informations</Opcode><Channel></Channel><Provider></Provider><Keywords></Keywords></RenderingInfo></Event><Event xmlns='http://schemas.microsoft.com/win/2004/08/events/event'><System><Provider Name='Microsoft-Windows-Sysmon' Guid='{5770385F-C22A-43E0-BF4C-06F5698FFBD9}'/><EventID>5</EventID><Version>3</Version><Level>4</Level><Task>5</Task><Opcode>0</Opcode><Keywords>0x8000000000000000</Keywords><TimeCreated SystemTime='2025-12-15T13:01:34.942247500Z'/><EventRecordID>230</EventRecordID><Correlation/><Execution ProcessID='2620' ThreadID='8520'/><Channel>Microsoft-Windows-Sysmon/Operational</Channel><Computer>DESKTOP-FUN63VP</Computer><Security UserID='S-1-5-18'/></System><EventData><Data Name='RuleName'>-</Data><Data Name='UtcTime'>2025-12-15 13:01:34.940</Data><Data Name='ProcessGuid'>{BF59A455-0617-6940-B502-000000009301}</Data><Data Name='ProcessId'>9272</Data><Data Name='Image'>C:\Windows\System32\SearchProtocolHost.exe</Data><Data Name='User'>AUTORITE NT\Système</Data></EventData><RenderingInfo Culture='fr-FR'><Message>Process terminated:
RuleName: -
UtcTime: 2025-12-15 13:01:34.940
ProcessGuid: {BF59A455-0617-6940-B502-000000009301}
ProcessId: 9272
Image: C:\Windows\System32\SearchProtocolHost.exe
User: AUTORITE NT\Système</Message><Level>Information</Level><Task>Process terminated (rule: ProcessTerminate)</Task><Opcode>Informations</Opcode><Channel></Channel><Provider></Provider><Keywords></Keywords></RenderingInfo></Event><Event xmlns='http://schemas.microsoft.com/win/2004/08/events/event'><System><Provider Name='Microsoft-Windows-Sysmon' Guid='{5770385F-C22A-43E0-BF4C-06F5698FFBD9}'/><EventID>5</EventID><Version>3</Version><Level>4</Level><Task>5</Task><Opcode>0</Opcode><Keywords>0x8000000000000000</Keywords><TimeCreated SystemTime='2025-12-15T13:01:19.923042300Z'/><EventRecordID>229</EventRecordID><Correlation/><Execution ProcessID='2620' ThreadID='8520'/><Channel>Microsoft-Windows-Sysmon/Operational</Channel><Computer>DESKTOP-FUN63VP</Computer><Security UserID='S-1-5-18'/></System><EventData><Data Name='RuleName'>-</Data><Data Name='UtcTime'>2025-12-15 13:01:19.922</Data><Data Name='ProcessGuid'>{BF59A455-065D-6940-B802-000000009301}</Data><Data Name='ProcessId'>4580</Data><Data Name='Image'>C:\Windows\System32\backgroundTaskHost.exe</Data><Data Name='User'>DESKTOP-FUN63VP\pc</Data></EventData><RenderingInfo Culture='fr-FR'><Message>Process terminated:
RuleName: -
UtcTime: 2025-12-15 13:01:19.922
ProcessGuid: {BF59A455-065D-6940-B802-000000009301}
ProcessId: 4580
Image: C:\Windows\System32\backgroundTaskHost.exe
User: DESKTOP-FUN63VP\pc</Message><Level>Information</Level><Task>Process terminated (rule: ProcessTerminate)</Task><Opcode>Informations</Opcode><Channel></Channel><Provider></Provider><Keywords></Keywords></RenderingInfo></Event><Event xmlns='http://schemas.microsoft.com/win/2004/08/events/event'><System><Provider Name='Microsoft-Windows-Sysmon' Guid='{5770385F-C22A-43E0-BF4C-06F5698FFBD9}'/><EventID>5</EventID><Version>3</Version><Level>4</Level><Task>5</Task><Opcode>0</Opcode><Keywords>0x8000000000000000</Keywords><TimeCreated SystemTime='2025-12-15T13:00:47.334803200Z'/><EventRecordID>228</EventRecordID><Correlation/><Execution ProcessID='2620' ThreadID='8520'/><Channel>Microsoft-Windows-Sysmon/Operational</Channel><Computer>DESKTOP-FUN63VP</Computer><Security UserID='S-1-5-18'/></System><EventData><Data Name='RuleName'>-</Data><Data Name='UtcTime'>2025-12-15 13:00:47.333</Data><Data Name='ProcessGuid'>{BF59A455-067A-6940-BF02-000000009301}</Data><Data Name='ProcessId'>8068</Data><Data Name='Image'>C:\Windows\System32\svchost.exe</Data><Data Name='User'>DESKTOP-FUN63VP\pc</Data></EventData><RenderingInfo Culture='fr-FR'><Message>Process terminated:
RuleName: -
UtcTime: 2025-12-15 13:00:47.333
ProcessGuid: {BF59A455-067A-6940-BF02-000000009301}
ProcessId: 8068
Image: C:\Windows\System32\svchost.exe
User: DESKTOP-FUN63VP\pc</Message><Level>Information</Level><Task>Process terminated (rule: ProcessTerminate)</Task><Opcode>Informations</Opcode><Channel></Channel><Provider></Provider><Keywords></Keywords></RenderingInfo></Event><Event xmlns='http://schemas.microsoft.com/win/2004/08/events/event'><System><Provider Name='Microsoft-Windows-Sysmon' Guid='{5770385F-C22A-43E0-BF4C-06F5698FFBD9}'/><EventID>5</EventID><Version>3</Version><Level>4</Level><Task>5</Task><Opcode>0</Opcode><Keywords>0x8000000000000000</Keywords><TimeCreated SystemTime='2025-12-15T13:00:41.200403100Z'/><EventRecordID>227</EventRecordID><Correlation/><Execution ProcessID='2620' ThreadID='8520'/><Channel>Microsoft-Windows-Sysmon/Operational</Channel><Computer>DESKTOP-FUN63VP</Computer><Security UserID='S-1-5-18'/></System><EventData><Data Name='RuleName'>-</Data><Data Name='UtcTime'>2025-12-15 13:00:41.198</Data><Data Name='ProcessGuid'>{BF59A455-066D-6940-BC02-000000009301}</Data><Data Name='ProcessId'>7360</Data><Data Name='Image'>C:\Program Files (x86)\Google\GoogleUpdater\140.0.7273.0\updater.exe</Data><Data Name='User'>AUTORITE NT\Système</Data></EventData><RenderingInfo Culture='fr-FR'><Message>Process terminated:
RuleName: -
UtcTime: 2025-12-15 13:00:41.198
ProcessGuid: {BF59A455-066D-6940-BC02-000000009301}
ProcessId: 7360
Image: C:\Program Files (x86)\Google\GoogleUpdater\140.0.7273.0\updater.exe
User: AUTORITE NT\Système</Message><Level>Information</Level><Task>Process terminated (rule: ProcessTerminate)</Task><Opcode>Informations</Opcode><Channel></Channel><Provider></Provider><Keywords></Keywords></RenderingInfo></Event><Event xmlns='http://schemas.microsoft.com/win/2004/08/events/event'><System><Provider Name='Microsoft-Windows-Sysmon' Guid='{5770385F-C22A-43E0-BF4C-06F5698FFBD9}'/><EventID>5</EventID><Version>3</Version><Level>4</Level><Task>5</Task><Opcode>0</Opcode><Keywords>0x8000000000000000</Keywords><TimeCreated SystemTime='2025-12-15T13:00:41.188674600Z'/><EventRecordID>226</EventRecordID><Correlation/><Execution ProcessID='2620' ThreadID='8520'/><Channel>Microsoft-Windows-Sysmon/Operational</Channel><Computer>DESKTOP-FUN63VP</Computer><Security UserID='S-1-5-18'/></System><EventData><Data Name='RuleName'>-</Data><Data Name='UtcTime'>2025-12-15 13:00:41.186</Data><Data Name='ProcessGuid'>{BF59A455-066D-6940-BB02-000000009301}</Data><Data Name='ProcessId'>2092</Data><Data Name='Image'>C:\Program Files (x86)\Google\GoogleUpdater\140.0.7273.0\updater.exe</Data><Data Name='User'>AUTORITE NT\Système</Data></EventData><RenderingInfo Culture='fr-FR'><Message>Process terminated:
RuleName: -
UtcTime: 2025-12-15 13:00:41.186
ProcessGuid: {BF59A455-066D-6940-BB02-000000009301}
ProcessId: 2092
Image: C:\Program Files (x86)\Google\GoogleUpdater\140.0.7273.0\updater.exe
User: AUTORITE NT\Système</Message><Level>Information</Level><Task>Process terminated (rule: ProcessTerminate)</Task><Opcode>Informations</Opcode><Channel></Channel><Provider></Provider><Keywords></Keywords></RenderingInfo></Event><Event xmlns='http://schemas.microsoft.com/win/2004/08/events/event'><System><Provider Name='Microsoft-Windows-Sysmon' Guid='{5770385F-C22A-43E0-BF4C-06F5698FFBD9}'/><EventID>5</EventID><Version>3</Version><Level>4</Level><Task>5</Task><Opcode>0</Opcode><Keywords>0x8000000000000000</Keywords><TimeCreated SystemTime='2025-12-15T13:00:34.331243400Z'/><EventRecordID>225</EventRecordID><Correlation/><Execution ProcessID='2620' ThreadID='8520'/><Channel>Microsoft-Windows-Sysmon/Operational</Channel><Computer>DESKTOP-FUN63VP</Computer><Security UserID='S-1-5-18'/></System><EventData><Data Name='RuleName'>-</Data><Data Name='UtcTime'>2025-12-15 13:00:34.330</Data><Data Name='ProcessGuid'>{BF59A455-065F-6940-BA02-000000009301}</Data><Data Name='ProcessId'>2720</Data><Data Name='Image'>C:\Program Files (x86)\Google\GoogleUpdater\140.0.7273.0\updater.exe</Data><Data Name='User'>AUTORITE NT\Système</Data></EventData><RenderingInfo Culture='fr-FR'><Message>Process terminated:
RuleName: -
UtcTime: 2025-12-15 13:00:34.330
ProcessGuid: {BF59A455-065F-6940-BA02-000000009301}
ProcessId: 2720
Image: C:\Program Files (x86)\Google\GoogleUpdater\140.0.7273.0\updater.exe
User: AUTORITE NT\Système</Message><Level>Information</Level><Task>Process terminated (rule: ProcessTerminate)</Task><Opcode>Informations</Opcode><Channel></Channel><Provider></Provider><Keywords></Keywords></RenderingInfo></Event><Event xmlns='http://schemas.microsoft.com/win/2004/08/events/event'><System><Provider Name='Microsoft-Windows-Sysmon' Guid='{5770385F-C22A-43E0-BF4C-06F5698FFBD9}'/><EventID>5</EventID><Version>3</Version><Level>4</Level><Task>5</Task><Opcode>0</Opcode><Keywords>0x8000000000000000</Keywords><TimeCreated SystemTime='2025-12-15T13:00:34.316122500Z'/><EventRecordID>224</EventRecordID><Correlation/><Execution ProcessID='2620' ThreadID='8520'/><Channel>Microsoft-Windows-Sysmon/Operational</Channel><Computer>DESKTOP-FUN63VP</Computer><Security UserID='S-1-5-18'/></System><EventData><Data Name='RuleName'>-</Data><Data Name='UtcTime'>2025-12-15 13:00:34.315</Data><Data Name='ProcessGuid'>{BF59A455-065F-6940-B902-000000009301}</Data><Data Name='ProcessId'>96</Data><Data Name='Image'>C:\Program Files (x86)\Google\GoogleUpdater\140.0.7273.0\updater.exe</Data><Data Name='User'>AUTORITE NT\Système</Data></EventData><RenderingInfo Culture='fr-FR'><Message>Process terminated:
RuleName: -
UtcTime: 2025-12-15 13:00:34.315
ProcessGuid: {BF59A455-065F-6940-B902-000000009301}
ProcessId: 96
Image: C:\Program Files (x86)\Google\GoogleUpdater\140.0.7273.0\updater.exe
User: AUTORITE NT\Système</Message><Level>Information</Level><Task>Process terminated (rule: ProcessTerminate)</Task><Opcode>Informations</Opcode><Channel></Channel><Provider></Provider><Keywords></Keywords></RenderingInfo></Event><Event xmlns='http://schemas.microsoft.com/win/2004/08/events/event'><System><Provider Name='Microsoft-Windows-Sysmon' Guid='{5770385F-C22A-43E0-BF4C-06F5698FFBD9}'/><EventID>5</EventID><Version>3</Version><Level>4</Level><Task>5</Task><Opcode>0</Opcode><Keywords>0x8000000000000000</Keywords><TimeCreated SystemTime='2025-12-15T12:59:42.963899700Z'/><EventRecordID>223</EventRecordID><Correlation/><Execution ProcessID='2620' ThreadID='8520'/><Channel>Microsoft-Windows-Sysmon/Operational</Channel><Computer>DESKTOP-FUN63VP</Computer><Security UserID='S-1-5-18'/></System><EventData><Data Name='RuleName'>-</Data><Data Name='UtcTime'>2025-12-15 12:59:42.963</Data><Data Name='ProcessGuid'>{BF59A455-0512-6940-A802-000000009301}</Data><Data Name='ProcessId'>1784</Data><Data Name='Image'>C:\Windows\System32\svchost.exe</Data><Data Name='User'>AUTORITE NT\Système</Data></EventData><RenderingInfo Culture='fr-FR'><Message>Process terminated:
RuleName: -
UtcTime: 2025-12-15 12:59:42.963
ProcessGuid: {BF59A455-0512-6940-A802-000000009301}
ProcessId: 1784
Image: C:\Windows\System32\svchost.exe
User: AUTORITE NT\Système</Message><Level>Information</Level><Task>Process terminated (rule: ProcessTerminate)</Task><Opcode>Informations</Opcode><Channel></Channel><Provider></Provider><Keywords></Keywords></RenderingInfo></Event><Event xmlns='http://schemas.microsoft.com/win/2004/08/events/event'><System><Provider Name='Microsoft-Windows-Sysmon' Guid='{5770385F-C22A-43E0-BF4C-06F5698FFBD9}'/><EventID>5</EventID><Version>3</Version><Level>4</Level><Task>5</Task><Opcode>0</Opcode><Keywords>0x8000000000000000</Keywords><TimeCreated SystemTime='2025-12-15T12:59:42.183339700Z'/><EventRecordID>222</EventRecordID><Correlation/><Execution ProcessID='2620' ThreadID='8520'/><Channel>Microsoft-Windows-Sysmon/Operational</Channel><Computer>DESKTOP-FUN63VP</Computer><Security UserID='S-1-5-18'/></System><EventData><Data Name='RuleName'>-</Data><Data Name='UtcTime'>2025-12-15 12:59:42.182</Data><Data Name='ProcessGuid'>{BF59A455-061F-6940-B702-000000009301}</Data><Data Name='ProcessId'>9852</Data><Data Name='Image'>C:\Users\pc\AppData\Local\Programs\Opera\opera.exe</Data><Data Name='User'>DESKTOP-FUN63VP\pc</Data></EventData><RenderingInfo Culture='fr-FR'><Message>Process terminated:
RuleName: -
UtcTime: 2025-12-15 12:59:42.182
ProcessGuid: {BF59A455-061F-6940-B702-000000009301}
ProcessId: 9852
Image: C:\Users\pc\AppData\Local\Programs\Opera\opera.exe
User: DESKTOP-FUN63VP\pc</Message><Level>Information</Level><Task>Process terminated (rule: ProcessTerminate)</Task><Opcode>Informations</Opcode><Channel></Channel><Provider></Provider><Keywords></Keywords></RenderingInfo></Event><Event xmlns='http://schemas.microsoft.com/win/2004/08/events/event'><System><Provider Name='Microsoft-Windows-Sysmon' Guid='{5770385F-C22A-43E0-BF4C-06F5698FFBD9}'/><EventID>5</EventID><Version>3</Version><Level>4</Level><Task>5</Task><Opcode>0</Opcode><Keywords>0x8000000000000000</Keywords><TimeCreated SystemTime='2025-12-15T12:59:06.533851900Z'/><EventRecordID>221</EventRecordID><Correlation/><Execution ProcessID='2620' ThreadID='8520'/><Channel>Microsoft-Windows-Sysmon/Operational</Channel><Computer>DESKTOP-FUN63VP</Computer><Security UserID='S-1-5-18'/></System><EventData><Data Name='RuleName'>-</Data><Data Name='UtcTime'>2025-12-15 12:59:06.533</Data><Data Name='ProcessGuid'>{BF59A455-04ED-6940-A202-000000009301}</Data><Data Name='ProcessId'>10200</Data><Data Name='Image'>C:\Windows\System32\svchost.exe</Data><Data Name='User'>AUTORITE NT\Système</Data></EventData><RenderingInfo Culture='fr-FR'><Message>Process terminated:
RuleName: -
UtcTime: 2025-12-15 12:59:06.533
ProcessGuid: {BF59A455-04ED-6940-A202-000000009301}
ProcessId: 10200
Image: C:\Windows\System32\svchost.exe
User: AUTORITE NT\Système</Message><Level>Information</Level><Task>Process terminated (rule: ProcessTerminate)</Task><Opcode>Informations</Opcode><Channel></Channel><Provider></Provider><Keywords></Keywords></RenderingInfo></Event><Event xmlns='http://schemas.microsoft.com/win/2004/08/events/event'><System><Provider Name='Microsoft-Windows-Sysmon' Guid='{5770385F-C22A-43E0-BF4C-06F5698FFBD9}'/><EventID>5</EventID><Version>3</Version><Level>4</Level><Task>5</Task><Opcode>0</Opcode><Keywords>0x8000000000000000</Keywords><TimeCreated SystemTime='2025-12-15T12:58:42.210330500Z'/><EventRecordID>220</EventRecordID><Correlation/><Execution ProcessID='2620' ThreadID='8520'/><Channel>Microsoft-Windows-Sysmon/Operational</Channel><Computer>DESKTOP-FUN63VP</Computer><Security UserID='S-1-5-18'/></System><EventData><Data Name='RuleName'>-</Data><Data Name='UtcTime'>2025-12-15 12:58:42.209</Data><Data Name='ProcessGuid'>{BF59A455-05E3-6940-B402-000000009301}</Data><Data Name='ProcessId'>4108</Data><Data Name='Image'>C:\Users\pc\AppData\Local\Programs\Opera\opera.exe</Data><Data Name='User'>DESKTOP-FUN63VP\pc</Data></EventData><RenderingInfo Culture='fr-FR'><Message>Process terminated:
RuleName: -
UtcTime: 2025-12-15 12:58:42.209
ProcessGuid: {BF59A455-05E3-6940-B402-000000009301}
ProcessId: 4108
Image: C:\Users\pc\AppData\Local\Programs\Opera\opera.exe
User: DESKTOP-FUN63VP\pc</Message><Level>Information</Level><Task>Process terminated (rule: ProcessTerminate)</Task><Opcode>Informations</Opcode><Channel></Channel><Provider></Provider><Keywords></Keywords></RenderingInfo></Event><Event xmlns='http://schemas.microsoft.com/win/2004/08/events/event'><System><Provider Name='Microsoft-Windows-Sysmon' Guid='{5770385F-C22A-43E0-BF4C-06F5698FFBD9}'/><EventID>5</EventID><Version>3</Version><Level>4</Level><Task>5</Task><Opcode>0</Opcode><Keywords>0x8000000000000000</Keywords><TimeCreated SystemTime='2025-12-15T12:57:57.519970800Z'/><EventRecordID>219</EventRecordID><Correlation/><Execution ProcessID='2620' ThreadID='8520'/><Channel>Microsoft-Windows-Sysmon/Operational</Channel><Computer>DESKTOP-FUN63VP</Computer><Security UserID='S-1-5-18'/></System><EventData><Data Name='RuleName'>-</Data><Data Name='UtcTime'>2025-12-15 12:57:57.519</Data><Data Name='ProcessGuid'>{BF59A455-0521-6940-B002-000000009301}</Data><Data Name='ProcessId'>9904</Data><Data Name='Image'>C:\Windows\System32\RuntimeBroker.exe</Data><Data Name='User'>DESKTOP-FUN63VP\pc</Data></EventData><RenderingInfo Culture='fr-FR'><Message>Process terminated:
RuleName: -
UtcTime: 2025-12-15 12:57:57.519
ProcessGuid: {BF59A455-0521-6940-B002-000000009301}
ProcessId: 9904
Image: C:\Windows\System32\RuntimeBroker.exe
User: DESKTOP-FUN63VP\pc</Message><Level>Information</Level><Task>Process terminated (rule: ProcessTerminate)</Task><Opcode>Informations</Opcode><Channel></Channel><Provider></Provider><Keywords></Keywords></RenderingInfo></Event><Event xmlns='http://schemas.microsoft.com/win/2004/08/events/event'><System><Provider Name='Microsoft-Windows-Sysmon' Guid='{5770385F-C22A-43E0-BF4C-06F5698FFBD9}'/><EventID>5</EventID><Version>3</Version><Level>4</Level><Task>5</Task><Opcode>0</Opcode><Keywords>0x8000000000000000</Keywords><TimeCreated SystemTime='2025-12-15T12:57:41.893475300Z'/><EventRecordID>218</EventRecordID><Correlation/><Execution ProcessID='2620' ThreadID='8520'/><Channel>Microsoft-Windows-Sysmon/Operational</Channel><Computer>DESKTOP-FUN63VP</Computer><Security UserID='S-1-5-18'/></System><EventData><Data Name='RuleName'>-</Data><Data Name='UtcTime'>2025-12-15 12:57:41.893</Data><Data Name='ProcessGuid'>{BF59A455-058A-6940-B302-000000009301}</Data><Data Name='ProcessId'>7384</Data><Data Name='Image'>C:\Users\pc\AppData\Local\Programs\Opera\opera.exe</Data><Data Name='User'>DESKTOP-FUN63VP\pc</Data></EventData><RenderingInfo Culture='fr-FR'><Message>Process terminated:
RuleName: -
UtcTime: 2025-12-15 12:57:41.893
ProcessGuid: {BF59A455-058A-6940-B302-000000009301}
ProcessId: 7384
Image: C:\Users\pc\AppData\Local\Programs\Opera\opera.exe
User: DESKTOP-FUN63VP\pc</Message><Level>Information</Level><Task>Process terminated (rule: ProcessTerminate)</Task><Opcode>Informations</Opcode><Channel></Channel><Provider></Provider><Keywords></Keywords></RenderingInfo></Event><Event xmlns='http://schemas.microsoft.com/win/2004/08/events/event'><System><Provider Name='Microsoft-Windows-Sysmon' Guid='{5770385F-C22A-43E0-BF4C-06F5698FFBD9}'/><EventID>5</EventID><Version>3</Version><Level>4</Level><Task>5</Task><Opcode>0</Opcode><Keywords>0x8000000000000000</Keywords><TimeCreated SystemTime='2025-12-15T12:57:27.511059300Z'/><EventRecordID>217</EventRecordID><Correlation/><Execution ProcessID='2620' ThreadID='8520'/><Channel>Microsoft-Windows-Sysmon/Operational</Channel><Computer>DESKTOP-FUN63VP</Computer><Security UserID='S-1-5-18'/></System><EventData><Data Name='RuleName'>-</Data><Data Name='UtcTime'>2025-12-15 12:57:27.499</Data><Data Name='ProcessGuid'>{BF59A455-0512-6940-A902-000000009301}</Data><Data Name='ProcessId'>224</Data><Data Name='Image'>C:\Program Files\WindowsApps\microsoft.windowscommunicationsapps_16005.14326.22342.0_x64__8wekyb3d8bbwe\HxTsr.exe</Data><Data Name='User'>DESKTOP-FUN63VP\pc</Data></EventData><RenderingInfo Culture='fr-FR'><Message>Process terminated:
RuleName: -
UtcTime: 2025-12-15 12:57:27.499
ProcessGuid: {BF59A455-0512-6940-A902-000000009301}
ProcessId: 224
Image: C:\Program Files\WindowsApps\microsoft.windowscommunicationsapps_16005.14326.22342.0_x64__8wekyb3d8bbwe\HxTsr.exe
User: DESKTOP-FUN63VP\pc</Message><Level>Information</Level><Task>Process terminated (rule: ProcessTerminate)</Task><Opcode>Informations</Opcode><Channel></Channel><Provider></Provider><Keywords></Keywords></RenderingInfo></Event><Event xmlns='http://schemas.microsoft.com/win/2004/08/events/event'><System><Provider Name='Microsoft-Windows-Sysmon' Guid='{5770385F-C22A-43E0-BF4C-06F5698FFBD9}'/><EventID>5</EventID><Version>3</Version><Level>4</Level><Task>5</Task><Opcode>0</Opcode><Keywords>0x8000000000000000</Keywords><TimeCreated SystemTime='2025-12-15T12:55:45.437451100Z'/><EventRecordID>216</EventRecordID><Correlation/><Execution ProcessID='2620' ThreadID='8520'/><Channel>Microsoft-Windows-Sysmon/Operational</Channel><Computer>DESKTOP-FUN63VP</Computer><Security UserID='S-1-5-18'/></System><EventData><Data Name='RuleName'>-</Data><Data Name='UtcTime'>2025-12-15 12:55:45.417</Data><Data Name='ProcessGuid'>{BF59A455-0512-6940-A402-000000009301}</Data><Data Name='ProcessId'>2664</Data><Data Name='Image'>C:\Windows\UpdateAssistant\UpdateAssistant.exe</Data><Data Name='User'>DESKTOP-FUN63VP\pc</Data></EventData><RenderingInfo Culture='fr-FR'><Message>Process terminated:
RuleName: -
UtcTime: 2025-12-15 12:55:45.417
ProcessGuid: {BF59A455-0512-6940-A402-000000009301}
ProcessId: 2664
Image: C:\Windows\UpdateAssistant\UpdateAssistant.exe
User: DESKTOP-FUN63VP\pc</Message><Level>Information</Level><Task>Process terminated (rule: ProcessTerminate)</Task><Opcode>Informations</Opcode><Channel></Channel><Provider></Provider><Keywords></Keywords></RenderingInfo></Event><Event xmlns='http://schemas.microsoft.com/win/2004/08/events/event'><System><Provider Name='Microsoft-Windows-Sysmon' Guid='{5770385F-C22A-43E0-BF4C-06F5698FFBD9}'/><EventID>5</EventID><Version>3</Version><Level>4</Level><Task>5</Task><Opcode>0</Opcode><Keywords>0x8000000000000000</Keywords><TimeCreated SystemTime='2025-12-15T12:55:41.994411700Z'/><EventRecordID>215</EventRecordID><Correlation/><Execution ProcessID='2620' ThreadID='8520'/><Channel>Microsoft-Windows-Sysmon/Operational</Channel><Computer>DESKTOP-FUN63VP</Computer><Security UserID='S-1-5-18'/></System><EventData><Data Name='RuleName'>-</Data><Data Name='UtcTime'>2025-12-15 12:55:41.993</Data><Data Name='ProcessGuid'>{BF59A455-0511-6940-A302-000000009301}</Data><Data Name='ProcessId'>5672</Data><Data Name='Image'>C:\Users\pc\AppData\Local\Programs\Opera\opera.exe</Data><Data Name='User'>DESKTOP-FUN63VP\pc</Data></EventData><RenderingInfo Culture='fr-FR'><Message>Process terminated:
RuleName: -
UtcTime: 2025-12-15 12:55:41.993
ProcessGuid: {BF59A455-0511-6940-A302-000000009301}
ProcessId: 5672
Image: C:\Users\pc\AppData\Local\Programs\Opera\opera.exe
User: DESKTOP-FUN63VP\pc</Message><Level>Information</Level><Task>Process terminated (rule: ProcessTerminate)</Task><Opcode>Informations</Opcode><Channel></Channel><Provider></Provider><Keywords></Keywords></RenderingInfo></Event><Event xmlns='http://schemas.microsoft.com/win/2004/08/events/event'><System><Provider Name='Microsoft-Windows-Sysmon' Guid='{5770385F-C22A-43E0-BF4C-06F5698FFBD9}'/><EventID>5</EventID><Version>3</Version><Level>4</Level><Task>5</Task><Opcode>0</Opcode><Keywords>0x8000000000000000</Keywords><TimeCreated SystemTime='2025-12-15T12:55:37.633196500Z'/><EventRecordID>214</EventRecordID><Correlation/><Execution ProcessID='2620' ThreadID='8520'/><Channel>Microsoft-Windows-Sysmon/Operational</Channel><Computer>DESKTOP-FUN63VP</Computer><Security UserID='S-1-5-18'/></System><EventData><Data Name='RuleName'>-</Data><Data Name='UtcTime'>2025-12-15 12:55:37.632</Data><Data Name='ProcessGuid'>{BF59A455-02F1-6940-8F02-000000009301}</Data><Data Name='ProcessId'>7608</Data><Data Name='Image'>C:\Windows\System32\svchost.exe</Data><Data Name='User'>AUTORITE NT\Système</Data></EventData><RenderingInfo Culture='fr-FR'><Message>Process terminated:
RuleName: -
UtcTime: 2025-12-15 12:55:37.632
ProcessGuid: {BF59A455-02F1-6940-8F02-000000009301}
ProcessId: 7608
Image: C:\Windows\System32\svchost.exe
User: AUTORITE NT\Système</Message><Level>Information</Level><Task>Process terminated (rule: ProcessTerminate)</Task><Opcode>Informations</Opcode><Channel></Channel><Provider></Provider><Keywords></Keywords></RenderingInfo></Event><Event xmlns='http://schemas.microsoft.com/win/2004/08/events/event'><System><Provider Name='Microsoft-Windows-Sysmon' Guid='{5770385F-C22A-43E0-BF4C-06F5698FFBD9}'/><EventID>5</EventID><Version>3</Version><Level>4</Level><Task>5</Task><Opcode>0</Opcode><Keywords>0x8000000000000000</Keywords><TimeCreated SystemTime='2025-12-15T12:55:29.762946300Z'/><EventRecordID>213</EventRecordID><Correlation/><Execution ProcessID='2620' ThreadID='8520'/><Channel>Microsoft-Windows-Sysmon/Operational</Channel><Computer>DESKTOP-FUN63VP</Computer><Security UserID='S-1-5-18'/></System><EventData><Data Name='RuleName'>-</Data><Data Name='UtcTime'>2025-12-15 12:55:29.757</Data><Data Name='ProcessGuid'>{BF59A455-052D-6940-B102-000000009301}</Data><Data Name='ProcessId'>3532</Data><Data Name='Image'>C:\Windows\System32\backgroundTaskHost.exe</Data><Data Name='User'>DESKTOP-FUN63VP\pc</Data></EventData><RenderingInfo Culture='fr-FR'><Message>Process terminated:
RuleName: -
UtcTime: 2025-12-15 12:55:29.757
ProcessGuid: {BF59A455-052D-6940-B102-000000009301}
ProcessId: 3532
Image: C:\Windows\System32\backgroundTaskHost.exe
User: DESKTOP-FUN63VP\pc</Message><Level>Information</Level><Task>Process terminated (rule: ProcessTerminate)</Task><Opcode>Informations</Opcode><Channel></Channel><Provider></Provider><Keywords></Keywords></RenderingInfo></Event><Event xmlns='http://schemas.microsoft.com/win/2004/08/events/event'><System><Provider Name='Microsoft-Windows-Sysmon' Guid='{5770385F-C22A-43E0-BF4C-06F5698FFBD9}'/><EventID>5</EventID><Version>3</Version><Level>4</Level><Task>5</Task><Opcode>0</Opcode><Keywords>0x8000000000000000</Keywords><TimeCreated SystemTime='2025-12-15T12:55:18.682937000Z'/><EventRecordID>212</EventRecordID><Correlation/><Execution ProcessID='2620' ThreadID='8520'/><Channel>Microsoft-Windows-Sysmon/Operational</Channel><Computer>DESKTOP-FUN63VP</Computer><Security UserID='S-1-5-18'/></System><EventData><Data Name='RuleName'>-</Data><Data Name='UtcTime'>2025-12-15 12:55:18.678</Data><Data Name='ProcessGuid'>{BF59A455-0516-6940-AE02-000000009301}</Data><Data Name='ProcessId'>2656</Data><Data Name='Image'>C:\Windows\System32\sppsvc.exe</Data><Data Name='User'>AUTORITE NT\SERVICE RÉSEAU</Data></EventData><RenderingInfo Culture='fr-FR'><Message>Process terminated:
RuleName: -
UtcTime: 2025-12-15 12:55:18.678
ProcessGuid: {BF59A455-0516-6940-AE02-000000009301}
ProcessId: 2656
Image: C:\Windows\System32\sppsvc.exe
User: AUTORITE NT\SERVICE RÉSEAU</Message><Level>Information</Level><Task>Process terminated (rule: ProcessTerminate)</Task><Opcode>Informations</Opcode><Channel></Channel><Provider></Provider><Keywords></Keywords></RenderingInfo></Event><Event xmlns='http://schemas.microsoft.com/win/2004/08/events/event'><System><Provider Name='Microsoft-Windows-Sysmon' Guid='{5770385F-C22A-43E0-BF4C-06F5698FFBD9}'/><EventID>5</EventID><Version>3</Version><Level>4</Level><Task>5</Task><Opcode>0</Opcode><Keywords>0x8000000000000000</Keywords><TimeCreated SystemTime='2025-12-15T12:54:45.226348700Z'/><EventRecordID>211</EventRecordID><Correlation/><Execution ProcessID='2620' ThreadID='8520'/><Channel>Microsoft-Windows-Sysmon/Operational</Channel><Computer>DESKTOP-FUN63VP</Computer><Security UserID='S-1-5-18'/></System><EventData><Data Name='RuleName'>-</Data><Data Name='UtcTime'>2025-12-15 12:54:45.225</Data><Data Name='ProcessGuid'>{BF59A455-0513-6940-AB02-000000009301}</Data><Data Name='ProcessId'>8204</Data><Data Name='Image'>C:\Windows\System32\taskhostw.exe</Data><Data Name='User'>AUTORITE NT\Système</Data></EventData><RenderingInfo Culture='fr-FR'><Message>Process terminated:
RuleName: -
UtcTime: 2025-12-15 12:54:45.225
ProcessGuid: {BF59A455-0513-6940-AB02-000000009301}
ProcessId: 8204
Image: C:\Windows\System32\taskhostw.exe
User: AUTORITE NT\Système</Message><Level>Information</Level><Task>Process terminated (rule: ProcessTerminate)</Task><Opcode>Informations</Opcode><Channel></Channel><Provider></Provider><Keywords></Keywords></RenderingInfo></Event><Event xmlns='http://schemas.microsoft.com/win/2004/08/events/event'><System><Provider Name='Microsoft-Windows-Sysmon' Guid='{5770385F-C22A-43E0-BF4C-06F5698FFBD9}'/><EventID>5</EventID><Version>3</Version><Level>4</Level><Task>5</Task><Opcode>0</Opcode><Keywords>0x8000000000000000</Keywords><TimeCreated SystemTime='2025-12-15T12:54:42.874949500Z'/><EventRecordID>210</EventRecordID><Correlation/><Execution ProcessID='2620' ThreadID='8520'/><Channel>Microsoft-Windows-Sysmon/Operational</Channel><Computer>DESKTOP-FUN63VP</Computer><Security UserID='S-1-5-18'/></System><EventData><Data Name='RuleName'>-</Data><Data Name='UtcTime'>2025-12-15 12:54:42.873</Data><Data Name='ProcessGuid'>{BF59A455-0512-6940-A702-000000009301}</Data><Data Name='ProcessId'>9072</Data><Data Name='Image'>C:\Windows\System32\taskhostw.exe</Data><Data Name='User'>DESKTOP-FUN63VP\pc</Data></EventData><RenderingInfo Culture='fr-FR'><Message>Process terminated:
RuleName: -
UtcTime: 2025-12-15 12:54:42.873
ProcessGuid: {BF59A455-0512-6940-A702-000000009301}
ProcessId: 9072
Image: C:\Windows\System32\taskhostw.exe
User: DESKTOP-FUN63VP\pc</Message><Level>Information</Level><Task>Process terminated (rule: ProcessTerminate)</Task><Opcode>Informations</Opcode><Channel></Channel><Provider></Provider><Keywords></Keywords></RenderingInfo></Event><Event xmlns='http://schemas.microsoft.com/win/2004/08/events/event'><System><Provider Name='Microsoft-Windows-Sysmon' Guid='{5770385F-C22A-43E0-BF4C-06F5698FFBD9}'/><EventID>5</EventID><Version>3</Version><Level>4</Level><Task>5</Task><Opcode>0</Opcode><Keywords>0x8000000000000000</Keywords><TimeCreated SystemTime='2025-12-15T12:54:42.242540000Z'/><EventRecordID>209</EventRecordID><Correlation/><Execution ProcessID='2620' ThreadID='8520'/><Channel>Microsoft-Windows-Sysmon/Operational</Channel><Computer>DESKTOP-FUN63VP</Computer><Security UserID='S-1-5-18'/></System><EventData><Data Name='RuleName'>-</Data><Data Name='UtcTime'>2025-12-15 12:54:42.241</Data><Data Name='ProcessGuid'>{BF59A455-0512-6940-A502-000000009301}</Data><Data Name='ProcessId'>7372</Data><Data Name='Image'>C:\Windows\UpdateAssistant\UpdateAssistant.exe</Data><Data Name='User'>DESKTOP-FUN63VP\pc</Data></EventData><RenderingInfo Culture='fr-FR'><Message>Process terminated:
RuleName: -
UtcTime: 2025-12-15 12:54:42.241
ProcessGuid: {BF59A455-0512-6940-A502-000000009301}
ProcessId: 7372
Image: C:\Windows\UpdateAssistant\UpdateAssistant.exe
User: DESKTOP-FUN63VP\pc</Message><Level>Information</Level><Task>Process terminated (rule: ProcessTerminate)</Task><Opcode>Informations</Opcode><Channel></Channel><Provider></Provider><Keywords></Keywords></RenderingInfo></Event><Event xmlns='http://schemas.microsoft.com/win/2004/08/events/event'><System><Provider Name='Microsoft-Windows-Sysmon' Guid='{5770385F-C22A-43E0-BF4C-06F5698FFBD9}'/><EventID>5</EventID><Version>3</Version><Level>4</Level><Task>5</Task><Opcode>0</Opcode><Keywords>0x8000000000000000</Keywords><TimeCreated SystemTime='2025-12-15T12:54:30.345633500Z'/><EventRecordID>208</EventRecordID><Correlation/><Execution ProcessID='2620' ThreadID='8520'/><Channel>Microsoft-Windows-Sysmon/Operational</Channel><Computer>DESKTOP-FUN63VP</Computer><Security UserID='S-1-5-18'/></System><EventData><Data Name='RuleName'>-</Data><Data Name='UtcTime'>2025-12-15 12:54:30.345</Data><Data Name='ProcessGuid'>{BF59A455-04AC-6940-A002-000000009301}</Data><Data Name='ProcessId'>1464</Data><Data Name='Image'>C:\Windows\System32\RuntimeBroker.exe</Data><Data Name='User'>DESKTOP-FUN63VP\pc</Data></EventData><RenderingInfo Culture='fr-FR'><Message>Process terminated:
RuleName: -
UtcTime: 2025-12-15 12:54:30.345
ProcessGuid: {BF59A455-04AC-6940-A002-000000009301}
ProcessId: 1464
Image: C:\Windows\System32\RuntimeBroker.exe
User: DESKTOP-FUN63VP\pc</Message><Level>Information</Level><Task>Process terminated (rule: ProcessTerminate)</Task><Opcode>Informations</Opcode><Channel></Channel><Provider></Provider><Keywords></Keywords></RenderingInfo></Event><Event xmlns='http://schemas.microsoft.com/win/2004/08/events/event'><System><Provider Name='Microsoft-Windows-Sysmon' Guid='{5770385F-C22A-43E0-BF4C-06F5698FFBD9}'/><EventID>5</EventID><Version>3</Version><Level>4</Level><Task>5</Task><Opcode>0</Opcode><Keywords>0x8000000000000000</Keywords><TimeCreated SystemTime='2025-12-15T12:54:06.636704600Z'/><EventRecordID>207</EventRecordID><Correlation/><Execution ProcessID='2620' ThreadID='8520'/><Channel>Microsoft-Windows-Sysmon/Operational</Channel><Computer>DESKTOP-FUN63VP</Computer><Security UserID='S-1-5-18'/></System><EventData><Data Name='RuleName'>-</Data><Data Name='UtcTime'>2025-12-15 12:54:06.635</Data><Data Name='ProcessGuid'>{BF59A455-0383-6940-9302-000000009301}</Data><Data Name='ProcessId'>9568</Data><Data Name='Image'>C:\Windows\System32\svchost.exe</Data><Data Name='User'>DESKTOP-FUN63VP\pc</Data></EventData><RenderingInfo Culture='fr-FR'><Message>Process terminated:
RuleName: -
UtcTime: 2025-12-15 12:54:06.635
ProcessGuid: {BF59A455-0383-6940-9302-000000009301}
ProcessId: 9568
Image: C:\Windows\System32\svchost.exe
User: DESKTOP-FUN63VP\pc</Message><Level>Information</Level><Task>Process terminated (rule: ProcessTerminate)</Task><Opcode>Informations</Opcode><Channel></Channel><Provider></Provider><Keywords></Keywords></RenderingInfo></Event><Event xmlns='http://schemas.microsoft.com/win/2004/08/events/event'><System><Provider Name='Microsoft-Windows-Sysmon' Guid='{5770385F-C22A-43E0-BF4C-06F5698FFBD9}'/><EventID>5</EventID><Version>3</Version><Level>4</Level><Task>5</Task><Opcode>0</Opcode><Keywords>0x8000000000000000</Keywords><TimeCreated SystemTime='2025-12-15T12:54:00.334924500Z'/><EventRecordID>206</EventRecordID><Correlation/><Execution ProcessID='2620' ThreadID='8520'/><Channel>Microsoft-Windows-Sysmon/Operational</Channel><Computer>DESKTOP-FUN63VP</Computer><Security UserID='S-1-5-18'/></System><EventData><Data Name='RuleName'>-</Data><Data Name='UtcTime'>2025-12-15 12:54:00.334</Data><Data Name='ProcessGuid'>{BF59A455-04AB-6940-9F02-000000009301}</Data><Data Name='ProcessId'>1328</Data><Data Name='Image'>C:\Windows\System32\backgroundTaskHost.exe</Data><Data Name='User'>DESKTOP-FUN63VP\pc</Data></EventData><RenderingInfo Culture='fr-FR'><Message>Process terminated:
RuleName: -
UtcTime: 2025-12-15 12:54:00.334
ProcessGuid: {BF59A455-04AB-6940-9F02-000000009301}
ProcessId: 1328
Image: C:\Windows\System32\backgroundTaskHost.exe
User: DESKTOP-FUN63VP\pc</Message><Level>Information</Level><Task>Process terminated (rule: ProcessTerminate)</Task><Opcode>Informations</Opcode><Channel></Channel><Provider></Provider><Keywords></Keywords></RenderingInfo></Event><Event xmlns='http://schemas.microsoft.com/win/2004/08/events/event'><System><Provider Name='Microsoft-Windows-Sysmon' Guid='{5770385F-C22A-43E0-BF4C-06F5698FFBD9}'/><EventID>5</EventID><Version>3</Version><Level>4</Level><Task>5</Task><Opcode>0</Opcode><Keywords>0x8000000000000000</Keywords><TimeCreated SystemTime='2025-12-15T12:53:42.176258300Z'/><EventRecordID>205</EventRecordID><Correlation/><Execution ProcessID='2620' ThreadID='8520'/><Channel>Microsoft-Windows-Sysmon/Operational</Channel><Computer>DESKTOP-FUN63VP</Computer><Security UserID='S-1-5-18'/></System><EventData><Data Name='RuleName'>-</Data><Data Name='UtcTime'>2025-12-15 12:53:42.175</Data><Data Name='ProcessGuid'>{BF59A455-04B7-6940-A102-000000009301}</Data><Data Name='ProcessId'>8080</Data><Data Name='Image'>C:\Users\pc\AppData\Local\Programs\Opera\opera.exe</Data><Data Name='User'>DESKTOP-FUN63VP\pc</Data></EventData><RenderingInfo Culture='fr-FR'><Message>Process terminated:
RuleName: -
UtcTime: 2025-12-15 12:53:42.175
ProcessGuid: {BF59A455-04B7-6940-A102-000000009301}
ProcessId: 8080
Image: C:\Users\pc\AppData\Local\Programs\Opera\opera.exe
User: DESKTOP-FUN63VP\pc</Message><Level>Information</Level><Task>Process terminated (rule: ProcessTerminate)</Task><Opcode>Informations</Opcode><Channel></Channel><Provider></Provider><Keywords></Keywords></RenderingInfo></Event><Event xmlns='http://schemas.microsoft.com/win/2004/08/events/event'><System><Provider Name='Microsoft-Windows-Sysmon' Guid='{5770385F-C22A-43E0-BF4C-06F5698FFBD9}'/><EventID>5</EventID><Version>3</Version><Level>4</Level><Task>5</Task><Opcode>0</Opcode><Keywords>0x8000000000000000</Keywords><TimeCreated SystemTime='2025-12-15T12:52:42.181022000Z'/><EventRecordID>204</EventRecordID><Correlation/><Execution ProcessID='2620' ThreadID='8520'/><Channel>Microsoft-Windows-Sysmon/Operational</Channel><Computer>DESKTOP-FUN63VP</Computer><Security UserID='S-1-5-18'/></System><EventData><Data Name='RuleName'>-</Data><Data Name='UtcTime'>2025-12-15 12:52:42.180</Data><Data Name='ProcessGuid'>{BF59A455-047B-6940-9E02-000000009301}</Data><Data Name='ProcessId'>4088</Data><Data Name='Image'>C:\Users\pc\AppData\Local\Programs\Opera\opera.exe</Data><Data Name='User'>DESKTOP-FUN63VP\pc</Data></EventData><RenderingInfo Culture='fr-FR'><Message>Process terminated:
RuleName: -
UtcTime: 2025-12-15 12:52:42.180
ProcessGuid: {BF59A455-047B-6940-9E02-000000009301}
ProcessId: 4088
Image: C:\Users\pc\AppData\Local\Programs\Opera\opera.exe
User: DESKTOP-FUN63VP\pc</Message><Level>Information</Level><Task>Process terminated (rule: ProcessTerminate)</Task><Opcode>Informations</Opcode><Channel></Channel><Provider></Provider><Keywords></Keywords></RenderingInfo></Event><Event xmlns='http://schemas.microsoft.com/win/2004/08/events/event'><System><Provider Name='Microsoft-Windows-Sysmon' Guid='{5770385F-C22A-43E0-BF4C-06F5698FFBD9}'/><EventID>5</EventID><Version>3</Version><Level>4</Level><Task>5</Task><Opcode>0</Opcode><Keywords>0x8000000000000000</Keywords><TimeCreated SystemTime='2025-12-15T12:51:42.483762900Z'/><EventRecordID>203</EventRecordID><Correlation/><Execution ProcessID='2620' ThreadID='8520'/><Channel>Microsoft-Windows-Sysmon/Operational</Channel><Computer>DESKTOP-FUN63VP</Computer><Security UserID='S-1-5-18'/></System><EventData><Data Name='RuleName'>-</Data><Data Name='UtcTime'>2025-12-15 12:51:42.483</Data><Data Name='ProcessGuid'>{BF59A455-043F-6940-9D02-000000009301}</Data><Data Name='ProcessId'>8508</Data><Data Name='Image'>C:\Users\pc\AppData\Local\Programs\Opera\opera.exe</Data><Data Name='User'>DESKTOP-FUN63VP\pc</Data></EventData><RenderingInfo Culture='fr-FR'><Message>Process terminated:
RuleName: -
UtcTime: 2025-12-15 12:51:42.483
ProcessGuid: {BF59A455-043F-6940-9D02-000000009301}
ProcessId: 8508
Image: C:\Users\pc\AppData\Local\Programs\Opera\opera.exe
User: DESKTOP-FUN63VP\pc</Message><Level>Information</Level><Task>Process terminated (rule: ProcessTerminate)</Task><Opcode>Informations</Opcode><Channel></Channel><Provider></Provider><Keywords></Keywords></RenderingInfo></Event><Event xmlns='http://schemas.microsoft.com/win/2004/08/events/event'><System><Provider Name='Microsoft-Windows-Sysmon' Guid='{5770385F-C22A-43E0-BF4C-06F5698FFBD9}'/><EventID>5</EventID><Version>3</Version><Level>4</Level><Task>5</Task><Opcode>0</Opcode><Keywords>0x8000000000000000</Keywords><TimeCreated SystemTime='2025-12-15T12:51:35.015058600Z'/><EventRecordID>202</EventRecordID><Correlation/><Execution ProcessID='2620' ThreadID='8520'/><Channel>Microsoft-Windows-Sysmon/Operational</Channel><Computer>DESKTOP-FUN63VP</Computer><Security UserID='S-1-5-18'/></System><EventData><Data Name='RuleName'>-</Data><Data Name='UtcTime'>2025-12-15 12:51:35.013</Data><Data Name='ProcessGuid'>{BF59A455-03D3-6940-9902-000000009301}</Data><Data Name='ProcessId'>7828</Data><Data Name='Image'>C:\Windows\System32\SearchFilterHost.exe</Data><Data Name='User'>AUTORITE NT\Système</Data></EventData><RenderingInfo Culture='fr-FR'><Message>Process terminated:
RuleName: -
UtcTime: 2025-12-15 12:51:35.013
ProcessGuid: {BF59A455-03D3-6940-9902-000000009301}
ProcessId: 7828
Image: C:\Windows\System32\SearchFilterHost.exe
User: AUTORITE NT\Système</Message><Level>Information</Level><Task>Process terminated (rule: ProcessTerminate)</Task><Opcode>Informations</Opcode><Channel></Channel><Provider></Provider><Keywords></Keywords></RenderingInfo></Event><Event xmlns='http://schemas.microsoft.com/win/2004/08/events/event'><System><Provider Name='Microsoft-Windows-Sysmon' Guid='{5770385F-C22A-43E0-BF4C-06F5698FFBD9}'/><EventID>5</EventID><Version>3</Version><Level>4</Level><Task>5</Task><Opcode>0</Opcode><Keywords>0x8000000000000000</Keywords><TimeCreated SystemTime='2025-12-15T12:51:35.000867300Z'/><EventRecordID>201</EventRecordID><Correlation/><Execution ProcessID='2620' ThreadID='8520'/><Channel>Microsoft-Windows-Sysmon/Operational</Channel><Computer>DESKTOP-FUN63VP</Computer><Security UserID='S-1-5-18'/></System><EventData><Data Name='RuleName'>-</Data><Data Name='UtcTime'>2025-12-15 12:51:34.999</Data><Data Name='ProcessGuid'>{BF59A455-03D3-6940-9A02-000000009301}</Data><Data Name='ProcessId'>7008</Data><Data Name='Image'>C:\Windows\System32\SearchProtocolHost.exe</Data><Data Name='User'>DESKTOP-FUN63VP\pc</Data></EventData><RenderingInfo Culture='fr-FR'><Message>Process terminated:
RuleName: -
UtcTime: 2025-12-15 12:51:34.999
ProcessGuid: {BF59A455-03D3-6940-9A02-000000009301}
ProcessId: 7008
Image: C:\Windows\System32\SearchProtocolHost.exe
User: DESKTOP-FUN63VP\pc</Message><Level>Information</Level><Task>Process terminated (rule: ProcessTerminate)</Task><Opcode>Informations</Opcode><Channel></Channel><Provider></Provider><Keywords></Keywords></RenderingInfo></Event><Event xmlns='http://schemas.microsoft.com/win/2004/08/events/event'><System><Provider Name='Microsoft-Windows-Sysmon' Guid='{5770385F-C22A-43E0-BF4C-06F5698FFBD9}'/><EventID>5</EventID><Version>3</Version><Level>4</Level><Task>5</Task><Opcode>0</Opcode><Keywords>0x8000000000000000</Keywords><TimeCreated SystemTime='2025-12-15T12:51:34.983858900Z'/><EventRecordID>200</EventRecordID><Correlation/><Execution ProcessID='2620' ThreadID='8520'/><Channel>Microsoft-Windows-Sysmon/Operational</Channel><Computer>DESKTOP-FUN63VP</Computer><Security UserID='S-1-5-18'/></System><EventData><Data Name='RuleName'>-</Data><Data Name='UtcTime'>2025-12-15 12:51:34.979</Data><Data Name='ProcessGuid'>{BF59A455-03D2-6940-9802-000000009301}</Data><Data Name='ProcessId'>5268</Data><Data Name='Image'>C:\Windows\System32\SearchProtocolHost.exe</Data><Data Name='User'>AUTORITE NT\Système</Data></EventData><RenderingInfo Culture='fr-FR'><Message>Process terminated:
RuleName: -
UtcTime: 2025-12-15 12:51:34.979
ProcessGuid: {BF59A455-03D2-6940-9802-000000009301}
ProcessId: 5268
Image: C:\Windows\System32\SearchProtocolHost.exe
User: AUTORITE NT\Système</Message><Level>Information</Level><Task>Process terminated (rule: ProcessTerminate)</Task><Opcode>Informations</Opcode><Channel></Channel><Provider></Provider><Keywords></Keywords></RenderingInfo></Event><Event xmlns='http://schemas.microsoft.com/win/2004/08/events/event'><System><Provider Name='Microsoft-Windows-Sysmon' Guid='{5770385F-C22A-43E0-BF4C-06F5698FFBD9}'/><EventID>5</EventID><Version>3</Version><Level>4</Level><Task>5</Task><Opcode>0</Opcode><Keywords>0x8000000000000000</Keywords><TimeCreated SystemTime='2025-12-15T12:50:42.408535600Z'/><EventRecordID>199</EventRecordID><Correlation/><Execution ProcessID='2620' ThreadID='8520'/><Channel>Microsoft-Windows-Sysmon/Operational</Channel><Computer>DESKTOP-FUN63VP</Computer><Security UserID='S-1-5-18'/></System><EventData><Data Name='RuleName'>-</Data><Data Name='UtcTime'>2025-12-15 12:50:42.407</Data><Data Name='ProcessGuid'>{BF59A455-0403-6940-9C02-000000009301}</Data><Data Name='ProcessId'>8832</Data><Data Name='Image'>C:\Users\pc\AppData\Local\Programs\Opera\opera.exe</Data><Data Name='User'>DESKTOP-FUN63VP\pc</Data></EventData><RenderingInfo Culture='fr-FR'><Message>Process terminated:
RuleName: -
UtcTime: 2025-12-15 12:50:42.407
ProcessGuid: {BF59A455-0403-6940-9C02-000000009301}
ProcessId: 8832
Image: C:\Users\pc\AppData\Local\Programs\Opera\opera.exe
User: DESKTOP-FUN63VP\pc</Message><Level>Information</Level><Task>Process terminated (rule: ProcessTerminate)</Task><Opcode>Informations</Opcode><Channel></Channel><Provider></Provider><Keywords></Keywords></RenderingInfo></Event>