<Event xmlns='http://schemas.microsoft.com/win/2004/08/events/event'><System><Provider Name='Microsoft-Windows-Sysmon' Guid='{5770385F-C22A-43E0-BF4C-06F5698FFBD9}'/><EventID>5</EventID><Version>3</Version><Level>4</Level><Task>5</Task><Opcode>0</Opcode><Keywords>0x8000000000000000</Keywords><TimeCreated SystemTime='2025-12-15T13:28:42.211763000Z'/><EventRecordID>270</EventRecordID><Correlation/><Execution ProcessID='2620' ThreadID='8520'/><Channel>Microsoft-Windows-Sysmon/Operational</Channel><Computer>DESKTOP-FUN63VP</Computer><Security UserID='S-1-5-18'/></System><EventData><Data Name='RuleName'>-</Data><Data Name='UtcTime'>2025-12-15 13:28:42.211</Data><Data Name='ProcessGuid'>{BF59A455-0CEB-6940-E302-000000009301}</Data><Data Name='ProcessId'>9676</Data><Data Name='Image'>C:\Users\pc\AppData\Local\Programs\Opera\opera.exe</Data><Data Name='User'>DESKTOP-FUN63VP\pc</Data></EventData><RenderingInfo Culture='fr-FR'><Message>Process terminated:
RuleName: -
UtcTime: 2025-12-15 13:28:42.211
ProcessGuid: {BF59A455-0CEB-6940-E302-000000009301}
ProcessId: 9676
Image: C:\Users\pc\AppData\Local\Programs\Opera\opera.exe
User: DESKTOP-FUN63VP\pc</Message><Level>Information</Level><Task>Process terminated (rule: ProcessTerminate)</Task><Opcode>Informations</Opcode><Channel></Channel><Provider></Provider><Keywords></Keywords></RenderingInfo></Event><Event xmlns='http://schemas.microsoft.com/win/2004/08/events/event'><System><Provider Name='Microsoft-Windows-Sysmon' Guid='{5770385F-C22A-43E0-BF4C-06F5698FFBD9}'/><EventID>5</EventID><Version>3</Version><Level>4</Level><Task>5</Task><Opcode>0</Opcode><Keywords>0x8000000000000000</Keywords><TimeCreated SystemTime='2025-12-15T13:27:42.222415000Z'/><EventRecordID>269</EventRecordID><Correlation/><Execution ProcessID='2620' ThreadID='8520'/><Channel>Microsoft-Windows-Sysmon/Operational</Channel><Computer>DESKTOP-FUN63VP</Computer><Security UserID='S-1-5-18'/></System><EventData><Data Name='RuleName'>-</Data><Data Name='UtcTime'>2025-12-15 13:27:42.221</Data><Data Name='ProcessGuid'>{BF59A455-0CAF-6940-E202-000000009301}</Data><Data Name='ProcessId'>10072</Data><Data Name='Image'>C:\Users\pc\AppData\Local\Programs\Opera\opera.exe</Data><Data Name='User'>DESKTOP-FUN63VP\pc</Data></EventData><RenderingInfo Culture='fr-FR'><Message>Process terminated:
RuleName: -
UtcTime: 2025-12-15 13:27:42.221
ProcessGuid: {BF59A455-0CAF-6940-E202-000000009301}
ProcessId: 10072
Image: C:\Users\pc\AppData\Local\Programs\Opera\opera.exe
User: DESKTOP-FUN63VP\pc</Message><Level>Information</Level><Task>Process terminated (rule: ProcessTerminate)</Task><Opcode>Informations</Opcode><Channel></Channel><Provider></Provider><Keywords></Keywords></RenderingInfo></Event><Event xmlns='http://schemas.microsoft.com/win/2004/08/events/event'><System><Provider Name='Microsoft-Windows-Sysmon' Guid='{5770385F-C22A-43E0-BF4C-06F5698FFBD9}'/><EventID>5</EventID><Version>3</Version><Level>4</Level><Task>5</Task><Opcode>0</Opcode><Keywords>0x8000000000000000</Keywords><TimeCreated SystemTime='2025-12-15T13:26:42.208190600Z'/><EventRecordID>268</EventRecordID><Correlation/><Execution ProcessID='2620' ThreadID='8520'/><Channel>Microsoft-Windows-Sysmon/Operational</Channel><Computer>DESKTOP-FUN63VP</Computer><Security UserID='S-1-5-18'/></System><EventData><Data Name='RuleName'>-</Data><Data Name='UtcTime'>2025-12-15 13:26:42.207</Data><Data Name='ProcessGuid'>{BF59A455-0C73-6940-E102-000000009301}</Data><Data Name='ProcessId'>7300</Data><Data Name='Image'>C:\Users\pc\AppData\Local\Programs\Opera\opera.exe</Data><Data Name='User'>DESKTOP-FUN63VP\pc</Data></EventData><RenderingInfo Culture='fr-FR'><Message>Process terminated:
RuleName: -
UtcTime: 2025-12-15 13:26:42.207
ProcessGuid: {BF59A455-0C73-6940-E102-000000009301}
ProcessId: 7300
Image: C:\Users\pc\AppData\Local\Programs\Opera\opera.exe
User: DESKTOP-FUN63VP\pc</Message><Level>Information</Level><Task>Process terminated (rule: ProcessTerminate)</Task><Opcode>Informations</Opcode><Channel></Channel><Provider></Provider><Keywords></Keywords></RenderingInfo></Event><Event xmlns='http://schemas.microsoft.com/win/2004/08/events/event'><System><Provider Name='Microsoft-Windows-Sysmon' Guid='{5770385F-C22A-43E0-BF4C-06F5698FFBD9}'/><EventID>5</EventID><Version>3</Version><Level>4</Level><Task>5</Task><Opcode>0</Opcode><Keywords>0x8000000000000000</Keywords><TimeCreated SystemTime='2025-12-15T13:25:42.216484400Z'/><EventRecordID>267</EventRecordID><Correlation/><Execution ProcessID='2620' ThreadID='8520'/><Channel>Microsoft-Windows-Sysmon/Operational</Channel><Computer>DESKTOP-FUN63VP</Computer><Security UserID='S-1-5-18'/></System><EventData><Data Name='RuleName'>-</Data><Data Name='UtcTime'>2025-12-15 13:25:42.215</Data><Data Name='ProcessGuid'>{BF59A455-0C37-6940-E002-000000009301}</Data><Data Name='ProcessId'>6864</Data><Data Name='Image'>C:\Users\pc\AppData\Local\Programs\Opera\opera.exe</Data><Data Name='User'>DESKTOP-FUN63VP\pc</Data></EventData><RenderingInfo Culture='fr-FR'><Message>Process terminated:
RuleName: -
UtcTime: 2025-12-15 13:25:42.215
ProcessGuid: {BF59A455-0C37-6940-E002-000000009301}
ProcessId: 6864
Image: C:\Users\pc\AppData\Local\Programs\Opera\opera.exe
User: DESKTOP-FUN63VP\pc</Message><Level>Information</Level><Task>Process terminated (rule: ProcessTerminate)</Task><Opcode>Informations</Opcode><Channel></Channel><Provider></Provider><Keywords></Keywords></RenderingInfo></Event><Event xmlns='http://schemas.microsoft.com/win/2004/08/events/event'><System><Provider Name='Microsoft-Windows-Sysmon' Guid='{5770385F-C22A-43E0-BF4C-06F5698FFBD9}'/><EventID>5</EventID><Version>3</Version><Level>4</Level><Task>5</Task><Opcode>0</Opcode><Keywords>0x8000000000000000</Keywords><TimeCreated SystemTime='2025-12-15T13:25:37.782789800Z'/><EventRecordID>266</EventRecordID><Correlation/><Execution ProcessID='2620' ThreadID='8520'/><Channel>Microsoft-Windows-Sysmon/Operational</Channel><Computer>DESKTOP-FUN63VP</Computer><Security UserID='S-1-5-18'/></System><EventData><Data Name='RuleName'>-</Data><Data Name='UtcTime'>2025-12-15 13:25:37.781</Data><Data Name='ProcessGuid'>{BF59A455-09F9-6940-D402-000000009301}</Data><Data Name='ProcessId'>2600</Data><Data Name='Image'>C:\Windows\System32\svchost.exe</Data><Data Name='User'>AUTORITE NT\Système</Data></EventData><RenderingInfo Culture='fr-FR'><Message>Process terminated:
RuleName: -
UtcTime: 2025-12-15 13:25:37.781
ProcessGuid: {BF59A455-09F9-6940-D402-000000009301}
ProcessId: 2600
Image: C:\Windows\System32\svchost.exe
User: AUTORITE NT\Système</Message><Level>Information</Level><Task>Process terminated (rule: ProcessTerminate)</Task><Opcode>Informations</Opcode><Channel></Channel><Provider></Provider><Keywords></Keywords></RenderingInfo></Event><Event xmlns='http://schemas.microsoft.com/win/2004/08/events/event'><System><Provider Name='Microsoft-Windows-Sysmon' Guid='{5770385F-C22A-43E0-BF4C-06F5698FFBD9}'/><EventID>5</EventID><Version>3</Version><Level>4</Level><Task>5</Task><Opcode>0</Opcode><Keywords>0x8000000000000000</Keywords><TimeCreated SystemTime='2025-12-15T13:25:05.981101800Z'/><EventRecordID>265</EventRecordID><Correlation/><Execution ProcessID='2620' ThreadID='8520'/><Channel>Microsoft-Windows-Sysmon/Operational</Channel><Computer>DESKTOP-FUN63VP</Computer><Security UserID='S-1-5-18'/></System><EventData><Data Name='RuleName'>-</Data><Data Name='UtcTime'>2025-12-15 13:25:05.980</Data><Data Name='ProcessGuid'>{BF59A455-0C1A-6940-DF02-000000009301}</Data><Data Name='ProcessId'>156</Data><Data Name='Image'>C:\Windows\System32\rundll32.exe</Data><Data Name='User'>AUTORITE NT\Système</Data></EventData><RenderingInfo Culture='fr-FR'><Message>Process terminated:
RuleName: -
UtcTime: 2025-12-15 13:25:05.980
ProcessGuid: {BF59A455-0C1A-6940-DF02-000000009301}
ProcessId: 156
Image: C:\Windows\System32\rundll32.exe
User: AUTORITE NT\Système</Message><Level>Information</Level><Task>Process terminated (rule: ProcessTerminate)</Task><Opcode>Informations</Opcode><Channel></Channel><Provider></Provider><Keywords></Keywords></RenderingInfo></Event><Event xmlns='http://schemas.microsoft.com/win/2004/08/events/event'><System><Provider Name='Microsoft-Windows-Sysmon' Guid='{5770385F-C22A-43E0-BF4C-06F5698FFBD9}'/><EventID>5</EventID><Version>3</Version><Level>4</Level><Task>5</Task><Opcode>0</Opcode><Keywords>0x8000000000000000</Keywords><TimeCreated SystemTime='2025-12-15T13:24:42.191847100Z'/><EventRecordID>264</EventRecordID><Correlation/><Execution ProcessID='2620' ThreadID='8520'/><Channel>Microsoft-Windows-Sysmon/Operational</Channel><Computer>DESKTOP-FUN63VP</Computer><Security UserID='S-1-5-18'/></System><EventData><Data Name='RuleName'>-</Data><Data Name='UtcTime'>2025-12-15 13:24:42.191</Data><Data Name='ProcessGuid'>{BF59A455-0BFB-6940-DE02-000000009301}</Data><Data Name='ProcessId'>3920</Data><Data Name='Image'>C:\Users\pc\AppData\Local\Programs\Opera\opera.exe</Data><Data Name='User'>DESKTOP-FUN63VP\pc</Data></EventData><RenderingInfo Culture='fr-FR'><Message>Process terminated:
RuleName: -
UtcTime: 2025-12-15 13:24:42.191
ProcessGuid: {BF59A455-0BFB-6940-DE02-000000009301}
ProcessId: 3920
Image: C:\Users\pc\AppData\Local\Programs\Opera\opera.exe
User: DESKTOP-FUN63VP\pc</Message><Level>Information</Level><Task>Process terminated (rule: ProcessTerminate)</Task><Opcode>Informations</Opcode><Channel></Channel><Provider></Provider><Keywords></Keywords></RenderingInfo></Event><Event xmlns='http://schemas.microsoft.com/win/2004/08/events/event'><System><Provider Name='Microsoft-Windows-Sysmon' Guid='{5770385F-C22A-43E0-BF4C-06F5698FFBD9}'/><EventID>5</EventID><Version>3</Version><Level>4</Level><Task>5</Task><Opcode>0</Opcode><Keywords>0x8000000000000000</Keywords><TimeCreated SystemTime='2025-12-15T13:23:42.190787000Z'/><EventRecordID>263</EventRecordID><Correlation/><Execution ProcessID='2620' ThreadID='8520'/><Channel>Microsoft-Windows-Sysmon/Operational</Channel><Computer>DESKTOP-FUN63VP</Computer><Security UserID='S-1-5-18'/></System><EventData><Data Name='RuleName'>-</Data><Data Name='UtcTime'>2025-12-15 13:23:42.189</Data><Data Name='ProcessGuid'>{BF59A455-0BBF-6940-DC02-000000009301}</Data><Data Name='ProcessId'>8452</Data><Data Name='Image'>C:\Users\pc\AppData\Local\Programs\Opera\opera.exe</Data><Data Name='User'>DESKTOP-FUN63VP\pc</Data></EventData><RenderingInfo Culture='fr-FR'><Message>Process terminated:
RuleName: -
UtcTime: 2025-12-15 13:23:42.189
ProcessGuid: {BF59A455-0BBF-6940-DC02-000000009301}
ProcessId: 8452
Image: C:\Users\pc\AppData\Local\Programs\Opera\opera.exe
User: DESKTOP-FUN63VP\pc</Message><Level>Information</Level><Task>Process terminated (rule: ProcessTerminate)</Task><Opcode>Informations</Opcode><Channel></Channel><Provider></Provider><Keywords></Keywords></RenderingInfo></Event><Event xmlns='http://schemas.microsoft.com/win/2004/08/events/event'><System><Provider Name='Microsoft-Windows-Sysmon' Guid='{5770385F-C22A-43E0-BF4C-06F5698FFBD9}'/><EventID>5</EventID><Version>3</Version><Level>4</Level><Task>5</Task><Opcode>0</Opcode><Keywords>0x8000000000000000</Keywords><TimeCreated SystemTime='2025-12-15T13:23:17.505098600Z'/><EventRecordID>262</EventRecordID><Correlation/><Execution ProcessID='2620' ThreadID='8520'/><Channel>Microsoft-Windows-Sysmon/Operational</Channel><Computer>DESKTOP-FUN63VP</Computer><Security UserID='S-1-5-18'/></System><EventData><Data Name='RuleName'>-</Data><Data Name='UtcTime'>2025-12-15 13:23:17.504</Data><Data Name='ProcessGuid'>{BF59A455-0BC5-6940-DD02-000000009301}</Data><Data Name='ProcessId'>2660</Data><Data Name='Image'>C:\Windows\System32\backgroundTaskHost.exe</Data><Data Name='User'>DESKTOP-FUN63VP\pc</Data></EventData><RenderingInfo Culture='fr-FR'><Message>Process terminated:
RuleName: -
UtcTime: 2025-12-15 13:23:17.504
ProcessGuid: {BF59A455-0BC5-6940-DD02-000000009301}
ProcessId: 2660
Image: C:\Windows\System32\backgroundTaskHost.exe
User: DESKTOP-FUN63VP\pc</Message><Level>Information</Level><Task>Process terminated (rule: ProcessTerminate)</Task><Opcode>Informations</Opcode><Channel></Channel><Provider></Provider><Keywords></Keywords></RenderingInfo></Event><Event xmlns='http://schemas.microsoft.com/win/2004/08/events/event'><System><Provider Name='Microsoft-Windows-Sysmon' Guid='{5770385F-C22A-43E0-BF4C-06F5698FFBD9}'/><EventID>5</EventID><Version>3</Version><Level>4</Level><Task>5</Task><Opcode>0</Opcode><Keywords>0x8000000000000000</Keywords><TimeCreated SystemTime='2025-12-15T13:22:42.186930900Z'/><EventRecordID>261</EventRecordID><Correlation/><Execution ProcessID='2620' ThreadID='8520'/><Channel>Microsoft-Windows-Sysmon/Operational</Channel><Computer>DESKTOP-FUN63VP</Computer><Security UserID='S-1-5-18'/></System><EventData><Data Name='RuleName'>-</Data><Data Name='UtcTime'>2025-12-15 13:22:42.186</Data><Data Name='ProcessGuid'>{BF59A455-0B83-6940-DB02-000000009301}</Data><Data Name='ProcessId'>5468</Data><Data Name='Image'>C:\Users\pc\AppData\Local\Programs\Opera\opera.exe</Data><Data Name='User'>DESKTOP-FUN63VP\pc</Data></EventData><RenderingInfo Culture='fr-FR'><Message>Process terminated:
RuleName: -
UtcTime: 2025-12-15 13:22:42.186
ProcessGuid: {BF59A455-0B83-6940-DB02-000000009301}
ProcessId: 5468
Image: C:\Users\pc\AppData\Local\Programs\Opera\opera.exe
User: DESKTOP-FUN63VP\pc</Message><Level>Information</Level><Task>Process terminated (rule: ProcessTerminate)</Task><Opcode>Informations</Opcode><Channel></Channel><Provider></Provider><Keywords></Keywords></RenderingInfo></Event><Event xmlns='http://schemas.microsoft.com/win/2004/08/events/event'><System><Provider Name='Microsoft-Windows-Sysmon' Guid='{5770385F-C22A-43E0-BF4C-06F5698FFBD9}'/><EventID>5</EventID><Version>3</Version><Level>4</Level><Task>5</Task><Opcode>0</Opcode><Keywords>0x8000000000000000</Keywords><TimeCreated SystemTime='2025-12-15T13:21:42.201929000Z'/><EventRecordID>260</EventRecordID><Correlation/><Execution ProcessID='2620' ThreadID='8520'/><Channel>Microsoft-Windows-Sysmon/Operational</Channel><Computer>DESKTOP-FUN63VP</Computer><Security UserID='S-1-5-18'/></System><EventData><Data Name='RuleName'>-</Data><Data Name='UtcTime'>2025-12-15 13:21:42.201</Data><Data Name='ProcessGuid'>{BF59A455-0B47-6940-DA02-000000009301}</Data><Data Name='ProcessId'>8012</Data><Data Name='Image'>C:\Users\pc\AppData\Local\Programs\Opera\opera.exe</Data><Data Name='User'>DESKTOP-FUN63VP\pc</Data></EventData><RenderingInfo Culture='fr-FR'><Message>Process terminated:
RuleName: -
UtcTime: 2025-12-15 13:21:42.201
ProcessGuid: {BF59A455-0B47-6940-DA02-000000009301}
ProcessId: 8012
Image: C:\Users\pc\AppData\Local\Programs\Opera\opera.exe
User: DESKTOP-FUN63VP\pc</Message><Level>Information</Level><Task>Process terminated (rule: ProcessTerminate)</Task><Opcode>Informations</Opcode><Channel></Channel><Provider></Provider><Keywords></Keywords></RenderingInfo></Event><Event xmlns='http://schemas.microsoft.com/win/2004/08/events/event'><System><Provider Name='Microsoft-Windows-Sysmon' Guid='{5770385F-C22A-43E0-BF4C-06F5698FFBD9}'/><EventID>5</EventID><Version>3</Version><Level>4</Level><Task>5</Task><Opcode>0</Opcode><Keywords>0x8000000000000000</Keywords><TimeCreated SystemTime='2025-12-15T13:20:42.225309600Z'/><EventRecordID>259</EventRecordID><Correlation/><Execution ProcessID='2620' ThreadID='8520'/><Channel>Microsoft-Windows-Sysmon/Operational</Channel><Computer>DESKTOP-FUN63VP</Computer><Security UserID='S-1-5-18'/></System><EventData><Data Name='RuleName'>-</Data><Data Name='UtcTime'>2025-12-15 13:20:42.225</Data><Data Name='ProcessGuid'>{BF59A455-0B0B-6940-D902-000000009301}</Data><Data Name='ProcessId'>3428</Data><Data Name='Image'>C:\Users\pc\AppData\Local\Programs\Opera\opera.exe</Data><Data Name='User'>DESKTOP-FUN63VP\pc</Data></EventData><RenderingInfo Culture='fr-FR'><Message>Process terminated:
RuleName: -
UtcTime: 2025-12-15 13:20:42.225
ProcessGuid: {BF59A455-0B0B-6940-D902-000000009301}
ProcessId: 3428
Image: C:\Users\pc\AppData\Local\Programs\Opera\opera.exe
User: DESKTOP-FUN63VP\pc</Message><Level>Information</Level><Task>Process terminated (rule: ProcessTerminate)</Task><Opcode>Informations</Opcode><Channel></Channel><Provider></Provider><Keywords></Keywords></RenderingInfo></Event><Event xmlns='http://schemas.microsoft.com/win/2004/08/events/event'><System><Provider Name='Microsoft-Windows-Sysmon' Guid='{5770385F-C22A-43E0-BF4C-06F5698FFBD9}'/><EventID>5</EventID><Version>3</Version><Level>4</Level><Task>5</Task><Opcode>0</Opcode><Keywords>0x8000000000000000</Keywords><TimeCreated SystemTime='2025-12-15T13:19:50.838021600Z'/><EventRecordID>258</EventRecordID><Correlation/><Execution ProcessID='2620' ThreadID='8520'/><Channel>Microsoft-Windows-Sysmon/Operational</Channel><Computer>DESKTOP-FUN63VP</Computer><Security UserID='S-1-5-18'/></System><EventData><Data Name='RuleName'>-</Data><Data Name='UtcTime'>2025-12-15 13:19:50.837</Data><Data Name='ProcessGuid'>{BF59A455-0AB1-6940-D802-000000009301}</Data><Data Name='ProcessId'>1100</Data><Data Name='Image'>C:\Users\pc\AppData\Local\Programs\Opera\opera.exe</Data><Data Name='User'>DESKTOP-FUN63VP\pc</Data></EventData><RenderingInfo Culture='fr-FR'><Message>Process terminated:
RuleName: -
UtcTime: 2025-12-15 13:19:50.837
ProcessGuid: {BF59A455-0AB1-6940-D802-000000009301}
ProcessId: 1100
Image: C:\Users\pc\AppData\Local\Programs\Opera\opera.exe
User: DESKTOP-FUN63VP\pc</Message><Level>Information</Level><Task>Process terminated (rule: ProcessTerminate)</Task><Opcode>Informations</Opcode><Channel></Channel><Provider></Provider><Keywords></Keywords></RenderingInfo></Event><Event xmlns='http://schemas.microsoft.com/win/2004/08/events/event'><System><Provider Name='Microsoft-Windows-Sysmon' Guid='{5770385F-C22A-43E0-BF4C-06F5698FFBD9}'/><EventID>5</EventID><Version>3</Version><Level>4</Level><Task>5</Task><Opcode>0</Opcode><Keywords>0x8000000000000000</Keywords><TimeCreated SystemTime='2025-12-15T13:18:10.872473600Z'/><EventRecordID>257</EventRecordID><Correlation/><Execution ProcessID='2620' ThreadID='8520'/><Channel>Microsoft-Windows-Sysmon/Operational</Channel><Computer>DESKTOP-FUN63VP</Computer><Security UserID='S-1-5-18'/></System><EventData><Data Name='RuleName'>-</Data><Data Name='UtcTime'>2025-12-15 13:18:10.871</Data><Data Name='ProcessGuid'>{BF59A455-0A71-6940-D702-000000009301}</Data><Data Name='ProcessId'>1872</Data><Data Name='Image'>C:\Windows\System32\backgroundTaskHost.exe</Data><Data Name='User'>DESKTOP-FUN63VP\pc</Data></EventData><RenderingInfo Culture='fr-FR'><Message>Process terminated:
RuleName: -
UtcTime: 2025-12-15 13:18:10.871
ProcessGuid: {BF59A455-0A71-6940-D702-000000009301}
ProcessId: 1872
Image: C:\Windows\System32\backgroundTaskHost.exe
User: DESKTOP-FUN63VP\pc</Message><Level>Information</Level><Task>Process terminated (rule: ProcessTerminate)</Task><Opcode>Informations</Opcode><Channel></Channel><Provider></Provider><Keywords></Keywords></RenderingInfo></Event><Event xmlns='http://schemas.microsoft.com/win/2004/08/events/event'><System><Provider Name='Microsoft-Windows-Sysmon' Guid='{5770385F-C22A-43E0-BF4C-06F5698FFBD9}'/><EventID>5</EventID><Version>3</Version><Level>4</Level><Task>5</Task><Opcode>0</Opcode><Keywords>0x8000000000000000</Keywords><TimeCreated SystemTime='2025-12-15T13:17:42.533468800Z'/><EventRecordID>256</EventRecordID><Correlation/><Execution ProcessID='2620' ThreadID='8520'/><Channel>Microsoft-Windows-Sysmon/Operational</Channel><Computer>DESKTOP-FUN63VP</Computer><Security UserID='S-1-5-18'/></System><EventData><Data Name='RuleName'>-</Data><Data Name='UtcTime'>2025-12-15 13:17:42.533</Data><Data Name='ProcessGuid'>{BF59A455-0A57-6940-D602-000000009301}</Data><Data Name='ProcessId'>7912</Data><Data Name='Image'>C:\Users\pc\AppData\Local\Programs\Opera\opera.exe</Data><Data Name='User'>DESKTOP-FUN63VP\pc</Data></EventData><RenderingInfo Culture='fr-FR'><Message>Process terminated:
RuleName: -
UtcTime: 2025-12-15 13:17:42.533
ProcessGuid: {BF59A455-0A57-6940-D602-000000009301}
ProcessId: 7912
Image: C:\Users\pc\AppData\Local\Programs\Opera\opera.exe
User: DESKTOP-FUN63VP\pc</Message><Level>Information</Level><Task>Process terminated (rule: ProcessTerminate)</Task><Opcode>Informations</Opcode><Channel></Channel><Provider></Provider><Keywords></Keywords></RenderingInfo></Event><Event xmlns='http://schemas.microsoft.com/win/2004/08/events/event'><System><Provider Name='Microsoft-Windows-Sysmon' Guid='{5770385F-C22A-43E0-BF4C-06F5698FFBD9}'/><EventID>5</EventID><Version>3</Version><Level>4</Level><Task>5</Task><Opcode>0</Opcode><Keywords>0x8000000000000000</Keywords><TimeCreated SystemTime='2025-12-15T13:17:23.746432500Z'/><EventRecordID>255</EventRecordID><Correlation/><Execution ProcessID='2620' ThreadID='8520'/><Channel>Microsoft-Windows-Sysmon/Operational</Channel><Computer>DESKTOP-FUN63VP</Computer><Security UserID='S-1-5-18'/></System><EventData><Data Name='RuleName'>-</Data><Data Name='UtcTime'>2025-12-15 13:17:23.744</Data><Data Name='ProcessGuid'>{BF59A455-08DD-6940-CE02-000000009301}</Data><Data Name='ProcessId'>4112</Data><Data Name='Image'>C:\Windows\System32\svchost.exe</Data><Data Name='User'>AUTORITE NT\Système</Data></EventData><RenderingInfo Culture='fr-FR'><Message>Process terminated:
RuleName: -
UtcTime: 2025-12-15 13:17:23.744
ProcessGuid: {BF59A455-08DD-6940-CE02-000000009301}
ProcessId: 4112
Image: C:\Windows\System32\svchost.exe
User: AUTORITE NT\Système</Message><Level>Information</Level><Task>Process terminated (rule: ProcessTerminate)</Task><Opcode>Informations</Opcode><Channel></Channel><Provider></Provider><Keywords></Keywords></RenderingInfo></Event><Event xmlns='http://schemas.microsoft.com/win/2004/08/events/event'><System><Provider Name='Microsoft-Windows-Sysmon' Guid='{5770385F-C22A-43E0-BF4C-06F5698FFBD9}'/><EventID>5</EventID><Version>3</Version><Level>4</Level><Task>5</Task><Opcode>0</Opcode><Keywords>0x8000000000000000</Keywords><TimeCreated SystemTime='2025-12-15T13:16:41.890838000Z'/><EventRecordID>254</EventRecordID><Correlation/><Execution ProcessID='2620' ThreadID='8520'/><Channel>Microsoft-Windows-Sysmon/Operational</Channel><Computer>DESKTOP-FUN63VP</Computer><Security UserID='S-1-5-18'/></System><EventData><Data Name='RuleName'>-</Data><Data Name='UtcTime'>2025-12-15 13:16:41.889</Data><Data Name='ProcessGuid'>{BF59A455-09FD-6940-D502-000000009301}</Data><Data Name='ProcessId'>6232</Data><Data Name='Image'>C:\Users\pc\AppData\Local\Programs\Opera\opera.exe</Data><Data Name='User'>DESKTOP-FUN63VP\pc</Data></EventData><RenderingInfo Culture='fr-FR'><Message>Process terminated:
RuleName: -
UtcTime: 2025-12-15 13:16:41.889
ProcessGuid: {BF59A455-09FD-6940-D502-000000009301}
ProcessId: 6232
Image: C:\Users\pc\AppData\Local\Programs\Opera\opera.exe
User: DESKTOP-FUN63VP\pc</Message><Level>Information</Level><Task>Process terminated (rule: ProcessTerminate)</Task><Opcode>Informations</Opcode><Channel></Channel><Provider></Provider><Keywords></Keywords></RenderingInfo></Event><Event xmlns='http://schemas.microsoft.com/win/2004/08/events/event'><System><Provider Name='Microsoft-Windows-Sysmon' Guid='{5770385F-C22A-43E0-BF4C-06F5698FFBD9}'/><EventID>5</EventID><Version>3</Version><Level>4</Level><Task>5</Task><Opcode>0</Opcode><Keywords>0x8000000000000000</Keywords><TimeCreated SystemTime='2025-12-15T13:15:12.410123000Z'/><EventRecordID>253</EventRecordID><Correlation/><Execution ProcessID='2620' ThreadID='8520'/><Channel>Microsoft-Windows-Sysmon/Operational</Channel><Computer>DESKTOP-FUN63VP</Computer><Security UserID='S-1-5-18'/></System><EventData><Data Name='RuleName'>-</Data><Data Name='UtcTime'>2025-12-15 13:15:12.409</Data><Data Name='ProcessGuid'>{BF59A455-09A4-6940-D302-000000009301}</Data><Data Name='ProcessId'>9900</Data><Data Name='Image'>C:\Users\pc\AppData\Local\Programs\Opera\opera.exe</Data><Data Name='User'>DESKTOP-FUN63VP\pc</Data></EventData><RenderingInfo Culture='fr-FR'><Message>Process terminated:
RuleName: -
UtcTime: 2025-12-15 13:15:12.409
ProcessGuid: {BF59A455-09A4-6940-D302-000000009301}
ProcessId: 9900
Image: C:\Users\pc\AppData\Local\Programs\Opera\opera.exe
User: DESKTOP-FUN63VP\pc</Message><Level>Information</Level><Task>Process terminated (rule: ProcessTerminate)</Task><Opcode>Informations</Opcode><Channel></Channel><Provider></Provider><Keywords></Keywords></RenderingInfo></Event><Event xmlns='http://schemas.microsoft.com/win/2004/08/events/event'><System><Provider Name='Microsoft-Windows-Sysmon' Guid='{5770385F-C22A-43E0-BF4C-06F5698FFBD9}'/><EventID>5</EventID><Version>3</Version><Level>4</Level><Task>5</Task><Opcode>0</Opcode><Keywords>0x8000000000000000</Keywords><TimeCreated SystemTime='2025-12-15T13:13:42.401302800Z'/><EventRecordID>252</EventRecordID><Correlation/><Execution ProcessID='2620' ThreadID='8520'/><Channel>Microsoft-Windows-Sysmon/Operational</Channel><Computer>DESKTOP-FUN63VP</Computer><Security UserID='S-1-5-18'/></System><EventData><Data Name='RuleName'>-</Data><Data Name='UtcTime'>2025-12-15 13:13:42.400</Data><Data Name='ProcessGuid'>{BF59A455-0967-6940-D202-000000009301}</Data><Data Name='ProcessId'>1332</Data><Data Name='Image'>C:\Users\pc\AppData\Local\Programs\Opera\opera.exe</Data><Data Name='User'>DESKTOP-FUN63VP\pc</Data></EventData><RenderingInfo Culture='fr-FR'><Message>Process terminated:
RuleName: -
UtcTime: 2025-12-15 13:13:42.400
ProcessGuid: {BF59A455-0967-6940-D202-000000009301}
ProcessId: 1332
Image: C:\Users\pc\AppData\Local\Programs\Opera\opera.exe
User: DESKTOP-FUN63VP\pc</Message><Level>Information</Level><Task>Process terminated (rule: ProcessTerminate)</Task><Opcode>Informations</Opcode><Channel></Channel><Provider></Provider><Keywords></Keywords></RenderingInfo></Event><Event xmlns='http://schemas.microsoft.com/win/2004/08/events/event'><System><Provider Name='Microsoft-Windows-Sysmon' Guid='{5770385F-C22A-43E0-BF4C-06F5698FFBD9}'/><EventID>5</EventID><Version>3</Version><Level>4</Level><Task>5</Task><Opcode>0</Opcode><Keywords>0x8000000000000000</Keywords><TimeCreated SystemTime='2025-12-15T13:12:52.489109900Z'/><EventRecordID>251</EventRecordID><Correlation/><Execution ProcessID='2620' ThreadID='8520'/><Channel>Microsoft-Windows-Sysmon/Operational</Channel><Computer>DESKTOP-FUN63VP</Computer><Security UserID='S-1-5-18'/></System><EventData><Data Name='RuleName'>-</Data><Data Name='UtcTime'>2025-12-15 13:12:52.488</Data><Data Name='ProcessGuid'>{BF59A455-092C-6940-D102-000000009301}</Data><Data Name='ProcessId'>3236</Data><Data Name='Image'>C:\Users\pc\AppData\Local\Programs\Opera\opera.exe</Data><Data Name='User'>DESKTOP-FUN63VP\pc</Data></EventData><RenderingInfo Culture='fr-FR'><Message>Process terminated:
RuleName: -
UtcTime: 2025-12-15 13:12:52.488
ProcessGuid: {BF59A455-092C-6940-D102-000000009301}
ProcessId: 3236
Image: C:\Users\pc\AppData\Local\Programs\Opera\opera.exe
User: DESKTOP-FUN63VP\pc</Message><Level>Information</Level><Task>Process terminated (rule: ProcessTerminate)</Task><Opcode>Informations</Opcode><Channel></Channel><Provider></Provider><Keywords></Keywords></RenderingInfo></Event><Event xmlns='http://schemas.microsoft.com/win/2004/08/events/event'><System><Provider Name='Microsoft-Windows-Sysmon' Guid='{5770385F-C22A-43E0-BF4C-06F5698FFBD9}'/><EventID>5</EventID><Version>3</Version><Level>4</Level><Task>5</Task><Opcode>0</Opcode><Keywords>0x8000000000000000</Keywords><TimeCreated SystemTime='2025-12-15T13:12:11.348066500Z'/><EventRecordID>250</EventRecordID><Correlation/><Execution ProcessID='2620' ThreadID='8520'/><Channel>Microsoft-Windows-Sysmon/Operational</Channel><Computer>DESKTOP-FUN63VP</Computer><Security UserID='S-1-5-18'/></System><EventData><Data Name='RuleName'>-</Data><Data Name='UtcTime'>2025-12-15 13:12:11.347</Data><Data Name='ProcessGuid'>{BF59A455-090C-6940-D002-000000009301}</Data><Data Name='ProcessId'>6604</Data><Data Name='Image'>C:\Windows\System32\backgroundTaskHost.exe</Data><Data Name='User'>DESKTOP-FUN63VP\pc</Data></EventData><RenderingInfo Culture='fr-FR'><Message>Process terminated:
RuleName: -
UtcTime: 2025-12-15 13:12:11.347
ProcessGuid: {BF59A455-090C-6940-D002-000000009301}
ProcessId: 6604
Image: C:\Windows\System32\backgroundTaskHost.exe
User: DESKTOP-FUN63VP\pc</Message><Level>Information</Level><Task>Process terminated (rule: ProcessTerminate)</Task><Opcode>Informations</Opcode><Channel></Channel><Provider></Provider><Keywords></Keywords></RenderingInfo></Event><Event xmlns='http://schemas.microsoft.com/win/2004/08/events/event'><System><Provider Name='Microsoft-Windows-Sysmon' Guid='{5770385F-C22A-43E0-BF4C-06F5698FFBD9}'/><EventID>5</EventID><Version>3</Version><Level>4</Level><Task>5</Task><Opcode>0</Opcode><Keywords>0x8000000000000000</Keywords><TimeCreated SystemTime='2025-12-15T13:12:00.165598800Z'/><EventRecordID>249</EventRecordID><Correlation/><Execution ProcessID='2620' ThreadID='8520'/><Channel>Microsoft-Windows-Sysmon/Operational</Channel><Computer>DESKTOP-FUN63VP</Computer><Security UserID='S-1-5-18'/></System><EventData><Data Name='RuleName'>-</Data><Data Name='UtcTime'>2025-12-15 13:12:00.164</Data><Data Name='ProcessGuid'>{BF59A455-08F0-6940-CF02-000000009301}</Data><Data Name='ProcessId'>10124</Data><Data Name='Image'>C:\Users\pc\AppData\Local\Programs\Opera\opera.exe</Data><Data Name='User'>DESKTOP-FUN63VP\pc</Data></EventData><RenderingInfo Culture='fr-FR'><Message>Process terminated:
RuleName: -
UtcTime: 2025-12-15 13:12:00.164
ProcessGuid: {BF59A455-08F0-6940-CF02-000000009301}
ProcessId: 10124
Image: C:\Users\pc\AppData\Local\Programs\Opera\opera.exe
User: DESKTOP-FUN63VP\pc</Message><Level>Information</Level><Task>Process terminated (rule: ProcessTerminate)</Task><Opcode>Informations</Opcode><Channel></Channel><Provider></Provider><Keywords></Keywords></RenderingInfo></Event><Event xmlns='http://schemas.microsoft.com/win/2004/08/events/event'><System><Provider Name='Microsoft-Windows-Sysmon' Guid='{5770385F-C22A-43E0-BF4C-06F5698FFBD9}'/><EventID>5</EventID><Version>3</Version><Level>4</Level><Task>5</Task><Opcode>0</Opcode><Keywords>0x8000000000000000</Keywords><TimeCreated SystemTime='2025-12-15T13:11:42.381546100Z'/><EventRecordID>248</EventRecordID><Correlation/><Execution ProcessID='2620' ThreadID='8520'/><Channel>Microsoft-Windows-Sysmon/Operational</Channel><Computer>DESKTOP-FUN63VP</Computer><Security UserID='S-1-5-18'/></System><EventData><Data Name='RuleName'>-</Data><Data Name='UtcTime'>2025-12-15 13:11:42.380</Data><Data Name='ProcessGuid'>{BF59A455-07E2-6940-CA02-000000009301}</Data><Data Name='ProcessId'>5788</Data><Data Name='Image'>C:\Windows\System32\svchost.exe</Data><Data Name='User'>AUTORITE NT\Système</Data></EventData><RenderingInfo Culture='fr-FR'><Message>Process terminated:
RuleName: -
UtcTime: 2025-12-15 13:11:42.380
ProcessGuid: {BF59A455-07E2-6940-CA02-000000009301}
ProcessId: 5788
Image: C:\Windows\System32\svchost.exe
User: AUTORITE NT\Système</Message><Level>Information</Level><Task>Process terminated (rule: ProcessTerminate)</Task><Opcode>Informations</Opcode><Channel></Channel><Provider></Provider><Keywords></Keywords></RenderingInfo></Event><Event xmlns='http://schemas.microsoft.com/win/2004/08/events/event'><System><Provider Name='Microsoft-Windows-Sysmon' Guid='{5770385F-C22A-43E0-BF4C-06F5698FFBD9}'/><EventID>5</EventID><Version>3</Version><Level>4</Level><Task>5</Task><Opcode>0</Opcode><Keywords>0x8000000000000000</Keywords><TimeCreated SystemTime='2025-12-15T13:10:42.366192900Z'/><EventRecordID>247</EventRecordID><Correlation/><Execution ProcessID='2620' ThreadID='8520'/><Channel>Microsoft-Windows-Sysmon/Operational</Channel><Computer>DESKTOP-FUN63VP</Computer><Security UserID='S-1-5-18'/></System><EventData><Data Name='RuleName'>-</Data><Data Name='UtcTime'>2025-12-15 13:10:42.365</Data><Data Name='ProcessGuid'>{BF59A455-08B3-6940-CD02-000000009301}</Data><Data Name='ProcessId'>9768</Data><Data Name='Image'>C:\Users\pc\AppData\Local\Programs\Opera\opera.exe</Data><Data Name='User'>DESKTOP-FUN63VP\pc</Data></EventData><RenderingInfo Culture='fr-FR'><Message>Process terminated:
RuleName: -
UtcTime: 2025-12-15 13:10:42.365
ProcessGuid: {BF59A455-08B3-6940-CD02-000000009301}
ProcessId: 9768
Image: C:\Users\pc\AppData\Local\Programs\Opera\opera.exe
User: DESKTOP-FUN63VP\pc</Message><Level>Information</Level><Task>Process terminated (rule: ProcessTerminate)</Task><Opcode>Informations</Opcode><Channel></Channel><Provider></Provider><Keywords></Keywords></RenderingInfo></Event><Event xmlns='http://schemas.microsoft.com/win/2004/08/events/event'><System><Provider Name='Microsoft-Windows-Sysmon' Guid='{5770385F-C22A-43E0-BF4C-06F5698FFBD9}'/><EventID>5</EventID><Version>3</Version><Level>4</Level><Task>5</Task><Opcode>0</Opcode><Keywords>0x8000000000000000</Keywords><TimeCreated SystemTime='2025-12-15T13:10:37.865545700Z'/><EventRecordID>246</EventRecordID><Correlation/><Execution ProcessID='2620' ThreadID='8520'/><Channel>Microsoft-Windows-Sysmon/Operational</Channel><Computer>DESKTOP-FUN63VP</Computer><Security UserID='S-1-5-18'/></System><EventData><Data Name='RuleName'>-</Data><Data Name='UtcTime'>2025-12-15 13:10:37.863</Data><Data Name='ProcessGuid'>{BF59A455-0675-6940-BD02-000000009301}</Data><Data Name='ProcessId'>8452</Data><Data Name='Image'>C:\Windows\System32\svchost.exe</Data><Data Name='User'>AUTORITE NT\Système</Data></EventData><RenderingInfo Culture='fr-FR'><Message>Process terminated:
RuleName: -
UtcTime: 2025-12-15 13:10:37.863
ProcessGuid: {BF59A455-0675-6940-BD02-000000009301}
ProcessId: 8452
Image: C:\Windows\System32\svchost.exe
User: AUTORITE NT\Système</Message><Level>Information</Level><Task>Process terminated (rule: ProcessTerminate)</Task><Opcode>Informations</Opcode><Channel></Channel><Provider></Provider><Keywords></Keywords></RenderingInfo></Event><Event xmlns='http://schemas.microsoft.com/win/2004/08/events/event'><System><Provider Name='Microsoft-Windows-Sysmon' Guid='{5770385F-C22A-43E0-BF4C-06F5698FFBD9}'/><EventID>5</EventID><Version>3</Version><Level>4</Level><Task>5</Task><Opcode>0</Opcode><Keywords>0x8000000000000000</Keywords><TimeCreated SystemTime='2025-12-15T13:09:41.894751900Z'/><EventRecordID>245</EventRecordID><Correlation/><Execution ProcessID='2620' ThreadID='8520'/><Channel>Microsoft-Windows-Sysmon/Operational</Channel><Computer>DESKTOP-FUN63VP</Computer><Security UserID='S-1-5-18'/></System><EventData><Data Name='RuleName'>-</Data><Data Name='UtcTime'>2025-12-15 13:09:41.893</Data><Data Name='ProcessGuid'>{BF59A455-0859-6940-CC02-000000009301}</Data><Data Name='ProcessId'>3548</Data><Data Name='Image'>C:\Users\pc\AppData\Local\Programs\Opera\opera.exe</Data><Data Name='User'>DESKTOP-FUN63VP\pc</Data></EventData><RenderingInfo Culture='fr-FR'><Message>Process terminated:
RuleName: -
UtcTime: 2025-12-15 13:09:41.893
ProcessGuid: {BF59A455-0859-6940-CC02-000000009301}
ProcessId: 3548
Image: C:\Users\pc\AppData\Local\Programs\Opera\opera.exe
User: DESKTOP-FUN63VP\pc</Message><Level>Information</Level><Task>Process terminated (rule: ProcessTerminate)</Task><Opcode>Informations</Opcode><Channel></Channel><Provider></Provider><Keywords></Keywords></RenderingInfo></Event><Event xmlns='http://schemas.microsoft.com/win/2004/08/events/event'><System><Provider Name='Microsoft-Windows-Sysmon' Guid='{5770385F-C22A-43E0-BF4C-06F5698FFBD9}'/><EventID>5</EventID><Version>3</Version><Level>4</Level><Task>5</Task><Opcode>0</Opcode><Keywords>0x8000000000000000</Keywords><TimeCreated SystemTime='2025-12-15T13:07:42.224045900Z'/><EventRecordID>244</EventRecordID><Correlation/><Execution ProcessID='2620' ThreadID='8520'/><Channel>Microsoft-Windows-Sysmon/Operational</Channel><Computer>DESKTOP-FUN63VP</Computer><Security UserID='S-1-5-18'/></System><EventData><Data Name='RuleName'>-</Data><Data Name='UtcTime'>2025-12-15 13:07:42.223</Data><Data Name='ProcessGuid'>{BF59A455-07FF-6940-CB02-000000009301}</Data><Data Name='ProcessId'>8532</Data><Data Name='Image'>C:\Users\pc\AppData\Local\Programs\Opera\opera.exe</Data><Data Name='User'>DESKTOP-FUN63VP\pc</Data></EventData><RenderingInfo Culture='fr-FR'><Message>Process terminated:
RuleName: -
UtcTime: 2025-12-15 13:07:42.223
ProcessGuid: {BF59A455-07FF-6940-CB02-000000009301}
ProcessId: 8532
Image: C:\Users\pc\AppData\Local\Programs\Opera\opera.exe
User: DESKTOP-FUN63VP\pc</Message><Level>Information</Level><Task>Process terminated (rule: ProcessTerminate)</Task><Opcode>Informations</Opcode><Channel></Channel><Provider></Provider><Keywords></Keywords></RenderingInfo></Event><Event xmlns='http://schemas.microsoft.com/win/2004/08/events/event'><System><Provider Name='Microsoft-Windows-Sysmon' Guid='{5770385F-C22A-43E0-BF4C-06F5698FFBD9}'/><EventID>5</EventID><Version>3</Version><Level>4</Level><Task>5</Task><Opcode>0</Opcode><Keywords>0x8000000000000000</Keywords><TimeCreated SystemTime='2025-12-15T13:07:02.277837500Z'/><EventRecordID>243</EventRecordID><Correlation/><Execution ProcessID='2620' ThreadID='8520'/><Channel>Microsoft-Windows-Sysmon/Operational</Channel><Computer>DESKTOP-FUN63VP</Computer><Security UserID='S-1-5-18'/></System><EventData><Data Name='RuleName'>-</Data><Data Name='UtcTime'>2025-12-15 13:07:02.276</Data><Data Name='ProcessGuid'>{BF59A455-0512-6940-A602-000000009301}</Data><Data Name='ProcessId'>2320</Data><Data Name='Image'>C:\Windows\System32\provtool.exe</Data><Data Name='User'>AUTORITE NT\Système</Data></EventData><RenderingInfo Culture='fr-FR'><Message>Process terminated:
RuleName: -
UtcTime: 2025-12-15 13:07:02.276
ProcessGuid: {BF59A455-0512-6940-A602-000000009301}
ProcessId: 2320
Image: C:\Windows\System32\provtool.exe
User: AUTORITE NT\Système</Message><Level>Information</Level><Task>Process terminated (rule: ProcessTerminate)</Task><Opcode>Informations</Opcode><Channel></Channel><Provider></Provider><Keywords></Keywords></RenderingInfo></Event><Event xmlns='http://schemas.microsoft.com/win/2004/08/events/event'><System><Provider Name='Microsoft-Windows-Sysmon' Guid='{5770385F-C22A-43E0-BF4C-06F5698FFBD9}'/><EventID>5</EventID><Version>3</Version><Level>4</Level><Task>5</Task><Opcode>0</Opcode><Keywords>0x8000000000000000</Keywords><TimeCreated SystemTime='2025-12-15T13:06:42.208780900Z'/><EventRecordID>242</EventRecordID><Correlation/><Execution ProcessID='2620' ThreadID='8520'/><Channel>Microsoft-Windows-Sysmon/Operational</Channel><Computer>DESKTOP-FUN63VP</Computer><Security UserID='S-1-5-18'/></System><EventData><Data Name='RuleName'>-</Data><Data Name='UtcTime'>2025-12-15 13:06:42.207</Data><Data Name='ProcessGuid'>{BF59A455-07C3-6940-C902-000000009301}</Data><Data Name='ProcessId'>1908</Data><Data Name='Image'>C:\Users\pc\AppData\Local\Programs\Opera\opera.exe</Data><Data Name='User'>DESKTOP-FUN63VP\pc</Data></EventData><RenderingInfo Culture='fr-FR'><Message>Process terminated:
RuleName: -
UtcTime: 2025-12-15 13:06:42.207
ProcessGuid: {BF59A455-07C3-6940-C902-000000009301}
ProcessId: 1908
Image: C:\Users\pc\AppData\Local\Programs\Opera\opera.exe
User: DESKTOP-FUN63VP\pc</Message><Level>Information</Level><Task>Process terminated (rule: ProcessTerminate)</Task><Opcode>Informations</Opcode><Channel></Channel><Provider></Provider><Keywords></Keywords></RenderingInfo></Event><Event xmlns='http://schemas.microsoft.com/win/2004/08/events/event'><System><Provider Name='Microsoft-Windows-Sysmon' Guid='{5770385F-C22A-43E0-BF4C-06F5698FFBD9}'/><EventID>5</EventID><Version>3</Version><Level>4</Level><Task>5</Task><Opcode>0</Opcode><Keywords>0x8000000000000000</Keywords><TimeCreated SystemTime='2025-12-15T13:06:06.978976700Z'/><EventRecordID>241</EventRecordID><Correlation/><Execution ProcessID='2620' ThreadID='8520'/><Channel>Microsoft-Windows-Sysmon/Operational</Channel><Computer>DESKTOP-FUN63VP</Computer><Security UserID='S-1-5-18'/></System><EventData><Data Name='RuleName'>-</Data><Data Name='UtcTime'>2025-12-15 13:06:06.978</Data><Data Name='ProcessGuid'>{BF59A455-07B9-6940-C802-000000009301}</Data><Data Name='ProcessId'>9316</Data><Data Name='Image'>C:\Windows\System32\backgroundTaskHost.exe</Data><Data Name='User'>DESKTOP-FUN63VP\pc</Data></EventData><RenderingInfo Culture='fr-FR'><Message>Process terminated:
RuleName: -
UtcTime: 2025-12-15 13:06:06.978
ProcessGuid: {BF59A455-07B9-6940-C802-000000009301}
ProcessId: 9316
Image: C:\Windows\System32\backgroundTaskHost.exe
User: DESKTOP-FUN63VP\pc</Message><Level>Information</Level><Task>Process terminated (rule: ProcessTerminate)</Task><Opcode>Informations</Opcode><Channel></Channel><Provider></Provider><Keywords></Keywords></RenderingInfo></Event><Event xmlns='http://schemas.microsoft.com/win/2004/08/events/event'><System><Provider Name='Microsoft-Windows-Sysmon' Guid='{5770385F-C22A-43E0-BF4C-06F5698FFBD9}'/><EventID>5</EventID><Version>3</Version><Level>4</Level><Task>5</Task><Opcode>0</Opcode><Keywords>0x8000000000000000</Keywords><TimeCreated SystemTime='2025-12-15T13:05:47.333090300Z'/><EventRecordID>240</EventRecordID><Correlation/><Execution ProcessID='2620' ThreadID='8520'/><Channel>Microsoft-Windows-Sysmon/Operational</Channel><Computer>DESKTOP-FUN63VP</Computer><Security UserID='S-1-5-18'/></System><EventData><Data Name='RuleName'>-</Data><Data Name='UtcTime'>2025-12-15 13:05:47.332</Data><Data Name='ProcessGuid'>{BF59A455-067C-6940-C002-000000009301}</Data><Data Name='ProcessId'>4900</Data><Data Name='Image'>C:\Windows\System32\svchost.exe</Data><Data Name='User'>AUTORITE NT\Système</Data></EventData><RenderingInfo Culture='fr-FR'><Message>Process terminated:
RuleName: -
UtcTime: 2025-12-15 13:05:47.332
ProcessGuid: {BF59A455-067C-6940-C002-000000009301}
ProcessId: 4900
Image: C:\Windows\System32\svchost.exe
User: AUTORITE NT\Système</Message><Level>Information</Level><Task>Process terminated (rule: ProcessTerminate)</Task><Opcode>Informations</Opcode><Channel></Channel><Provider></Provider><Keywords></Keywords></RenderingInfo></Event><Event xmlns='http://schemas.microsoft.com/win/2004/08/events/event'><System><Provider Name='Microsoft-Windows-Sysmon' Guid='{5770385F-C22A-43E0-BF4C-06F5698FFBD9}'/><EventID>5</EventID><Version>3</Version><Level>4</Level><Task>5</Task><Opcode>0</Opcode><Keywords>0x8000000000000000</Keywords><TimeCreated SystemTime='2025-12-15T13:05:42.187342400Z'/><EventRecordID>239</EventRecordID><Correlation/><Execution ProcessID='2620' ThreadID='8520'/><Channel>Microsoft-Windows-Sysmon/Operational</Channel><Computer>DESKTOP-FUN63VP</Computer><Security UserID='S-1-5-18'/></System><EventData><Data Name='RuleName'>-</Data><Data Name='UtcTime'>2025-12-15 13:05:42.186</Data><Data Name='ProcessGuid'>{BF59A455-0787-6940-C702-000000009301}</Data><Data Name='ProcessId'>9496</Data><Data Name='Image'>C:\Users\pc\AppData\Local\Programs\Opera\opera.exe</Data><Data Name='User'>DESKTOP-FUN63VP\pc</Data></EventData><RenderingInfo Culture='fr-FR'><Message>Process terminated:
RuleName: -
UtcTime: 2025-12-15 13:05:42.186
ProcessGuid: {BF59A455-0787-6940-C702-000000009301}
ProcessId: 9496
Image: C:\Users\pc\AppData\Local\Programs\Opera\opera.exe
User: DESKTOP-FUN63VP\pc</Message><Level>Information</Level><Task>Process terminated (rule: ProcessTerminate)</Task><Opcode>Informations</Opcode><Channel></Channel><Provider></Provider><Keywords></Keywords></RenderingInfo></Event><Event xmlns='http://schemas.microsoft.com/win/2004/08/events/event'><System><Provider Name='Microsoft-Windows-Sysmon' Guid='{5770385F-C22A-43E0-BF4C-06F5698FFBD9}'/><EventID>5</EventID><Version>3</Version><Level>4</Level><Task>5</Task><Opcode>0</Opcode><Keywords>0x8000000000000000</Keywords><TimeCreated SystemTime='2025-12-15T13:04:42.188967600Z'/><EventRecordID>238</EventRecordID><Correlation/><Execution ProcessID='2620' ThreadID='8520'/><Channel>Microsoft-Windows-Sysmon/Operational</Channel><Computer>DESKTOP-FUN63VP</Computer><Security UserID='S-1-5-18'/></System><EventData><Data Name='RuleName'>-</Data><Data Name='UtcTime'>2025-12-15 13:04:42.188</Data><Data Name='ProcessGuid'>{BF59A455-074B-6940-C602-000000009301}</Data><Data Name='ProcessId'>2268</Data><Data Name='Image'>C:\Users\pc\AppData\Local\Programs\Opera\opera.exe</Data><Data Name='User'>DESKTOP-FUN63VP\pc</Data></EventData><RenderingInfo Culture='fr-FR'><Message>Process terminated:
RuleName: -
UtcTime: 2025-12-15 13:04:42.188
ProcessGuid: {BF59A455-074B-6940-C602-000000009301}
ProcessId: 2268
Image: C:\Users\pc\AppData\Local\Programs\Opera\opera.exe
User: DESKTOP-FUN63VP\pc</Message><Level>Information</Level><Task>Process terminated (rule: ProcessTerminate)</Task><Opcode>Informations</Opcode><Channel></Channel><Provider></Provider><Keywords></Keywords></RenderingInfo></Event><Event xmlns='http://schemas.microsoft.com/win/2004/08/events/event'><System><Provider Name='Microsoft-Windows-Sysmon' Guid='{5770385F-C22A-43E0-BF4C-06F5698FFBD9}'/><EventID>5</EventID><Version>3</Version><Level>4</Level><Task>5</Task><Opcode>0</Opcode><Keywords>0x8000000000000000</Keywords><TimeCreated SystemTime='2025-12-15T13:04:19.845218700Z'/><EventRecordID>237</EventRecordID><Correlation/><Execution ProcessID='2620' ThreadID='8520'/><Channel>Microsoft-Windows-Sysmon/Operational</Channel><Computer>DESKTOP-FUN63VP</Computer><Security UserID='S-1-5-18'/></System><EventData><Data Name='RuleName'>-</Data><Data Name='UtcTime'>2025-12-15 13:04:19.843</Data><Data Name='ProcessGuid'>{BF59A455-06F9-6940-C502-000000009301}</Data><Data Name='ProcessId'>9072</Data><Data Name='Image'>C:\Windows\System32\wbem\WmiPrvSE.exe</Data><Data Name='User'>AUTORITE NT\SERVICE RÉSEAU</Data></EventData><RenderingInfo Culture='fr-FR'><Message>Process terminated:
RuleName: -
UtcTime: 2025-12-15 13:04:19.843
ProcessGuid: {BF59A455-06F9-6940-C502-000000009301}
ProcessId: 9072
Image: C:\Windows\System32\wbem\WmiPrvSE.exe
User: AUTORITE NT\SERVICE RÉSEAU</Message><Level>Information</Level><Task>Process terminated (rule: ProcessTerminate)</Task><Opcode>Informations</Opcode><Channel></Channel><Provider></Provider><Keywords></Keywords></RenderingInfo></Event><Event xmlns='http://schemas.microsoft.com/win/2004/08/events/event'><System><Provider Name='Microsoft-Windows-Sysmon' Guid='{5770385F-C22A-43E0-BF4C-06F5698FFBD9}'/><EventID>5</EventID><Version>3</Version><Level>4</Level><Task>5</Task><Opcode>0</Opcode><Keywords>0x8000000000000000</Keywords><TimeCreated SystemTime='2025-12-15T13:03:41.894132300Z'/><EventRecordID>236</EventRecordID><Correlation/><Execution ProcessID='2620' ThreadID='8520'/><Channel>Microsoft-Windows-Sysmon/Operational</Channel><Computer>DESKTOP-FUN63VP</Computer><Security UserID='S-1-5-18'/></System><EventData><Data Name='RuleName'>-</Data><Data Name='UtcTime'>2025-12-15 13:03:41.893</Data><Data Name='ProcessGuid'>{BF59A455-06F1-6940-C202-000000009301}</Data><Data Name='ProcessId'>9668</Data><Data Name='Image'>C:\Users\pc\AppData\Local\Programs\Opera\opera.exe</Data><Data Name='User'>DESKTOP-FUN63VP\pc</Data></EventData><RenderingInfo Culture='fr-FR'><Message>Process terminated:
RuleName: -
UtcTime: 2025-12-15 13:03:41.893
ProcessGuid: {BF59A455-06F1-6940-C202-000000009301}
ProcessId: 9668
Image: C:\Users\pc\AppData\Local\Programs\Opera\opera.exe
User: DESKTOP-FUN63VP\pc</Message><Level>Information</Level><Task>Process terminated (rule: ProcessTerminate)</Task><Opcode>Informations</Opcode><Channel></Channel><Provider></Provider><Keywords></Keywords></RenderingInfo></Event><Event xmlns='http://schemas.microsoft.com/win/2004/08/events/event'><System><Provider Name='Microsoft-Windows-Sysmon' Guid='{5770385F-C22A-43E0-BF4C-06F5698FFBD9}'/><EventID>5</EventID><Version>3</Version><Level>4</Level><Task>5</Task><Opcode>0</Opcode><Keywords>0x8000000000000000</Keywords><TimeCreated SystemTime='2025-12-15T13:03:14.630708500Z'/><EventRecordID>235</EventRecordID><Correlation/><Execution ProcessID='2620' ThreadID='8520'/><Channel>Microsoft-Windows-Sysmon/Operational</Channel><Computer>DESKTOP-FUN63VP</Computer><Security UserID='S-1-5-18'/></System><EventData><Data Name='RuleName'>-</Data><Data Name='UtcTime'>2025-12-15 13:03:14.629</Data><Data Name='ProcessGuid'>{BF59A455-06B5-6940-C102-000000009301}</Data><Data Name='ProcessId'>3008</Data><Data Name='Image'>C:\Program Files (x86)\Microsoft\EdgeUpdate\MicrosoftEdgeUpdate.exe</Data><Data Name='User'>AUTORITE NT\Système</Data></EventData><RenderingInfo Culture='fr-FR'><Message>Process terminated:
RuleName: -
UtcTime: 2025-12-15 13:03:14.629
ProcessGuid: {BF59A455-06B5-6940-C102-000000009301}
ProcessId: 3008
Image: C:\Program Files (x86)\Microsoft\EdgeUpdate\MicrosoftEdgeUpdate.exe
User: AUTORITE NT\Système</Message><Level>Information</Level><Task>Process terminated (rule: ProcessTerminate)</Task><Opcode>Informations</Opcode><Channel></Channel><Provider></Provider><Keywords></Keywords></RenderingInfo></Event>