<Event xmlns='http://schemas.microsoft.com/win/2004/08/events/event'><System><Provider Name='Microsoft-Windows-Sysmon' Guid='{5770385F-C22A-43E0-BF4C-06F5698FFBD9}'/><EventID>5</EventID><Version>3</Version><Level>4</Level><Task>5</Task><Opcode>0</Opcode><Keywords>0x8000000000000000</Keywords><TimeCreated SystemTime='2025-12-15T13:36:28.066242900Z'/><EventRecordID>378</EventRecordID><Correlation/><Execution ProcessID='2620' ThreadID='8520'/><Channel>Microsoft-Windows-Sysmon/Operational</Channel><Computer>DESKTOP-FUN63VP</Computer><Security UserID='S-1-5-18'/></System><EventData><Data Name='RuleName'>-</Data><Data Name='UtcTime'>2025-12-15 13:36:28.056</Data><Data Name='ProcessGuid'>{BF59A455-0EDB-6940-6103-000000009301}</Data><Data Name='ProcessId'>9284</Data><Data Name='Image'>C:\Windows\Microsoft.NET\Framework64\v4.0.30319\ngen.exe</Data><Data Name='User'>AUTORITE NT\Système</Data></EventData><RenderingInfo Culture='fr-FR'><Message>Process terminated:
RuleName: -
UtcTime: 2025-12-15 13:36:28.056
ProcessGuid: {BF59A455-0EDB-6940-6103-000000009301}
ProcessId: 9284
Image: C:\Windows\Microsoft.NET\Framework64\v4.0.30319\ngen.exe
User: AUTORITE NT\Système</Message><Level>Information</Level><Task>Process terminated (rule: ProcessTerminate)</Task><Opcode>Informations</Opcode><Channel></Channel><Provider></Provider><Keywords></Keywords></RenderingInfo></Event><Event xmlns='http://schemas.microsoft.com/win/2004/08/events/event'><System><Provider Name='Microsoft-Windows-Sysmon' Guid='{5770385F-C22A-43E0-BF4C-06F5698FFBD9}'/><EventID>5</EventID><Version>3</Version><Level>4</Level><Task>5</Task><Opcode>0</Opcode><Keywords>0x8000000000000000</Keywords><TimeCreated SystemTime='2025-12-15T13:36:27.938422700Z'/><EventRecordID>377</EventRecordID><Correlation/><Execution ProcessID='2620' ThreadID='8520'/><Channel>Microsoft-Windows-Sysmon/Operational</Channel><Computer>DESKTOP-FUN63VP</Computer><Security UserID='S-1-5-18'/></System><EventData><Data Name='RuleName'>-</Data><Data Name='UtcTime'>2025-12-15 13:36:27.937</Data><Data Name='ProcessGuid'>{BF59A455-0EDB-6940-6003-000000009301}</Data><Data Name='ProcessId'>8500</Data><Data Name='Image'>C:\Windows\Microsoft.NET\Framework\v4.0.30319\ngen.exe</Data><Data Name='User'>AUTORITE NT\Système</Data></EventData><RenderingInfo Culture='fr-FR'><Message>Process terminated:
RuleName: -
UtcTime: 2025-12-15 13:36:27.937
ProcessGuid: {BF59A455-0EDB-6940-6003-000000009301}
ProcessId: 8500
Image: C:\Windows\Microsoft.NET\Framework\v4.0.30319\ngen.exe
User: AUTORITE NT\Système</Message><Level>Information</Level><Task>Process terminated (rule: ProcessTerminate)</Task><Opcode>Informations</Opcode><Channel></Channel><Provider></Provider><Keywords></Keywords></RenderingInfo></Event><Event xmlns='http://schemas.microsoft.com/win/2004/08/events/event'><System><Provider Name='Microsoft-Windows-Sysmon' Guid='{5770385F-C22A-43E0-BF4C-06F5698FFBD9}'/><EventID>5</EventID><Version>3</Version><Level>4</Level><Task>5</Task><Opcode>0</Opcode><Keywords>0x8000000000000000</Keywords><TimeCreated SystemTime='2025-12-15T13:36:27.918403600Z'/><EventRecordID>376</EventRecordID><Correlation/><Execution ProcessID='2620' ThreadID='8520'/><Channel>Microsoft-Windows-Sysmon/Operational</Channel><Computer>DESKTOP-FUN63VP</Computer><Security UserID='S-1-5-18'/></System><EventData><Data Name='RuleName'>-</Data><Data Name='UtcTime'>2025-12-15 13:36:27.917</Data><Data Name='ProcessGuid'>{BF59A455-0EDB-6940-5F03-000000009301}</Data><Data Name='ProcessId'>6428</Data><Data Name='Image'>C:\Windows\Microsoft.NET\Framework64\v4.0.30319\ngen.exe</Data><Data Name='User'>AUTORITE NT\Système</Data></EventData><RenderingInfo Culture='fr-FR'><Message>Process terminated:
RuleName: -
UtcTime: 2025-12-15 13:36:27.917
ProcessGuid: {BF59A455-0EDB-6940-5F03-000000009301}
ProcessId: 6428
Image: C:\Windows\Microsoft.NET\Framework64\v4.0.30319\ngen.exe
User: AUTORITE NT\Système</Message><Level>Information</Level><Task>Process terminated (rule: ProcessTerminate)</Task><Opcode>Informations</Opcode><Channel></Channel><Provider></Provider><Keywords></Keywords></RenderingInfo></Event><Event xmlns='http://schemas.microsoft.com/win/2004/08/events/event'><System><Provider Name='Microsoft-Windows-Sysmon' Guid='{5770385F-C22A-43E0-BF4C-06F5698FFBD9}'/><EventID>5</EventID><Version>3</Version><Level>4</Level><Task>5</Task><Opcode>0</Opcode><Keywords>0x8000000000000000</Keywords><TimeCreated SystemTime='2025-12-15T13:36:27.799946100Z'/><EventRecordID>375</EventRecordID><Correlation/><Execution ProcessID='2620' ThreadID='8520'/><Channel>Microsoft-Windows-Sysmon/Operational</Channel><Computer>DESKTOP-FUN63VP</Computer><Security UserID='S-1-5-18'/></System><EventData><Data Name='RuleName'>-</Data><Data Name='UtcTime'>2025-12-15 13:36:27.799</Data><Data Name='ProcessGuid'>{BF59A455-0EDB-6940-5E03-000000009301}</Data><Data Name='ProcessId'>6720</Data><Data Name='Image'>C:\Windows\Microsoft.NET\Framework\v4.0.30319\ngen.exe</Data><Data Name='User'>AUTORITE NT\Système</Data></EventData><RenderingInfo Culture='fr-FR'><Message>Process terminated:
RuleName: -
UtcTime: 2025-12-15 13:36:27.799
ProcessGuid: {BF59A455-0EDB-6940-5E03-000000009301}
ProcessId: 6720
Image: C:\Windows\Microsoft.NET\Framework\v4.0.30319\ngen.exe
User: AUTORITE NT\Système</Message><Level>Information</Level><Task>Process terminated (rule: ProcessTerminate)</Task><Opcode>Informations</Opcode><Channel></Channel><Provider></Provider><Keywords></Keywords></RenderingInfo></Event><Event xmlns='http://schemas.microsoft.com/win/2004/08/events/event'><System><Provider Name='Microsoft-Windows-Sysmon' Guid='{5770385F-C22A-43E0-BF4C-06F5698FFBD9}'/><EventID>5</EventID><Version>3</Version><Level>4</Level><Task>5</Task><Opcode>0</Opcode><Keywords>0x8000000000000000</Keywords><TimeCreated SystemTime='2025-12-15T13:36:27.747866000Z'/><EventRecordID>374</EventRecordID><Correlation/><Execution ProcessID='2620' ThreadID='8520'/><Channel>Microsoft-Windows-Sysmon/Operational</Channel><Computer>DESKTOP-FUN63VP</Computer><Security UserID='S-1-5-18'/></System><EventData><Data Name='RuleName'>-</Data><Data Name='UtcTime'>2025-12-15 13:36:27.747</Data><Data Name='ProcessGuid'>{BF59A455-0EDB-6940-5D03-000000009301}</Data><Data Name='ProcessId'>6708</Data><Data Name='Image'>C:\Windows\Microsoft.NET\Framework64\v4.0.30319\ngen.exe</Data><Data Name='User'>AUTORITE NT\Système</Data></EventData><RenderingInfo Culture='fr-FR'><Message>Process terminated:
RuleName: -
UtcTime: 2025-12-15 13:36:27.747
ProcessGuid: {BF59A455-0EDB-6940-5D03-000000009301}
ProcessId: 6708
Image: C:\Windows\Microsoft.NET\Framework64\v4.0.30319\ngen.exe
User: AUTORITE NT\Système</Message><Level>Information</Level><Task>Process terminated (rule: ProcessTerminate)</Task><Opcode>Informations</Opcode><Channel></Channel><Provider></Provider><Keywords></Keywords></RenderingInfo></Event><Event xmlns='http://schemas.microsoft.com/win/2004/08/events/event'><System><Provider Name='Microsoft-Windows-Sysmon' Guid='{5770385F-C22A-43E0-BF4C-06F5698FFBD9}'/><EventID>5</EventID><Version>3</Version><Level>4</Level><Task>5</Task><Opcode>0</Opcode><Keywords>0x8000000000000000</Keywords><TimeCreated SystemTime='2025-12-15T13:36:27.634036000Z'/><EventRecordID>373</EventRecordID><Correlation/><Execution ProcessID='2620' ThreadID='8520'/><Channel>Microsoft-Windows-Sysmon/Operational</Channel><Computer>DESKTOP-FUN63VP</Computer><Security UserID='S-1-5-18'/></System><EventData><Data Name='RuleName'>-</Data><Data Name='UtcTime'>2025-12-15 13:36:27.633</Data><Data Name='ProcessGuid'>{BF59A455-0EDB-6940-5C03-000000009301}</Data><Data Name='ProcessId'>3336</Data><Data Name='Image'>C:\Windows\Microsoft.NET\Framework\v4.0.30319\ngen.exe</Data><Data Name='User'>AUTORITE NT\Système</Data></EventData><RenderingInfo Culture='fr-FR'><Message>Process terminated:
RuleName: -
UtcTime: 2025-12-15 13:36:27.633
ProcessGuid: {BF59A455-0EDB-6940-5C03-000000009301}
ProcessId: 3336
Image: C:\Windows\Microsoft.NET\Framework\v4.0.30319\ngen.exe
User: AUTORITE NT\Système</Message><Level>Information</Level><Task>Process terminated (rule: ProcessTerminate)</Task><Opcode>Informations</Opcode><Channel></Channel><Provider></Provider><Keywords></Keywords></RenderingInfo></Event><Event xmlns='http://schemas.microsoft.com/win/2004/08/events/event'><System><Provider Name='Microsoft-Windows-Sysmon' Guid='{5770385F-C22A-43E0-BF4C-06F5698FFBD9}'/><EventID>5</EventID><Version>3</Version><Level>4</Level><Task>5</Task><Opcode>0</Opcode><Keywords>0x8000000000000000</Keywords><TimeCreated SystemTime='2025-12-15T13:36:27.604954700Z'/><EventRecordID>372</EventRecordID><Correlation/><Execution ProcessID='2620' ThreadID='8520'/><Channel>Microsoft-Windows-Sysmon/Operational</Channel><Computer>DESKTOP-FUN63VP</Computer><Security UserID='S-1-5-18'/></System><EventData><Data Name='RuleName'>-</Data><Data Name='UtcTime'>2025-12-15 13:36:27.604</Data><Data Name='ProcessGuid'>{BF59A455-0EDB-6940-5B03-000000009301}</Data><Data Name='ProcessId'>3248</Data><Data Name='Image'>C:\Windows\Microsoft.NET\Framework64\v4.0.30319\ngen.exe</Data><Data Name='User'>AUTORITE NT\Système</Data></EventData><RenderingInfo Culture='fr-FR'><Message>Process terminated:
RuleName: -
UtcTime: 2025-12-15 13:36:27.604
ProcessGuid: {BF59A455-0EDB-6940-5B03-000000009301}
ProcessId: 3248
Image: C:\Windows\Microsoft.NET\Framework64\v4.0.30319\ngen.exe
User: AUTORITE NT\Système</Message><Level>Information</Level><Task>Process terminated (rule: ProcessTerminate)</Task><Opcode>Informations</Opcode><Channel></Channel><Provider></Provider><Keywords></Keywords></RenderingInfo></Event><Event xmlns='http://schemas.microsoft.com/win/2004/08/events/event'><System><Provider Name='Microsoft-Windows-Sysmon' Guid='{5770385F-C22A-43E0-BF4C-06F5698FFBD9}'/><EventID>5</EventID><Version>3</Version><Level>4</Level><Task>5</Task><Opcode>0</Opcode><Keywords>0x8000000000000000</Keywords><TimeCreated SystemTime='2025-12-15T13:36:27.470068400Z'/><EventRecordID>371</EventRecordID><Correlation/><Execution ProcessID='2620' ThreadID='8520'/><Channel>Microsoft-Windows-Sysmon/Operational</Channel><Computer>DESKTOP-FUN63VP</Computer><Security UserID='S-1-5-18'/></System><EventData><Data Name='RuleName'>-</Data><Data Name='UtcTime'>2025-12-15 13:36:27.469</Data><Data Name='ProcessGuid'>{BF59A455-0EDB-6940-5A03-000000009301}</Data><Data Name='ProcessId'>1520</Data><Data Name='Image'>C:\Windows\Microsoft.NET\Framework64\v4.0.30319\ngen.exe</Data><Data Name='User'>AUTORITE NT\Système</Data></EventData><RenderingInfo Culture='fr-FR'><Message>Process terminated:
RuleName: -
UtcTime: 2025-12-15 13:36:27.469
ProcessGuid: {BF59A455-0EDB-6940-5A03-000000009301}
ProcessId: 1520
Image: C:\Windows\Microsoft.NET\Framework64\v4.0.30319\ngen.exe
User: AUTORITE NT\Système</Message><Level>Information</Level><Task>Process terminated (rule: ProcessTerminate)</Task><Opcode>Informations</Opcode><Channel></Channel><Provider></Provider><Keywords></Keywords></RenderingInfo></Event><Event xmlns='http://schemas.microsoft.com/win/2004/08/events/event'><System><Provider Name='Microsoft-Windows-Sysmon' Guid='{5770385F-C22A-43E0-BF4C-06F5698FFBD9}'/><EventID>5</EventID><Version>3</Version><Level>4</Level><Task>5</Task><Opcode>0</Opcode><Keywords>0x8000000000000000</Keywords><TimeCreated SystemTime='2025-12-15T13:36:27.466439500Z'/><EventRecordID>370</EventRecordID><Correlation/><Execution ProcessID='2620' ThreadID='8520'/><Channel>Microsoft-Windows-Sysmon/Operational</Channel><Computer>DESKTOP-FUN63VP</Computer><Security UserID='S-1-5-18'/></System><EventData><Data Name='RuleName'>-</Data><Data Name='UtcTime'>2025-12-15 13:36:27.465</Data><Data Name='ProcessGuid'>{BF59A455-0EDB-6940-5903-000000009301}</Data><Data Name='ProcessId'>9844</Data><Data Name='Image'>C:\Windows\Microsoft.NET\Framework\v4.0.30319\ngen.exe</Data><Data Name='User'>AUTORITE NT\Système</Data></EventData><RenderingInfo Culture='fr-FR'><Message>Process terminated:
RuleName: -
UtcTime: 2025-12-15 13:36:27.465
ProcessGuid: {BF59A455-0EDB-6940-5903-000000009301}
ProcessId: 9844
Image: C:\Windows\Microsoft.NET\Framework\v4.0.30319\ngen.exe
User: AUTORITE NT\Système</Message><Level>Information</Level><Task>Process terminated (rule: ProcessTerminate)</Task><Opcode>Informations</Opcode><Channel></Channel><Provider></Provider><Keywords></Keywords></RenderingInfo></Event><Event xmlns='http://schemas.microsoft.com/win/2004/08/events/event'><System><Provider Name='Microsoft-Windows-Sysmon' Guid='{5770385F-C22A-43E0-BF4C-06F5698FFBD9}'/><EventID>5</EventID><Version>3</Version><Level>4</Level><Task>5</Task><Opcode>0</Opcode><Keywords>0x8000000000000000</Keywords><TimeCreated SystemTime='2025-12-15T13:36:27.337922600Z'/><EventRecordID>369</EventRecordID><Correlation/><Execution ProcessID='2620' ThreadID='8520'/><Channel>Microsoft-Windows-Sysmon/Operational</Channel><Computer>DESKTOP-FUN63VP</Computer><Security UserID='S-1-5-18'/></System><EventData><Data Name='RuleName'>-</Data><Data Name='UtcTime'>2025-12-15 13:36:27.336</Data><Data Name='ProcessGuid'>{BF59A455-0EDB-6940-5803-000000009301}</Data><Data Name='ProcessId'>9220</Data><Data Name='Image'>C:\Windows\Microsoft.NET\Framework64\v4.0.30319\ngen.exe</Data><Data Name='User'>AUTORITE NT\Système</Data></EventData><RenderingInfo Culture='fr-FR'><Message>Process terminated:
RuleName: -
UtcTime: 2025-12-15 13:36:27.336
ProcessGuid: {BF59A455-0EDB-6940-5803-000000009301}
ProcessId: 9220
Image: C:\Windows\Microsoft.NET\Framework64\v4.0.30319\ngen.exe
User: AUTORITE NT\Système</Message><Level>Information</Level><Task>Process terminated (rule: ProcessTerminate)</Task><Opcode>Informations</Opcode><Channel></Channel><Provider></Provider><Keywords></Keywords></RenderingInfo></Event><Event xmlns='http://schemas.microsoft.com/win/2004/08/events/event'><System><Provider Name='Microsoft-Windows-Sysmon' Guid='{5770385F-C22A-43E0-BF4C-06F5698FFBD9}'/><EventID>5</EventID><Version>3</Version><Level>4</Level><Task>5</Task><Opcode>0</Opcode><Keywords>0x8000000000000000</Keywords><TimeCreated SystemTime='2025-12-15T13:36:27.312586500Z'/><EventRecordID>368</EventRecordID><Correlation/><Execution ProcessID='2620' ThreadID='8520'/><Channel>Microsoft-Windows-Sysmon/Operational</Channel><Computer>DESKTOP-FUN63VP</Computer><Security UserID='S-1-5-18'/></System><EventData><Data Name='RuleName'>-</Data><Data Name='UtcTime'>2025-12-15 13:36:27.311</Data><Data Name='ProcessGuid'>{BF59A455-0EDB-6940-5703-000000009301}</Data><Data Name='ProcessId'>2320</Data><Data Name='Image'>C:\Windows\Microsoft.NET\Framework\v4.0.30319\ngen.exe</Data><Data Name='User'>AUTORITE NT\Système</Data></EventData><RenderingInfo Culture='fr-FR'><Message>Process terminated:
RuleName: -
UtcTime: 2025-12-15 13:36:27.311
ProcessGuid: {BF59A455-0EDB-6940-5703-000000009301}
ProcessId: 2320
Image: C:\Windows\Microsoft.NET\Framework\v4.0.30319\ngen.exe
User: AUTORITE NT\Système</Message><Level>Information</Level><Task>Process terminated (rule: ProcessTerminate)</Task><Opcode>Informations</Opcode><Channel></Channel><Provider></Provider><Keywords></Keywords></RenderingInfo></Event><Event xmlns='http://schemas.microsoft.com/win/2004/08/events/event'><System><Provider Name='Microsoft-Windows-Sysmon' Guid='{5770385F-C22A-43E0-BF4C-06F5698FFBD9}'/><EventID>5</EventID><Version>3</Version><Level>4</Level><Task>5</Task><Opcode>0</Opcode><Keywords>0x8000000000000000</Keywords><TimeCreated SystemTime='2025-12-15T13:36:27.192498600Z'/><EventRecordID>367</EventRecordID><Correlation/><Execution ProcessID='2620' ThreadID='8520'/><Channel>Microsoft-Windows-Sysmon/Operational</Channel><Computer>DESKTOP-FUN63VP</Computer><Security UserID='S-1-5-18'/></System><EventData><Data Name='RuleName'>-</Data><Data Name='UtcTime'>2025-12-15 13:36:27.191</Data><Data Name='ProcessGuid'>{BF59A455-0EDB-6940-5603-000000009301}</Data><Data Name='ProcessId'>4044</Data><Data Name='Image'>C:\Windows\Microsoft.NET\Framework64\v4.0.30319\ngen.exe</Data><Data Name='User'>AUTORITE NT\Système</Data></EventData><RenderingInfo Culture='fr-FR'><Message>Process terminated:
RuleName: -
UtcTime: 2025-12-15 13:36:27.191
ProcessGuid: {BF59A455-0EDB-6940-5603-000000009301}
ProcessId: 4044
Image: C:\Windows\Microsoft.NET\Framework64\v4.0.30319\ngen.exe
User: AUTORITE NT\Système</Message><Level>Information</Level><Task>Process terminated (rule: ProcessTerminate)</Task><Opcode>Informations</Opcode><Channel></Channel><Provider></Provider><Keywords></Keywords></RenderingInfo></Event><Event xmlns='http://schemas.microsoft.com/win/2004/08/events/event'><System><Provider Name='Microsoft-Windows-Sysmon' Guid='{5770385F-C22A-43E0-BF4C-06F5698FFBD9}'/><EventID>5</EventID><Version>3</Version><Level>4</Level><Task>5</Task><Opcode>0</Opcode><Keywords>0x8000000000000000</Keywords><TimeCreated SystemTime='2025-12-15T13:36:27.167542200Z'/><EventRecordID>366</EventRecordID><Correlation/><Execution ProcessID='2620' ThreadID='8520'/><Channel>Microsoft-Windows-Sysmon/Operational</Channel><Computer>DESKTOP-FUN63VP</Computer><Security UserID='S-1-5-18'/></System><EventData><Data Name='RuleName'>-</Data><Data Name='UtcTime'>2025-12-15 13:36:27.166</Data><Data Name='ProcessGuid'>{BF59A455-0EDB-6940-5503-000000009301}</Data><Data Name='ProcessId'>6340</Data><Data Name='Image'>C:\Windows\Microsoft.NET\Framework\v4.0.30319\ngen.exe</Data><Data Name='User'>AUTORITE NT\Système</Data></EventData><RenderingInfo Culture='fr-FR'><Message>Process terminated:
RuleName: -
UtcTime: 2025-12-15 13:36:27.166
ProcessGuid: {BF59A455-0EDB-6940-5503-000000009301}
ProcessId: 6340
Image: C:\Windows\Microsoft.NET\Framework\v4.0.30319\ngen.exe
User: AUTORITE NT\Système</Message><Level>Information</Level><Task>Process terminated (rule: ProcessTerminate)</Task><Opcode>Informations</Opcode><Channel></Channel><Provider></Provider><Keywords></Keywords></RenderingInfo></Event><Event xmlns='http://schemas.microsoft.com/win/2004/08/events/event'><System><Provider Name='Microsoft-Windows-Sysmon' Guid='{5770385F-C22A-43E0-BF4C-06F5698FFBD9}'/><EventID>5</EventID><Version>3</Version><Level>4</Level><Task>5</Task><Opcode>0</Opcode><Keywords>0x8000000000000000</Keywords><TimeCreated SystemTime='2025-12-15T13:36:27.073938900Z'/><EventRecordID>365</EventRecordID><Correlation/><Execution ProcessID='2620' ThreadID='8520'/><Channel>Microsoft-Windows-Sysmon/Operational</Channel><Computer>DESKTOP-FUN63VP</Computer><Security UserID='S-1-5-18'/></System><EventData><Data Name='RuleName'>-</Data><Data Name='UtcTime'>2025-12-15 13:36:27.072</Data><Data Name='ProcessGuid'>{BF59A455-0EDA-6940-5403-000000009301}</Data><Data Name='ProcessId'>2628</Data><Data Name='Image'>C:\Windows\Microsoft.NET\Framework64\v4.0.30319\ngen.exe</Data><Data Name='User'>AUTORITE NT\Système</Data></EventData><RenderingInfo Culture='fr-FR'><Message>Process terminated:
RuleName: -
UtcTime: 2025-12-15 13:36:27.072
ProcessGuid: {BF59A455-0EDA-6940-5403-000000009301}
ProcessId: 2628
Image: C:\Windows\Microsoft.NET\Framework64\v4.0.30319\ngen.exe
User: AUTORITE NT\Système</Message><Level>Information</Level><Task>Process terminated (rule: ProcessTerminate)</Task><Opcode>Informations</Opcode><Channel></Channel><Provider></Provider><Keywords></Keywords></RenderingInfo></Event><Event xmlns='http://schemas.microsoft.com/win/2004/08/events/event'><System><Provider Name='Microsoft-Windows-Sysmon' Guid='{5770385F-C22A-43E0-BF4C-06F5698FFBD9}'/><EventID>5</EventID><Version>3</Version><Level>4</Level><Task>5</Task><Opcode>0</Opcode><Keywords>0x8000000000000000</Keywords><TimeCreated SystemTime='2025-12-15T13:36:27.011987400Z'/><EventRecordID>364</EventRecordID><Correlation/><Execution ProcessID='2620' ThreadID='8520'/><Channel>Microsoft-Windows-Sysmon/Operational</Channel><Computer>DESKTOP-FUN63VP</Computer><Security UserID='S-1-5-18'/></System><EventData><Data Name='RuleName'>-</Data><Data Name='UtcTime'>2025-12-15 13:36:27.011</Data><Data Name='ProcessGuid'>{BF59A455-0EDA-6940-5203-000000009301}</Data><Data Name='ProcessId'>340</Data><Data Name='Image'>C:\Windows\Microsoft.NET\Framework\v4.0.30319\ngen.exe</Data><Data Name='User'>AUTORITE NT\Système</Data></EventData><RenderingInfo Culture='fr-FR'><Message>Process terminated:
RuleName: -
UtcTime: 2025-12-15 13:36:27.011
ProcessGuid: {BF59A455-0EDA-6940-5203-000000009301}
ProcessId: 340
Image: C:\Windows\Microsoft.NET\Framework\v4.0.30319\ngen.exe
User: AUTORITE NT\Système</Message><Level>Information</Level><Task>Process terminated (rule: ProcessTerminate)</Task><Opcode>Informations</Opcode><Channel></Channel><Provider></Provider><Keywords></Keywords></RenderingInfo></Event><Event xmlns='http://schemas.microsoft.com/win/2004/08/events/event'><System><Provider Name='Microsoft-Windows-Sysmon' Guid='{5770385F-C22A-43E0-BF4C-06F5698FFBD9}'/><EventID>5</EventID><Version>3</Version><Level>4</Level><Task>5</Task><Opcode>0</Opcode><Keywords>0x8000000000000000</Keywords><TimeCreated SystemTime='2025-12-15T13:36:26.953713300Z'/><EventRecordID>363</EventRecordID><Correlation/><Execution ProcessID='2620' ThreadID='8520'/><Channel>Microsoft-Windows-Sysmon/Operational</Channel><Computer>DESKTOP-FUN63VP</Computer><Security UserID='S-1-5-18'/></System><EventData><Data Name='RuleName'>-</Data><Data Name='UtcTime'>2025-12-15 13:36:26.952</Data><Data Name='ProcessGuid'>{BF59A455-0EDA-6940-5303-000000009301}</Data><Data Name='ProcessId'>8036</Data><Data Name='Image'>C:\Windows\Microsoft.NET\Framework64\v4.0.30319\ngen.exe</Data><Data Name='User'>AUTORITE NT\Système</Data></EventData><RenderingInfo Culture='fr-FR'><Message>Process terminated:
RuleName: -
UtcTime: 2025-12-15 13:36:26.952
ProcessGuid: {BF59A455-0EDA-6940-5303-000000009301}
ProcessId: 8036
Image: C:\Windows\Microsoft.NET\Framework64\v4.0.30319\ngen.exe
User: AUTORITE NT\Système</Message><Level>Information</Level><Task>Process terminated (rule: ProcessTerminate)</Task><Opcode>Informations</Opcode><Channel></Channel><Provider></Provider><Keywords></Keywords></RenderingInfo></Event><Event xmlns='http://schemas.microsoft.com/win/2004/08/events/event'><System><Provider Name='Microsoft-Windows-Sysmon' Guid='{5770385F-C22A-43E0-BF4C-06F5698FFBD9}'/><EventID>5</EventID><Version>3</Version><Level>4</Level><Task>5</Task><Opcode>0</Opcode><Keywords>0x8000000000000000</Keywords><TimeCreated SystemTime='2025-12-15T13:36:26.822349600Z'/><EventRecordID>362</EventRecordID><Correlation/><Execution ProcessID='2620' ThreadID='8520'/><Channel>Microsoft-Windows-Sysmon/Operational</Channel><Computer>DESKTOP-FUN63VP</Computer><Security UserID='S-1-5-18'/></System><EventData><Data Name='RuleName'>-</Data><Data Name='UtcTime'>2025-12-15 13:36:26.821</Data><Data Name='ProcessGuid'>{BF59A455-0EDA-6940-5103-000000009301}</Data><Data Name='ProcessId'>2412</Data><Data Name='Image'>C:\Windows\Microsoft.NET\Framework64\v4.0.30319\ngen.exe</Data><Data Name='User'>AUTORITE NT\Système</Data></EventData><RenderingInfo Culture='fr-FR'><Message>Process terminated:
RuleName: -
UtcTime: 2025-12-15 13:36:26.821
ProcessGuid: {BF59A455-0EDA-6940-5103-000000009301}
ProcessId: 2412
Image: C:\Windows\Microsoft.NET\Framework64\v4.0.30319\ngen.exe
User: AUTORITE NT\Système</Message><Level>Information</Level><Task>Process terminated (rule: ProcessTerminate)</Task><Opcode>Informations</Opcode><Channel></Channel><Provider></Provider><Keywords></Keywords></RenderingInfo></Event><Event xmlns='http://schemas.microsoft.com/win/2004/08/events/event'><System><Provider Name='Microsoft-Windows-Sysmon' Guid='{5770385F-C22A-43E0-BF4C-06F5698FFBD9}'/><EventID>5</EventID><Version>3</Version><Level>4</Level><Task>5</Task><Opcode>0</Opcode><Keywords>0x8000000000000000</Keywords><TimeCreated SystemTime='2025-12-15T13:36:26.718739500Z'/><EventRecordID>361</EventRecordID><Correlation/><Execution ProcessID='2620' ThreadID='8520'/><Channel>Microsoft-Windows-Sysmon/Operational</Channel><Computer>DESKTOP-FUN63VP</Computer><Security UserID='S-1-5-18'/></System><EventData><Data Name='RuleName'>-</Data><Data Name='UtcTime'>2025-12-15 13:36:26.718</Data><Data Name='ProcessGuid'>{BF59A455-0EDA-6940-5003-000000009301}</Data><Data Name='ProcessId'>8096</Data><Data Name='Image'>C:\Windows\Microsoft.NET\Framework64\v4.0.30319\ngen.exe</Data><Data Name='User'>AUTORITE NT\Système</Data></EventData><RenderingInfo Culture='fr-FR'><Message>Process terminated:
RuleName: -
UtcTime: 2025-12-15 13:36:26.718
ProcessGuid: {BF59A455-0EDA-6940-5003-000000009301}
ProcessId: 8096
Image: C:\Windows\Microsoft.NET\Framework64\v4.0.30319\ngen.exe
User: AUTORITE NT\Système</Message><Level>Information</Level><Task>Process terminated (rule: ProcessTerminate)</Task><Opcode>Informations</Opcode><Channel></Channel><Provider></Provider><Keywords></Keywords></RenderingInfo></Event><Event xmlns='http://schemas.microsoft.com/win/2004/08/events/event'><System><Provider Name='Microsoft-Windows-Sysmon' Guid='{5770385F-C22A-43E0-BF4C-06F5698FFBD9}'/><EventID>5</EventID><Version>3</Version><Level>4</Level><Task>5</Task><Opcode>0</Opcode><Keywords>0x8000000000000000</Keywords><TimeCreated SystemTime='2025-12-15T13:36:26.673912100Z'/><EventRecordID>360</EventRecordID><Correlation/><Execution ProcessID='2620' ThreadID='8520'/><Channel>Microsoft-Windows-Sysmon/Operational</Channel><Computer>DESKTOP-FUN63VP</Computer><Security UserID='S-1-5-18'/></System><EventData><Data Name='RuleName'>-</Data><Data Name='UtcTime'>2025-12-15 13:36:26.673</Data><Data Name='ProcessGuid'>{BF59A455-0ED8-6940-4F03-000000009301}</Data><Data Name='ProcessId'>2244</Data><Data Name='Image'>C:\Windows\Microsoft.NET\Framework\v4.0.30319\mscorsvw.exe</Data><Data Name='User'>AUTORITE NT\Système</Data></EventData><RenderingInfo Culture='fr-FR'><Message>Process terminated:
RuleName: -
UtcTime: 2025-12-15 13:36:26.673
ProcessGuid: {BF59A455-0ED8-6940-4F03-000000009301}
ProcessId: 2244
Image: C:\Windows\Microsoft.NET\Framework\v4.0.30319\mscorsvw.exe
User: AUTORITE NT\Système</Message><Level>Information</Level><Task>Process terminated (rule: ProcessTerminate)</Task><Opcode>Informations</Opcode><Channel></Channel><Provider></Provider><Keywords></Keywords></RenderingInfo></Event><Event xmlns='http://schemas.microsoft.com/win/2004/08/events/event'><System><Provider Name='Microsoft-Windows-Sysmon' Guid='{5770385F-C22A-43E0-BF4C-06F5698FFBD9}'/><EventID>5</EventID><Version>3</Version><Level>4</Level><Task>5</Task><Opcode>0</Opcode><Keywords>0x8000000000000000</Keywords><TimeCreated SystemTime='2025-12-15T13:36:26.629187400Z'/><EventRecordID>359</EventRecordID><Correlation/><Execution ProcessID='2620' ThreadID='8520'/><Channel>Microsoft-Windows-Sysmon/Operational</Channel><Computer>DESKTOP-FUN63VP</Computer><Security UserID='S-1-5-18'/></System><EventData><Data Name='RuleName'>-</Data><Data Name='UtcTime'>2025-12-15 13:36:26.628</Data><Data Name='ProcessGuid'>{BF59A455-0ED8-6940-4E03-000000009301}</Data><Data Name='ProcessId'>7308</Data><Data Name='Image'>C:\Windows\Microsoft.NET\Framework64\v4.0.30319\ngen.exe</Data><Data Name='User'>AUTORITE NT\Système</Data></EventData><RenderingInfo Culture='fr-FR'><Message>Process terminated:
RuleName: -
UtcTime: 2025-12-15 13:36:26.628
ProcessGuid: {BF59A455-0ED8-6940-4E03-000000009301}
ProcessId: 7308
Image: C:\Windows\Microsoft.NET\Framework64\v4.0.30319\ngen.exe
User: AUTORITE NT\Système</Message><Level>Information</Level><Task>Process terminated (rule: ProcessTerminate)</Task><Opcode>Informations</Opcode><Channel></Channel><Provider></Provider><Keywords></Keywords></RenderingInfo></Event><Event xmlns='http://schemas.microsoft.com/win/2004/08/events/event'><System><Provider Name='Microsoft-Windows-Sysmon' Guid='{5770385F-C22A-43E0-BF4C-06F5698FFBD9}'/><EventID>5</EventID><Version>3</Version><Level>4</Level><Task>5</Task><Opcode>0</Opcode><Keywords>0x8000000000000000</Keywords><TimeCreated SystemTime='2025-12-15T13:36:26.594469300Z'/><EventRecordID>358</EventRecordID><Correlation/><Execution ProcessID='2620' ThreadID='8520'/><Channel>Microsoft-Windows-Sysmon/Operational</Channel><Computer>DESKTOP-FUN63VP</Computer><Security UserID='S-1-5-18'/></System><EventData><Data Name='RuleName'>-</Data><Data Name='UtcTime'>2025-12-15 13:36:26.593</Data><Data Name='ProcessGuid'>{BF59A455-0ED8-6940-4D03-000000009301}</Data><Data Name='ProcessId'>1076</Data><Data Name='Image'>C:\Windows\Microsoft.NET\Framework\v4.0.30319\ngen.exe</Data><Data Name='User'>AUTORITE NT\Système</Data></EventData><RenderingInfo Culture='fr-FR'><Message>Process terminated:
RuleName: -
UtcTime: 2025-12-15 13:36:26.593
ProcessGuid: {BF59A455-0ED8-6940-4D03-000000009301}
ProcessId: 1076
Image: C:\Windows\Microsoft.NET\Framework\v4.0.30319\ngen.exe
User: AUTORITE NT\Système</Message><Level>Information</Level><Task>Process terminated (rule: ProcessTerminate)</Task><Opcode>Informations</Opcode><Channel></Channel><Provider></Provider><Keywords></Keywords></RenderingInfo></Event><Event xmlns='http://schemas.microsoft.com/win/2004/08/events/event'><System><Provider Name='Microsoft-Windows-Sysmon' Guid='{5770385F-C22A-43E0-BF4C-06F5698FFBD9}'/><EventID>5</EventID><Version>3</Version><Level>4</Level><Task>5</Task><Opcode>0</Opcode><Keywords>0x8000000000000000</Keywords><TimeCreated SystemTime='2025-12-15T13:36:24.222131800Z'/><EventRecordID>357</EventRecordID><Correlation/><Execution ProcessID='2620' ThreadID='8520'/><Channel>Microsoft-Windows-Sysmon/Operational</Channel><Computer>DESKTOP-FUN63VP</Computer><Security UserID='S-1-5-18'/></System><EventData><Data Name='RuleName'>-</Data><Data Name='UtcTime'>2025-12-15 13:36:24.222</Data><Data Name='ProcessGuid'>{BF59A455-0ED8-6940-4C03-000000009301}</Data><Data Name='ProcessId'>8120</Data><Data Name='Image'>C:\Windows\Microsoft.NET\Framework64\v4.0.30319\ngen.exe</Data><Data Name='User'>AUTORITE NT\Système</Data></EventData><RenderingInfo Culture='fr-FR'><Message>Process terminated:
RuleName: -
UtcTime: 2025-12-15 13:36:24.222
ProcessGuid: {BF59A455-0ED8-6940-4C03-000000009301}
ProcessId: 8120
Image: C:\Windows\Microsoft.NET\Framework64\v4.0.30319\ngen.exe
User: AUTORITE NT\Système</Message><Level>Information</Level><Task>Process terminated (rule: ProcessTerminate)</Task><Opcode>Informations</Opcode><Channel></Channel><Provider></Provider><Keywords></Keywords></RenderingInfo></Event><Event xmlns='http://schemas.microsoft.com/win/2004/08/events/event'><System><Provider Name='Microsoft-Windows-Sysmon' Guid='{5770385F-C22A-43E0-BF4C-06F5698FFBD9}'/><EventID>5</EventID><Version>3</Version><Level>4</Level><Task>5</Task><Opcode>0</Opcode><Keywords>0x8000000000000000</Keywords><TimeCreated SystemTime='2025-12-15T13:36:24.027793300Z'/><EventRecordID>356</EventRecordID><Correlation/><Execution ProcessID='2620' ThreadID='8520'/><Channel>Microsoft-Windows-Sysmon/Operational</Channel><Computer>DESKTOP-FUN63VP</Computer><Security UserID='S-1-5-18'/></System><EventData><Data Name='RuleName'>-</Data><Data Name='UtcTime'>2025-12-15 13:36:24.027</Data><Data Name='ProcessGuid'>{BF59A455-0ED7-6940-4B03-000000009301}</Data><Data Name='ProcessId'>10072</Data><Data Name='Image'>C:\Windows\Microsoft.NET\Framework64\v4.0.30319\ngen.exe</Data><Data Name='User'>AUTORITE NT\Système</Data></EventData><RenderingInfo Culture='fr-FR'><Message>Process terminated:
RuleName: -
UtcTime: 2025-12-15 13:36:24.027
ProcessGuid: {BF59A455-0ED7-6940-4B03-000000009301}
ProcessId: 10072
Image: C:\Windows\Microsoft.NET\Framework64\v4.0.30319\ngen.exe
User: AUTORITE NT\Système</Message><Level>Information</Level><Task>Process terminated (rule: ProcessTerminate)</Task><Opcode>Informations</Opcode><Channel></Channel><Provider></Provider><Keywords></Keywords></RenderingInfo></Event><Event xmlns='http://schemas.microsoft.com/win/2004/08/events/event'><System><Provider Name='Microsoft-Windows-Sysmon' Guid='{5770385F-C22A-43E0-BF4C-06F5698FFBD9}'/><EventID>5</EventID><Version>3</Version><Level>4</Level><Task>5</Task><Opcode>0</Opcode><Keywords>0x8000000000000000</Keywords><TimeCreated SystemTime='2025-12-15T13:36:23.828478600Z'/><EventRecordID>355</EventRecordID><Correlation/><Execution ProcessID='2620' ThreadID='8520'/><Channel>Microsoft-Windows-Sysmon/Operational</Channel><Computer>DESKTOP-FUN63VP</Computer><Security UserID='S-1-5-18'/></System><EventData><Data Name='RuleName'>-</Data><Data Name='UtcTime'>2025-12-15 13:36:23.828</Data><Data Name='ProcessGuid'>{BF59A455-0ED7-6940-4A03-000000009301}</Data><Data Name='ProcessId'>8176</Data><Data Name='Image'>C:\Windows\Microsoft.NET\Framework64\v4.0.30319\ngen.exe</Data><Data Name='User'>AUTORITE NT\Système</Data></EventData><RenderingInfo Culture='fr-FR'><Message>Process terminated:
RuleName: -
UtcTime: 2025-12-15 13:36:23.828
ProcessGuid: {BF59A455-0ED7-6940-4A03-000000009301}
ProcessId: 8176
Image: C:\Windows\Microsoft.NET\Framework64\v4.0.30319\ngen.exe
User: AUTORITE NT\Système</Message><Level>Information</Level><Task>Process terminated (rule: ProcessTerminate)</Task><Opcode>Informations</Opcode><Channel></Channel><Provider></Provider><Keywords></Keywords></RenderingInfo></Event><Event xmlns='http://schemas.microsoft.com/win/2004/08/events/event'><System><Provider Name='Microsoft-Windows-Sysmon' Guid='{5770385F-C22A-43E0-BF4C-06F5698FFBD9}'/><EventID>5</EventID><Version>3</Version><Level>4</Level><Task>5</Task><Opcode>0</Opcode><Keywords>0x8000000000000000</Keywords><TimeCreated SystemTime='2025-12-15T13:36:23.606589800Z'/><EventRecordID>354</EventRecordID><Correlation/><Execution ProcessID='2620' ThreadID='8520'/><Channel>Microsoft-Windows-Sysmon/Operational</Channel><Computer>DESKTOP-FUN63VP</Computer><Security UserID='S-1-5-18'/></System><EventData><Data Name='RuleName'>-</Data><Data Name='UtcTime'>2025-12-15 13:36:23.606</Data><Data Name='ProcessGuid'>{BF59A455-0ED7-6940-4903-000000009301}</Data><Data Name='ProcessId'>3008</Data><Data Name='Image'>C:\Windows\Microsoft.NET\Framework64\v4.0.30319\ngen.exe</Data><Data Name='User'>AUTORITE NT\Système</Data></EventData><RenderingInfo Culture='fr-FR'><Message>Process terminated:
RuleName: -
UtcTime: 2025-12-15 13:36:23.606
ProcessGuid: {BF59A455-0ED7-6940-4903-000000009301}
ProcessId: 3008
Image: C:\Windows\Microsoft.NET\Framework64\v4.0.30319\ngen.exe
User: AUTORITE NT\Système</Message><Level>Information</Level><Task>Process terminated (rule: ProcessTerminate)</Task><Opcode>Informations</Opcode><Channel></Channel><Provider></Provider><Keywords></Keywords></RenderingInfo></Event><Event xmlns='http://schemas.microsoft.com/win/2004/08/events/event'><System><Provider Name='Microsoft-Windows-Sysmon' Guid='{5770385F-C22A-43E0-BF4C-06F5698FFBD9}'/><EventID>5</EventID><Version>3</Version><Level>4</Level><Task>5</Task><Opcode>0</Opcode><Keywords>0x8000000000000000</Keywords><TimeCreated SystemTime='2025-12-15T13:36:23.331387500Z'/><EventRecordID>353</EventRecordID><Correlation/><Execution ProcessID='2620' ThreadID='8520'/><Channel>Microsoft-Windows-Sysmon/Operational</Channel><Computer>DESKTOP-FUN63VP</Computer><Security UserID='S-1-5-18'/></System><EventData><Data Name='RuleName'>-</Data><Data Name='UtcTime'>2025-12-15 13:36:23.331</Data><Data Name='ProcessGuid'>{BF59A455-0ED7-6940-4803-000000009301}</Data><Data Name='ProcessId'>9240</Data><Data Name='Image'>C:\Windows\Microsoft.NET\Framework64\v4.0.30319\ngen.exe</Data><Data Name='User'>AUTORITE NT\Système</Data></EventData><RenderingInfo Culture='fr-FR'><Message>Process terminated:
RuleName: -
UtcTime: 2025-12-15 13:36:23.331
ProcessGuid: {BF59A455-0ED7-6940-4803-000000009301}
ProcessId: 9240
Image: C:\Windows\Microsoft.NET\Framework64\v4.0.30319\ngen.exe
User: AUTORITE NT\Système</Message><Level>Information</Level><Task>Process terminated (rule: ProcessTerminate)</Task><Opcode>Informations</Opcode><Channel></Channel><Provider></Provider><Keywords></Keywords></RenderingInfo></Event><Event xmlns='http://schemas.microsoft.com/win/2004/08/events/event'><System><Provider Name='Microsoft-Windows-Sysmon' Guid='{5770385F-C22A-43E0-BF4C-06F5698FFBD9}'/><EventID>5</EventID><Version>3</Version><Level>4</Level><Task>5</Task><Opcode>0</Opcode><Keywords>0x8000000000000000</Keywords><TimeCreated SystemTime='2025-12-15T13:36:23.168189900Z'/><EventRecordID>352</EventRecordID><Correlation/><Execution ProcessID='2620' ThreadID='8520'/><Channel>Microsoft-Windows-Sysmon/Operational</Channel><Computer>DESKTOP-FUN63VP</Computer><Security UserID='S-1-5-18'/></System><EventData><Data Name='RuleName'>-</Data><Data Name='UtcTime'>2025-12-15 13:36:23.168</Data><Data Name='ProcessGuid'>{BF59A455-0ED7-6940-4703-000000009301}</Data><Data Name='ProcessId'>9400</Data><Data Name='Image'>C:\Windows\Microsoft.NET\Framework64\v4.0.30319\ngen.exe</Data><Data Name='User'>AUTORITE NT\Système</Data></EventData><RenderingInfo Culture='fr-FR'><Message>Process terminated:
RuleName: -
UtcTime: 2025-12-15 13:36:23.168
ProcessGuid: {BF59A455-0ED7-6940-4703-000000009301}
ProcessId: 9400
Image: C:\Windows\Microsoft.NET\Framework64\v4.0.30319\ngen.exe
User: AUTORITE NT\Système</Message><Level>Information</Level><Task>Process terminated (rule: ProcessTerminate)</Task><Opcode>Informations</Opcode><Channel></Channel><Provider></Provider><Keywords></Keywords></RenderingInfo></Event><Event xmlns='http://schemas.microsoft.com/win/2004/08/events/event'><System><Provider Name='Microsoft-Windows-Sysmon' Guid='{5770385F-C22A-43E0-BF4C-06F5698FFBD9}'/><EventID>5</EventID><Version>3</Version><Level>4</Level><Task>5</Task><Opcode>0</Opcode><Keywords>0x8000000000000000</Keywords><TimeCreated SystemTime='2025-12-15T13:36:21.862556100Z'/><EventRecordID>351</EventRecordID><Correlation/><Execution ProcessID='2620' ThreadID='8520'/><Channel>Microsoft-Windows-Sysmon/Operational</Channel><Computer>DESKTOP-FUN63VP</Computer><Security UserID='S-1-5-18'/></System><EventData><Data Name='RuleName'>-</Data><Data Name='UtcTime'>2025-12-15 13:36:21.861</Data><Data Name='ProcessGuid'>{BF59A455-0ED5-6940-4603-000000009301}</Data><Data Name='ProcessId'>9916</Data><Data Name='Image'>C:\Windows\Microsoft.NET\Framework64\v4.0.30319\ngen.exe</Data><Data Name='User'>AUTORITE NT\Système</Data></EventData><RenderingInfo Culture='fr-FR'><Message>Process terminated:
RuleName: -
UtcTime: 2025-12-15 13:36:21.861
ProcessGuid: {BF59A455-0ED5-6940-4603-000000009301}
ProcessId: 9916
Image: C:\Windows\Microsoft.NET\Framework64\v4.0.30319\ngen.exe
User: AUTORITE NT\Système</Message><Level>Information</Level><Task>Process terminated (rule: ProcessTerminate)</Task><Opcode>Informations</Opcode><Channel></Channel><Provider></Provider><Keywords></Keywords></RenderingInfo></Event><Event xmlns='http://schemas.microsoft.com/win/2004/08/events/event'><System><Provider Name='Microsoft-Windows-Sysmon' Guid='{5770385F-C22A-43E0-BF4C-06F5698FFBD9}'/><EventID>5</EventID><Version>3</Version><Level>4</Level><Task>5</Task><Opcode>0</Opcode><Keywords>0x8000000000000000</Keywords><TimeCreated SystemTime='2025-12-15T13:36:21.787714100Z'/><EventRecordID>350</EventRecordID><Correlation/><Execution ProcessID='2620' ThreadID='8520'/><Channel>Microsoft-Windows-Sysmon/Operational</Channel><Computer>DESKTOP-FUN63VP</Computer><Security UserID='S-1-5-18'/></System><EventData><Data Name='RuleName'>-</Data><Data Name='UtcTime'>2025-12-15 13:36:21.786</Data><Data Name='ProcessGuid'>{BF59A455-0ED5-6940-4503-000000009301}</Data><Data Name='ProcessId'>4272</Data><Data Name='Image'>C:\Windows\Microsoft.NET\Framework64\v4.0.30319\ngen.exe</Data><Data Name='User'>AUTORITE NT\Système</Data></EventData><RenderingInfo Culture='fr-FR'><Message>Process terminated:
RuleName: -
UtcTime: 2025-12-15 13:36:21.786
ProcessGuid: {BF59A455-0ED5-6940-4503-000000009301}
ProcessId: 4272
Image: C:\Windows\Microsoft.NET\Framework64\v4.0.30319\ngen.exe
User: AUTORITE NT\Système</Message><Level>Information</Level><Task>Process terminated (rule: ProcessTerminate)</Task><Opcode>Informations</Opcode><Channel></Channel><Provider></Provider><Keywords></Keywords></RenderingInfo></Event><Event xmlns='http://schemas.microsoft.com/win/2004/08/events/event'><System><Provider Name='Microsoft-Windows-Sysmon' Guid='{5770385F-C22A-43E0-BF4C-06F5698FFBD9}'/><EventID>5</EventID><Version>3</Version><Level>4</Level><Task>5</Task><Opcode>0</Opcode><Keywords>0x8000000000000000</Keywords><TimeCreated SystemTime='2025-12-15T13:36:21.715145100Z'/><EventRecordID>349</EventRecordID><Correlation/><Execution ProcessID='2620' ThreadID='8520'/><Channel>Microsoft-Windows-Sysmon/Operational</Channel><Computer>DESKTOP-FUN63VP</Computer><Security UserID='S-1-5-18'/></System><EventData><Data Name='RuleName'>-</Data><Data Name='UtcTime'>2025-12-15 13:36:21.714</Data><Data Name='ProcessGuid'>{BF59A455-0ED5-6940-4403-000000009301}</Data><Data Name='ProcessId'>5480</Data><Data Name='Image'>C:\Windows\Microsoft.NET\Framework64\v4.0.30319\ngen.exe</Data><Data Name='User'>AUTORITE NT\Système</Data></EventData><RenderingInfo Culture='fr-FR'><Message>Process terminated:
RuleName: -
UtcTime: 2025-12-15 13:36:21.714
ProcessGuid: {BF59A455-0ED5-6940-4403-000000009301}
ProcessId: 5480
Image: C:\Windows\Microsoft.NET\Framework64\v4.0.30319\ngen.exe
User: AUTORITE NT\Système</Message><Level>Information</Level><Task>Process terminated (rule: ProcessTerminate)</Task><Opcode>Informations</Opcode><Channel></Channel><Provider></Provider><Keywords></Keywords></RenderingInfo></Event><Event xmlns='http://schemas.microsoft.com/win/2004/08/events/event'><System><Provider Name='Microsoft-Windows-Sysmon' Guid='{5770385F-C22A-43E0-BF4C-06F5698FFBD9}'/><EventID>5</EventID><Version>3</Version><Level>4</Level><Task>5</Task><Opcode>0</Opcode><Keywords>0x8000000000000000</Keywords><TimeCreated SystemTime='2025-12-15T13:36:20.966302300Z'/><EventRecordID>348</EventRecordID><Correlation/><Execution ProcessID='2620' ThreadID='8520'/><Channel>Microsoft-Windows-Sysmon/Operational</Channel><Computer>DESKTOP-FUN63VP</Computer><Security UserID='S-1-5-18'/></System><EventData><Data Name='RuleName'>-</Data><Data Name='UtcTime'>2025-12-15 13:36:20.965</Data><Data Name='ProcessGuid'>{BF59A455-0ED4-6940-4303-000000009301}</Data><Data Name='ProcessId'>4900</Data><Data Name='Image'>C:\Windows\Microsoft.NET\Framework64\v4.0.30319\ngen.exe</Data><Data Name='User'>AUTORITE NT\Système</Data></EventData><RenderingInfo Culture='fr-FR'><Message>Process terminated:
RuleName: -
UtcTime: 2025-12-15 13:36:20.965
ProcessGuid: {BF59A455-0ED4-6940-4303-000000009301}
ProcessId: 4900
Image: C:\Windows\Microsoft.NET\Framework64\v4.0.30319\ngen.exe
User: AUTORITE NT\Système</Message><Level>Information</Level><Task>Process terminated (rule: ProcessTerminate)</Task><Opcode>Informations</Opcode><Channel></Channel><Provider></Provider><Keywords></Keywords></RenderingInfo></Event><Event xmlns='http://schemas.microsoft.com/win/2004/08/events/event'><System><Provider Name='Microsoft-Windows-Sysmon' Guid='{5770385F-C22A-43E0-BF4C-06F5698FFBD9}'/><EventID>5</EventID><Version>3</Version><Level>4</Level><Task>5</Task><Opcode>0</Opcode><Keywords>0x8000000000000000</Keywords><TimeCreated SystemTime='2025-12-15T13:36:20.760744800Z'/><EventRecordID>347</EventRecordID><Correlation/><Execution ProcessID='2620' ThreadID='8520'/><Channel>Microsoft-Windows-Sysmon/Operational</Channel><Computer>DESKTOP-FUN63VP</Computer><Security UserID='S-1-5-18'/></System><EventData><Data Name='RuleName'>-</Data><Data Name='UtcTime'>2025-12-15 13:36:20.759</Data><Data Name='ProcessGuid'>{BF59A455-0ED4-6940-4203-000000009301}</Data><Data Name='ProcessId'>4724</Data><Data Name='Image'>C:\Windows\Microsoft.NET\Framework64\v4.0.30319\ngen.exe</Data><Data Name='User'>AUTORITE NT\Système</Data></EventData><RenderingInfo Culture='fr-FR'><Message>Process terminated:
RuleName: -
UtcTime: 2025-12-15 13:36:20.759
ProcessGuid: {BF59A455-0ED4-6940-4203-000000009301}
ProcessId: 4724
Image: C:\Windows\Microsoft.NET\Framework64\v4.0.30319\ngen.exe
User: AUTORITE NT\Système</Message><Level>Information</Level><Task>Process terminated (rule: ProcessTerminate)</Task><Opcode>Informations</Opcode><Channel></Channel><Provider></Provider><Keywords></Keywords></RenderingInfo></Event><Event xmlns='http://schemas.microsoft.com/win/2004/08/events/event'><System><Provider Name='Microsoft-Windows-Sysmon' Guid='{5770385F-C22A-43E0-BF4C-06F5698FFBD9}'/><EventID>5</EventID><Version>3</Version><Level>4</Level><Task>5</Task><Opcode>0</Opcode><Keywords>0x8000000000000000</Keywords><TimeCreated SystemTime='2025-12-15T13:36:20.534331100Z'/><EventRecordID>346</EventRecordID><Correlation/><Execution ProcessID='2620' ThreadID='8520'/><Channel>Microsoft-Windows-Sysmon/Operational</Channel><Computer>DESKTOP-FUN63VP</Computer><Security UserID='S-1-5-18'/></System><EventData><Data Name='RuleName'>-</Data><Data Name='UtcTime'>2025-12-15 13:36:20.534</Data><Data Name='ProcessGuid'>{BF59A455-0ED4-6940-4103-000000009301}</Data><Data Name='ProcessId'>3516</Data><Data Name='Image'>C:\Windows\Microsoft.NET\Framework64\v4.0.30319\ngen.exe</Data><Data Name='User'>AUTORITE NT\Système</Data></EventData><RenderingInfo Culture='fr-FR'><Message>Process terminated:
RuleName: -
UtcTime: 2025-12-15 13:36:20.534
ProcessGuid: {BF59A455-0ED4-6940-4103-000000009301}
ProcessId: 3516
Image: C:\Windows\Microsoft.NET\Framework64\v4.0.30319\ngen.exe
User: AUTORITE NT\Système</Message><Level>Information</Level><Task>Process terminated (rule: ProcessTerminate)</Task><Opcode>Informations</Opcode><Channel></Channel><Provider></Provider><Keywords></Keywords></RenderingInfo></Event><Event xmlns='http://schemas.microsoft.com/win/2004/08/events/event'><System><Provider Name='Microsoft-Windows-Sysmon' Guid='{5770385F-C22A-43E0-BF4C-06F5698FFBD9}'/><EventID>5</EventID><Version>3</Version><Level>4</Level><Task>5</Task><Opcode>0</Opcode><Keywords>0x8000000000000000</Keywords><TimeCreated SystemTime='2025-12-15T13:36:20.361724500Z'/><EventRecordID>345</EventRecordID><Correlation/><Execution ProcessID='2620' ThreadID='8520'/><Channel>Microsoft-Windows-Sysmon/Operational</Channel><Computer>DESKTOP-FUN63VP</Computer><Security UserID='S-1-5-18'/></System><EventData><Data Name='RuleName'>-</Data><Data Name='UtcTime'>2025-12-15 13:36:20.361</Data><Data Name='ProcessGuid'>{BF59A455-0ED4-6940-4003-000000009301}</Data><Data Name='ProcessId'>6736</Data><Data Name='Image'>C:\Windows\Microsoft.NET\Framework64\v4.0.30319\ngen.exe</Data><Data Name='User'>AUTORITE NT\Système</Data></EventData><RenderingInfo Culture='fr-FR'><Message>Process terminated:
RuleName: -
UtcTime: 2025-12-15 13:36:20.361
ProcessGuid: {BF59A455-0ED4-6940-4003-000000009301}
ProcessId: 6736
Image: C:\Windows\Microsoft.NET\Framework64\v4.0.30319\ngen.exe
User: AUTORITE NT\Système</Message><Level>Information</Level><Task>Process terminated (rule: ProcessTerminate)</Task><Opcode>Informations</Opcode><Channel></Channel><Provider></Provider><Keywords></Keywords></RenderingInfo></Event><Event xmlns='http://schemas.microsoft.com/win/2004/08/events/event'><System><Provider Name='Microsoft-Windows-Sysmon' Guid='{5770385F-C22A-43E0-BF4C-06F5698FFBD9}'/><EventID>5</EventID><Version>3</Version><Level>4</Level><Task>5</Task><Opcode>0</Opcode><Keywords>0x8000000000000000</Keywords><TimeCreated SystemTime='2025-12-15T13:36:20.170658300Z'/><EventRecordID>344</EventRecordID><Correlation/><Execution ProcessID='2620' ThreadID='8520'/><Channel>Microsoft-Windows-Sysmon/Operational</Channel><Computer>DESKTOP-FUN63VP</Computer><Security UserID='S-1-5-18'/></System><EventData><Data Name='RuleName'>-</Data><Data Name='UtcTime'>2025-12-15 13:36:20.169</Data><Data Name='ProcessGuid'>{BF59A455-0ED4-6940-3F03-000000009301}</Data><Data Name='ProcessId'>3128</Data><Data Name='Image'>C:\Windows\Microsoft.NET\Framework64\v4.0.30319\ngen.exe</Data><Data Name='User'>AUTORITE NT\Système</Data></EventData><RenderingInfo Culture='fr-FR'><Message>Process terminated:
RuleName: -
UtcTime: 2025-12-15 13:36:20.169
ProcessGuid: {BF59A455-0ED4-6940-3F03-000000009301}
ProcessId: 3128
Image: C:\Windows\Microsoft.NET\Framework64\v4.0.30319\ngen.exe
User: AUTORITE NT\Système</Message><Level>Information</Level><Task>Process terminated (rule: ProcessTerminate)</Task><Opcode>Informations</Opcode><Channel></Channel><Provider></Provider><Keywords></Keywords></RenderingInfo></Event><Event xmlns='http://schemas.microsoft.com/win/2004/08/events/event'><System><Provider Name='Microsoft-Windows-Sysmon' Guid='{5770385F-C22A-43E0-BF4C-06F5698FFBD9}'/><EventID>5</EventID><Version>3</Version><Level>4</Level><Task>5</Task><Opcode>0</Opcode><Keywords>0x8000000000000000</Keywords><TimeCreated SystemTime='2025-12-15T13:36:20.106341100Z'/><EventRecordID>343</EventRecordID><Correlation/><Execution ProcessID='2620' ThreadID='8520'/><Channel>Microsoft-Windows-Sysmon/Operational</Channel><Computer>DESKTOP-FUN63VP</Computer><Security UserID='S-1-5-18'/></System><EventData><Data Name='RuleName'>-</Data><Data Name='UtcTime'>2025-12-15 13:36:20.105</Data><Data Name='ProcessGuid'>{BF59A455-0E60-6940-FC02-000000009301}</Data><Data Name='ProcessId'>1764</Data><Data Name='Image'>C:\Windows\System32\conhost.exe</Data><Data Name='User'>AUTORITE NT\Système</Data></EventData><RenderingInfo Culture='fr-FR'><Message>Process terminated:
RuleName: -
UtcTime: 2025-12-15 13:36:20.105
ProcessGuid: {BF59A455-0E60-6940-FC02-000000009301}
ProcessId: 1764
Image: C:\Windows\System32\conhost.exe
User: AUTORITE NT\Système</Message><Level>Information</Level><Task>Process terminated (rule: ProcessTerminate)</Task><Opcode>Informations</Opcode><Channel></Channel><Provider></Provider><Keywords></Keywords></RenderingInfo></Event>