<Event xmlns='http://schemas.microsoft.com/win/2004/08/events/event'><System><Provider Name='Microsoft-Windows-Sysmon' Guid='{5770385F-C22A-43E0-BF4C-06F5698FFBD9}'/><EventID>5</EventID><Version>3</Version><Level>4</Level><Task>5</Task><Opcode>0</Opcode><Keywords>0x8000000000000000</Keywords><TimeCreated SystemTime='2025-12-15T13:36:31.125187900Z'/><EventRecordID>414</EventRecordID><Correlation/><Execution ProcessID='2620' ThreadID='8520'/><Channel>Microsoft-Windows-Sysmon/Operational</Channel><Computer>DESKTOP-FUN63VP</Computer><Security UserID='S-1-5-18'/></System><EventData><Data Name='RuleName'>-</Data><Data Name='UtcTime'>2025-12-15 13:36:31.124</Data><Data Name='ProcessGuid'>{BF59A455-0EDE-6940-7F03-000000009301}</Data><Data Name='ProcessId'>8372</Data><Data Name='Image'>C:\Windows\Microsoft.NET\Framework64\v4.0.30319\ngentask.exe</Data><Data Name='User'>DESKTOP-FUN63VP\pc</Data></EventData><RenderingInfo Culture='fr-FR'><Message>Process terminated:
RuleName: -
UtcTime: 2025-12-15 13:36:31.124
ProcessGuid: {BF59A455-0EDE-6940-7F03-000000009301}
ProcessId: 8372
Image: C:\Windows\Microsoft.NET\Framework64\v4.0.30319\ngentask.exe
User: DESKTOP-FUN63VP\pc</Message><Level>Information</Level><Task>Process terminated (rule: ProcessTerminate)</Task><Opcode>Informations</Opcode><Channel></Channel><Provider></Provider><Keywords></Keywords></RenderingInfo></Event><Event xmlns='http://schemas.microsoft.com/win/2004/08/events/event'><System><Provider Name='Microsoft-Windows-Sysmon' Guid='{5770385F-C22A-43E0-BF4C-06F5698FFBD9}'/><EventID>5</EventID><Version>3</Version><Level>4</Level><Task>5</Task><Opcode>0</Opcode><Keywords>0x8000000000000000</Keywords><TimeCreated SystemTime='2025-12-15T13:36:30.978043900Z'/><EventRecordID>413</EventRecordID><Correlation/><Execution ProcessID='2620' ThreadID='8520'/><Channel>Microsoft-Windows-Sysmon/Operational</Channel><Computer>DESKTOP-FUN63VP</Computer><Security UserID='S-1-5-18'/></System><EventData><Data Name='RuleName'>-</Data><Data Name='UtcTime'>2025-12-15 13:36:30.977</Data><Data Name='ProcessGuid'>{BF59A455-0EDE-6940-8603-000000009301}</Data><Data Name='ProcessId'>6216</Data><Data Name='Image'>C:\Windows\Microsoft.NET\Framework\v4.0.30319\ngen.exe</Data><Data Name='User'>AUTORITE NT\Système</Data></EventData><RenderingInfo Culture='fr-FR'><Message>Process terminated:
RuleName: -
UtcTime: 2025-12-15 13:36:30.977
ProcessGuid: {BF59A455-0EDE-6940-8603-000000009301}
ProcessId: 6216
Image: C:\Windows\Microsoft.NET\Framework\v4.0.30319\ngen.exe
User: AUTORITE NT\Système</Message><Level>Information</Level><Task>Process terminated (rule: ProcessTerminate)</Task><Opcode>Informations</Opcode><Channel></Channel><Provider></Provider><Keywords></Keywords></RenderingInfo></Event><Event xmlns='http://schemas.microsoft.com/win/2004/08/events/event'><System><Provider Name='Microsoft-Windows-Sysmon' Guid='{5770385F-C22A-43E0-BF4C-06F5698FFBD9}'/><EventID>5</EventID><Version>3</Version><Level>4</Level><Task>5</Task><Opcode>0</Opcode><Keywords>0x8000000000000000</Keywords><TimeCreated SystemTime='2025-12-15T13:36:30.857266400Z'/><EventRecordID>412</EventRecordID><Correlation/><Execution ProcessID='2620' ThreadID='8520'/><Channel>Microsoft-Windows-Sysmon/Operational</Channel><Computer>DESKTOP-FUN63VP</Computer><Security UserID='S-1-5-18'/></System><EventData><Data Name='RuleName'>-</Data><Data Name='UtcTime'>2025-12-15 13:36:30.856</Data><Data Name='ProcessGuid'>{BF59A455-0EDE-6940-8503-000000009301}</Data><Data Name='ProcessId'>3216</Data><Data Name='Image'>C:\Windows\Microsoft.NET\Framework\v4.0.30319\ngen.exe</Data><Data Name='User'>AUTORITE NT\Système</Data></EventData><RenderingInfo Culture='fr-FR'><Message>Process terminated:
RuleName: -
UtcTime: 2025-12-15 13:36:30.856
ProcessGuid: {BF59A455-0EDE-6940-8503-000000009301}
ProcessId: 3216
Image: C:\Windows\Microsoft.NET\Framework\v4.0.30319\ngen.exe
User: AUTORITE NT\Système</Message><Level>Information</Level><Task>Process terminated (rule: ProcessTerminate)</Task><Opcode>Informations</Opcode><Channel></Channel><Provider></Provider><Keywords></Keywords></RenderingInfo></Event><Event xmlns='http://schemas.microsoft.com/win/2004/08/events/event'><System><Provider Name='Microsoft-Windows-Sysmon' Guid='{5770385F-C22A-43E0-BF4C-06F5698FFBD9}'/><EventID>5</EventID><Version>3</Version><Level>4</Level><Task>5</Task><Opcode>0</Opcode><Keywords>0x8000000000000000</Keywords><TimeCreated SystemTime='2025-12-15T13:36:30.746350400Z'/><EventRecordID>411</EventRecordID><Correlation/><Execution ProcessID='2620' ThreadID='8520'/><Channel>Microsoft-Windows-Sysmon/Operational</Channel><Computer>DESKTOP-FUN63VP</Computer><Security UserID='S-1-5-18'/></System><EventData><Data Name='RuleName'>-</Data><Data Name='UtcTime'>2025-12-15 13:36:30.745</Data><Data Name='ProcessGuid'>{BF59A455-0EDE-6940-8403-000000009301}</Data><Data Name='ProcessId'>4940</Data><Data Name='Image'>C:\Windows\Microsoft.NET\Framework\v4.0.30319\ngen.exe</Data><Data Name='User'>AUTORITE NT\Système</Data></EventData><RenderingInfo Culture='fr-FR'><Message>Process terminated:
RuleName: -
UtcTime: 2025-12-15 13:36:30.745
ProcessGuid: {BF59A455-0EDE-6940-8403-000000009301}
ProcessId: 4940
Image: C:\Windows\Microsoft.NET\Framework\v4.0.30319\ngen.exe
User: AUTORITE NT\Système</Message><Level>Information</Level><Task>Process terminated (rule: ProcessTerminate)</Task><Opcode>Informations</Opcode><Channel></Channel><Provider></Provider><Keywords></Keywords></RenderingInfo></Event><Event xmlns='http://schemas.microsoft.com/win/2004/08/events/event'><System><Provider Name='Microsoft-Windows-Sysmon' Guid='{5770385F-C22A-43E0-BF4C-06F5698FFBD9}'/><EventID>5</EventID><Version>3</Version><Level>4</Level><Task>5</Task><Opcode>0</Opcode><Keywords>0x8000000000000000</Keywords><TimeCreated SystemTime='2025-12-15T13:36:30.636262700Z'/><EventRecordID>410</EventRecordID><Correlation/><Execution ProcessID='2620' ThreadID='8520'/><Channel>Microsoft-Windows-Sysmon/Operational</Channel><Computer>DESKTOP-FUN63VP</Computer><Security UserID='S-1-5-18'/></System><EventData><Data Name='RuleName'>-</Data><Data Name='UtcTime'>2025-12-15 13:36:30.635</Data><Data Name='ProcessGuid'>{BF59A455-0EDE-6940-8303-000000009301}</Data><Data Name='ProcessId'>10200</Data><Data Name='Image'>C:\Windows\Microsoft.NET\Framework\v4.0.30319\ngen.exe</Data><Data Name='User'>AUTORITE NT\Système</Data></EventData><RenderingInfo Culture='fr-FR'><Message>Process terminated:
RuleName: -
UtcTime: 2025-12-15 13:36:30.635
ProcessGuid: {BF59A455-0EDE-6940-8303-000000009301}
ProcessId: 10200
Image: C:\Windows\Microsoft.NET\Framework\v4.0.30319\ngen.exe
User: AUTORITE NT\Système</Message><Level>Information</Level><Task>Process terminated (rule: ProcessTerminate)</Task><Opcode>Informations</Opcode><Channel></Channel><Provider></Provider><Keywords></Keywords></RenderingInfo></Event><Event xmlns='http://schemas.microsoft.com/win/2004/08/events/event'><System><Provider Name='Microsoft-Windows-Sysmon' Guid='{5770385F-C22A-43E0-BF4C-06F5698FFBD9}'/><EventID>5</EventID><Version>3</Version><Level>4</Level><Task>5</Task><Opcode>0</Opcode><Keywords>0x8000000000000000</Keywords><TimeCreated SystemTime='2025-12-15T13:36:30.439805700Z'/><EventRecordID>409</EventRecordID><Correlation/><Execution ProcessID='2620' ThreadID='8520'/><Channel>Microsoft-Windows-Sysmon/Operational</Channel><Computer>DESKTOP-FUN63VP</Computer><Security UserID='S-1-5-18'/></System><EventData><Data Name='RuleName'>-</Data><Data Name='UtcTime'>2025-12-15 13:36:30.439</Data><Data Name='ProcessGuid'>{BF59A455-0EDE-6940-8203-000000009301}</Data><Data Name='ProcessId'>2780</Data><Data Name='Image'>C:\Windows\Microsoft.NET\Framework\v4.0.30319\ngen.exe</Data><Data Name='User'>AUTORITE NT\Système</Data></EventData><RenderingInfo Culture='fr-FR'><Message>Process terminated:
RuleName: -
UtcTime: 2025-12-15 13:36:30.439
ProcessGuid: {BF59A455-0EDE-6940-8203-000000009301}
ProcessId: 2780
Image: C:\Windows\Microsoft.NET\Framework\v4.0.30319\ngen.exe
User: AUTORITE NT\Système</Message><Level>Information</Level><Task>Process terminated (rule: ProcessTerminate)</Task><Opcode>Informations</Opcode><Channel></Channel><Provider></Provider><Keywords></Keywords></RenderingInfo></Event><Event xmlns='http://schemas.microsoft.com/win/2004/08/events/event'><System><Provider Name='Microsoft-Windows-Sysmon' Guid='{5770385F-C22A-43E0-BF4C-06F5698FFBD9}'/><EventID>5</EventID><Version>3</Version><Level>4</Level><Task>5</Task><Opcode>0</Opcode><Keywords>0x8000000000000000</Keywords><TimeCreated SystemTime='2025-12-15T13:36:30.306800400Z'/><EventRecordID>408</EventRecordID><Correlation/><Execution ProcessID='2620' ThreadID='8520'/><Channel>Microsoft-Windows-Sysmon/Operational</Channel><Computer>DESKTOP-FUN63VP</Computer><Security UserID='S-1-5-18'/></System><EventData><Data Name='RuleName'>-</Data><Data Name='UtcTime'>2025-12-15 13:36:30.306</Data><Data Name='ProcessGuid'>{BF59A455-0EDE-6940-8103-000000009301}</Data><Data Name='ProcessId'>1868</Data><Data Name='Image'>C:\Windows\Microsoft.NET\Framework\v4.0.30319\ngen.exe</Data><Data Name='User'>AUTORITE NT\Système</Data></EventData><RenderingInfo Culture='fr-FR'><Message>Process terminated:
RuleName: -
UtcTime: 2025-12-15 13:36:30.306
ProcessGuid: {BF59A455-0EDE-6940-8103-000000009301}
ProcessId: 1868
Image: C:\Windows\Microsoft.NET\Framework\v4.0.30319\ngen.exe
User: AUTORITE NT\Système</Message><Level>Information</Level><Task>Process terminated (rule: ProcessTerminate)</Task><Opcode>Informations</Opcode><Channel></Channel><Provider></Provider><Keywords></Keywords></RenderingInfo></Event><Event xmlns='http://schemas.microsoft.com/win/2004/08/events/event'><System><Provider Name='Microsoft-Windows-Sysmon' Guid='{5770385F-C22A-43E0-BF4C-06F5698FFBD9}'/><EventID>5</EventID><Version>3</Version><Level>4</Level><Task>5</Task><Opcode>0</Opcode><Keywords>0x8000000000000000</Keywords><TimeCreated SystemTime='2025-12-15T13:36:30.068003900Z'/><EventRecordID>407</EventRecordID><Correlation/><Execution ProcessID='2620' ThreadID='8520'/><Channel>Microsoft-Windows-Sysmon/Operational</Channel><Computer>DESKTOP-FUN63VP</Computer><Security UserID='S-1-5-18'/></System><EventData><Data Name='RuleName'>-</Data><Data Name='UtcTime'>2025-12-15 13:36:30.067</Data><Data Name='ProcessGuid'>{BF59A455-0EDD-6940-7E03-000000009301}</Data><Data Name='ProcessId'>8660</Data><Data Name='Image'>C:\Windows\Microsoft.NET\Framework64\v4.0.30319\ngen.exe</Data><Data Name='User'>AUTORITE NT\Système</Data></EventData><RenderingInfo Culture='fr-FR'><Message>Process terminated:
RuleName: -
UtcTime: 2025-12-15 13:36:30.067
ProcessGuid: {BF59A455-0EDD-6940-7E03-000000009301}
ProcessId: 8660
Image: C:\Windows\Microsoft.NET\Framework64\v4.0.30319\ngen.exe
User: AUTORITE NT\Système</Message><Level>Information</Level><Task>Process terminated (rule: ProcessTerminate)</Task><Opcode>Informations</Opcode><Channel></Channel><Provider></Provider><Keywords></Keywords></RenderingInfo></Event><Event xmlns='http://schemas.microsoft.com/win/2004/08/events/event'><System><Provider Name='Microsoft-Windows-Sysmon' Guid='{5770385F-C22A-43E0-BF4C-06F5698FFBD9}'/><EventID>5</EventID><Version>3</Version><Level>4</Level><Task>5</Task><Opcode>0</Opcode><Keywords>0x8000000000000000</Keywords><TimeCreated SystemTime='2025-12-15T13:36:30.025732200Z'/><EventRecordID>406</EventRecordID><Correlation/><Execution ProcessID='2620' ThreadID='8520'/><Channel>Microsoft-Windows-Sysmon/Operational</Channel><Computer>DESKTOP-FUN63VP</Computer><Security UserID='S-1-5-18'/></System><EventData><Data Name='RuleName'>-</Data><Data Name='UtcTime'>2025-12-15 13:36:30.025</Data><Data Name='ProcessGuid'>{BF59A455-0EDD-6940-7D03-000000009301}</Data><Data Name='ProcessId'>296</Data><Data Name='Image'>C:\Windows\Microsoft.NET\Framework\v4.0.30319\ngen.exe</Data><Data Name='User'>AUTORITE NT\Système</Data></EventData><RenderingInfo Culture='fr-FR'><Message>Process terminated:
RuleName: -
UtcTime: 2025-12-15 13:36:30.025
ProcessGuid: {BF59A455-0EDD-6940-7D03-000000009301}
ProcessId: 296
Image: C:\Windows\Microsoft.NET\Framework\v4.0.30319\ngen.exe
User: AUTORITE NT\Système</Message><Level>Information</Level><Task>Process terminated (rule: ProcessTerminate)</Task><Opcode>Informations</Opcode><Channel></Channel><Provider></Provider><Keywords></Keywords></RenderingInfo></Event><Event xmlns='http://schemas.microsoft.com/win/2004/08/events/event'><System><Provider Name='Microsoft-Windows-Sysmon' Guid='{5770385F-C22A-43E0-BF4C-06F5698FFBD9}'/><EventID>5</EventID><Version>3</Version><Level>4</Level><Task>5</Task><Opcode>0</Opcode><Keywords>0x8000000000000000</Keywords><TimeCreated SystemTime='2025-12-15T13:36:29.966076500Z'/><EventRecordID>405</EventRecordID><Correlation/><Execution ProcessID='2620' ThreadID='8520'/><Channel>Microsoft-Windows-Sysmon/Operational</Channel><Computer>DESKTOP-FUN63VP</Computer><Security UserID='S-1-5-18'/></System><EventData><Data Name='RuleName'>-</Data><Data Name='UtcTime'>2025-12-15 13:36:29.965</Data><Data Name='ProcessGuid'>{BF59A455-0EDD-6940-7C03-000000009301}</Data><Data Name='ProcessId'>9952</Data><Data Name='Image'>C:\Windows\Microsoft.NET\Framework64\v4.0.30319\ngen.exe</Data><Data Name='User'>AUTORITE NT\Système</Data></EventData><RenderingInfo Culture='fr-FR'><Message>Process terminated:
RuleName: -
UtcTime: 2025-12-15 13:36:29.965
ProcessGuid: {BF59A455-0EDD-6940-7C03-000000009301}
ProcessId: 9952
Image: C:\Windows\Microsoft.NET\Framework64\v4.0.30319\ngen.exe
User: AUTORITE NT\Système</Message><Level>Information</Level><Task>Process terminated (rule: ProcessTerminate)</Task><Opcode>Informations</Opcode><Channel></Channel><Provider></Provider><Keywords></Keywords></RenderingInfo></Event><Event xmlns='http://schemas.microsoft.com/win/2004/08/events/event'><System><Provider Name='Microsoft-Windows-Sysmon' Guid='{5770385F-C22A-43E0-BF4C-06F5698FFBD9}'/><EventID>5</EventID><Version>3</Version><Level>4</Level><Task>5</Task><Opcode>0</Opcode><Keywords>0x8000000000000000</Keywords><TimeCreated SystemTime='2025-12-15T13:36:29.861776700Z'/><EventRecordID>404</EventRecordID><Correlation/><Execution ProcessID='2620' ThreadID='8520'/><Channel>Microsoft-Windows-Sysmon/Operational</Channel><Computer>DESKTOP-FUN63VP</Computer><Security UserID='S-1-5-18'/></System><EventData><Data Name='RuleName'>-</Data><Data Name='UtcTime'>2025-12-15 13:36:29.861</Data><Data Name='ProcessGuid'>{BF59A455-0EDD-6940-7B03-000000009301}</Data><Data Name='ProcessId'>324</Data><Data Name='Image'>C:\Windows\Microsoft.NET\Framework64\v4.0.30319\ngen.exe</Data><Data Name='User'>AUTORITE NT\Système</Data></EventData><RenderingInfo Culture='fr-FR'><Message>Process terminated:
RuleName: -
UtcTime: 2025-12-15 13:36:29.861
ProcessGuid: {BF59A455-0EDD-6940-7B03-000000009301}
ProcessId: 324
Image: C:\Windows\Microsoft.NET\Framework64\v4.0.30319\ngen.exe
User: AUTORITE NT\Système</Message><Level>Information</Level><Task>Process terminated (rule: ProcessTerminate)</Task><Opcode>Informations</Opcode><Channel></Channel><Provider></Provider><Keywords></Keywords></RenderingInfo></Event><Event xmlns='http://schemas.microsoft.com/win/2004/08/events/event'><System><Provider Name='Microsoft-Windows-Sysmon' Guid='{5770385F-C22A-43E0-BF4C-06F5698FFBD9}'/><EventID>5</EventID><Version>3</Version><Level>4</Level><Task>5</Task><Opcode>0</Opcode><Keywords>0x8000000000000000</Keywords><TimeCreated SystemTime='2025-12-15T13:36:29.821764900Z'/><EventRecordID>403</EventRecordID><Correlation/><Execution ProcessID='2620' ThreadID='8520'/><Channel>Microsoft-Windows-Sysmon/Operational</Channel><Computer>DESKTOP-FUN63VP</Computer><Security UserID='S-1-5-18'/></System><EventData><Data Name='RuleName'>-</Data><Data Name='UtcTime'>2025-12-15 13:36:29.821</Data><Data Name='ProcessGuid'>{BF59A455-0EDD-6940-7A03-000000009301}</Data><Data Name='ProcessId'>224</Data><Data Name='Image'>C:\Windows\Microsoft.NET\Framework\v4.0.30319\ngen.exe</Data><Data Name='User'>AUTORITE NT\Système</Data></EventData><RenderingInfo Culture='fr-FR'><Message>Process terminated:
RuleName: -
UtcTime: 2025-12-15 13:36:29.821
ProcessGuid: {BF59A455-0EDD-6940-7A03-000000009301}
ProcessId: 224
Image: C:\Windows\Microsoft.NET\Framework\v4.0.30319\ngen.exe
User: AUTORITE NT\Système</Message><Level>Information</Level><Task>Process terminated (rule: ProcessTerminate)</Task><Opcode>Informations</Opcode><Channel></Channel><Provider></Provider><Keywords></Keywords></RenderingInfo></Event><Event xmlns='http://schemas.microsoft.com/win/2004/08/events/event'><System><Provider Name='Microsoft-Windows-Sysmon' Guid='{5770385F-C22A-43E0-BF4C-06F5698FFBD9}'/><EventID>5</EventID><Version>3</Version><Level>4</Level><Task>5</Task><Opcode>0</Opcode><Keywords>0x8000000000000000</Keywords><TimeCreated SystemTime='2025-12-15T13:36:29.742615600Z'/><EventRecordID>402</EventRecordID><Correlation/><Execution ProcessID='2620' ThreadID='8520'/><Channel>Microsoft-Windows-Sysmon/Operational</Channel><Computer>DESKTOP-FUN63VP</Computer><Security UserID='S-1-5-18'/></System><EventData><Data Name='RuleName'>-</Data><Data Name='UtcTime'>2025-12-15 13:36:29.741</Data><Data Name='ProcessGuid'>{BF59A455-0EDD-6940-7903-000000009301}</Data><Data Name='ProcessId'>5236</Data><Data Name='Image'>C:\Windows\Microsoft.NET\Framework64\v4.0.30319\ngen.exe</Data><Data Name='User'>AUTORITE NT\Système</Data></EventData><RenderingInfo Culture='fr-FR'><Message>Process terminated:
RuleName: -
UtcTime: 2025-12-15 13:36:29.741
ProcessGuid: {BF59A455-0EDD-6940-7903-000000009301}
ProcessId: 5236
Image: C:\Windows\Microsoft.NET\Framework64\v4.0.30319\ngen.exe
User: AUTORITE NT\Système</Message><Level>Information</Level><Task>Process terminated (rule: ProcessTerminate)</Task><Opcode>Informations</Opcode><Channel></Channel><Provider></Provider><Keywords></Keywords></RenderingInfo></Event><Event xmlns='http://schemas.microsoft.com/win/2004/08/events/event'><System><Provider Name='Microsoft-Windows-Sysmon' Guid='{5770385F-C22A-43E0-BF4C-06F5698FFBD9}'/><EventID>5</EventID><Version>3</Version><Level>4</Level><Task>5</Task><Opcode>0</Opcode><Keywords>0x8000000000000000</Keywords><TimeCreated SystemTime='2025-12-15T13:36:29.679376200Z'/><EventRecordID>401</EventRecordID><Correlation/><Execution ProcessID='2620' ThreadID='8520'/><Channel>Microsoft-Windows-Sysmon/Operational</Channel><Computer>DESKTOP-FUN63VP</Computer><Security UserID='S-1-5-18'/></System><EventData><Data Name='RuleName'>-</Data><Data Name='UtcTime'>2025-12-15 13:36:29.678</Data><Data Name='ProcessGuid'>{BF59A455-0EDD-6940-7803-000000009301}</Data><Data Name='ProcessId'>9688</Data><Data Name='Image'>C:\Windows\Microsoft.NET\Framework\v4.0.30319\ngen.exe</Data><Data Name='User'>AUTORITE NT\Système</Data></EventData><RenderingInfo Culture='fr-FR'><Message>Process terminated:
RuleName: -
UtcTime: 2025-12-15 13:36:29.678
ProcessGuid: {BF59A455-0EDD-6940-7803-000000009301}
ProcessId: 9688
Image: C:\Windows\Microsoft.NET\Framework\v4.0.30319\ngen.exe
User: AUTORITE NT\Système</Message><Level>Information</Level><Task>Process terminated (rule: ProcessTerminate)</Task><Opcode>Informations</Opcode><Channel></Channel><Provider></Provider><Keywords></Keywords></RenderingInfo></Event><Event xmlns='http://schemas.microsoft.com/win/2004/08/events/event'><System><Provider Name='Microsoft-Windows-Sysmon' Guid='{5770385F-C22A-43E0-BF4C-06F5698FFBD9}'/><EventID>5</EventID><Version>3</Version><Level>4</Level><Task>5</Task><Opcode>0</Opcode><Keywords>0x8000000000000000</Keywords><TimeCreated SystemTime='2025-12-15T13:36:29.588377000Z'/><EventRecordID>400</EventRecordID><Correlation/><Execution ProcessID='2620' ThreadID='8520'/><Channel>Microsoft-Windows-Sysmon/Operational</Channel><Computer>DESKTOP-FUN63VP</Computer><Security UserID='S-1-5-18'/></System><EventData><Data Name='RuleName'>-</Data><Data Name='UtcTime'>2025-12-15 13:36:29.587</Data><Data Name='ProcessGuid'>{BF59A455-0EDD-6940-7703-000000009301}</Data><Data Name='ProcessId'>2332</Data><Data Name='Image'>C:\Windows\Microsoft.NET\Framework64\v4.0.30319\ngen.exe</Data><Data Name='User'>AUTORITE NT\Système</Data></EventData><RenderingInfo Culture='fr-FR'><Message>Process terminated:
RuleName: -
UtcTime: 2025-12-15 13:36:29.587
ProcessGuid: {BF59A455-0EDD-6940-7703-000000009301}
ProcessId: 2332
Image: C:\Windows\Microsoft.NET\Framework64\v4.0.30319\ngen.exe
User: AUTORITE NT\Système</Message><Level>Information</Level><Task>Process terminated (rule: ProcessTerminate)</Task><Opcode>Informations</Opcode><Channel></Channel><Provider></Provider><Keywords></Keywords></RenderingInfo></Event><Event xmlns='http://schemas.microsoft.com/win/2004/08/events/event'><System><Provider Name='Microsoft-Windows-Sysmon' Guid='{5770385F-C22A-43E0-BF4C-06F5698FFBD9}'/><EventID>5</EventID><Version>3</Version><Level>4</Level><Task>5</Task><Opcode>0</Opcode><Keywords>0x8000000000000000</Keywords><TimeCreated SystemTime='2025-12-15T13:36:29.530601400Z'/><EventRecordID>399</EventRecordID><Correlation/><Execution ProcessID='2620' ThreadID='8520'/><Channel>Microsoft-Windows-Sysmon/Operational</Channel><Computer>DESKTOP-FUN63VP</Computer><Security UserID='S-1-5-18'/></System><EventData><Data Name='RuleName'>-</Data><Data Name='UtcTime'>2025-12-15 13:36:29.529</Data><Data Name='ProcessGuid'>{BF59A455-0EDD-6940-7603-000000009301}</Data><Data Name='ProcessId'>7868</Data><Data Name='Image'>C:\Windows\Microsoft.NET\Framework\v4.0.30319\ngen.exe</Data><Data Name='User'>AUTORITE NT\Système</Data></EventData><RenderingInfo Culture='fr-FR'><Message>Process terminated:
RuleName: -
UtcTime: 2025-12-15 13:36:29.529
ProcessGuid: {BF59A455-0EDD-6940-7603-000000009301}
ProcessId: 7868
Image: C:\Windows\Microsoft.NET\Framework\v4.0.30319\ngen.exe
User: AUTORITE NT\Système</Message><Level>Information</Level><Task>Process terminated (rule: ProcessTerminate)</Task><Opcode>Informations</Opcode><Channel></Channel><Provider></Provider><Keywords></Keywords></RenderingInfo></Event><Event xmlns='http://schemas.microsoft.com/win/2004/08/events/event'><System><Provider Name='Microsoft-Windows-Sysmon' Guid='{5770385F-C22A-43E0-BF4C-06F5698FFBD9}'/><EventID>5</EventID><Version>3</Version><Level>4</Level><Task>5</Task><Opcode>0</Opcode><Keywords>0x8000000000000000</Keywords><TimeCreated SystemTime='2025-12-15T13:36:29.460731300Z'/><EventRecordID>398</EventRecordID><Correlation/><Execution ProcessID='2620' ThreadID='8520'/><Channel>Microsoft-Windows-Sysmon/Operational</Channel><Computer>DESKTOP-FUN63VP</Computer><Security UserID='S-1-5-18'/></System><EventData><Data Name='RuleName'>-</Data><Data Name='UtcTime'>2025-12-15 13:36:29.460</Data><Data Name='ProcessGuid'>{BF59A455-0EDD-6940-7503-000000009301}</Data><Data Name='ProcessId'>4164</Data><Data Name='Image'>C:\Windows\Microsoft.NET\Framework64\v4.0.30319\ngen.exe</Data><Data Name='User'>AUTORITE NT\Système</Data></EventData><RenderingInfo Culture='fr-FR'><Message>Process terminated:
RuleName: -
UtcTime: 2025-12-15 13:36:29.460
ProcessGuid: {BF59A455-0EDD-6940-7503-000000009301}
ProcessId: 4164
Image: C:\Windows\Microsoft.NET\Framework64\v4.0.30319\ngen.exe
User: AUTORITE NT\Système</Message><Level>Information</Level><Task>Process terminated (rule: ProcessTerminate)</Task><Opcode>Informations</Opcode><Channel></Channel><Provider></Provider><Keywords></Keywords></RenderingInfo></Event><Event xmlns='http://schemas.microsoft.com/win/2004/08/events/event'><System><Provider Name='Microsoft-Windows-Sysmon' Guid='{5770385F-C22A-43E0-BF4C-06F5698FFBD9}'/><EventID>5</EventID><Version>3</Version><Level>4</Level><Task>5</Task><Opcode>0</Opcode><Keywords>0x8000000000000000</Keywords><TimeCreated SystemTime='2025-12-15T13:36:29.403625700Z'/><EventRecordID>397</EventRecordID><Correlation/><Execution ProcessID='2620' ThreadID='8520'/><Channel>Microsoft-Windows-Sysmon/Operational</Channel><Computer>DESKTOP-FUN63VP</Computer><Security UserID='S-1-5-18'/></System><EventData><Data Name='RuleName'>-</Data><Data Name='UtcTime'>2025-12-15 13:36:29.402</Data><Data Name='ProcessGuid'>{BF59A455-0EDD-6940-7403-000000009301}</Data><Data Name='ProcessId'>7156</Data><Data Name='Image'>C:\Windows\Microsoft.NET\Framework\v4.0.30319\ngen.exe</Data><Data Name='User'>AUTORITE NT\Système</Data></EventData><RenderingInfo Culture='fr-FR'><Message>Process terminated:
RuleName: -
UtcTime: 2025-12-15 13:36:29.402
ProcessGuid: {BF59A455-0EDD-6940-7403-000000009301}
ProcessId: 7156
Image: C:\Windows\Microsoft.NET\Framework\v4.0.30319\ngen.exe
User: AUTORITE NT\Système</Message><Level>Information</Level><Task>Process terminated (rule: ProcessTerminate)</Task><Opcode>Informations</Opcode><Channel></Channel><Provider></Provider><Keywords></Keywords></RenderingInfo></Event><Event xmlns='http://schemas.microsoft.com/win/2004/08/events/event'><System><Provider Name='Microsoft-Windows-Sysmon' Guid='{5770385F-C22A-43E0-BF4C-06F5698FFBD9}'/><EventID>5</EventID><Version>3</Version><Level>4</Level><Task>5</Task><Opcode>0</Opcode><Keywords>0x8000000000000000</Keywords><TimeCreated SystemTime='2025-12-15T13:36:29.305709400Z'/><EventRecordID>396</EventRecordID><Correlation/><Execution ProcessID='2620' ThreadID='8520'/><Channel>Microsoft-Windows-Sysmon/Operational</Channel><Computer>DESKTOP-FUN63VP</Computer><Security UserID='S-1-5-18'/></System><EventData><Data Name='RuleName'>-</Data><Data Name='UtcTime'>2025-12-15 13:36:29.305</Data><Data Name='ProcessGuid'>{BF59A455-0EDD-6940-7303-000000009301}</Data><Data Name='ProcessId'>3396</Data><Data Name='Image'>C:\Windows\Microsoft.NET\Framework64\v4.0.30319\ngen.exe</Data><Data Name='User'>AUTORITE NT\Système</Data></EventData><RenderingInfo Culture='fr-FR'><Message>Process terminated:
RuleName: -
UtcTime: 2025-12-15 13:36:29.305
ProcessGuid: {BF59A455-0EDD-6940-7303-000000009301}
ProcessId: 3396
Image: C:\Windows\Microsoft.NET\Framework64\v4.0.30319\ngen.exe
User: AUTORITE NT\Système</Message><Level>Information</Level><Task>Process terminated (rule: ProcessTerminate)</Task><Opcode>Informations</Opcode><Channel></Channel><Provider></Provider><Keywords></Keywords></RenderingInfo></Event><Event xmlns='http://schemas.microsoft.com/win/2004/08/events/event'><System><Provider Name='Microsoft-Windows-Sysmon' Guid='{5770385F-C22A-43E0-BF4C-06F5698FFBD9}'/><EventID>5</EventID><Version>3</Version><Level>4</Level><Task>5</Task><Opcode>0</Opcode><Keywords>0x8000000000000000</Keywords><TimeCreated SystemTime='2025-12-15T13:36:29.258905300Z'/><EventRecordID>395</EventRecordID><Correlation/><Execution ProcessID='2620' ThreadID='8520'/><Channel>Microsoft-Windows-Sysmon/Operational</Channel><Computer>DESKTOP-FUN63VP</Computer><Security UserID='S-1-5-18'/></System><EventData><Data Name='RuleName'>-</Data><Data Name='UtcTime'>2025-12-15 13:36:29.258</Data><Data Name='ProcessGuid'>{BF59A455-0EDD-6940-7203-000000009301}</Data><Data Name='ProcessId'>3852</Data><Data Name='Image'>C:\Windows\Microsoft.NET\Framework\v4.0.30319\ngen.exe</Data><Data Name='User'>AUTORITE NT\Système</Data></EventData><RenderingInfo Culture='fr-FR'><Message>Process terminated:
RuleName: -
UtcTime: 2025-12-15 13:36:29.258
ProcessGuid: {BF59A455-0EDD-6940-7203-000000009301}
ProcessId: 3852
Image: C:\Windows\Microsoft.NET\Framework\v4.0.30319\ngen.exe
User: AUTORITE NT\Système</Message><Level>Information</Level><Task>Process terminated (rule: ProcessTerminate)</Task><Opcode>Informations</Opcode><Channel></Channel><Provider></Provider><Keywords></Keywords></RenderingInfo></Event><Event xmlns='http://schemas.microsoft.com/win/2004/08/events/event'><System><Provider Name='Microsoft-Windows-Sysmon' Guid='{5770385F-C22A-43E0-BF4C-06F5698FFBD9}'/><EventID>5</EventID><Version>3</Version><Level>4</Level><Task>5</Task><Opcode>0</Opcode><Keywords>0x8000000000000000</Keywords><TimeCreated SystemTime='2025-12-15T13:36:29.163629100Z'/><EventRecordID>394</EventRecordID><Correlation/><Execution ProcessID='2620' ThreadID='8520'/><Channel>Microsoft-Windows-Sysmon/Operational</Channel><Computer>DESKTOP-FUN63VP</Computer><Security UserID='S-1-5-18'/></System><EventData><Data Name='RuleName'>-</Data><Data Name='UtcTime'>2025-12-15 13:36:29.162</Data><Data Name='ProcessGuid'>{BF59A455-0EDD-6940-7103-000000009301}</Data><Data Name='ProcessId'>5992</Data><Data Name='Image'>C:\Windows\Microsoft.NET\Framework64\v4.0.30319\ngen.exe</Data><Data Name='User'>AUTORITE NT\Système</Data></EventData><RenderingInfo Culture='fr-FR'><Message>Process terminated:
RuleName: -
UtcTime: 2025-12-15 13:36:29.162
ProcessGuid: {BF59A455-0EDD-6940-7103-000000009301}
ProcessId: 5992
Image: C:\Windows\Microsoft.NET\Framework64\v4.0.30319\ngen.exe
User: AUTORITE NT\Système</Message><Level>Information</Level><Task>Process terminated (rule: ProcessTerminate)</Task><Opcode>Informations</Opcode><Channel></Channel><Provider></Provider><Keywords></Keywords></RenderingInfo></Event><Event xmlns='http://schemas.microsoft.com/win/2004/08/events/event'><System><Provider Name='Microsoft-Windows-Sysmon' Guid='{5770385F-C22A-43E0-BF4C-06F5698FFBD9}'/><EventID>5</EventID><Version>3</Version><Level>4</Level><Task>5</Task><Opcode>0</Opcode><Keywords>0x8000000000000000</Keywords><TimeCreated SystemTime='2025-12-15T13:36:29.106127900Z'/><EventRecordID>393</EventRecordID><Correlation/><Execution ProcessID='2620' ThreadID='8520'/><Channel>Microsoft-Windows-Sysmon/Operational</Channel><Computer>DESKTOP-FUN63VP</Computer><Security UserID='S-1-5-18'/></System><EventData><Data Name='RuleName'>-</Data><Data Name='UtcTime'>2025-12-15 13:36:29.105</Data><Data Name='ProcessGuid'>{BF59A455-0EDC-6940-7003-000000009301}</Data><Data Name='ProcessId'>1432</Data><Data Name='Image'>C:\Windows\Microsoft.NET\Framework\v4.0.30319\ngen.exe</Data><Data Name='User'>AUTORITE NT\Système</Data></EventData><RenderingInfo Culture='fr-FR'><Message>Process terminated:
RuleName: -
UtcTime: 2025-12-15 13:36:29.105
ProcessGuid: {BF59A455-0EDC-6940-7003-000000009301}
ProcessId: 1432
Image: C:\Windows\Microsoft.NET\Framework\v4.0.30319\ngen.exe
User: AUTORITE NT\Système</Message><Level>Information</Level><Task>Process terminated (rule: ProcessTerminate)</Task><Opcode>Informations</Opcode><Channel></Channel><Provider></Provider><Keywords></Keywords></RenderingInfo></Event><Event xmlns='http://schemas.microsoft.com/win/2004/08/events/event'><System><Provider Name='Microsoft-Windows-Sysmon' Guid='{5770385F-C22A-43E0-BF4C-06F5698FFBD9}'/><EventID>5</EventID><Version>3</Version><Level>4</Level><Task>5</Task><Opcode>0</Opcode><Keywords>0x8000000000000000</Keywords><TimeCreated SystemTime='2025-12-15T13:36:29.020790200Z'/><EventRecordID>392</EventRecordID><Correlation/><Execution ProcessID='2620' ThreadID='8520'/><Channel>Microsoft-Windows-Sysmon/Operational</Channel><Computer>DESKTOP-FUN63VP</Computer><Security UserID='S-1-5-18'/></System><EventData><Data Name='RuleName'>-</Data><Data Name='UtcTime'>2025-12-15 13:36:29.020</Data><Data Name='ProcessGuid'>{BF59A455-0EDC-6940-6F03-000000009301}</Data><Data Name='ProcessId'>7528</Data><Data Name='Image'>C:\Windows\Microsoft.NET\Framework64\v4.0.30319\ngen.exe</Data><Data Name='User'>AUTORITE NT\Système</Data></EventData><RenderingInfo Culture='fr-FR'><Message>Process terminated:
RuleName: -
UtcTime: 2025-12-15 13:36:29.020
ProcessGuid: {BF59A455-0EDC-6940-6F03-000000009301}
ProcessId: 7528
Image: C:\Windows\Microsoft.NET\Framework64\v4.0.30319\ngen.exe
User: AUTORITE NT\Système</Message><Level>Information</Level><Task>Process terminated (rule: ProcessTerminate)</Task><Opcode>Informations</Opcode><Channel></Channel><Provider></Provider><Keywords></Keywords></RenderingInfo></Event><Event xmlns='http://schemas.microsoft.com/win/2004/08/events/event'><System><Provider Name='Microsoft-Windows-Sysmon' Guid='{5770385F-C22A-43E0-BF4C-06F5698FFBD9}'/><EventID>5</EventID><Version>3</Version><Level>4</Level><Task>5</Task><Opcode>0</Opcode><Keywords>0x8000000000000000</Keywords><TimeCreated SystemTime='2025-12-15T13:36:28.980595900Z'/><EventRecordID>391</EventRecordID><Correlation/><Execution ProcessID='2620' ThreadID='8520'/><Channel>Microsoft-Windows-Sysmon/Operational</Channel><Computer>DESKTOP-FUN63VP</Computer><Security UserID='S-1-5-18'/></System><EventData><Data Name='RuleName'>-</Data><Data Name='UtcTime'>2025-12-15 13:36:28.979</Data><Data Name='ProcessGuid'>{BF59A455-0EDC-6940-6E03-000000009301}</Data><Data Name='ProcessId'>7292</Data><Data Name='Image'>C:\Windows\Microsoft.NET\Framework\v4.0.30319\ngen.exe</Data><Data Name='User'>AUTORITE NT\Système</Data></EventData><RenderingInfo Culture='fr-FR'><Message>Process terminated:
RuleName: -
UtcTime: 2025-12-15 13:36:28.979
ProcessGuid: {BF59A455-0EDC-6940-6E03-000000009301}
ProcessId: 7292
Image: C:\Windows\Microsoft.NET\Framework\v4.0.30319\ngen.exe
User: AUTORITE NT\Système</Message><Level>Information</Level><Task>Process terminated (rule: ProcessTerminate)</Task><Opcode>Informations</Opcode><Channel></Channel><Provider></Provider><Keywords></Keywords></RenderingInfo></Event><Event xmlns='http://schemas.microsoft.com/win/2004/08/events/event'><System><Provider Name='Microsoft-Windows-Sysmon' Guid='{5770385F-C22A-43E0-BF4C-06F5698FFBD9}'/><EventID>5</EventID><Version>3</Version><Level>4</Level><Task>5</Task><Opcode>0</Opcode><Keywords>0x8000000000000000</Keywords><TimeCreated SystemTime='2025-12-15T13:36:28.857771800Z'/><EventRecordID>390</EventRecordID><Correlation/><Execution ProcessID='2620' ThreadID='8520'/><Channel>Microsoft-Windows-Sysmon/Operational</Channel><Computer>DESKTOP-FUN63VP</Computer><Security UserID='S-1-5-18'/></System><EventData><Data Name='RuleName'>-</Data><Data Name='UtcTime'>2025-12-15 13:36:28.857</Data><Data Name='ProcessGuid'>{BF59A455-0EDC-6940-6D03-000000009301}</Data><Data Name='ProcessId'>6584</Data><Data Name='Image'>C:\Windows\Microsoft.NET\Framework64\v4.0.30319\ngen.exe</Data><Data Name='User'>AUTORITE NT\Système</Data></EventData><RenderingInfo Culture='fr-FR'><Message>Process terminated:
RuleName: -
UtcTime: 2025-12-15 13:36:28.857
ProcessGuid: {BF59A455-0EDC-6940-6D03-000000009301}
ProcessId: 6584
Image: C:\Windows\Microsoft.NET\Framework64\v4.0.30319\ngen.exe
User: AUTORITE NT\Système</Message><Level>Information</Level><Task>Process terminated (rule: ProcessTerminate)</Task><Opcode>Informations</Opcode><Channel></Channel><Provider></Provider><Keywords></Keywords></RenderingInfo></Event><Event xmlns='http://schemas.microsoft.com/win/2004/08/events/event'><System><Provider Name='Microsoft-Windows-Sysmon' Guid='{5770385F-C22A-43E0-BF4C-06F5698FFBD9}'/><EventID>5</EventID><Version>3</Version><Level>4</Level><Task>5</Task><Opcode>0</Opcode><Keywords>0x8000000000000000</Keywords><TimeCreated SystemTime='2025-12-15T13:36:28.835970700Z'/><EventRecordID>389</EventRecordID><Correlation/><Execution ProcessID='2620' ThreadID='8520'/><Channel>Microsoft-Windows-Sysmon/Operational</Channel><Computer>DESKTOP-FUN63VP</Computer><Security UserID='S-1-5-18'/></System><EventData><Data Name='RuleName'>-</Data><Data Name='UtcTime'>2025-12-15 13:36:28.835</Data><Data Name='ProcessGuid'>{BF59A455-0EDC-6940-6C03-000000009301}</Data><Data Name='ProcessId'>920</Data><Data Name='Image'>C:\Windows\Microsoft.NET\Framework\v4.0.30319\ngen.exe</Data><Data Name='User'>AUTORITE NT\Système</Data></EventData><RenderingInfo Culture='fr-FR'><Message>Process terminated:
RuleName: -
UtcTime: 2025-12-15 13:36:28.835
ProcessGuid: {BF59A455-0EDC-6940-6C03-000000009301}
ProcessId: 920
Image: C:\Windows\Microsoft.NET\Framework\v4.0.30319\ngen.exe
User: AUTORITE NT\Système</Message><Level>Information</Level><Task>Process terminated (rule: ProcessTerminate)</Task><Opcode>Informations</Opcode><Channel></Channel><Provider></Provider><Keywords></Keywords></RenderingInfo></Event><Event xmlns='http://schemas.microsoft.com/win/2004/08/events/event'><System><Provider Name='Microsoft-Windows-Sysmon' Guid='{5770385F-C22A-43E0-BF4C-06F5698FFBD9}'/><EventID>5</EventID><Version>3</Version><Level>4</Level><Task>5</Task><Opcode>0</Opcode><Keywords>0x8000000000000000</Keywords><TimeCreated SystemTime='2025-12-15T13:36:28.728143800Z'/><EventRecordID>388</EventRecordID><Correlation/><Execution ProcessID='2620' ThreadID='8520'/><Channel>Microsoft-Windows-Sysmon/Operational</Channel><Computer>DESKTOP-FUN63VP</Computer><Security UserID='S-1-5-18'/></System><EventData><Data Name='RuleName'>-</Data><Data Name='UtcTime'>2025-12-15 13:36:28.727</Data><Data Name='ProcessGuid'>{BF59A455-0EDC-6940-6B03-000000009301}</Data><Data Name='ProcessId'>7648</Data><Data Name='Image'>C:\Windows\Microsoft.NET\Framework64\v4.0.30319\ngen.exe</Data><Data Name='User'>AUTORITE NT\Système</Data></EventData><RenderingInfo Culture='fr-FR'><Message>Process terminated:
RuleName: -
UtcTime: 2025-12-15 13:36:28.727
ProcessGuid: {BF59A455-0EDC-6940-6B03-000000009301}
ProcessId: 7648
Image: C:\Windows\Microsoft.NET\Framework64\v4.0.30319\ngen.exe
User: AUTORITE NT\Système</Message><Level>Information</Level><Task>Process terminated (rule: ProcessTerminate)</Task><Opcode>Informations</Opcode><Channel></Channel><Provider></Provider><Keywords></Keywords></RenderingInfo></Event><Event xmlns='http://schemas.microsoft.com/win/2004/08/events/event'><System><Provider Name='Microsoft-Windows-Sysmon' Guid='{5770385F-C22A-43E0-BF4C-06F5698FFBD9}'/><EventID>5</EventID><Version>3</Version><Level>4</Level><Task>5</Task><Opcode>0</Opcode><Keywords>0x8000000000000000</Keywords><TimeCreated SystemTime='2025-12-15T13:36:28.685180100Z'/><EventRecordID>387</EventRecordID><Correlation/><Execution ProcessID='2620' ThreadID='8520'/><Channel>Microsoft-Windows-Sysmon/Operational</Channel><Computer>DESKTOP-FUN63VP</Computer><Security UserID='S-1-5-18'/></System><EventData><Data Name='RuleName'>-</Data><Data Name='UtcTime'>2025-12-15 13:36:28.683</Data><Data Name='ProcessGuid'>{BF59A455-0EDC-6940-6A03-000000009301}</Data><Data Name='ProcessId'>10192</Data><Data Name='Image'>C:\Windows\Microsoft.NET\Framework\v4.0.30319\ngen.exe</Data><Data Name='User'>AUTORITE NT\Système</Data></EventData><RenderingInfo Culture='fr-FR'><Message>Process terminated:
RuleName: -
UtcTime: 2025-12-15 13:36:28.683
ProcessGuid: {BF59A455-0EDC-6940-6A03-000000009301}
ProcessId: 10192
Image: C:\Windows\Microsoft.NET\Framework\v4.0.30319\ngen.exe
User: AUTORITE NT\Système</Message><Level>Information</Level><Task>Process terminated (rule: ProcessTerminate)</Task><Opcode>Informations</Opcode><Channel></Channel><Provider></Provider><Keywords></Keywords></RenderingInfo></Event><Event xmlns='http://schemas.microsoft.com/win/2004/08/events/event'><System><Provider Name='Microsoft-Windows-Sysmon' Guid='{5770385F-C22A-43E0-BF4C-06F5698FFBD9}'/><EventID>5</EventID><Version>3</Version><Level>4</Level><Task>5</Task><Opcode>0</Opcode><Keywords>0x8000000000000000</Keywords><TimeCreated SystemTime='2025-12-15T13:36:28.584870000Z'/><EventRecordID>386</EventRecordID><Correlation/><Execution ProcessID='2620' ThreadID='8520'/><Channel>Microsoft-Windows-Sysmon/Operational</Channel><Computer>DESKTOP-FUN63VP</Computer><Security UserID='S-1-5-18'/></System><EventData><Data Name='RuleName'>-</Data><Data Name='UtcTime'>2025-12-15 13:36:28.584</Data><Data Name='ProcessGuid'>{BF59A455-0EDC-6940-6903-000000009301}</Data><Data Name='ProcessId'>8740</Data><Data Name='Image'>C:\Windows\Microsoft.NET\Framework64\v4.0.30319\ngen.exe</Data><Data Name='User'>AUTORITE NT\Système</Data></EventData><RenderingInfo Culture='fr-FR'><Message>Process terminated:
RuleName: -
UtcTime: 2025-12-15 13:36:28.584
ProcessGuid: {BF59A455-0EDC-6940-6903-000000009301}
ProcessId: 8740
Image: C:\Windows\Microsoft.NET\Framework64\v4.0.30319\ngen.exe
User: AUTORITE NT\Système</Message><Level>Information</Level><Task>Process terminated (rule: ProcessTerminate)</Task><Opcode>Informations</Opcode><Channel></Channel><Provider></Provider><Keywords></Keywords></RenderingInfo></Event><Event xmlns='http://schemas.microsoft.com/win/2004/08/events/event'><System><Provider Name='Microsoft-Windows-Sysmon' Guid='{5770385F-C22A-43E0-BF4C-06F5698FFBD9}'/><EventID>5</EventID><Version>3</Version><Level>4</Level><Task>5</Task><Opcode>0</Opcode><Keywords>0x8000000000000000</Keywords><TimeCreated SystemTime='2025-12-15T13:36:28.545205200Z'/><EventRecordID>385</EventRecordID><Correlation/><Execution ProcessID='2620' ThreadID='8520'/><Channel>Microsoft-Windows-Sysmon/Operational</Channel><Computer>DESKTOP-FUN63VP</Computer><Security UserID='S-1-5-18'/></System><EventData><Data Name='RuleName'>-</Data><Data Name='UtcTime'>2025-12-15 13:36:28.544</Data><Data Name='ProcessGuid'>{BF59A455-0EDC-6940-6803-000000009301}</Data><Data Name='ProcessId'>7936</Data><Data Name='Image'>C:\Windows\Microsoft.NET\Framework\v4.0.30319\ngen.exe</Data><Data Name='User'>AUTORITE NT\Système</Data></EventData><RenderingInfo Culture='fr-FR'><Message>Process terminated:
RuleName: -
UtcTime: 2025-12-15 13:36:28.544
ProcessGuid: {BF59A455-0EDC-6940-6803-000000009301}
ProcessId: 7936
Image: C:\Windows\Microsoft.NET\Framework\v4.0.30319\ngen.exe
User: AUTORITE NT\Système</Message><Level>Information</Level><Task>Process terminated (rule: ProcessTerminate)</Task><Opcode>Informations</Opcode><Channel></Channel><Provider></Provider><Keywords></Keywords></RenderingInfo></Event><Event xmlns='http://schemas.microsoft.com/win/2004/08/events/event'><System><Provider Name='Microsoft-Windows-Sysmon' Guid='{5770385F-C22A-43E0-BF4C-06F5698FFBD9}'/><EventID>5</EventID><Version>3</Version><Level>4</Level><Task>5</Task><Opcode>0</Opcode><Keywords>0x8000000000000000</Keywords><TimeCreated SystemTime='2025-12-15T13:36:28.445382800Z'/><EventRecordID>384</EventRecordID><Correlation/><Execution ProcessID='2620' ThreadID='8520'/><Channel>Microsoft-Windows-Sysmon/Operational</Channel><Computer>DESKTOP-FUN63VP</Computer><Security UserID='S-1-5-18'/></System><EventData><Data Name='RuleName'>-</Data><Data Name='UtcTime'>2025-12-15 13:36:28.444</Data><Data Name='ProcessGuid'>{BF59A455-0EDC-6940-6703-000000009301}</Data><Data Name='ProcessId'>204</Data><Data Name='Image'>C:\Windows\Microsoft.NET\Framework64\v4.0.30319\ngen.exe</Data><Data Name='User'>AUTORITE NT\Système</Data></EventData><RenderingInfo Culture='fr-FR'><Message>Process terminated:
RuleName: -
UtcTime: 2025-12-15 13:36:28.444
ProcessGuid: {BF59A455-0EDC-6940-6703-000000009301}
ProcessId: 204
Image: C:\Windows\Microsoft.NET\Framework64\v4.0.30319\ngen.exe
User: AUTORITE NT\Système</Message><Level>Information</Level><Task>Process terminated (rule: ProcessTerminate)</Task><Opcode>Informations</Opcode><Channel></Channel><Provider></Provider><Keywords></Keywords></RenderingInfo></Event><Event xmlns='http://schemas.microsoft.com/win/2004/08/events/event'><System><Provider Name='Microsoft-Windows-Sysmon' Guid='{5770385F-C22A-43E0-BF4C-06F5698FFBD9}'/><EventID>5</EventID><Version>3</Version><Level>4</Level><Task>5</Task><Opcode>0</Opcode><Keywords>0x8000000000000000</Keywords><TimeCreated SystemTime='2025-12-15T13:36:28.395656700Z'/><EventRecordID>383</EventRecordID><Correlation/><Execution ProcessID='2620' ThreadID='8520'/><Channel>Microsoft-Windows-Sysmon/Operational</Channel><Computer>DESKTOP-FUN63VP</Computer><Security UserID='S-1-5-18'/></System><EventData><Data Name='RuleName'>-</Data><Data Name='UtcTime'>2025-12-15 13:36:28.394</Data><Data Name='ProcessGuid'>{BF59A455-0EDC-6940-6603-000000009301}</Data><Data Name='ProcessId'>4088</Data><Data Name='Image'>C:\Windows\Microsoft.NET\Framework\v4.0.30319\ngen.exe</Data><Data Name='User'>AUTORITE NT\Système</Data></EventData><RenderingInfo Culture='fr-FR'><Message>Process terminated:
RuleName: -
UtcTime: 2025-12-15 13:36:28.394
ProcessGuid: {BF59A455-0EDC-6940-6603-000000009301}
ProcessId: 4088
Image: C:\Windows\Microsoft.NET\Framework\v4.0.30319\ngen.exe
User: AUTORITE NT\Système</Message><Level>Information</Level><Task>Process terminated (rule: ProcessTerminate)</Task><Opcode>Informations</Opcode><Channel></Channel><Provider></Provider><Keywords></Keywords></RenderingInfo></Event><Event xmlns='http://schemas.microsoft.com/win/2004/08/events/event'><System><Provider Name='Microsoft-Windows-Sysmon' Guid='{5770385F-C22A-43E0-BF4C-06F5698FFBD9}'/><EventID>5</EventID><Version>3</Version><Level>4</Level><Task>5</Task><Opcode>0</Opcode><Keywords>0x8000000000000000</Keywords><TimeCreated SystemTime='2025-12-15T13:36:28.305205900Z'/><EventRecordID>382</EventRecordID><Correlation/><Execution ProcessID='2620' ThreadID='8520'/><Channel>Microsoft-Windows-Sysmon/Operational</Channel><Computer>DESKTOP-FUN63VP</Computer><Security UserID='S-1-5-18'/></System><EventData><Data Name='RuleName'>-</Data><Data Name='UtcTime'>2025-12-15 13:36:28.304</Data><Data Name='ProcessGuid'>{BF59A455-0EDC-6940-6503-000000009301}</Data><Data Name='ProcessId'>9396</Data><Data Name='Image'>C:\Windows\Microsoft.NET\Framework64\v4.0.30319\ngen.exe</Data><Data Name='User'>AUTORITE NT\Système</Data></EventData><RenderingInfo Culture='fr-FR'><Message>Process terminated:
RuleName: -
UtcTime: 2025-12-15 13:36:28.304
ProcessGuid: {BF59A455-0EDC-6940-6503-000000009301}
ProcessId: 9396
Image: C:\Windows\Microsoft.NET\Framework64\v4.0.30319\ngen.exe
User: AUTORITE NT\Système</Message><Level>Information</Level><Task>Process terminated (rule: ProcessTerminate)</Task><Opcode>Informations</Opcode><Channel></Channel><Provider></Provider><Keywords></Keywords></RenderingInfo></Event><Event xmlns='http://schemas.microsoft.com/win/2004/08/events/event'><System><Provider Name='Microsoft-Windows-Sysmon' Guid='{5770385F-C22A-43E0-BF4C-06F5698FFBD9}'/><EventID>5</EventID><Version>3</Version><Level>4</Level><Task>5</Task><Opcode>0</Opcode><Keywords>0x8000000000000000</Keywords><TimeCreated SystemTime='2025-12-15T13:36:28.243468100Z'/><EventRecordID>381</EventRecordID><Correlation/><Execution ProcessID='2620' ThreadID='8520'/><Channel>Microsoft-Windows-Sysmon/Operational</Channel><Computer>DESKTOP-FUN63VP</Computer><Security UserID='S-1-5-18'/></System><EventData><Data Name='RuleName'>-</Data><Data Name='UtcTime'>2025-12-15 13:36:28.242</Data><Data Name='ProcessGuid'>{BF59A455-0EDC-6940-6403-000000009301}</Data><Data Name='ProcessId'>1008</Data><Data Name='Image'>C:\Windows\Microsoft.NET\Framework\v4.0.30319\ngen.exe</Data><Data Name='User'>AUTORITE NT\Système</Data></EventData><RenderingInfo Culture='fr-FR'><Message>Process terminated:
RuleName: -
UtcTime: 2025-12-15 13:36:28.242
ProcessGuid: {BF59A455-0EDC-6940-6403-000000009301}
ProcessId: 1008
Image: C:\Windows\Microsoft.NET\Framework\v4.0.30319\ngen.exe
User: AUTORITE NT\Système</Message><Level>Information</Level><Task>Process terminated (rule: ProcessTerminate)</Task><Opcode>Informations</Opcode><Channel></Channel><Provider></Provider><Keywords></Keywords></RenderingInfo></Event><Event xmlns='http://schemas.microsoft.com/win/2004/08/events/event'><System><Provider Name='Microsoft-Windows-Sysmon' Guid='{5770385F-C22A-43E0-BF4C-06F5698FFBD9}'/><EventID>5</EventID><Version>3</Version><Level>4</Level><Task>5</Task><Opcode>0</Opcode><Keywords>0x8000000000000000</Keywords><TimeCreated SystemTime='2025-12-15T13:36:28.191778100Z'/><EventRecordID>380</EventRecordID><Correlation/><Execution ProcessID='2620' ThreadID='8520'/><Channel>Microsoft-Windows-Sysmon/Operational</Channel><Computer>DESKTOP-FUN63VP</Computer><Security UserID='S-1-5-18'/></System><EventData><Data Name='RuleName'>-</Data><Data Name='UtcTime'>2025-12-15 13:36:28.191</Data><Data Name='ProcessGuid'>{BF59A455-0EDC-6940-6303-000000009301}</Data><Data Name='ProcessId'>3176</Data><Data Name='Image'>C:\Windows\Microsoft.NET\Framework64\v4.0.30319\ngen.exe</Data><Data Name='User'>AUTORITE NT\Système</Data></EventData><RenderingInfo Culture='fr-FR'><Message>Process terminated:
RuleName: -
UtcTime: 2025-12-15 13:36:28.191
ProcessGuid: {BF59A455-0EDC-6940-6303-000000009301}
ProcessId: 3176
Image: C:\Windows\Microsoft.NET\Framework64\v4.0.30319\ngen.exe
User: AUTORITE NT\Système</Message><Level>Information</Level><Task>Process terminated (rule: ProcessTerminate)</Task><Opcode>Informations</Opcode><Channel></Channel><Provider></Provider><Keywords></Keywords></RenderingInfo></Event><Event xmlns='http://schemas.microsoft.com/win/2004/08/events/event'><System><Provider Name='Microsoft-Windows-Sysmon' Guid='{5770385F-C22A-43E0-BF4C-06F5698FFBD9}'/><EventID>5</EventID><Version>3</Version><Level>4</Level><Task>5</Task><Opcode>0</Opcode><Keywords>0x8000000000000000</Keywords><TimeCreated SystemTime='2025-12-15T13:36:28.086286100Z'/><EventRecordID>379</EventRecordID><Correlation/><Execution ProcessID='2620' ThreadID='8520'/><Channel>Microsoft-Windows-Sysmon/Operational</Channel><Computer>DESKTOP-FUN63VP</Computer><Security UserID='S-1-5-18'/></System><EventData><Data Name='RuleName'>-</Data><Data Name='UtcTime'>2025-12-15 13:36:28.085</Data><Data Name='ProcessGuid'>{BF59A455-0EDB-6940-6203-000000009301}</Data><Data Name='ProcessId'>9720</Data><Data Name='Image'>C:\Windows\Microsoft.NET\Framework\v4.0.30319\ngen.exe</Data><Data Name='User'>AUTORITE NT\Système</Data></EventData><RenderingInfo Culture='fr-FR'><Message>Process terminated:
RuleName: -
UtcTime: 2025-12-15 13:36:28.085
ProcessGuid: {BF59A455-0EDB-6940-6203-000000009301}
ProcessId: 9720
Image: C:\Windows\Microsoft.NET\Framework\v4.0.30319\ngen.exe
User: AUTORITE NT\Système</Message><Level>Information</Level><Task>Process terminated (rule: ProcessTerminate)</Task><Opcode>Informations</Opcode><Channel></Channel><Provider></Provider><Keywords></Keywords></RenderingInfo></Event>