{
    "Id":  5,
    "Version":  3,
    "Qualifiers":  null,
    "Level":  4,
    "Task":  5,
    "Opcode":  0,
    "Keywords":  -9223372036854775808,
    "RecordId":  622,
    "ProviderName":  "Microsoft-Windows-Sysmon",
    "ProviderId":  "5770385f-c22a-43e0-bf4c-06f5698ffbd9",
    "LogName":  "Microsoft-Windows-Sysmon/Operational",
    "ProcessId":  2620,
    "ThreadId":  8520,
    "MachineName":  "DESKTOP-FUN63VP",
    "UserId":  {
                   "BinaryLength":  12,
                   "AccountDomainSid":  null,
                   "Value":  "S-1-5-18"
               },
    "TimeCreated":  "\/Date(1765809472274)\/",
    "ActivityId":  null,
    "RelatedActivityId":  null,
    "ContainerLog":  "Microsoft-Windows-Sysmon/Operational",
    "MatchedQueryIds":  [

                        ],
    "Bookmark":  {

                 },
    "LevelDisplayName":  "Information",
    "OpcodeDisplayName":  "Informations",
    "TaskDisplayName":  "Process terminated (rule: ProcessTerminate)",
    "KeywordsDisplayNames":  [

                             ],
    "Properties":  [
                       {
                           "Value":  "-"
                       },
                       {
                           "Value":  "2025-12-15 14:37:52.272"
                       },
                       {
                           "Value":  "bf59a455-1d3c-6940-5604-000000009301"
                       },
                       {
                           "Value":  8660
                       },
                       {
                           "Value":  "C:\\Program Files\\Google\\Chrome\\Application\\chrome.exe"
                       },
                       {
                           "Value":  "DESKTOP-FUN63VP\\pc"
                       }
                   ],
    "Message":  "Process terminated:\r\nRuleName: -\r\nUtcTime: 2025-12-15 14:37:52.272\r\nProcessGuid: {BF59A455-1D3C-6940-5604-000000009301}\r\nProcessId: 8660\r\nImage: C:\\Program Files\\Google\\Chrome\\Application\\chrome.exe\r\nUser: DESKTOP-FUN63VP\\pc"
}
{
    "Id":  5,
    "Version":  3,
    "Qualifiers":  null,
    "Level":  4,
    "Task":  5,
    "Opcode":  0,
    "Keywords":  -9223372036854775808,
    "RecordId":  621,
    "ProviderName":  "Microsoft-Windows-Sysmon",
    "ProviderId":  "5770385f-c22a-43e0-bf4c-06f5698ffbd9",
    "LogName":  "Microsoft-Windows-Sysmon/Operational",
    "ProcessId":  2620,
    "ThreadId":  8520,
    "MachineName":  "DESKTOP-FUN63VP",
    "UserId":  {
                   "BinaryLength":  12,
                   "AccountDomainSid":  null,
                   "Value":  "S-1-5-18"
               },
    "TimeCreated":  "\/Date(1765809466368)\/",
    "ActivityId":  null,
    "RelatedActivityId":  null,
    "ContainerLog":  "Microsoft-Windows-Sysmon/Operational",
    "MatchedQueryIds":  [

                        ],
    "Bookmark":  {

                 },
    "LevelDisplayName":  "Information",
    "OpcodeDisplayName":  "Informations",
    "TaskDisplayName":  "Process terminated (rule: ProcessTerminate)",
    "KeywordsDisplayNames":  [

                             ],
    "Properties":  [
                       {
                           "Value":  "-"
                       },
                       {
                           "Value":  "2025-12-15 14:37:46.367"
                       },
                       {
                           "Value":  "bf59a455-1cfd-6940-4704-000000009301"
                       },
                       {
                           "Value":  7976
                       },
                       {
                           "Value":  "C:\\Windows\\System32\\backgroundTaskHost.exe"
                       },
                       {
                           "Value":  "DESKTOP-FUN63VP\\pc"
                       }
                   ],
    "Message":  "Process terminated:\r\nRuleName: -\r\nUtcTime: 2025-12-15 14:37:46.367\r\nProcessGuid: {BF59A455-1CFD-6940-4704-000000009301}\r\nProcessId: 7976\r\nImage: C:\\Windows\\System32\\backgroundTaskHost.exe\r\nUser: DESKTOP-FUN63VP\\pc"
}
{
    "Id":  5,
    "Version":  3,
    "Qualifiers":  null,
    "Level":  4,
    "Task":  5,
    "Opcode":  0,
    "Keywords":  -9223372036854775808,
    "RecordId":  620,
    "ProviderName":  "Microsoft-Windows-Sysmon",
    "ProviderId":  "5770385f-c22a-43e0-bf4c-06f5698ffbd9",
    "LogName":  "Microsoft-Windows-Sysmon/Operational",
    "ProcessId":  2620,
    "ThreadId":  8520,
    "MachineName":  "DESKTOP-FUN63VP",
    "UserId":  {
                   "BinaryLength":  12,
                   "AccountDomainSid":  null,
                   "Value":  "S-1-5-18"
               },
    "TimeCreated":  "\/Date(1765809458829)\/",
    "ActivityId":  null,
    "RelatedActivityId":  null,
    "ContainerLog":  "Microsoft-Windows-Sysmon/Operational",
    "MatchedQueryIds":  [

                        ],
    "Bookmark":  {

                 },
    "LevelDisplayName":  "Information",
    "OpcodeDisplayName":  "Informations",
    "TaskDisplayName":  "Process terminated (rule: ProcessTerminate)",
    "KeywordsDisplayNames":  [

                             ],
    "Properties":  [
                       {
                           "Value":  "-"
                       },
                       {
                           "Value":  "2025-12-15 14:37:38.783"
                       },
                       {
                           "Value":  "bf59a455-1d32-6940-5004-000000009301"
                       },
                       {
                           "Value":  1508
                       },
                       {
                           "Value":  "C:\\Program Files\\Google\\Chrome\\Application\\138.0.7204.158\\elevation_service.exe"
                       },
                       {
                           "Value":  "AUTORITE NT\\Système"
                       }
                   ],
    "Message":  "Process terminated:\r\nRuleName: -\r\nUtcTime: 2025-12-15 14:37:38.783\r\nProcessGuid: {BF59A455-1D32-6940-5004-000000009301}\r\nProcessId: 1508\r\nImage: C:\\Program Files\\Google\\Chrome\\Application\\138.0.7204.158\\elevation_service.exe\r\nUser: AUTORITE NT\\Système"
}
{
    "Id":  5,
    "Version":  3,
    "Qualifiers":  null,
    "Level":  4,
    "Task":  5,
    "Opcode":  0,
    "Keywords":  -9223372036854775808,
    "RecordId":  619,
    "ProviderName":  "Microsoft-Windows-Sysmon",
    "ProviderId":  "5770385f-c22a-43e0-bf4c-06f5698ffbd9",
    "LogName":  "Microsoft-Windows-Sysmon/Operational",
    "ProcessId":  2620,
    "ThreadId":  8520,
    "MachineName":  "DESKTOP-FUN63VP",
    "UserId":  {
                   "BinaryLength":  12,
                   "AccountDomainSid":  null,
                   "Value":  "S-1-5-18"
               },
    "TimeCreated":  "\/Date(1765809432256)\/",
    "ActivityId":  null,
    "RelatedActivityId":  null,
    "ContainerLog":  "Microsoft-Windows-Sysmon/Operational",
    "MatchedQueryIds":  [

                        ],
    "Bookmark":  {

                 },
    "LevelDisplayName":  "Information",
    "OpcodeDisplayName":  "Informations",
    "TaskDisplayName":  "Process terminated (rule: ProcessTerminate)",
    "KeywordsDisplayNames":  [

                             ],
    "Properties":  [
                       {
                           "Value":  "-"
                       },
                       {
                           "Value":  "2025-12-15 14:37:12.255"
                       },
                       {
                           "Value":  "bf59a455-1cf9-6940-4504-000000009301"
                       },
                       {
                           "Value":  2120
                       },
                       {
                           "Value":  "C:\\Users\\pc\\AppData\\Local\\Programs\\Opera\\opera.exe"
                       },
                       {
                           "Value":  "DESKTOP-FUN63VP\\pc"
                       }
                   ],
    "Message":  "Process terminated:\r\nRuleName: -\r\nUtcTime: 2025-12-15 14:37:12.255\r\nProcessGuid: {BF59A455-1CF9-6940-4504-000000009301}\r\nProcessId: 2120\r\nImage: C:\\Users\\pc\\AppData\\Local\\Programs\\Opera\\opera.exe\r\nUser: DESKTOP-FUN63VP\\pc"
}
{
    "Id":  5,
    "Version":  3,
    "Qualifiers":  null,
    "Level":  4,
    "Task":  5,
    "Opcode":  0,
    "Keywords":  -9223372036854775808,
    "RecordId":  618,
    "ProviderName":  "Microsoft-Windows-Sysmon",
    "ProviderId":  "5770385f-c22a-43e0-bf4c-06f5698ffbd9",
    "LogName":  "Microsoft-Windows-Sysmon/Operational",
    "ProcessId":  2620,
    "ThreadId":  8520,
    "MachineName":  "DESKTOP-FUN63VP",
    "UserId":  {
                   "BinaryLength":  12,
                   "AccountDomainSid":  null,
                   "Value":  "S-1-5-18"
               },
    "TimeCreated":  "\/Date(1765809406497)\/",
    "ActivityId":  null,
    "RelatedActivityId":  null,
    "ContainerLog":  "Microsoft-Windows-Sysmon/Operational",
    "MatchedQueryIds":  [

                        ],
    "Bookmark":  {

                 },
    "LevelDisplayName":  "Information",
    "OpcodeDisplayName":  "Informations",
    "TaskDisplayName":  "Process terminated (rule: ProcessTerminate)",
    "KeywordsDisplayNames":  [

                             ],
    "Properties":  [
                       {
                           "Value":  "-"
                       },
                       {
                           "Value":  "2025-12-15 14:36:46.497"
                       },
                       {
                           "Value":  "bf59a455-1cfd-6940-4604-000000009301"
                       },
                       {
                           "Value":  7272
                       },
                       {
                           "Value":  "C:\\Windows\\System32\\backgroundTaskHost.exe"
                       },
                       {
                           "Value":  "DESKTOP-FUN63VP\\pc"
                       }
                   ],
    "Message":  "Process terminated:\r\nRuleName: -\r\nUtcTime: 2025-12-15 14:36:46.497\r\nProcessGuid: {BF59A455-1CFD-6940-4604-000000009301}\r\nProcessId: 7272\r\nImage: C:\\Windows\\System32\\backgroundTaskHost.exe\r\nUser: DESKTOP-FUN63VP\\pc"
}
{
    "Id":  5,
    "Version":  3,
    "Qualifiers":  null,
    "Level":  4,
    "Task":  5,
    "Opcode":  0,
    "Keywords":  -9223372036854775808,
    "RecordId":  617,
    "ProviderName":  "Microsoft-Windows-Sysmon",
    "ProviderId":  "5770385f-c22a-43e0-bf4c-06f5698ffbd9",
    "LogName":  "Microsoft-Windows-Sysmon/Operational",
    "ProcessId":  2620,
    "ThreadId":  8520,
    "MachineName":  "DESKTOP-FUN63VP",
    "UserId":  {
                   "BinaryLength":  12,
                   "AccountDomainSid":  null,
                   "Value":  "S-1-5-18"
               },
    "TimeCreated":  "\/Date(1765809402842)\/",
    "ActivityId":  null,
    "RelatedActivityId":  null,
    "ContainerLog":  "Microsoft-Windows-Sysmon/Operational",
    "MatchedQueryIds":  [

                        ],
    "Bookmark":  {

                 },
    "LevelDisplayName":  "Information",
    "OpcodeDisplayName":  "Informations",
    "TaskDisplayName":  "Process terminated (rule: ProcessTerminate)",
    "KeywordsDisplayNames":  [

                             ],
    "Properties":  [
                       {
                           "Value":  "-"
                       },
                       {
                           "Value":  "2025-12-15 14:36:42.840"
                       },
                       {
                           "Value":  "bf59a455-1c3e-6940-3a04-000000009301"
                       },
                       {
                           "Value":  1320
                       },
                       {
                           "Value":  "C:\\Windows\\System32\\SearchFilterHost.exe"
                       },
                       {
                           "Value":  "AUTORITE NT\\Système"
                       }
                   ],
    "Message":  "Process terminated:\r\nRuleName: -\r\nUtcTime: 2025-12-15 14:36:42.840\r\nProcessGuid: {BF59A455-1C3E-6940-3A04-000000009301}\r\nProcessId: 1320\r\nImage: C:\\Windows\\System32\\SearchFilterHost.exe\r\nUser: AUTORITE NT\\Système"
}
{
    "Id":  5,
    "Version":  3,
    "Qualifiers":  null,
    "Level":  4,
    "Task":  5,
    "Opcode":  0,
    "Keywords":  -9223372036854775808,
    "RecordId":  616,
    "ProviderName":  "Microsoft-Windows-Sysmon",
    "ProviderId":  "5770385f-c22a-43e0-bf4c-06f5698ffbd9",
    "LogName":  "Microsoft-Windows-Sysmon/Operational",
    "ProcessId":  2620,
    "ThreadId":  8520,
    "MachineName":  "DESKTOP-FUN63VP",
    "UserId":  {
                   "BinaryLength":  12,
                   "AccountDomainSid":  null,
                   "Value":  "S-1-5-18"
               },
    "TimeCreated":  "\/Date(1765809402815)\/",
    "ActivityId":  null,
    "RelatedActivityId":  null,
    "ContainerLog":  "Microsoft-Windows-Sysmon/Operational",
    "MatchedQueryIds":  [

                        ],
    "Bookmark":  {

                 },
    "LevelDisplayName":  "Information",
    "OpcodeDisplayName":  "Informations",
    "TaskDisplayName":  "Process terminated (rule: ProcessTerminate)",
    "KeywordsDisplayNames":  [

                             ],
    "Properties":  [
                       {
                           "Value":  "-"
                       },
                       {
                           "Value":  "2025-12-15 14:36:42.814"
                       },
                       {
                           "Value":  "bf59a455-1c70-6940-4104-000000009301"
                       },
                       {
                           "Value":  8992
                       },
                       {
                           "Value":  "C:\\Windows\\System32\\SearchProtocolHost.exe"
                       },
                       {
                           "Value":  "DESKTOP-FUN63VP\\pc"
                       }
                   ],
    "Message":  "Process terminated:\r\nRuleName: -\r\nUtcTime: 2025-12-15 14:36:42.814\r\nProcessGuid: {BF59A455-1C70-6940-4104-000000009301}\r\nProcessId: 8992\r\nImage: C:\\Windows\\System32\\SearchProtocolHost.exe\r\nUser: DESKTOP-FUN63VP\\pc"
}
{
    "Id":  5,
    "Version":  3,
    "Qualifiers":  null,
    "Level":  4,
    "Task":  5,
    "Opcode":  0,
    "Keywords":  -9223372036854775808,
    "RecordId":  615,
    "ProviderName":  "Microsoft-Windows-Sysmon",
    "ProviderId":  "5770385f-c22a-43e0-bf4c-06f5698ffbd9",
    "LogName":  "Microsoft-Windows-Sysmon/Operational",
    "ProcessId":  2620,
    "ThreadId":  8520,
    "MachineName":  "DESKTOP-FUN63VP",
    "UserId":  {
                   "BinaryLength":  12,
                   "AccountDomainSid":  null,
                   "Value":  "S-1-5-18"
               },
    "TimeCreated":  "\/Date(1765809402798)\/",
    "ActivityId":  null,
    "RelatedActivityId":  null,
    "ContainerLog":  "Microsoft-Windows-Sysmon/Operational",
    "MatchedQueryIds":  [

                        ],
    "Bookmark":  {

                 },
    "LevelDisplayName":  "Information",
    "OpcodeDisplayName":  "Informations",
    "TaskDisplayName":  "Process terminated (rule: ProcessTerminate)",
    "KeywordsDisplayNames":  [

                             ],
    "Properties":  [
                       {
                           "Value":  "-"
                       },
                       {
                           "Value":  "2025-12-15 14:36:42.794"
                       },
                       {
                           "Value":  "bf59a455-1c3e-6940-3904-000000009301"
                       },
                       {
                           "Value":  1896
                       },
                       {
                           "Value":  "C:\\Windows\\System32\\SearchProtocolHost.exe"
                       },
                       {
                           "Value":  "AUTORITE NT\\Système"
                       }
                   ],
    "Message":  "Process terminated:\r\nRuleName: -\r\nUtcTime: 2025-12-15 14:36:42.794\r\nProcessGuid: {BF59A455-1C3E-6940-3904-000000009301}\r\nProcessId: 1896\r\nImage: C:\\Windows\\System32\\SearchProtocolHost.exe\r\nUser: AUTORITE NT\\Système"
}
{
    "Id":  5,
    "Version":  3,
    "Qualifiers":  null,
    "Level":  4,
    "Task":  5,
    "Opcode":  0,
    "Keywords":  -9223372036854775808,
    "RecordId":  614,
    "ProviderName":  "Microsoft-Windows-Sysmon",
    "ProviderId":  "5770385f-c22a-43e0-bf4c-06f5698ffbd9",
    "LogName":  "Microsoft-Windows-Sysmon/Operational",
    "ProcessId":  2620,
    "ThreadId":  8520,
    "MachineName":  "DESKTOP-FUN63VP",
    "UserId":  {
                   "BinaryLength":  12,
                   "AccountDomainSid":  null,
                   "Value":  "S-1-5-18"
               },
    "TimeCreated":  "\/Date(1765809386638)\/",
    "ActivityId":  null,
    "RelatedActivityId":  null,
    "ContainerLog":  "Microsoft-Windows-Sysmon/Operational",
    "MatchedQueryIds":  [

                        ],
    "Bookmark":  {

                 },
    "LevelDisplayName":  "Information",
    "OpcodeDisplayName":  "Informations",
    "TaskDisplayName":  "Process terminated (rule: ProcessTerminate)",
    "KeywordsDisplayNames":  [

                             ],
    "Properties":  [
                       {
                           "Value":  "-"
                       },
                       {
                           "Value":  "2025-12-15 14:36:26.637"
                       },
                       {
                           "Value":  "bf59a455-1bab-6940-3404-000000009301"
                       },
                       {
                           "Value":  7824
                       },
                       {
                           "Value":  "C:\\Windows\\System32\\audiodg.exe"
                       },
                       {
                           "Value":  "AUTORITE NT\\SERVICE LOCAL"
                       }
                   ],
    "Message":  "Process terminated:\r\nRuleName: -\r\nUtcTime: 2025-12-15 14:36:26.637\r\nProcessGuid: {BF59A455-1BAB-6940-3404-000000009301}\r\nProcessId: 7824\r\nImage: C:\\Windows\\System32\\audiodg.exe\r\nUser: AUTORITE NT\\SERVICE LOCAL"
}
{
    "Id":  5,
    "Version":  3,
    "Qualifiers":  null,
    "Level":  4,
    "Task":  5,
    "Opcode":  0,
    "Keywords":  -9223372036854775808,
    "RecordId":  613,
    "ProviderName":  "Microsoft-Windows-Sysmon",
    "ProviderId":  "5770385f-c22a-43e0-bf4c-06f5698ffbd9",
    "LogName":  "Microsoft-Windows-Sysmon/Operational",
    "ProcessId":  2620,
    "ThreadId":  8520,
    "MachineName":  "DESKTOP-FUN63VP",
    "UserId":  {
                   "BinaryLength":  12,
                   "AccountDomainSid":  null,
                   "Value":  "S-1-5-18"
               },
    "TimeCreated":  "\/Date(1765809384883)\/",
    "ActivityId":  null,
    "RelatedActivityId":  null,
    "ContainerLog":  "Microsoft-Windows-Sysmon/Operational",
    "MatchedQueryIds":  [

                        ],
    "Bookmark":  {

                 },
    "LevelDisplayName":  "Information",
    "OpcodeDisplayName":  "Informations",
    "TaskDisplayName":  "Process terminated (rule: ProcessTerminate)",
    "KeywordsDisplayNames":  [

                             ],
    "Properties":  [
                       {
                           "Value":  "-"
                       },
                       {
                           "Value":  "2025-12-15 14:36:24.882"
                       },
                       {
                           "Value":  "bf59a455-1c70-6940-4204-000000009301"
                       },
                       {
                           "Value":  3540
                       },
                       {
                           "Value":  "C:\\Windows\\System32\\svchost.exe"
                       },
                       {
                           "Value":  "AUTORITE NT\\Système"
                       }
                   ],
    "Message":  "Process terminated:\r\nRuleName: -\r\nUtcTime: 2025-12-15 14:36:24.882\r\nProcessGuid: {BF59A455-1C70-6940-4204-000000009301}\r\nProcessId: 3540\r\nImage: C:\\Windows\\System32\\svchost.exe\r\nUser: AUTORITE NT\\Système"
}
{
    "Id":  5,
    "Version":  3,
    "Qualifiers":  null,
    "Level":  4,
    "Task":  5,
    "Opcode":  0,
    "Keywords":  -9223372036854775808,
    "RecordId":  612,
    "ProviderName":  "Microsoft-Windows-Sysmon",
    "ProviderId":  "5770385f-c22a-43e0-bf4c-06f5698ffbd9",
    "LogName":  "Microsoft-Windows-Sysmon/Operational",
    "ProcessId":  2620,
    "ThreadId":  8520,
    "MachineName":  "DESKTOP-FUN63VP",
    "UserId":  {
                   "BinaryLength":  12,
                   "AccountDomainSid":  null,
                   "Value":  "S-1-5-18"
               },
    "TimeCreated":  "\/Date(1765809342210)\/",
    "ActivityId":  null,
    "RelatedActivityId":  null,
    "ContainerLog":  "Microsoft-Windows-Sysmon/Operational",
    "MatchedQueryIds":  [

                        ],
    "Bookmark":  {

                 },
    "LevelDisplayName":  "Information",
    "OpcodeDisplayName":  "Informations",
    "TaskDisplayName":  "Process terminated (rule: ProcessTerminate)",
    "KeywordsDisplayNames":  [

                             ],
    "Properties":  [
                       {
                           "Value":  "-"
                       },
                       {
                           "Value":  "2025-12-15 14:35:42.209"
                       },
                       {
                           "Value":  "bf59a455-1c9f-6940-4404-000000009301"
                       },
                       {
                           "Value":  3176
                       },
                       {
                           "Value":  "C:\\Users\\pc\\AppData\\Local\\Programs\\Opera\\opera.exe"
                       },
                       {
                           "Value":  "DESKTOP-FUN63VP\\pc"
                       }
                   ],
    "Message":  "Process terminated:\r\nRuleName: -\r\nUtcTime: 2025-12-15 14:35:42.209\r\nProcessGuid: {BF59A455-1C9F-6940-4404-000000009301}\r\nProcessId: 3176\r\nImage: C:\\Users\\pc\\AppData\\Local\\Programs\\Opera\\opera.exe\r\nUser: DESKTOP-FUN63VP\\pc"
}
{
    "Id":  5,
    "Version":  3,
    "Qualifiers":  null,
    "Level":  4,
    "Task":  5,
    "Opcode":  0,
    "Keywords":  -9223372036854775808,
    "RecordId":  611,
    "ProviderName":  "Microsoft-Windows-Sysmon",
    "ProviderId":  "5770385f-c22a-43e0-bf4c-06f5698ffbd9",
    "LogName":  "Microsoft-Windows-Sysmon/Operational",
    "ProcessId":  2620,
    "ThreadId":  8520,
    "MachineName":  "DESKTOP-FUN63VP",
    "UserId":  {
                   "BinaryLength":  12,
                   "AccountDomainSid":  null,
                   "Value":  "S-1-5-18"
               },
    "TimeCreated":  "\/Date(1765809311090)\/",
    "ActivityId":  null,
    "RelatedActivityId":  null,
    "ContainerLog":  "Microsoft-Windows-Sysmon/Operational",
    "MatchedQueryIds":  [

                        ],
    "Bookmark":  {

                 },
    "LevelDisplayName":  "Information",
    "OpcodeDisplayName":  "Informations",
    "TaskDisplayName":  "Process terminated (rule: ProcessTerminate)",
    "KeywordsDisplayNames":  [

                             ],
    "Properties":  [
                       {
                           "Value":  "-"
                       },
                       {
                           "Value":  "2025-12-15 14:35:11.090"
                       },
                       {
                           "Value":  "bf59a455-1b3f-6940-2b04-000000009301"
                       },
                       {
                           "Value":  900
                       },
                       {
                           "Value":  "C:\\Windows\\System32\\svchost.exe"
                       },
                       {
                           "Value":  "DESKTOP-FUN63VP\\pc"
                       }
                   ],
    "Message":  "Process terminated:\r\nRuleName: -\r\nUtcTime: 2025-12-15 14:35:11.090\r\nProcessGuid: {BF59A455-1B3F-6940-2B04-000000009301}\r\nProcessId: 900\r\nImage: C:\\Windows\\System32\\svchost.exe\r\nUser: DESKTOP-FUN63VP\\pc"
}
{
    "Id":  5,
    "Version":  3,
    "Qualifiers":  null,
    "Level":  4,
    "Task":  5,
    "Opcode":  0,
    "Keywords":  -9223372036854775808,
    "RecordId":  610,
    "ProviderName":  "Microsoft-Windows-Sysmon",
    "ProviderId":  "5770385f-c22a-43e0-bf4c-06f5698ffbd9",
    "LogName":  "Microsoft-Windows-Sysmon/Operational",
    "ProcessId":  2620,
    "ThreadId":  8520,
    "MachineName":  "DESKTOP-FUN63VP",
    "UserId":  {
                   "BinaryLength":  12,
                   "AccountDomainSid":  null,
                   "Value":  "S-1-5-18"
               },
    "TimeCreated":  "\/Date(1765809281896)\/",
    "ActivityId":  null,
    "RelatedActivityId":  null,
    "ContainerLog":  "Microsoft-Windows-Sysmon/Operational",
    "MatchedQueryIds":  [

                        ],
    "Bookmark":  {

                 },
    "LevelDisplayName":  "Information",
    "OpcodeDisplayName":  "Informations",
    "TaskDisplayName":  "Process terminated (rule: ProcessTerminate)",
    "KeywordsDisplayNames":  [

                             ],
    "Properties":  [
                       {
                           "Value":  "-"
                       },
                       {
                           "Value":  "2025-12-15 14:34:41.895"
                       },
                       {
                           "Value":  "bf59a455-1c4b-6940-3c04-000000009301"
                       },
                       {
                           "Value":  3092
                       },
                       {
                           "Value":  "C:\\Users\\pc\\AppData\\Local\\Programs\\Opera\\opera.exe"
                       },
                       {
                           "Value":  "DESKTOP-FUN63VP\\pc"
                       }
                   ],
    "Message":  "Process terminated:\r\nRuleName: -\r\nUtcTime: 2025-12-15 14:34:41.895\r\nProcessGuid: {BF59A455-1C4B-6940-3C04-000000009301}\r\nProcessId: 3092\r\nImage: C:\\Users\\pc\\AppData\\Local\\Programs\\Opera\\opera.exe\r\nUser: DESKTOP-FUN63VP\\pc"
}
{
    "Id":  5,
    "Version":  3,
    "Qualifiers":  null,
    "Level":  4,
    "Task":  5,
    "Opcode":  0,
    "Keywords":  -9223372036854775808,
    "RecordId":  609,
    "ProviderName":  "Microsoft-Windows-Sysmon",
    "ProviderId":  "5770385f-c22a-43e0-bf4c-06f5698ffbd9",
    "LogName":  "Microsoft-Windows-Sysmon/Operational",
    "ProcessId":  2620,
    "ThreadId":  8520,
    "MachineName":  "DESKTOP-FUN63VP",
    "UserId":  {
                   "BinaryLength":  12,
                   "AccountDomainSid":  null,
                   "Value":  "S-1-5-18"
               },
    "TimeCreated":  "\/Date(1765809266101)\/",
    "ActivityId":  null,
    "RelatedActivityId":  null,
    "ContainerLog":  "Microsoft-Windows-Sysmon/Operational",
    "MatchedQueryIds":  [

                        ],
    "Bookmark":  {

                 },
    "LevelDisplayName":  "Information",
    "OpcodeDisplayName":  "Informations",
    "TaskDisplayName":  "Process terminated (rule: ProcessTerminate)",
    "KeywordsDisplayNames":  [

                             ],
    "Properties":  [
                       {
                           "Value":  "-"
                       },
                       {
                           "Value":  "2025-12-15 14:34:26.100"
                       },
                       {
                           "Value":  "bf59a455-1c61-6940-3f04-000000009301"
                       },
                       {
                           "Value":  112
                       },
                       {
                           "Value":  "C:\\Windows\\System32\\notepad.exe"
                       },
                       {
                           "Value":  "DESKTOP-FUN63VP\\pc"
                       }
                   ],
    "Message":  "Process terminated:\r\nRuleName: -\r\nUtcTime: 2025-12-15 14:34:26.100\r\nProcessGuid: {BF59A455-1C61-6940-3F04-000000009301}\r\nProcessId: 112\r\nImage: C:\\Windows\\System32\\notepad.exe\r\nUser: DESKTOP-FUN63VP\\pc"
}
{
    "Id":  5,
    "Version":  3,
    "Qualifiers":  null,
    "Level":  4,
    "Task":  5,
    "Opcode":  0,
    "Keywords":  -9223372036854775808,
    "RecordId":  608,
    "ProviderName":  "Microsoft-Windows-Sysmon",
    "ProviderId":  "5770385f-c22a-43e0-bf4c-06f5698ffbd9",
    "LogName":  "Microsoft-Windows-Sysmon/Operational",
    "ProcessId":  2620,
    "ThreadId":  8520,
    "MachineName":  "DESKTOP-FUN63VP",
    "UserId":  {
                   "BinaryLength":  12,
                   "AccountDomainSid":  null,
                   "Value":  "S-1-5-18"
               },
    "TimeCreated":  "\/Date(1765809265372)\/",
    "ActivityId":  null,
    "RelatedActivityId":  null,
    "ContainerLog":  "Microsoft-Windows-Sysmon/Operational",
    "MatchedQueryIds":  [

                        ],
    "Bookmark":  {

                 },
    "LevelDisplayName":  "Information",
    "OpcodeDisplayName":  "Informations",
    "TaskDisplayName":  "Process terminated (rule: ProcessTerminate)",
    "KeywordsDisplayNames":  [

                             ],
    "Properties":  [
                       {
                           "Value":  "-"
                       },
                       {
                           "Value":  "2025-12-15 14:34:25.366"
                       },
                       {
                           "Value":  "bf59a455-1c6f-6940-4004-000000009301"
                       },
                       {
                           "Value":  9544
                       },
                       {
                           "Value":  "C:\\Windows\\System32\\notepad.exe"
                       },
                       {
                           "Value":  "DESKTOP-FUN63VP\\pc"
                       }
                   ],
    "Message":  "Process terminated:\r\nRuleName: -\r\nUtcTime: 2025-12-15 14:34:25.366\r\nProcessGuid: {BF59A455-1C6F-6940-4004-000000009301}\r\nProcessId: 9544\r\nImage: C:\\Windows\\System32\\notepad.exe\r\nUser: DESKTOP-FUN63VP\\pc"
}
{
    "Id":  5,
    "Version":  3,
    "Qualifiers":  null,
    "Level":  4,
    "Task":  5,
    "Opcode":  0,
    "Keywords":  -9223372036854775808,
    "RecordId":  607,
    "ProviderName":  "Microsoft-Windows-Sysmon",
    "ProviderId":  "5770385f-c22a-43e0-bf4c-06f5698ffbd9",
    "LogName":  "Microsoft-Windows-Sysmon/Operational",
    "ProcessId":  2620,
    "ThreadId":  8520,
    "MachineName":  "DESKTOP-FUN63VP",
    "UserId":  {
                   "BinaryLength":  12,
                   "AccountDomainSid":  null,
                   "Value":  "S-1-5-18"
               },
    "TimeCreated":  "\/Date(1765809265017)\/",
    "ActivityId":  null,
    "RelatedActivityId":  null,
    "ContainerLog":  "Microsoft-Windows-Sysmon/Operational",
    "MatchedQueryIds":  [

                        ],
    "Bookmark":  {

                 },
    "LevelDisplayName":  "Information",
    "OpcodeDisplayName":  "Informations",
    "TaskDisplayName":  "Process terminated (rule: ProcessTerminate)",
    "KeywordsDisplayNames":  [

                             ],
    "Properties":  [
                       {
                           "Value":  "-"
                       },
                       {
                           "Value":  "2025-12-15 14:34:25.011"
                       },
                       {
                           "Value":  "bf59a455-1ba0-6940-3204-000000009301"
                       },
                       {
                           "Value":  2592
                       },
                       {
                           "Value":  "C:\\Windows\\System32\\WerFault.exe"
                       },
                       {
                           "Value":  "DESKTOP-FUN63VP\\pc"
                       }
                   ],
    "Message":  "Process terminated:\r\nRuleName: -\r\nUtcTime: 2025-12-15 14:34:25.011\r\nProcessGuid: {BF59A455-1BA0-6940-3204-000000009301}\r\nProcessId: 2592\r\nImage: C:\\Windows\\System32\\WerFault.exe\r\nUser: DESKTOP-FUN63VP\\pc"
}
{
    "Id":  5,
    "Version":  3,
    "Qualifiers":  null,
    "Level":  4,
    "Task":  5,
    "Opcode":  0,
    "Keywords":  -9223372036854775808,
    "RecordId":  606,
    "ProviderName":  "Microsoft-Windows-Sysmon",
    "ProviderId":  "5770385f-c22a-43e0-bf4c-06f5698ffbd9",
    "LogName":  "Microsoft-Windows-Sysmon/Operational",
    "ProcessId":  2620,
    "ThreadId":  8520,
    "MachineName":  "DESKTOP-FUN63VP",
    "UserId":  {
                   "BinaryLength":  12,
                   "AccountDomainSid":  null,
                   "Value":  "S-1-5-18"
               },
    "TimeCreated":  "\/Date(1765809262078)\/",
    "ActivityId":  null,
    "RelatedActivityId":  null,
    "ContainerLog":  "Microsoft-Windows-Sysmon/Operational",
    "MatchedQueryIds":  [

                        ],
    "Bookmark":  {

                 },
    "LevelDisplayName":  "Information",
    "OpcodeDisplayName":  "Informations",
    "TaskDisplayName":  "Process terminated (rule: ProcessTerminate)",
    "KeywordsDisplayNames":  [

                             ],
    "Properties":  [
                       {
                           "Value":  "-"
                       },
                       {
                           "Value":  "2025-12-15 14:34:22.074"
                       },
                       {
                           "Value":  "bf59a455-17bd-6940-f503-000000009301"
                       },
                       {
                           "Value":  2092
                       },
                       {
                           "Value":  "C:\\Windows\\System32\\svchost.exe"
                       },
                       {
                           "Value":  "AUTORITE NT\\Système"
                       }
                   ],
    "Message":  "Process terminated:\r\nRuleName: -\r\nUtcTime: 2025-12-15 14:34:22.074\r\nProcessGuid: {BF59A455-17BD-6940-F503-000000009301}\r\nProcessId: 2092\r\nImage: C:\\Windows\\System32\\svchost.exe\r\nUser: AUTORITE NT\\Système"
}
{
    "Id":  5,
    "Version":  3,
    "Qualifiers":  null,
    "Level":  4,
    "Task":  5,
    "Opcode":  0,
    "Keywords":  -9223372036854775808,
    "RecordId":  605,
    "ProviderName":  "Microsoft-Windows-Sysmon",
    "ProviderId":  "5770385f-c22a-43e0-bf4c-06f5698ffbd9",
    "LogName":  "Microsoft-Windows-Sysmon/Operational",
    "ProcessId":  2620,
    "ThreadId":  8520,
    "MachineName":  "DESKTOP-FUN63VP",
    "UserId":  {
                   "BinaryLength":  12,
                   "AccountDomainSid":  null,
                   "Value":  "S-1-5-18"
               },
    "TimeCreated":  "\/Date(1765809258752)\/",
    "ActivityId":  null,
    "RelatedActivityId":  null,
    "ContainerLog":  "Microsoft-Windows-Sysmon/Operational",
    "MatchedQueryIds":  [

                        ],
    "Bookmark":  {

                 },
    "LevelDisplayName":  "Information",
    "OpcodeDisplayName":  "Informations",
    "TaskDisplayName":  "Process terminated (rule: ProcessTerminate)",
    "KeywordsDisplayNames":  [

                             ],
    "Properties":  [
                       {
                           "Value":  "-"
                       },
                       {
                           "Value":  "2025-12-15 14:34:18.751"
                       },
                       {
                           "Value":  "bf59a455-1c4a-6940-3b04-000000009301"
                       },
                       {
                           "Value":  8080
                       },
                       {
                           "Value":  "C:\\Users\\pc\\AppData\\Local\\Programs\\Opera\\opera.exe"
                       },
                       {
                           "Value":  "DESKTOP-FUN63VP\\pc"
                       }
                   ],
    "Message":  "Process terminated:\r\nRuleName: -\r\nUtcTime: 2025-12-15 14:34:18.751\r\nProcessGuid: {BF59A455-1C4A-6940-3B04-000000009301}\r\nProcessId: 8080\r\nImage: C:\\Users\\pc\\AppData\\Local\\Programs\\Opera\\opera.exe\r\nUser: DESKTOP-FUN63VP\\pc"
}
{
    "Id":  5,
    "Version":  3,
    "Qualifiers":  null,
    "Level":  4,
    "Task":  5,
    "Opcode":  0,
    "Keywords":  -9223372036854775808,
    "RecordId":  604,
    "ProviderName":  "Microsoft-Windows-Sysmon",
    "ProviderId":  "5770385f-c22a-43e0-bf4c-06f5698ffbd9",
    "LogName":  "Microsoft-Windows-Sysmon/Operational",
    "ProcessId":  2620,
    "ThreadId":  8520,
    "MachineName":  "DESKTOP-FUN63VP",
    "UserId":  {
                   "BinaryLength":  12,
                   "AccountDomainSid":  null,
                   "Value":  "S-1-5-18"
               },
    "TimeCreated":  "\/Date(1765809228770)\/",
    "ActivityId":  null,
    "RelatedActivityId":  null,
    "ContainerLog":  "Microsoft-Windows-Sysmon/Operational",
    "MatchedQueryIds":  [

                        ],
    "Bookmark":  {

                 },
    "LevelDisplayName":  "Information",
    "OpcodeDisplayName":  "Informations",
    "TaskDisplayName":  "Process terminated (rule: ProcessTerminate)",
    "KeywordsDisplayNames":  [

                             ],
    "Properties":  [
                       {
                           "Value":  "-"
                       },
                       {
                           "Value":  "2025-12-15 14:33:48.769"
                       },
                       {
                           "Value":  "bf59a455-1c27-6940-3804-000000009301"
                       },
                       {
                           "Value":  6940
                       },
                       {
                           "Value":  "C:\\Users\\pc\\AppData\\Local\\Programs\\Opera\\opera.exe"
                       },
                       {
                           "Value":  "DESKTOP-FUN63VP\\pc"
                       }
                   ],
    "Message":  "Process terminated:\r\nRuleName: -\r\nUtcTime: 2025-12-15 14:33:48.769\r\nProcessGuid: {BF59A455-1C27-6940-3804-000000009301}\r\nProcessId: 6940\r\nImage: C:\\Users\\pc\\AppData\\Local\\Programs\\Opera\\opera.exe\r\nUser: DESKTOP-FUN63VP\\pc"
}
{
    "Id":  5,
    "Version":  3,
    "Qualifiers":  null,
    "Level":  4,
    "Task":  5,
    "Opcode":  0,
    "Keywords":  -9223372036854775808,
    "RecordId":  603,
    "ProviderName":  "Microsoft-Windows-Sysmon",
    "ProviderId":  "5770385f-c22a-43e0-bf4c-06f5698ffbd9",
    "LogName":  "Microsoft-Windows-Sysmon/Operational",
    "ProcessId":  2620,
    "ThreadId":  8520,
    "MachineName":  "DESKTOP-FUN63VP",
    "UserId":  {
                   "BinaryLength":  12,
                   "AccountDomainSid":  null,
                   "Value":  "S-1-5-18"
               },
    "TimeCreated":  "\/Date(1765809181110)\/",
    "ActivityId":  null,
    "RelatedActivityId":  null,
    "ContainerLog":  "Microsoft-Windows-Sysmon/Operational",
    "MatchedQueryIds":  [

                        ],
    "Bookmark":  {

                 },
    "LevelDisplayName":  "Information",
    "OpcodeDisplayName":  "Informations",
    "TaskDisplayName":  "Process terminated (rule: ProcessTerminate)",
    "KeywordsDisplayNames":  [

                             ],
    "Properties":  [
                       {
                           "Value":  "-"
                       },
                       {
                           "Value":  "2025-12-15 14:33:01.110"
                       },
                       {
                           "Value":  "bf59a455-1b9f-6940-2f04-000000009301"
                       },
                       {
                           "Value":  7528
                       },
                       {
                           "Value":  "C:\\Windows\\System32\\svchost.exe"
                       },
                       {
                           "Value":  "AUTORITE NT\\Système"
                       }
                   ],
    "Message":  "Process terminated:\r\nRuleName: -\r\nUtcTime: 2025-12-15 14:33:01.110\r\nProcessGuid: {BF59A455-1B9F-6940-2F04-000000009301}\r\nProcessId: 7528\r\nImage: C:\\Windows\\System32\\svchost.exe\r\nUser: AUTORITE NT\\Système"
}
{
    "Id":  5,
    "Version":  3,
    "Qualifiers":  null,
    "Level":  4,
    "Task":  5,
    "Opcode":  0,
    "Keywords":  -9223372036854775808,
    "RecordId":  602,
    "ProviderName":  "Microsoft-Windows-Sysmon",
    "ProviderId":  "5770385f-c22a-43e0-bf4c-06f5698ffbd9",
    "LogName":  "Microsoft-Windows-Sysmon/Operational",
    "ProcessId":  2620,
    "ThreadId":  8520,
    "MachineName":  "DESKTOP-FUN63VP",
    "UserId":  {
                   "BinaryLength":  12,
                   "AccountDomainSid":  null,
                   "Value":  "S-1-5-18"
               },
    "TimeCreated":  "\/Date(1765809162932)\/",
    "ActivityId":  null,
    "RelatedActivityId":  null,
    "ContainerLog":  "Microsoft-Windows-Sysmon/Operational",
    "MatchedQueryIds":  [

                        ],
    "Bookmark":  {

                 },
    "LevelDisplayName":  "Information",
    "OpcodeDisplayName":  "Informations",
    "TaskDisplayName":  "Process terminated (rule: ProcessTerminate)",
    "KeywordsDisplayNames":  [

                             ],
    "Properties":  [
                       {
                           "Value":  "-"
                       },
                       {
                           "Value":  "2025-12-15 14:32:42.929"
                       },
                       {
                           "Value":  "bf59a455-1b9d-6940-2e04-000000009301"
                       },
                       {
                           "Value":  8000
                       },
                       {
                           "Value":  "C:\\Windows\\System32\\SearchFilterHost.exe"
                       },
                       {
                           "Value":  "AUTORITE NT\\Système"
                       }
                   ],
    "Message":  "Process terminated:\r\nRuleName: -\r\nUtcTime: 2025-12-15 14:32:42.929\r\nProcessGuid: {BF59A455-1B9D-6940-2E04-000000009301}\r\nProcessId: 8000\r\nImage: C:\\Windows\\System32\\SearchFilterHost.exe\r\nUser: AUTORITE NT\\Système"
}
{
    "Id":  5,
    "Version":  3,
    "Qualifiers":  null,
    "Level":  4,
    "Task":  5,
    "Opcode":  0,
    "Keywords":  -9223372036854775808,
    "RecordId":  601,
    "ProviderName":  "Microsoft-Windows-Sysmon",
    "ProviderId":  "5770385f-c22a-43e0-bf4c-06f5698ffbd9",
    "LogName":  "Microsoft-Windows-Sysmon/Operational",
    "ProcessId":  2620,
    "ThreadId":  8520,
    "MachineName":  "DESKTOP-FUN63VP",
    "UserId":  {
                   "BinaryLength":  12,
                   "AccountDomainSid":  null,
                   "Value":  "S-1-5-18"
               },
    "TimeCreated":  "\/Date(1765809162867)\/",
    "ActivityId":  null,
    "RelatedActivityId":  null,
    "ContainerLog":  "Microsoft-Windows-Sysmon/Operational",
    "MatchedQueryIds":  [

                        ],
    "Bookmark":  {

                 },
    "LevelDisplayName":  "Information",
    "OpcodeDisplayName":  "Informations",
    "TaskDisplayName":  "Process terminated (rule: ProcessTerminate)",
    "KeywordsDisplayNames":  [

                             ],
    "Properties":  [
                       {
                           "Value":  "-"
                       },
                       {
                           "Value":  "2025-12-15 14:32:42.864"
                       },
                       {
                           "Value":  "bf59a455-1b9d-6940-2d04-000000009301"
                       },
                       {
                           "Value":  7240
                       },
                       {
                           "Value":  "C:\\Windows\\System32\\SearchProtocolHost.exe"
                       },
                       {
                           "Value":  "AUTORITE NT\\Système"
                       }
                   ],
    "Message":  "Process terminated:\r\nRuleName: -\r\nUtcTime: 2025-12-15 14:32:42.864\r\nProcessGuid: {BF59A455-1B9D-6940-2D04-000000009301}\r\nProcessId: 7240\r\nImage: C:\\Windows\\System32\\SearchProtocolHost.exe\r\nUser: AUTORITE NT\\Système"
}
{
    "Id":  5,
    "Version":  3,
    "Qualifiers":  null,
    "Level":  4,
    "Task":  5,
    "Opcode":  0,
    "Keywords":  -9223372036854775808,
    "RecordId":  600,
    "ProviderName":  "Microsoft-Windows-Sysmon",
    "ProviderId":  "5770385f-c22a-43e0-bf4c-06f5698ffbd9",
    "LogName":  "Microsoft-Windows-Sysmon/Operational",
    "ProcessId":  2620,
    "ThreadId":  8520,
    "MachineName":  "DESKTOP-FUN63VP",
    "UserId":  {
                   "BinaryLength":  12,
                   "AccountDomainSid":  null,
                   "Value":  "S-1-5-18"
               },
    "TimeCreated":  "\/Date(1765809162207)\/",
    "ActivityId":  null,
    "RelatedActivityId":  null,
    "ContainerLog":  "Microsoft-Windows-Sysmon/Operational",
    "MatchedQueryIds":  [

                        ],
    "Bookmark":  {

                 },
    "LevelDisplayName":  "Information",
    "OpcodeDisplayName":  "Informations",
    "TaskDisplayName":  "Process terminated (rule: ProcessTerminate)",
    "KeywordsDisplayNames":  [

                             ],
    "Properties":  [
                       {
                           "Value":  "-"
                       },
                       {
                           "Value":  "2025-12-15 14:32:42.206"
                       },
                       {
                           "Value":  "bf59a455-1beb-6940-3704-000000009301"
                       },
                       {
                           "Value":  9244
                       },
                       {
                           "Value":  "C:\\Users\\pc\\AppData\\Local\\Programs\\Opera\\opera.exe"
                       },
                       {
                           "Value":  "DESKTOP-FUN63VP\\pc"
                       }
                   ],
    "Message":  "Process terminated:\r\nRuleName: -\r\nUtcTime: 2025-12-15 14:32:42.206\r\nProcessGuid: {BF59A455-1BEB-6940-3704-000000009301}\r\nProcessId: 9244\r\nImage: C:\\Users\\pc\\AppData\\Local\\Programs\\Opera\\opera.exe\r\nUser: DESKTOP-FUN63VP\\pc"
}
