<Event xmlns='http://schemas.microsoft.com/win/2004/08/events/event'><System><Provider Name='Microsoft-Windows-Sysmon' Guid='{5770385F-C22A-43E0-BF4C-06F5698FFBD9}'/><EventID>5</EventID><Version>3</Version><Level>4</Level><Task>5</Task><Opcode>0</Opcode><Keywords>0x8000000000000000</Keywords><TimeCreated SystemTime='2025-12-15T14:14:22.353081300Z'/><EventRecordID>523</EventRecordID><Correlation/><Execution ProcessID='2620' ThreadID='8520'/><Channel>Microsoft-Windows-Sysmon/Operational</Channel><Computer>DESKTOP-FUN63VP</Computer><Security UserID='S-1-5-18'/></System><EventData><Data Name='RuleName'>-</Data><Data Name='UtcTime'>2025-12-15 14:14:22.352</Data><Data Name='ProcessGuid'>{BF59A455-17BB-6940-EF03-000000009301}</Data><Data Name='ProcessId'>3672</Data><Data Name='Image'>C:\Windows\System32\taskhostw.exe</Data><Data Name='User'>AUTORITE NT\SERVICE RÉSEAU</Data></EventData><RenderingInfo Culture='fr-FR'><Message>Process terminated:
RuleName: -
UtcTime: 2025-12-15 14:14:22.352
ProcessGuid: {BF59A455-17BB-6940-EF03-000000009301}
ProcessId: 3672
Image: C:\Windows\System32\taskhostw.exe
User: AUTORITE NT\SERVICE RÉSEAU</Message><Level>Information</Level><Task>Process terminated (rule: ProcessTerminate)</Task><Opcode>Informations</Opcode><Channel></Channel><Provider></Provider><Keywords></Keywords></RenderingInfo></Event><Event xmlns='http://schemas.microsoft.com/win/2004/08/events/event'><System><Provider Name='Microsoft-Windows-Sysmon' Guid='{5770385F-C22A-43E0-BF4C-06F5698FFBD9}'/><EventID>5</EventID><Version>3</Version><Level>4</Level><Task>5</Task><Opcode>0</Opcode><Keywords>0x8000000000000000</Keywords><TimeCreated SystemTime='2025-12-15T14:14:21.813702700Z'/><EventRecordID>522</EventRecordID><Correlation/><Execution ProcessID='2620' ThreadID='8520'/><Channel>Microsoft-Windows-Sysmon/Operational</Channel><Computer>DESKTOP-FUN63VP</Computer><Security UserID='S-1-5-18'/></System><EventData><Data Name='RuleName'>-</Data><Data Name='UtcTime'>2025-12-15 14:14:21.812</Data><Data Name='ProcessGuid'>{BF59A455-139E-6940-DF03-000000009301}</Data><Data Name='ProcessId'>5160</Data><Data Name='Image'>C:\Windows\UpdateAssistant\UpdateAssistant.exe</Data><Data Name='User'>DESKTOP-FUN63VP\pc</Data></EventData><RenderingInfo Culture='fr-FR'><Message>Process terminated:
RuleName: -
UtcTime: 2025-12-15 14:14:21.812
ProcessGuid: {BF59A455-139E-6940-DF03-000000009301}
ProcessId: 5160
Image: C:\Windows\UpdateAssistant\UpdateAssistant.exe
User: DESKTOP-FUN63VP\pc</Message><Level>Information</Level><Task>Process terminated (rule: ProcessTerminate)</Task><Opcode>Informations</Opcode><Channel></Channel><Provider></Provider><Keywords></Keywords></RenderingInfo></Event><Event xmlns='http://schemas.microsoft.com/win/2004/08/events/event'><System><Provider Name='Microsoft-Windows-Sysmon' Guid='{5770385F-C22A-43E0-BF4C-06F5698FFBD9}'/><EventID>5</EventID><Version>3</Version><Level>4</Level><Task>5</Task><Opcode>0</Opcode><Keywords>0x8000000000000000</Keywords><TimeCreated SystemTime='2025-12-15T14:14:21.173659700Z'/><EventRecordID>521</EventRecordID><Correlation/><Execution ProcessID='2620' ThreadID='8520'/><Channel>Microsoft-Windows-Sysmon/Operational</Channel><Computer>DESKTOP-FUN63VP</Computer><Security UserID='S-1-5-18'/></System><EventData><Data Name='RuleName'>-</Data><Data Name='UtcTime'>2025-12-15 14:14:21.135</Data><Data Name='ProcessGuid'>{BF59A455-17BC-6940-F203-000000009301}</Data><Data Name='ProcessId'>3852</Data><Data Name='Image'>C:\Windows\System32\taskhostw.exe</Data><Data Name='User'>DESKTOP-FUN63VP\pc</Data></EventData><RenderingInfo Culture='fr-FR'><Message>Process terminated:
RuleName: -
UtcTime: 2025-12-15 14:14:21.135
ProcessGuid: {BF59A455-17BC-6940-F203-000000009301}
ProcessId: 3852
Image: C:\Windows\System32\taskhostw.exe
User: DESKTOP-FUN63VP\pc</Message><Level>Information</Level><Task>Process terminated (rule: ProcessTerminate)</Task><Opcode>Informations</Opcode><Channel></Channel><Provider></Provider><Keywords></Keywords></RenderingInfo></Event><Event xmlns='http://schemas.microsoft.com/win/2004/08/events/event'><System><Provider Name='Microsoft-Windows-Sysmon' Guid='{5770385F-C22A-43E0-BF4C-06F5698FFBD9}'/><EventID>5</EventID><Version>3</Version><Level>4</Level><Task>5</Task><Opcode>0</Opcode><Keywords>0x8000000000000000</Keywords><TimeCreated SystemTime='2025-12-15T14:14:15.147272200Z'/><EventRecordID>520</EventRecordID><Correlation/><Execution ProcessID='2620' ThreadID='8520'/><Channel>Microsoft-Windows-Sysmon/Operational</Channel><Computer>DESKTOP-FUN63VP</Computer><Security UserID='S-1-5-18'/></System><EventData><Data Name='RuleName'>-</Data><Data Name='UtcTime'>2025-12-15 14:14:15.145</Data><Data Name='ProcessGuid'>{BF59A455-17B6-6940-EB03-000000009301}</Data><Data Name='ProcessId'>5388</Data><Data Name='Image'>C:\Windows\System32\taskhostw.exe</Data><Data Name='User'>DESKTOP-FUN63VP\pc</Data></EventData><RenderingInfo Culture='fr-FR'><Message>Process terminated:
RuleName: -
UtcTime: 2025-12-15 14:14:15.145
ProcessGuid: {BF59A455-17B6-6940-EB03-000000009301}
ProcessId: 5388
Image: C:\Windows\System32\taskhostw.exe
User: DESKTOP-FUN63VP\pc</Message><Level>Information</Level><Task>Process terminated (rule: ProcessTerminate)</Task><Opcode>Informations</Opcode><Channel></Channel><Provider></Provider><Keywords></Keywords></RenderingInfo></Event><Event xmlns='http://schemas.microsoft.com/win/2004/08/events/event'><System><Provider Name='Microsoft-Windows-Sysmon' Guid='{5770385F-C22A-43E0-BF4C-06F5698FFBD9}'/><EventID>5</EventID><Version>3</Version><Level>4</Level><Task>5</Task><Opcode>0</Opcode><Keywords>0x8000000000000000</Keywords><TimeCreated SystemTime='2025-12-15T14:14:14.816937700Z'/><EventRecordID>519</EventRecordID><Correlation/><Execution ProcessID='2620' ThreadID='8520'/><Channel>Microsoft-Windows-Sysmon/Operational</Channel><Computer>DESKTOP-FUN63VP</Computer><Security UserID='S-1-5-18'/></System><EventData><Data Name='RuleName'>-</Data><Data Name='UtcTime'>2025-12-15 14:14:14.763</Data><Data Name='ProcessGuid'>{BF59A455-B9F2-693F-2100-000000009301}</Data><Data Name='ProcessId'>1556</Data><Data Name='Image'>C:\Windows\System32\svchost.exe</Data><Data Name='User'>AUTORITE NT\SERVICE LOCAL</Data></EventData><RenderingInfo Culture='fr-FR'><Message>Process terminated:
RuleName: -
UtcTime: 2025-12-15 14:14:14.763
ProcessGuid: {BF59A455-B9F2-693F-2100-000000009301}
ProcessId: 1556
Image: C:\Windows\System32\svchost.exe
User: AUTORITE NT\SERVICE LOCAL</Message><Level>Information</Level><Task>Process terminated (rule: ProcessTerminate)</Task><Opcode>Informations</Opcode><Channel></Channel><Provider></Provider><Keywords></Keywords></RenderingInfo></Event><Event xmlns='http://schemas.microsoft.com/win/2004/08/events/event'><System><Provider Name='Microsoft-Windows-Sysmon' Guid='{5770385F-C22A-43E0-BF4C-06F5698FFBD9}'/><EventID>5</EventID><Version>3</Version><Level>4</Level><Task>5</Task><Opcode>0</Opcode><Keywords>0x8000000000000000</Keywords><TimeCreated SystemTime='2025-12-15T13:56:47.515465200Z'/><EventRecordID>518</EventRecordID><Correlation/><Execution ProcessID='2620' ThreadID='8520'/><Channel>Microsoft-Windows-Sysmon/Operational</Channel><Computer>DESKTOP-FUN63VP</Computer><Security UserID='S-1-5-18'/></System><EventData><Data Name='RuleName'>-</Data><Data Name='UtcTime'>2025-12-15 13:56:47.508</Data><Data Name='ProcessGuid'>{BF59A455-139E-6940-E103-000000009301}</Data><Data Name='ProcessId'>5088</Data><Data Name='Image'>C:\Windows\System32\taskhostw.exe</Data><Data Name='User'>DESKTOP-FUN63VP\pc</Data></EventData><RenderingInfo Culture='fr-FR'><Message>Process terminated:
RuleName: -
UtcTime: 2025-12-15 13:56:47.508
ProcessGuid: {BF59A455-139E-6940-E103-000000009301}
ProcessId: 5088
Image: C:\Windows\System32\taskhostw.exe
User: DESKTOP-FUN63VP\pc</Message><Level>Information</Level><Task>Process terminated (rule: ProcessTerminate)</Task><Opcode>Informations</Opcode><Channel></Channel><Provider></Provider><Keywords></Keywords></RenderingInfo></Event><Event xmlns='http://schemas.microsoft.com/win/2004/08/events/event'><System><Provider Name='Microsoft-Windows-Sysmon' Guid='{5770385F-C22A-43E0-BF4C-06F5698FFBD9}'/><EventID>5</EventID><Version>3</Version><Level>4</Level><Task>5</Task><Opcode>0</Opcode><Keywords>0x8000000000000000</Keywords><TimeCreated SystemTime='2025-12-15T13:56:46.922295700Z'/><EventRecordID>517</EventRecordID><Correlation/><Execution ProcessID='2620' ThreadID='8520'/><Channel>Microsoft-Windows-Sysmon/Operational</Channel><Computer>DESKTOP-FUN63VP</Computer><Security UserID='S-1-5-18'/></System><EventData><Data Name='RuleName'>-</Data><Data Name='UtcTime'>2025-12-15 13:56:46.875</Data><Data Name='ProcessGuid'>{BF59A455-139E-6940-E003-000000009301}</Data><Data Name='ProcessId'>7696</Data><Data Name='Image'>C:\Windows\UpdateAssistant\UpdateAssistant.exe</Data><Data Name='User'>DESKTOP-FUN63VP\pc</Data></EventData><RenderingInfo Culture='fr-FR'><Message>Process terminated:
RuleName: -
UtcTime: 2025-12-15 13:56:46.875
ProcessGuid: {BF59A455-139E-6940-E003-000000009301}
ProcessId: 7696
Image: C:\Windows\UpdateAssistant\UpdateAssistant.exe
User: DESKTOP-FUN63VP\pc</Message><Level>Information</Level><Task>Process terminated (rule: ProcessTerminate)</Task><Opcode>Informations</Opcode><Channel></Channel><Provider></Provider><Keywords></Keywords></RenderingInfo></Event><Event xmlns='http://schemas.microsoft.com/win/2004/08/events/event'><System><Provider Name='Microsoft-Windows-Sysmon' Guid='{5770385F-C22A-43E0-BF4C-06F5698FFBD9}'/><EventID>5</EventID><Version>3</Version><Level>4</Level><Task>5</Task><Opcode>0</Opcode><Keywords>0x8000000000000000</Keywords><TimeCreated SystemTime='2025-12-15T13:56:44.935053100Z'/><EventRecordID>516</EventRecordID><Correlation/><Execution ProcessID='2620' ThreadID='8520'/><Channel>Microsoft-Windows-Sysmon/Operational</Channel><Computer>DESKTOP-FUN63VP</Computer><Security UserID='S-1-5-18'/></System><EventData><Data Name='RuleName'>-</Data><Data Name='UtcTime'>2025-12-15 13:56:44.922</Data><Data Name='ProcessGuid'>{BF59A455-B9F8-693F-4D00-000000009301}</Data><Data Name='ProcessId'>3308</Data><Data Name='Image'>C:\Windows\System32\svchost.exe</Data><Data Name='User'>AUTORITE NT\SERVICE LOCAL</Data></EventData><RenderingInfo Culture='fr-FR'><Message>Process terminated:
RuleName: -
UtcTime: 2025-12-15 13:56:44.922
ProcessGuid: {BF59A455-B9F8-693F-4D00-000000009301}
ProcessId: 3308
Image: C:\Windows\System32\svchost.exe
User: AUTORITE NT\SERVICE LOCAL</Message><Level>Information</Level><Task>Process terminated (rule: ProcessTerminate)</Task><Opcode>Informations</Opcode><Channel></Channel><Provider></Provider><Keywords></Keywords></RenderingInfo></Event><Event xmlns='http://schemas.microsoft.com/win/2004/08/events/event'><System><Provider Name='Microsoft-Windows-Sysmon' Guid='{5770385F-C22A-43E0-BF4C-06F5698FFBD9}'/><EventID>5</EventID><Version>3</Version><Level>4</Level><Task>5</Task><Opcode>0</Opcode><Keywords>0x8000000000000000</Keywords><TimeCreated SystemTime='2025-12-15T13:56:44.934417200Z'/><EventRecordID>515</EventRecordID><Correlation/><Execution ProcessID='2620' ThreadID='8520'/><Channel>Microsoft-Windows-Sysmon/Operational</Channel><Computer>DESKTOP-FUN63VP</Computer><Security UserID='S-1-5-18'/></System><EventData><Data Name='RuleName'>-</Data><Data Name='UtcTime'>2025-12-15 13:56:44.920</Data><Data Name='ProcessGuid'>{BF59A455-B9F8-693F-4E00-000000009301}</Data><Data Name='ProcessId'>3320</Data><Data Name='Image'>C:\Windows\System32\svchost.exe</Data><Data Name='User'>AUTORITE NT\SERVICE LOCAL</Data></EventData><RenderingInfo Culture='fr-FR'><Message>Process terminated:
RuleName: -
UtcTime: 2025-12-15 13:56:44.920
ProcessGuid: {BF59A455-B9F8-693F-4E00-000000009301}
ProcessId: 3320
Image: C:\Windows\System32\svchost.exe
User: AUTORITE NT\SERVICE LOCAL</Message><Level>Information</Level><Task>Process terminated (rule: ProcessTerminate)</Task><Opcode>Informations</Opcode><Channel></Channel><Provider></Provider><Keywords></Keywords></RenderingInfo></Event><Event xmlns='http://schemas.microsoft.com/win/2004/08/events/event'><System><Provider Name='Microsoft-Windows-Sysmon' Guid='{5770385F-C22A-43E0-BF4C-06F5698FFBD9}'/><EventID>5</EventID><Version>3</Version><Level>4</Level><Task>5</Task><Opcode>0</Opcode><Keywords>0x8000000000000000</Keywords><TimeCreated SystemTime='2025-12-15T13:56:42.208004400Z'/><EventRecordID>514</EventRecordID><Correlation/><Execution ProcessID='2620' ThreadID='8520'/><Channel>Microsoft-Windows-Sysmon/Operational</Channel><Computer>DESKTOP-FUN63VP</Computer><Security UserID='S-1-5-18'/></System><EventData><Data Name='RuleName'>-</Data><Data Name='UtcTime'>2025-12-15 13:56:42.207</Data><Data Name='ProcessGuid'>{BF59A455-137B-6940-DD03-000000009301}</Data><Data Name='ProcessId'>296</Data><Data Name='Image'>C:\Users\pc\AppData\Local\Programs\Opera\opera.exe</Data><Data Name='User'>DESKTOP-FUN63VP\pc</Data></EventData><RenderingInfo Culture='fr-FR'><Message>Process terminated:
RuleName: -
UtcTime: 2025-12-15 13:56:42.207
ProcessGuid: {BF59A455-137B-6940-DD03-000000009301}
ProcessId: 296
Image: C:\Users\pc\AppData\Local\Programs\Opera\opera.exe
User: DESKTOP-FUN63VP\pc</Message><Level>Information</Level><Task>Process terminated (rule: ProcessTerminate)</Task><Opcode>Informations</Opcode><Channel></Channel><Provider></Provider><Keywords></Keywords></RenderingInfo></Event><Event xmlns='http://schemas.microsoft.com/win/2004/08/events/event'><System><Provider Name='Microsoft-Windows-Sysmon' Guid='{5770385F-C22A-43E0-BF4C-06F5698FFBD9}'/><EventID>5</EventID><Version>3</Version><Level>4</Level><Task>5</Task><Opcode>0</Opcode><Keywords>0x8000000000000000</Keywords><TimeCreated SystemTime='2025-12-15T13:55:58.664831200Z'/><EventRecordID>513</EventRecordID><Correlation/><Execution ProcessID='2620' ThreadID='8520'/><Channel>Microsoft-Windows-Sysmon/Operational</Channel><Computer>DESKTOP-FUN63VP</Computer><Security UserID='S-1-5-18'/></System><EventData><Data Name='RuleName'>-</Data><Data Name='UtcTime'>2025-12-15 13:55:58.663</Data><Data Name='ProcessGuid'>{BF59A455-136E-6940-DC03-000000009301}</Data><Data Name='ProcessId'>7744</Data><Data Name='Image'>C:\Windows\System32\taskhostw.exe</Data><Data Name='User'>DESKTOP-FUN63VP\pc</Data></EventData><RenderingInfo Culture='fr-FR'><Message>Process terminated:
RuleName: -
UtcTime: 2025-12-15 13:55:58.663
ProcessGuid: {BF59A455-136E-6940-DC03-000000009301}
ProcessId: 7744
Image: C:\Windows\System32\taskhostw.exe
User: DESKTOP-FUN63VP\pc</Message><Level>Information</Level><Task>Process terminated (rule: ProcessTerminate)</Task><Opcode>Informations</Opcode><Channel></Channel><Provider></Provider><Keywords></Keywords></RenderingInfo></Event><Event xmlns='http://schemas.microsoft.com/win/2004/08/events/event'><System><Provider Name='Microsoft-Windows-Sysmon' Guid='{5770385F-C22A-43E0-BF4C-06F5698FFBD9}'/><EventID>5</EventID><Version>3</Version><Level>4</Level><Task>5</Task><Opcode>0</Opcode><Keywords>0x8000000000000000</Keywords><TimeCreated SystemTime='2025-12-15T13:55:57.421934600Z'/><EventRecordID>512</EventRecordID><Correlation/><Execution ProcessID='2620' ThreadID='8520'/><Channel>Microsoft-Windows-Sysmon/Operational</Channel><Computer>DESKTOP-FUN63VP</Computer><Security UserID='S-1-5-18'/></System><EventData><Data Name='RuleName'>-</Data><Data Name='UtcTime'>2025-12-15 13:55:57.421</Data><Data Name='ProcessGuid'>{BF59A455-1327-6940-D503-000000009301}</Data><Data Name='ProcessId'>8368</Data><Data Name='Image'>C:\Windows\System32\taskhostw.exe</Data><Data Name='User'>AUTORITE NT\Système</Data></EventData><RenderingInfo Culture='fr-FR'><Message>Process terminated:
RuleName: -
UtcTime: 2025-12-15 13:55:57.421
ProcessGuid: {BF59A455-1327-6940-D503-000000009301}
ProcessId: 8368
Image: C:\Windows\System32\taskhostw.exe
User: AUTORITE NT\Système</Message><Level>Information</Level><Task>Process terminated (rule: ProcessTerminate)</Task><Opcode>Informations</Opcode><Channel></Channel><Provider></Provider><Keywords></Keywords></RenderingInfo></Event><Event xmlns='http://schemas.microsoft.com/win/2004/08/events/event'><System><Provider Name='Microsoft-Windows-Sysmon' Guid='{5770385F-C22A-43E0-BF4C-06F5698FFBD9}'/><EventID>5</EventID><Version>3</Version><Level>4</Level><Task>5</Task><Opcode>0</Opcode><Keywords>0x8000000000000000</Keywords><TimeCreated SystemTime='2025-12-15T13:55:42.172165100Z'/><EventRecordID>511</EventRecordID><Correlation/><Execution ProcessID='2620' ThreadID='8520'/><Channel>Microsoft-Windows-Sysmon/Operational</Channel><Computer>DESKTOP-FUN63VP</Computer><Security UserID='S-1-5-18'/></System><EventData><Data Name='RuleName'>-</Data><Data Name='UtcTime'>2025-12-15 13:55:42.171</Data><Data Name='ProcessGuid'>{BF59A455-133F-6940-D903-000000009301}</Data><Data Name='ProcessId'>4216</Data><Data Name='Image'>C:\Users\pc\AppData\Local\Programs\Opera\opera.exe</Data><Data Name='User'>DESKTOP-FUN63VP\pc</Data></EventData><RenderingInfo Culture='fr-FR'><Message>Process terminated:
RuleName: -
UtcTime: 2025-12-15 13:55:42.171
ProcessGuid: {BF59A455-133F-6940-D903-000000009301}
ProcessId: 4216
Image: C:\Users\pc\AppData\Local\Programs\Opera\opera.exe
User: DESKTOP-FUN63VP\pc</Message><Level>Information</Level><Task>Process terminated (rule: ProcessTerminate)</Task><Opcode>Informations</Opcode><Channel></Channel><Provider></Provider><Keywords></Keywords></RenderingInfo></Event><Event xmlns='http://schemas.microsoft.com/win/2004/08/events/event'><System><Provider Name='Microsoft-Windows-Sysmon' Guid='{5770385F-C22A-43E0-BF4C-06F5698FFBD9}'/><EventID>5</EventID><Version>3</Version><Level>4</Level><Task>5</Task><Opcode>0</Opcode><Keywords>0x8000000000000000</Keywords><TimeCreated SystemTime='2025-12-15T13:55:38.196952500Z'/><EventRecordID>510</EventRecordID><Correlation/><Execution ProcessID='2620' ThreadID='8520'/><Channel>Microsoft-Windows-Sysmon/Operational</Channel><Computer>DESKTOP-FUN63VP</Computer><Security UserID='S-1-5-18'/></System><EventData><Data Name='RuleName'>-</Data><Data Name='UtcTime'>2025-12-15 13:55:38.196</Data><Data Name='ProcessGuid'>{BF59A455-1101-6940-C403-000000009301}</Data><Data Name='ProcessId'>5420</Data><Data Name='Image'>C:\Windows\System32\svchost.exe</Data><Data Name='User'>AUTORITE NT\Système</Data></EventData><RenderingInfo Culture='fr-FR'><Message>Process terminated:
RuleName: -
UtcTime: 2025-12-15 13:55:38.196
ProcessGuid: {BF59A455-1101-6940-C403-000000009301}
ProcessId: 5420
Image: C:\Windows\System32\svchost.exe
User: AUTORITE NT\Système</Message><Level>Information</Level><Task>Process terminated (rule: ProcessTerminate)</Task><Opcode>Informations</Opcode><Channel></Channel><Provider></Provider><Keywords></Keywords></RenderingInfo></Event><Event xmlns='http://schemas.microsoft.com/win/2004/08/events/event'><System><Provider Name='Microsoft-Windows-Sysmon' Guid='{5770385F-C22A-43E0-BF4C-06F5698FFBD9}'/><EventID>5</EventID><Version>3</Version><Level>4</Level><Task>5</Task><Opcode>0</Opcode><Keywords>0x8000000000000000</Keywords><TimeCreated SystemTime='2025-12-15T13:54:51.549588700Z'/><EventRecordID>509</EventRecordID><Correlation/><Execution ProcessID='2620' ThreadID='8520'/><Channel>Microsoft-Windows-Sysmon/Operational</Channel><Computer>DESKTOP-FUN63VP</Computer><Security UserID='S-1-5-18'/></System><EventData><Data Name='RuleName'>-</Data><Data Name='UtcTime'>2025-12-15 13:54:51.538</Data><Data Name='ProcessGuid'>{BF59A455-051F-6940-AF02-000000009301}</Data><Data Name='ProcessId'>6392</Data><Data Name='Image'>C:\Windows\System32\svchost.exe</Data><Data Name='User'>AUTORITE NT\Système</Data></EventData><RenderingInfo Culture='fr-FR'><Message>Process terminated:
RuleName: -
UtcTime: 2025-12-15 13:54:51.538
ProcessGuid: {BF59A455-051F-6940-AF02-000000009301}
ProcessId: 6392
Image: C:\Windows\System32\svchost.exe
User: AUTORITE NT\Système</Message><Level>Information</Level><Task>Process terminated (rule: ProcessTerminate)</Task><Opcode>Informations</Opcode><Channel></Channel><Provider></Provider><Keywords></Keywords></RenderingInfo></Event><Event xmlns='http://schemas.microsoft.com/win/2004/08/events/event'><System><Provider Name='Microsoft-Windows-Sysmon' Guid='{5770385F-C22A-43E0-BF4C-06F5698FFBD9}'/><EventID>5</EventID><Version>3</Version><Level>4</Level><Task>5</Task><Opcode>0</Opcode><Keywords>0x8000000000000000</Keywords><TimeCreated SystemTime='2025-12-15T13:54:47.669036400Z'/><EventRecordID>508</EventRecordID><Correlation/><Execution ProcessID='2620' ThreadID='8520'/><Channel>Microsoft-Windows-Sysmon/Operational</Channel><Computer>DESKTOP-FUN63VP</Computer><Security UserID='S-1-5-18'/></System><EventData><Data Name='RuleName'>-</Data><Data Name='UtcTime'>2025-12-15 13:54:47.668</Data><Data Name='ProcessGuid'>{BF59A455-0516-6940-AD02-000000009301}</Data><Data Name='ProcessId'>3676</Data><Data Name='Image'>C:\Windows\System32\conhost.exe</Data><Data Name='User'>AUTORITE NT\Système</Data></EventData><RenderingInfo Culture='fr-FR'><Message>Process terminated:
RuleName: -
UtcTime: 2025-12-15 13:54:47.668
ProcessGuid: {BF59A455-0516-6940-AD02-000000009301}
ProcessId: 3676
Image: C:\Windows\System32\conhost.exe
User: AUTORITE NT\Système</Message><Level>Information</Level><Task>Process terminated (rule: ProcessTerminate)</Task><Opcode>Informations</Opcode><Channel></Channel><Provider></Provider><Keywords></Keywords></RenderingInfo></Event><Event xmlns='http://schemas.microsoft.com/win/2004/08/events/event'><System><Provider Name='Microsoft-Windows-Sysmon' Guid='{5770385F-C22A-43E0-BF4C-06F5698FFBD9}'/><EventID>5</EventID><Version>3</Version><Level>4</Level><Task>5</Task><Opcode>0</Opcode><Keywords>0x8000000000000000</Keywords><TimeCreated SystemTime='2025-12-15T13:54:47.663750400Z'/><EventRecordID>507</EventRecordID><Correlation/><Execution ProcessID='2620' ThreadID='8520'/><Channel>Microsoft-Windows-Sysmon/Operational</Channel><Computer>DESKTOP-FUN63VP</Computer><Security UserID='S-1-5-18'/></System><EventData><Data Name='RuleName'>-</Data><Data Name='UtcTime'>2025-12-15 13:54:47.663</Data><Data Name='ProcessGuid'>{BF59A455-0516-6940-AC02-000000009301}</Data><Data Name='ProcessId'>6200</Data><Data Name='Image'>C:\Windows\System32\Defrag.exe</Data><Data Name='User'>AUTORITE NT\Système</Data></EventData><RenderingInfo Culture='fr-FR'><Message>Process terminated:
RuleName: -
UtcTime: 2025-12-15 13:54:47.663
ProcessGuid: {BF59A455-0516-6940-AC02-000000009301}
ProcessId: 6200
Image: C:\Windows\System32\Defrag.exe
User: AUTORITE NT\Système</Message><Level>Information</Level><Task>Process terminated (rule: ProcessTerminate)</Task><Opcode>Informations</Opcode><Channel></Channel><Provider></Provider><Keywords></Keywords></RenderingInfo></Event><Event xmlns='http://schemas.microsoft.com/win/2004/08/events/event'><System><Provider Name='Microsoft-Windows-Sysmon' Guid='{5770385F-C22A-43E0-BF4C-06F5698FFBD9}'/><EventID>5</EventID><Version>3</Version><Level>4</Level><Task>5</Task><Opcode>0</Opcode><Keywords>0x8000000000000000</Keywords><TimeCreated SystemTime='2025-12-15T13:54:46.394559300Z'/><EventRecordID>506</EventRecordID><Correlation/><Execution ProcessID='2620' ThreadID='8520'/><Channel>Microsoft-Windows-Sysmon/Operational</Channel><Computer>DESKTOP-FUN63VP</Computer><Security UserID='S-1-5-18'/></System><EventData><Data Name='RuleName'>-</Data><Data Name='UtcTime'>2025-12-15 13:54:46.393</Data><Data Name='ProcessGuid'>{BF59A455-1326-6940-D403-000000009301}</Data><Data Name='ProcessId'>2268</Data><Data Name='Image'>C:\Windows\System32\taskhostw.exe</Data><Data Name='User'>AUTORITE NT\Système</Data></EventData><RenderingInfo Culture='fr-FR'><Message>Process terminated:
RuleName: -
UtcTime: 2025-12-15 13:54:46.393
ProcessGuid: {BF59A455-1326-6940-D403-000000009301}
ProcessId: 2268
Image: C:\Windows\System32\taskhostw.exe
User: AUTORITE NT\Système</Message><Level>Information</Level><Task>Process terminated (rule: ProcessTerminate)</Task><Opcode>Informations</Opcode><Channel></Channel><Provider></Provider><Keywords></Keywords></RenderingInfo></Event><Event xmlns='http://schemas.microsoft.com/win/2004/08/events/event'><System><Provider Name='Microsoft-Windows-Sysmon' Guid='{5770385F-C22A-43E0-BF4C-06F5698FFBD9}'/><EventID>5</EventID><Version>3</Version><Level>4</Level><Task>5</Task><Opcode>0</Opcode><Keywords>0x8000000000000000</Keywords><TimeCreated SystemTime='2025-12-15T13:54:42.727543300Z'/><EventRecordID>505</EventRecordID><Correlation/><Execution ProcessID='2620' ThreadID='8520'/><Channel>Microsoft-Windows-Sysmon/Operational</Channel><Computer>DESKTOP-FUN63VP</Computer><Security UserID='S-1-5-18'/></System><EventData><Data Name='RuleName'>-</Data><Data Name='UtcTime'>2025-12-15 13:54:42.727</Data><Data Name='ProcessGuid'>{BF59A455-1303-6940-D303-000000009301}</Data><Data Name='ProcessId'>2968</Data><Data Name='Image'>C:\Users\pc\AppData\Local\Programs\Opera\opera.exe</Data><Data Name='User'>DESKTOP-FUN63VP\pc</Data></EventData><RenderingInfo Culture='fr-FR'><Message>Process terminated:
RuleName: -
UtcTime: 2025-12-15 13:54:42.727
ProcessGuid: {BF59A455-1303-6940-D303-000000009301}
ProcessId: 2968
Image: C:\Users\pc\AppData\Local\Programs\Opera\opera.exe
User: DESKTOP-FUN63VP\pc</Message><Level>Information</Level><Task>Process terminated (rule: ProcessTerminate)</Task><Opcode>Informations</Opcode><Channel></Channel><Provider></Provider><Keywords></Keywords></RenderingInfo></Event><Event xmlns='http://schemas.microsoft.com/win/2004/08/events/event'><System><Provider Name='Microsoft-Windows-Sysmon' Guid='{5770385F-C22A-43E0-BF4C-06F5698FFBD9}'/><EventID>5</EventID><Version>3</Version><Level>4</Level><Task>5</Task><Opcode>0</Opcode><Keywords>0x8000000000000000</Keywords><TimeCreated SystemTime='2025-12-15T13:54:17.497898700Z'/><EventRecordID>504</EventRecordID><Correlation/><Execution ProcessID='2620' ThreadID='8520'/><Channel>Microsoft-Windows-Sysmon/Operational</Channel><Computer>DESKTOP-FUN63VP</Computer><Security UserID='S-1-5-18'/></System><EventData><Data Name='RuleName'>-</Data><Data Name='UtcTime'>2025-12-15 13:54:17.491</Data><Data Name='ProcessGuid'>{BF59A455-0E61-6940-FD02-000000009301}</Data><Data Name='ProcessId'>7812</Data><Data Name='Image'>C:\Windows\System32\svchost.exe</Data><Data Name='User'>AUTORITE NT\Système</Data></EventData><RenderingInfo Culture='fr-FR'><Message>Process terminated:
RuleName: -
UtcTime: 2025-12-15 13:54:17.491
ProcessGuid: {BF59A455-0E61-6940-FD02-000000009301}
ProcessId: 7812
Image: C:\Windows\System32\svchost.exe
User: AUTORITE NT\Système</Message><Level>Information</Level><Task>Process terminated (rule: ProcessTerminate)</Task><Opcode>Informations</Opcode><Channel></Channel><Provider></Provider><Keywords></Keywords></RenderingInfo></Event><Event xmlns='http://schemas.microsoft.com/win/2004/08/events/event'><System><Provider Name='Microsoft-Windows-Sysmon' Guid='{5770385F-C22A-43E0-BF4C-06F5698FFBD9}'/><EventID>5</EventID><Version>3</Version><Level>4</Level><Task>5</Task><Opcode>0</Opcode><Keywords>0x8000000000000000</Keywords><TimeCreated SystemTime='2025-12-15T13:54:12.378068300Z'/><EventRecordID>503</EventRecordID><Correlation/><Execution ProcessID='2620' ThreadID='8520'/><Channel>Microsoft-Windows-Sysmon/Operational</Channel><Computer>DESKTOP-FUN63VP</Computer><Security UserID='S-1-5-18'/></System><EventData><Data Name='RuleName'>-</Data><Data Name='UtcTime'>2025-12-15 13:54:12.372</Data><Data Name='ProcessGuid'>{BF59A455-0E60-6940-F002-000000009301}</Data><Data Name='ProcessId'>9840</Data><Data Name='Image'>C:\Windows\System32\taskhostw.exe</Data><Data Name='User'>DESKTOP-FUN63VP\pc</Data></EventData><RenderingInfo Culture='fr-FR'><Message>Process terminated:
RuleName: -
UtcTime: 2025-12-15 13:54:12.372
ProcessGuid: {BF59A455-0E60-6940-F002-000000009301}
ProcessId: 9840
Image: C:\Windows\System32\taskhostw.exe
User: DESKTOP-FUN63VP\pc</Message><Level>Information</Level><Task>Process terminated (rule: ProcessTerminate)</Task><Opcode>Informations</Opcode><Channel></Channel><Provider></Provider><Keywords></Keywords></RenderingInfo></Event><Event xmlns='http://schemas.microsoft.com/win/2004/08/events/event'><System><Provider Name='Microsoft-Windows-Sysmon' Guid='{5770385F-C22A-43E0-BF4C-06F5698FFBD9}'/><EventID>5</EventID><Version>3</Version><Level>4</Level><Task>5</Task><Opcode>0</Opcode><Keywords>0x8000000000000000</Keywords><TimeCreated SystemTime='2025-12-15T13:53:42.196839100Z'/><EventRecordID>502</EventRecordID><Correlation/><Execution ProcessID='2620' ThreadID='8520'/><Channel>Microsoft-Windows-Sysmon/Operational</Channel><Computer>DESKTOP-FUN63VP</Computer><Security UserID='S-1-5-18'/></System><EventData><Data Name='RuleName'>-</Data><Data Name='UtcTime'>2025-12-15 13:53:42.196</Data><Data Name='ProcessGuid'>{BF59A455-12C7-6940-D203-000000009301}</Data><Data Name='ProcessId'>8092</Data><Data Name='Image'>C:\Users\pc\AppData\Local\Programs\Opera\opera.exe</Data><Data Name='User'>DESKTOP-FUN63VP\pc</Data></EventData><RenderingInfo Culture='fr-FR'><Message>Process terminated:
RuleName: -
UtcTime: 2025-12-15 13:53:42.196
ProcessGuid: {BF59A455-12C7-6940-D203-000000009301}
ProcessId: 8092
Image: C:\Users\pc\AppData\Local\Programs\Opera\opera.exe
User: DESKTOP-FUN63VP\pc</Message><Level>Information</Level><Task>Process terminated (rule: ProcessTerminate)</Task><Opcode>Informations</Opcode><Channel></Channel><Provider></Provider><Keywords></Keywords></RenderingInfo></Event><Event xmlns='http://schemas.microsoft.com/win/2004/08/events/event'><System><Provider Name='Microsoft-Windows-Sysmon' Guid='{5770385F-C22A-43E0-BF4C-06F5698FFBD9}'/><EventID>5</EventID><Version>3</Version><Level>4</Level><Task>5</Task><Opcode>0</Opcode><Keywords>0x8000000000000000</Keywords><TimeCreated SystemTime='2025-12-15T13:52:56.918034500Z'/><EventRecordID>501</EventRecordID><Correlation/><Execution ProcessID='2620' ThreadID='8520'/><Channel>Microsoft-Windows-Sysmon/Operational</Channel><Computer>DESKTOP-FUN63VP</Computer><Security UserID='S-1-5-18'/></System><EventData><Data Name='RuleName'>-</Data><Data Name='UtcTime'>2025-12-15 13:52:56.916</Data><Data Name='ProcessGuid'>{BF59A455-12B6-6940-D103-000000009301}</Data><Data Name='ProcessId'>1268</Data><Data Name='Image'>C:\Windows\System32\backgroundTaskHost.exe</Data><Data Name='User'>DESKTOP-FUN63VP\pc</Data></EventData><RenderingInfo Culture='fr-FR'><Message>Process terminated:
RuleName: -
UtcTime: 2025-12-15 13:52:56.916
ProcessGuid: {BF59A455-12B6-6940-D103-000000009301}
ProcessId: 1268
Image: C:\Windows\System32\backgroundTaskHost.exe
User: DESKTOP-FUN63VP\pc</Message><Level>Information</Level><Task>Process terminated (rule: ProcessTerminate)</Task><Opcode>Informations</Opcode><Channel></Channel><Provider></Provider><Keywords></Keywords></RenderingInfo></Event><Event xmlns='http://schemas.microsoft.com/win/2004/08/events/event'><System><Provider Name='Microsoft-Windows-Sysmon' Guid='{5770385F-C22A-43E0-BF4C-06F5698FFBD9}'/><EventID>5</EventID><Version>3</Version><Level>4</Level><Task>5</Task><Opcode>0</Opcode><Keywords>0x8000000000000000</Keywords><TimeCreated SystemTime='2025-12-15T13:52:42.283127200Z'/><EventRecordID>500</EventRecordID><Correlation/><Execution ProcessID='2620' ThreadID='8520'/><Channel>Microsoft-Windows-Sysmon/Operational</Channel><Computer>DESKTOP-FUN63VP</Computer><Security UserID='S-1-5-18'/></System><EventData><Data Name='RuleName'>-</Data><Data Name='UtcTime'>2025-12-15 13:52:42.282</Data><Data Name='ProcessGuid'>{BF59A455-128B-6940-D003-000000009301}</Data><Data Name='ProcessId'>7704</Data><Data Name='Image'>C:\Users\pc\AppData\Local\Programs\Opera\opera.exe</Data><Data Name='User'>DESKTOP-FUN63VP\pc</Data></EventData><RenderingInfo Culture='fr-FR'><Message>Process terminated:
RuleName: -
UtcTime: 2025-12-15 13:52:42.282
ProcessGuid: {BF59A455-128B-6940-D003-000000009301}
ProcessId: 7704
Image: C:\Users\pc\AppData\Local\Programs\Opera\opera.exe
User: DESKTOP-FUN63VP\pc</Message><Level>Information</Level><Task>Process terminated (rule: ProcessTerminate)</Task><Opcode>Informations</Opcode><Channel></Channel><Provider></Provider><Keywords></Keywords></RenderingInfo></Event><Event xmlns='http://schemas.microsoft.com/win/2004/08/events/event'><System><Provider Name='Microsoft-Windows-Sysmon' Guid='{5770385F-C22A-43E0-BF4C-06F5698FFBD9}'/><EventID>5</EventID><Version>3</Version><Level>4</Level><Task>5</Task><Opcode>0</Opcode><Keywords>0x8000000000000000</Keywords><TimeCreated SystemTime='2025-12-15T13:52:19.132615100Z'/><EventRecordID>499</EventRecordID><Correlation/><Execution ProcessID='2620' ThreadID='8520'/><Channel>Microsoft-Windows-Sysmon/Operational</Channel><Computer>DESKTOP-FUN63VP</Computer><Security UserID='S-1-5-18'/></System><EventData><Data Name='RuleName'>-</Data><Data Name='UtcTime'>2025-12-15 13:52:19.131</Data><Data Name='ProcessGuid'>{BF59A455-1239-6940-CC03-000000009301}</Data><Data Name='ProcessId'>2916</Data><Data Name='Image'>C:\Windows\System32\wbem\WmiPrvSE.exe</Data><Data Name='User'>AUTORITE NT\SERVICE RÉSEAU</Data></EventData><RenderingInfo Culture='fr-FR'><Message>Process terminated:
RuleName: -
UtcTime: 2025-12-15 13:52:19.131
ProcessGuid: {BF59A455-1239-6940-CC03-000000009301}
ProcessId: 2916
Image: C:\Windows\System32\wbem\WmiPrvSE.exe
User: AUTORITE NT\SERVICE RÉSEAU</Message><Level>Information</Level><Task>Process terminated (rule: ProcessTerminate)</Task><Opcode>Informations</Opcode><Channel></Channel><Provider></Provider><Keywords></Keywords></RenderingInfo></Event><Event xmlns='http://schemas.microsoft.com/win/2004/08/events/event'><System><Provider Name='Microsoft-Windows-Sysmon' Guid='{5770385F-C22A-43E0-BF4C-06F5698FFBD9}'/><EventID>5</EventID><Version>3</Version><Level>4</Level><Task>5</Task><Opcode>0</Opcode><Keywords>0x8000000000000000</Keywords><TimeCreated SystemTime='2025-12-15T13:51:43.296600900Z'/><EventRecordID>498</EventRecordID><Correlation/><Execution ProcessID='2620' ThreadID='8520'/><Channel>Microsoft-Windows-Sysmon/Operational</Channel><Computer>DESKTOP-FUN63VP</Computer><Security UserID='S-1-5-18'/></System><EventData><Data Name='RuleName'>-</Data><Data Name='UtcTime'>2025-12-15 13:51:43.295</Data><Data Name='ProcessGuid'>{BF59A455-1143-6940-C603-000000009301}</Data><Data Name='ProcessId'>8784</Data><Data Name='Image'>C:\Windows\System32\svchost.exe</Data><Data Name='User'>AUTORITE NT\Système</Data></EventData><RenderingInfo Culture='fr-FR'><Message>Process terminated:
RuleName: -
UtcTime: 2025-12-15 13:51:43.295
ProcessGuid: {BF59A455-1143-6940-C603-000000009301}
ProcessId: 8784
Image: C:\Windows\System32\svchost.exe
User: AUTORITE NT\Système</Message><Level>Information</Level><Task>Process terminated (rule: ProcessTerminate)</Task><Opcode>Informations</Opcode><Channel></Channel><Provider></Provider><Keywords></Keywords></RenderingInfo></Event><Event xmlns='http://schemas.microsoft.com/win/2004/08/events/event'><System><Provider Name='Microsoft-Windows-Sysmon' Guid='{5770385F-C22A-43E0-BF4C-06F5698FFBD9}'/><EventID>5</EventID><Version>3</Version><Level>4</Level><Task>5</Task><Opcode>0</Opcode><Keywords>0x8000000000000000</Keywords><TimeCreated SystemTime='2025-12-15T13:51:42.184534200Z'/><EventRecordID>497</EventRecordID><Correlation/><Execution ProcessID='2620' ThreadID='8520'/><Channel>Microsoft-Windows-Sysmon/Operational</Channel><Computer>DESKTOP-FUN63VP</Computer><Security UserID='S-1-5-18'/></System><EventData><Data Name='RuleName'>-</Data><Data Name='UtcTime'>2025-12-15 13:51:42.183</Data><Data Name='ProcessGuid'>{BF59A455-124F-6940-CD03-000000009301}</Data><Data Name='ProcessId'>8980</Data><Data Name='Image'>C:\Users\pc\AppData\Local\Programs\Opera\opera.exe</Data><Data Name='User'>DESKTOP-FUN63VP\pc</Data></EventData><RenderingInfo Culture='fr-FR'><Message>Process terminated:
RuleName: -
UtcTime: 2025-12-15 13:51:42.183
ProcessGuid: {BF59A455-124F-6940-CD03-000000009301}
ProcessId: 8980
Image: C:\Users\pc\AppData\Local\Programs\Opera\opera.exe
User: DESKTOP-FUN63VP\pc</Message><Level>Information</Level><Task>Process terminated (rule: ProcessTerminate)</Task><Opcode>Informations</Opcode><Channel></Channel><Provider></Provider><Keywords></Keywords></RenderingInfo></Event><Event xmlns='http://schemas.microsoft.com/win/2004/08/events/event'><System><Provider Name='Microsoft-Windows-Sysmon' Guid='{5770385F-C22A-43E0-BF4C-06F5698FFBD9}'/><EventID>5</EventID><Version>3</Version><Level>4</Level><Task>5</Task><Opcode>0</Opcode><Keywords>0x8000000000000000</Keywords><TimeCreated SystemTime='2025-12-15T13:50:42.213187200Z'/><EventRecordID>496</EventRecordID><Correlation/><Execution ProcessID='2620' ThreadID='8520'/><Channel>Microsoft-Windows-Sysmon/Operational</Channel><Computer>DESKTOP-FUN63VP</Computer><Security UserID='S-1-5-18'/></System><EventData><Data Name='RuleName'>-</Data><Data Name='UtcTime'>2025-12-15 13:50:42.212</Data><Data Name='ProcessGuid'>{BF59A455-1213-6940-CB03-000000009301}</Data><Data Name='ProcessId'>5232</Data><Data Name='Image'>C:\Users\pc\AppData\Local\Programs\Opera\opera.exe</Data><Data Name='User'>DESKTOP-FUN63VP\pc</Data></EventData><RenderingInfo Culture='fr-FR'><Message>Process terminated:
RuleName: -
UtcTime: 2025-12-15 13:50:42.212
ProcessGuid: {BF59A455-1213-6940-CB03-000000009301}
ProcessId: 5232
Image: C:\Users\pc\AppData\Local\Programs\Opera\opera.exe
User: DESKTOP-FUN63VP\pc</Message><Level>Information</Level><Task>Process terminated (rule: ProcessTerminate)</Task><Opcode>Informations</Opcode><Channel></Channel><Provider></Provider><Keywords></Keywords></RenderingInfo></Event><Event xmlns='http://schemas.microsoft.com/win/2004/08/events/event'><System><Provider Name='Microsoft-Windows-Sysmon' Guid='{5770385F-C22A-43E0-BF4C-06F5698FFBD9}'/><EventID>5</EventID><Version>3</Version><Level>4</Level><Task>5</Task><Opcode>0</Opcode><Keywords>0x8000000000000000</Keywords><TimeCreated SystemTime='2025-12-15T13:50:07.399726100Z'/><EventRecordID>495</EventRecordID><Correlation/><Execution ProcessID='2620' ThreadID='8520'/><Channel>Microsoft-Windows-Sysmon/Operational</Channel><Computer>DESKTOP-FUN63VP</Computer><Security UserID='S-1-5-18'/></System><EventData><Data Name='RuleName'>-</Data><Data Name='UtcTime'>2025-12-15 13:50:07.399</Data><Data Name='ProcessGuid'>{BF59A455-11D7-6940-CA03-000000009301}</Data><Data Name='ProcessId'>5728</Data><Data Name='Image'>C:\Users\pc\AppData\Local\Programs\Opera\opera.exe</Data><Data Name='User'>DESKTOP-FUN63VP\pc</Data></EventData><RenderingInfo Culture='fr-FR'><Message>Process terminated:
RuleName: -
UtcTime: 2025-12-15 13:50:07.399
ProcessGuid: {BF59A455-11D7-6940-CA03-000000009301}
ProcessId: 5728
Image: C:\Users\pc\AppData\Local\Programs\Opera\opera.exe
User: DESKTOP-FUN63VP\pc</Message><Level>Information</Level><Task>Process terminated (rule: ProcessTerminate)</Task><Opcode>Informations</Opcode><Channel></Channel><Provider></Provider><Keywords></Keywords></RenderingInfo></Event><Event xmlns='http://schemas.microsoft.com/win/2004/08/events/event'><System><Provider Name='Microsoft-Windows-Sysmon' Guid='{5770385F-C22A-43E0-BF4C-06F5698FFBD9}'/><EventID>5</EventID><Version>3</Version><Level>4</Level><Task>5</Task><Opcode>0</Opcode><Keywords>0x8000000000000000</Keywords><TimeCreated SystemTime='2025-12-15T13:48:44.027152500Z'/><EventRecordID>494</EventRecordID><Correlation/><Execution ProcessID='2620' ThreadID='8520'/><Channel>Microsoft-Windows-Sysmon/Operational</Channel><Computer>DESKTOP-FUN63VP</Computer><Security UserID='S-1-5-18'/></System><EventData><Data Name='RuleName'>-</Data><Data Name='UtcTime'>2025-12-15 13:48:44.026</Data><Data Name='ProcessGuid'>{BF59A455-119B-6940-C903-000000009301}</Data><Data Name='ProcessId'>3396</Data><Data Name='Image'>C:\Users\pc\AppData\Local\Programs\Opera\opera.exe</Data><Data Name='User'>DESKTOP-FUN63VP\pc</Data></EventData><RenderingInfo Culture='fr-FR'><Message>Process terminated:
RuleName: -
UtcTime: 2025-12-15 13:48:44.026
ProcessGuid: {BF59A455-119B-6940-C903-000000009301}
ProcessId: 3396
Image: C:\Users\pc\AppData\Local\Programs\Opera\opera.exe
User: DESKTOP-FUN63VP\pc</Message><Level>Information</Level><Task>Process terminated (rule: ProcessTerminate)</Task><Opcode>Informations</Opcode><Channel></Channel><Provider></Provider><Keywords></Keywords></RenderingInfo></Event><Event xmlns='http://schemas.microsoft.com/win/2004/08/events/event'><System><Provider Name='Microsoft-Windows-Sysmon' Guid='{5770385F-C22A-43E0-BF4C-06F5698FFBD9}'/><EventID>5</EventID><Version>3</Version><Level>4</Level><Task>5</Task><Opcode>0</Opcode><Keywords>0x8000000000000000</Keywords><TimeCreated SystemTime='2025-12-15T13:48:12.950840400Z'/><EventRecordID>493</EventRecordID><Correlation/><Execution ProcessID='2620' ThreadID='8520'/><Channel>Microsoft-Windows-Sysmon/Operational</Channel><Computer>DESKTOP-FUN63VP</Computer><Security UserID='S-1-5-18'/></System><EventData><Data Name='RuleName'>-</Data><Data Name='UtcTime'>2025-12-15 13:48:12.949</Data><Data Name='ProcessGuid'>{BF59A455-1153-6940-C703-000000009301}</Data><Data Name='ProcessId'>6720</Data><Data Name='Image'>C:\Windows\System32\backgroundTaskHost.exe</Data><Data Name='User'>DESKTOP-FUN63VP\pc</Data></EventData><RenderingInfo Culture='fr-FR'><Message>Process terminated:
RuleName: -
UtcTime: 2025-12-15 13:48:12.949
ProcessGuid: {BF59A455-1153-6940-C703-000000009301}
ProcessId: 6720
Image: C:\Windows\System32\backgroundTaskHost.exe
User: DESKTOP-FUN63VP\pc</Message><Level>Information</Level><Task>Process terminated (rule: ProcessTerminate)</Task><Opcode>Informations</Opcode><Channel></Channel><Provider></Provider><Keywords></Keywords></RenderingInfo></Event><Event xmlns='http://schemas.microsoft.com/win/2004/08/events/event'><System><Provider Name='Microsoft-Windows-Sysmon' Guid='{5770385F-C22A-43E0-BF4C-06F5698FFBD9}'/><EventID>5</EventID><Version>3</Version><Level>4</Level><Task>5</Task><Opcode>0</Opcode><Keywords>0x8000000000000000</Keywords><TimeCreated SystemTime='2025-12-15T13:47:42.485562100Z'/><EventRecordID>492</EventRecordID><Correlation/><Execution ProcessID='2620' ThreadID='8520'/><Channel>Microsoft-Windows-Sysmon/Operational</Channel><Computer>DESKTOP-FUN63VP</Computer><Security UserID='S-1-5-18'/></System><EventData><Data Name='RuleName'>-</Data><Data Name='UtcTime'>2025-12-15 13:47:42.485</Data><Data Name='ProcessGuid'>{BF59A455-115F-6940-C803-000000009301}</Data><Data Name='ProcessId'>5968</Data><Data Name='Image'>C:\Users\pc\AppData\Local\Programs\Opera\opera.exe</Data><Data Name='User'>DESKTOP-FUN63VP\pc</Data></EventData><RenderingInfo Culture='fr-FR'><Message>Process terminated:
RuleName: -
UtcTime: 2025-12-15 13:47:42.485
ProcessGuid: {BF59A455-115F-6940-C803-000000009301}
ProcessId: 5968
Image: C:\Users\pc\AppData\Local\Programs\Opera\opera.exe
User: DESKTOP-FUN63VP\pc</Message><Level>Information</Level><Task>Process terminated (rule: ProcessTerminate)</Task><Opcode>Informations</Opcode><Channel></Channel><Provider></Provider><Keywords></Keywords></RenderingInfo></Event><Event xmlns='http://schemas.microsoft.com/win/2004/08/events/event'><System><Provider Name='Microsoft-Windows-Sysmon' Guid='{5770385F-C22A-43E0-BF4C-06F5698FFBD9}'/><EventID>5</EventID><Version>3</Version><Level>4</Level><Task>5</Task><Opcode>0</Opcode><Keywords>0x8000000000000000</Keywords><TimeCreated SystemTime='2025-12-15T13:46:42.167336500Z'/><EventRecordID>491</EventRecordID><Correlation/><Execution ProcessID='2620' ThreadID='8520'/><Channel>Microsoft-Windows-Sysmon/Operational</Channel><Computer>DESKTOP-FUN63VP</Computer><Security UserID='S-1-5-18'/></System><EventData><Data Name='RuleName'>-</Data><Data Name='UtcTime'>2025-12-15 13:46:42.166</Data><Data Name='ProcessGuid'>{BF59A455-1123-6940-C503-000000009301}</Data><Data Name='ProcessId'>916</Data><Data Name='Image'>C:\Users\pc\AppData\Local\Programs\Opera\opera.exe</Data><Data Name='User'>DESKTOP-FUN63VP\pc</Data></EventData><RenderingInfo Culture='fr-FR'><Message>Process terminated:
RuleName: -
UtcTime: 2025-12-15 13:46:42.166
ProcessGuid: {BF59A455-1123-6940-C503-000000009301}
ProcessId: 916
Image: C:\Users\pc\AppData\Local\Programs\Opera\opera.exe
User: DESKTOP-FUN63VP\pc</Message><Level>Information</Level><Task>Process terminated (rule: ProcessTerminate)</Task><Opcode>Informations</Opcode><Channel></Channel><Provider></Provider><Keywords></Keywords></RenderingInfo></Event><Event xmlns='http://schemas.microsoft.com/win/2004/08/events/event'><System><Provider Name='Microsoft-Windows-Sysmon' Guid='{5770385F-C22A-43E0-BF4C-06F5698FFBD9}'/><EventID>5</EventID><Version>3</Version><Level>4</Level><Task>5</Task><Opcode>0</Opcode><Keywords>0x8000000000000000</Keywords><TimeCreated SystemTime='2025-12-15T13:46:05.565566800Z'/><EventRecordID>490</EventRecordID><Correlation/><Execution ProcessID='2620' ThreadID='8520'/><Channel>Microsoft-Windows-Sysmon/Operational</Channel><Computer>DESKTOP-FUN63VP</Computer><Security UserID='S-1-5-18'/></System><EventData><Data Name='RuleName'>-</Data><Data Name='UtcTime'>2025-12-15 13:46:05.564</Data><Data Name='ProcessGuid'>{BF59A455-0FEB-6940-BE03-000000009301}</Data><Data Name='ProcessId'>8812</Data><Data Name='Image'>C:\Windows\System32\svchost.exe</Data><Data Name='User'>AUTORITE NT\Système</Data></EventData><RenderingInfo Culture='fr-FR'><Message>Process terminated:
RuleName: -
UtcTime: 2025-12-15 13:46:05.564
ProcessGuid: {BF59A455-0FEB-6940-BE03-000000009301}
ProcessId: 8812
Image: C:\Windows\System32\svchost.exe
User: AUTORITE NT\Système</Message><Level>Information</Level><Task>Process terminated (rule: ProcessTerminate)</Task><Opcode>Informations</Opcode><Channel></Channel><Provider></Provider><Keywords></Keywords></RenderingInfo></Event><Event xmlns='http://schemas.microsoft.com/win/2004/08/events/event'><System><Provider Name='Microsoft-Windows-Sysmon' Guid='{5770385F-C22A-43E0-BF4C-06F5698FFBD9}'/><EventID>5</EventID><Version>3</Version><Level>4</Level><Task>5</Task><Opcode>0</Opcode><Keywords>0x8000000000000000</Keywords><TimeCreated SystemTime='2025-12-15T13:45:41.891186100Z'/><EventRecordID>489</EventRecordID><Correlation/><Execution ProcessID='2620' ThreadID='8520'/><Channel>Microsoft-Windows-Sysmon/Operational</Channel><Computer>DESKTOP-FUN63VP</Computer><Security UserID='S-1-5-18'/></System><EventData><Data Name='RuleName'>-</Data><Data Name='UtcTime'>2025-12-15 13:45:41.890</Data><Data Name='ProcessGuid'>{BF59A455-10CF-6940-C303-000000009301}</Data><Data Name='ProcessId'>8840</Data><Data Name='Image'>C:\Users\pc\AppData\Local\Programs\Opera\opera.exe</Data><Data Name='User'>DESKTOP-FUN63VP\pc</Data></EventData><RenderingInfo Culture='fr-FR'><Message>Process terminated:
RuleName: -
UtcTime: 2025-12-15 13:45:41.890
ProcessGuid: {BF59A455-10CF-6940-C303-000000009301}
ProcessId: 8840
Image: C:\Users\pc\AppData\Local\Programs\Opera\opera.exe
User: DESKTOP-FUN63VP\pc</Message><Level>Information</Level><Task>Process terminated (rule: ProcessTerminate)</Task><Opcode>Informations</Opcode><Channel></Channel><Provider></Provider><Keywords></Keywords></RenderingInfo></Event><Event xmlns='http://schemas.microsoft.com/win/2004/08/events/event'><System><Provider Name='Microsoft-Windows-Sysmon' Guid='{5770385F-C22A-43E0-BF4C-06F5698FFBD9}'/><EventID>5</EventID><Version>3</Version><Level>4</Level><Task>5</Task><Opcode>0</Opcode><Keywords>0x8000000000000000</Keywords><TimeCreated SystemTime='2025-12-15T13:44:47.657424000Z'/><EventRecordID>488</EventRecordID><Correlation/><Execution ProcessID='2620' ThreadID='8520'/><Channel>Microsoft-Windows-Sysmon/Operational</Channel><Computer>DESKTOP-FUN63VP</Computer><Security UserID='S-1-5-18'/></System><EventData><Data Name='RuleName'>-</Data><Data Name='UtcTime'>2025-12-15 13:44:47.656</Data><Data Name='ProcessGuid'>{BF59A455-1075-6940-C203-000000009301}</Data><Data Name='ProcessId'>10176</Data><Data Name='Image'>C:\Windows\System32\wbem\WmiPrvSE.exe</Data><Data Name='User'>AUTORITE NT\SERVICE RÉSEAU</Data></EventData><RenderingInfo Culture='fr-FR'><Message>Process terminated:
RuleName: -
UtcTime: 2025-12-15 13:44:47.656
ProcessGuid: {BF59A455-1075-6940-C203-000000009301}
ProcessId: 10176
Image: C:\Windows\System32\wbem\WmiPrvSE.exe
User: AUTORITE NT\SERVICE RÉSEAU</Message><Level>Information</Level><Task>Process terminated (rule: ProcessTerminate)</Task><Opcode>Informations</Opcode><Channel></Channel><Provider></Provider><Keywords></Keywords></RenderingInfo></Event><Event xmlns='http://schemas.microsoft.com/win/2004/08/events/event'><System><Provider Name='Microsoft-Windows-Sysmon' Guid='{5770385F-C22A-43E0-BF4C-06F5698FFBD9}'/><EventID>5</EventID><Version>3</Version><Level>4</Level><Task>5</Task><Opcode>0</Opcode><Keywords>0x8000000000000000</Keywords><TimeCreated SystemTime='2025-12-15T13:43:42.176608200Z'/><EventRecordID>487</EventRecordID><Correlation/><Execution ProcessID='2620' ThreadID='8520'/><Channel>Microsoft-Windows-Sysmon/Operational</Channel><Computer>DESKTOP-FUN63VP</Computer><Security UserID='S-1-5-18'/></System><EventData><Data Name='RuleName'>-</Data><Data Name='UtcTime'>2025-12-15 13:43:42.176</Data><Data Name='ProcessGuid'>{BF59A455-106F-6940-C103-000000009301}</Data><Data Name='ProcessId'>7264</Data><Data Name='Image'>C:\Users\pc\AppData\Local\Programs\Opera\opera.exe</Data><Data Name='User'>DESKTOP-FUN63VP\pc</Data></EventData><RenderingInfo Culture='fr-FR'><Message>Process terminated:
RuleName: -
UtcTime: 2025-12-15 13:43:42.176
ProcessGuid: {BF59A455-106F-6940-C103-000000009301}
ProcessId: 7264
Image: C:\Users\pc\AppData\Local\Programs\Opera\opera.exe
User: DESKTOP-FUN63VP\pc</Message><Level>Information</Level><Task>Process terminated (rule: ProcessTerminate)</Task><Opcode>Informations</Opcode><Channel></Channel><Provider></Provider><Keywords></Keywords></RenderingInfo></Event>