<Event xmlns='http://schemas.microsoft.com/win/2004/08/events/event'><System><Provider Name='Microsoft-Windows-Sysmon' Guid='{5770385F-C22A-43E0-BF4C-06F5698FFBD9}'/><EventID>5</EventID><Version>3</Version><Level>4</Level><Task>5</Task><Opcode>0</Opcode><Keywords>0x8000000000000000</Keywords><TimeCreated SystemTime='2025-12-15T12:09:42.200510400Z'/><EventRecordID>53</EventRecordID><Correlation/><Execution ProcessID='2620' ThreadID='8520'/><Channel>Microsoft-Windows-Sysmon/Operational</Channel><Computer>DESKTOP-FUN63VP</Computer><Security UserID='S-1-5-18'/></System><EventData><Data Name='RuleName'>-</Data><Data Name='UtcTime'>2025-12-15 12:09:42.200</Data><Data Name='ProcessGuid'>{BF59A455-FA67-693F-0502-000000009301}</Data><Data Name='ProcessId'>1812</Data><Data Name='Image'>C:\Users\pc\AppData\Local\Programs\Opera\opera.exe</Data><Data Name='User'>DESKTOP-FUN63VP\pc</Data></EventData><RenderingInfo Culture='fr-FR'><Message>Process terminated:
RuleName: -
UtcTime: 2025-12-15 12:09:42.200
ProcessGuid: {BF59A455-FA67-693F-0502-000000009301}
ProcessId: 1812
Image: C:\Users\pc\AppData\Local\Programs\Opera\opera.exe
User: DESKTOP-FUN63VP\pc</Message><Level>Information</Level><Task>Process terminated (rule: ProcessTerminate)</Task><Opcode>Informations</Opcode><Channel></Channel><Provider></Provider><Keywords></Keywords></RenderingInfo></Event><Event xmlns='http://schemas.microsoft.com/win/2004/08/events/event'><System><Provider Name='Microsoft-Windows-Sysmon' Guid='{5770385F-C22A-43E0-BF4C-06F5698FFBD9}'/><EventID>5</EventID><Version>3</Version><Level>4</Level><Task>5</Task><Opcode>0</Opcode><Keywords>0x8000000000000000</Keywords><TimeCreated SystemTime='2025-12-15T12:09:32.554031800Z'/><EventRecordID>52</EventRecordID><Correlation/><Execution ProcessID='2620' ThreadID='8520'/><Channel>Microsoft-Windows-Sysmon/Operational</Channel><Computer>DESKTOP-FUN63VP</Computer><Security UserID='S-1-5-18'/></System><EventData><Data Name='RuleName'>-</Data><Data Name='UtcTime'>2025-12-15 12:09:32.549</Data><Data Name='ProcessGuid'>{BF59A455-FA3A-693F-0402-000000009301}</Data><Data Name='ProcessId'>9616</Data><Data Name='Image'>C:\Windows\System32\notepad.exe</Data><Data Name='User'>DESKTOP-FUN63VP\pc</Data></EventData><RenderingInfo Culture='fr-FR'><Message>Process terminated:
RuleName: -
UtcTime: 2025-12-15 12:09:32.549
ProcessGuid: {BF59A455-FA3A-693F-0402-000000009301}
ProcessId: 9616
Image: C:\Windows\System32\notepad.exe
User: DESKTOP-FUN63VP\pc</Message><Level>Information</Level><Task>Process terminated (rule: ProcessTerminate)</Task><Opcode>Informations</Opcode><Channel></Channel><Provider></Provider><Keywords></Keywords></RenderingInfo></Event><Event xmlns='http://schemas.microsoft.com/win/2004/08/events/event'><System><Provider Name='Microsoft-Windows-Sysmon' Guid='{5770385F-C22A-43E0-BF4C-06F5698FFBD9}'/><EventID>5</EventID><Version>3</Version><Level>4</Level><Task>5</Task><Opcode>0</Opcode><Keywords>0x8000000000000000</Keywords><TimeCreated SystemTime='2025-12-15T12:09:23.609597200Z'/><EventRecordID>51</EventRecordID><Correlation/><Execution ProcessID='2620' ThreadID='8520'/><Channel>Microsoft-Windows-Sysmon/Operational</Channel><Computer>DESKTOP-FUN63VP</Computer><Security UserID='S-1-5-18'/></System><EventData><Data Name='RuleName'>-</Data><Data Name='UtcTime'>2025-12-15 12:09:23.608</Data><Data Name='ProcessGuid'>{BF59A455-FA73-693F-0602-000000009301}</Data><Data Name='ProcessId'>1876</Data><Data Name='Image'>C:\Windows\System32\backgroundTaskHost.exe</Data><Data Name='User'>DESKTOP-FUN63VP\pc</Data></EventData><RenderingInfo Culture='fr-FR'><Message>Process terminated:
RuleName: -
UtcTime: 2025-12-15 12:09:23.608
ProcessGuid: {BF59A455-FA73-693F-0602-000000009301}
ProcessId: 1876
Image: C:\Windows\System32\backgroundTaskHost.exe
User: DESKTOP-FUN63VP\pc</Message><Level>Information</Level><Task>Process terminated (rule: ProcessTerminate)</Task><Opcode>Informations</Opcode><Channel></Channel><Provider></Provider><Keywords></Keywords></RenderingInfo></Event><Event xmlns='http://schemas.microsoft.com/win/2004/08/events/event'><System><Provider Name='Microsoft-Windows-Sysmon' Guid='{5770385F-C22A-43E0-BF4C-06F5698FFBD9}'/><EventID>5</EventID><Version>3</Version><Level>4</Level><Task>5</Task><Opcode>0</Opcode><Keywords>0x8000000000000000</Keywords><TimeCreated SystemTime='2025-12-15T12:09:17.519537800Z'/><EventRecordID>50</EventRecordID><Correlation/><Execution ProcessID='2620' ThreadID='8520'/><Channel>Microsoft-Windows-Sysmon/Operational</Channel><Computer>DESKTOP-FUN63VP</Computer><Security UserID='S-1-5-18'/></System><EventData><Data Name='RuleName'>-</Data><Data Name='UtcTime'>2025-12-15 12:09:17.517</Data><Data Name='ProcessGuid'>{BF59A455-FA13-693F-0102-000000009301}</Data><Data Name='ProcessId'>4308</Data><Data Name='Image'>C:\Windows\System32\wbem\WmiPrvSE.exe</Data><Data Name='User'>AUTORITE NT\SERVICE RÉSEAU</Data></EventData><RenderingInfo Culture='fr-FR'><Message>Process terminated:
RuleName: -
UtcTime: 2025-12-15 12:09:17.517
ProcessGuid: {BF59A455-FA13-693F-0102-000000009301}
ProcessId: 4308
Image: C:\Windows\System32\wbem\WmiPrvSE.exe
User: AUTORITE NT\SERVICE RÉSEAU</Message><Level>Information</Level><Task>Process terminated (rule: ProcessTerminate)</Task><Opcode>Informations</Opcode><Channel></Channel><Provider></Provider><Keywords></Keywords></RenderingInfo></Event><Event xmlns='http://schemas.microsoft.com/win/2004/08/events/event'><System><Provider Name='Microsoft-Windows-Sysmon' Guid='{5770385F-C22A-43E0-BF4C-06F5698FFBD9}'/><EventID>5</EventID><Version>3</Version><Level>4</Level><Task>5</Task><Opcode>0</Opcode><Keywords>0x8000000000000000</Keywords><TimeCreated SystemTime='2025-12-15T12:08:46.856531000Z'/><EventRecordID>49</EventRecordID><Correlation/><Execution ProcessID='2620' ThreadID='8520'/><Channel>Microsoft-Windows-Sysmon/Operational</Channel><Computer>DESKTOP-FUN63VP</Computer><Security UserID='S-1-5-18'/></System><EventData><Data Name='RuleName'>-</Data><Data Name='UtcTime'>2025-12-15 12:08:46.852</Data><Data Name='ProcessGuid'>{BF59A455-FA11-693F-FD01-000000009301}</Data><Data Name='ProcessId'>3544</Data><Data Name='Image'>C:\Windows\System32\backgroundTaskHost.exe</Data><Data Name='User'>DESKTOP-FUN63VP\pc</Data></EventData><RenderingInfo Culture='fr-FR'><Message>Process terminated:
RuleName: -
UtcTime: 2025-12-15 12:08:46.852
ProcessGuid: {BF59A455-FA11-693F-FD01-000000009301}
ProcessId: 3544
Image: C:\Windows\System32\backgroundTaskHost.exe
User: DESKTOP-FUN63VP\pc</Message><Level>Information</Level><Task>Process terminated (rule: ProcessTerminate)</Task><Opcode>Informations</Opcode><Channel></Channel><Provider></Provider><Keywords></Keywords></RenderingInfo></Event><Event xmlns='http://schemas.microsoft.com/win/2004/08/events/event'><System><Provider Name='Microsoft-Windows-Sysmon' Guid='{5770385F-C22A-43E0-BF4C-06F5698FFBD9}'/><EventID>5</EventID><Version>3</Version><Level>4</Level><Task>5</Task><Opcode>0</Opcode><Keywords>0x8000000000000000</Keywords><TimeCreated SystemTime='2025-12-15T12:08:42.464355600Z'/><EventRecordID>48</EventRecordID><Correlation/><Execution ProcessID='2620' ThreadID='8520'/><Channel>Microsoft-Windows-Sysmon/Operational</Channel><Computer>DESKTOP-FUN63VP</Computer><Security UserID='S-1-5-18'/></System><EventData><Data Name='RuleName'>-</Data><Data Name='UtcTime'>2025-12-15 12:08:42.463</Data><Data Name='ProcessGuid'>{BF59A455-FA2B-693F-0302-000000009301}</Data><Data Name='ProcessId'>3356</Data><Data Name='Image'>C:\Users\pc\AppData\Local\Programs\Opera\opera.exe</Data><Data Name='User'>DESKTOP-FUN63VP\pc</Data></EventData><RenderingInfo Culture='fr-FR'><Message>Process terminated:
RuleName: -
UtcTime: 2025-12-15 12:08:42.463
ProcessGuid: {BF59A455-FA2B-693F-0302-000000009301}
ProcessId: 3356
Image: C:\Users\pc\AppData\Local\Programs\Opera\opera.exe
User: DESKTOP-FUN63VP\pc</Message><Level>Information</Level><Task>Process terminated (rule: ProcessTerminate)</Task><Opcode>Informations</Opcode><Channel></Channel><Provider></Provider><Keywords></Keywords></RenderingInfo></Event><Event xmlns='http://schemas.microsoft.com/win/2004/08/events/event'><System><Provider Name='Microsoft-Windows-Sysmon' Guid='{5770385F-C22A-43E0-BF4C-06F5698FFBD9}'/><EventID>5</EventID><Version>3</Version><Level>4</Level><Task>5</Task><Opcode>0</Opcode><Keywords>0x8000000000000000</Keywords><TimeCreated SystemTime='2025-12-15T12:07:42.476200300Z'/><EventRecordID>47</EventRecordID><Correlation/><Execution ProcessID='2620' ThreadID='8520'/><Channel>Microsoft-Windows-Sysmon/Operational</Channel><Computer>DESKTOP-FUN63VP</Computer><Security UserID='S-1-5-18'/></System><EventData><Data Name='RuleName'>-</Data><Data Name='UtcTime'>2025-12-15 12:07:42.475</Data><Data Name='ProcessGuid'>{BF59A455-F9EF-693F-FA01-000000009301}</Data><Data Name='ProcessId'>9604</Data><Data Name='Image'>C:\Users\pc\AppData\Local\Programs\Opera\opera.exe</Data><Data Name='User'>DESKTOP-FUN63VP\pc</Data></EventData><RenderingInfo Culture='fr-FR'><Message>Process terminated:
RuleName: -
UtcTime: 2025-12-15 12:07:42.475
ProcessGuid: {BF59A455-F9EF-693F-FA01-000000009301}
ProcessId: 9604
Image: C:\Users\pc\AppData\Local\Programs\Opera\opera.exe
User: DESKTOP-FUN63VP\pc</Message><Level>Information</Level><Task>Process terminated (rule: ProcessTerminate)</Task><Opcode>Informations</Opcode><Channel></Channel><Provider></Provider><Keywords></Keywords></RenderingInfo></Event><Event xmlns='http://schemas.microsoft.com/win/2004/08/events/event'><System><Provider Name='Microsoft-Windows-Sysmon' Guid='{5770385F-C22A-43E0-BF4C-06F5698FFBD9}'/><EventID>5</EventID><Version>3</Version><Level>4</Level><Task>5</Task><Opcode>0</Opcode><Keywords>0x8000000000000000</Keywords><TimeCreated SystemTime='2025-12-15T12:07:42.326166500Z'/><EventRecordID>46</EventRecordID><Correlation/><Execution ProcessID='2620' ThreadID='8520'/><Channel>Microsoft-Windows-Sysmon/Operational</Channel><Computer>DESKTOP-FUN63VP</Computer><Security UserID='S-1-5-18'/></System><EventData><Data Name='RuleName'>-</Data><Data Name='UtcTime'>2025-12-15 12:07:42.250</Data><Data Name='ProcessGuid'>{BF59A455-FA0D-693F-FC01-000000009301}</Data><Data Name='ProcessId'>9556</Data><Data Name='Image'>C:\Windows\System32\backgroundTaskHost.exe</Data><Data Name='User'>DESKTOP-FUN63VP\pc</Data></EventData><RenderingInfo Culture='fr-FR'><Message>Process terminated:
RuleName: -
UtcTime: 2025-12-15 12:07:42.250
ProcessGuid: {BF59A455-FA0D-693F-FC01-000000009301}
ProcessId: 9556
Image: C:\Windows\System32\backgroundTaskHost.exe
User: DESKTOP-FUN63VP\pc</Message><Level>Information</Level><Task>Process terminated (rule: ProcessTerminate)</Task><Opcode>Informations</Opcode><Channel></Channel><Provider></Provider><Keywords></Keywords></RenderingInfo></Event><Event xmlns='http://schemas.microsoft.com/win/2004/08/events/event'><System><Provider Name='Microsoft-Windows-Sysmon' Guid='{5770385F-C22A-43E0-BF4C-06F5698FFBD9}'/><EventID>5</EventID><Version>3</Version><Level>4</Level><Task>5</Task><Opcode>0</Opcode><Keywords>0x8000000000000000</Keywords><TimeCreated SystemTime='2025-12-15T12:06:42.213217500Z'/><EventRecordID>45</EventRecordID><Correlation/><Execution ProcessID='2620' ThreadID='8520'/><Channel>Microsoft-Windows-Sysmon/Operational</Channel><Computer>DESKTOP-FUN63VP</Computer><Security UserID='S-1-5-18'/></System><EventData><Data Name='RuleName'>-</Data><Data Name='UtcTime'>2025-12-15 12:06:42.212</Data><Data Name='ProcessGuid'>{BF59A455-F9B3-693F-F901-000000009301}</Data><Data Name='ProcessId'>8784</Data><Data Name='Image'>C:\Users\pc\AppData\Local\Programs\Opera\opera.exe</Data><Data Name='User'>DESKTOP-FUN63VP\pc</Data></EventData><RenderingInfo Culture='fr-FR'><Message>Process terminated:
RuleName: -
UtcTime: 2025-12-15 12:06:42.212
ProcessGuid: {BF59A455-F9B3-693F-F901-000000009301}
ProcessId: 8784
Image: C:\Users\pc\AppData\Local\Programs\Opera\opera.exe
User: DESKTOP-FUN63VP\pc</Message><Level>Information</Level><Task>Process terminated (rule: ProcessTerminate)</Task><Opcode>Informations</Opcode><Channel></Channel><Provider></Provider><Keywords></Keywords></RenderingInfo></Event><Event xmlns='http://schemas.microsoft.com/win/2004/08/events/event'><System><Provider Name='Microsoft-Windows-Sysmon' Guid='{5770385F-C22A-43E0-BF4C-06F5698FFBD9}'/><EventID>5</EventID><Version>3</Version><Level>4</Level><Task>5</Task><Opcode>0</Opcode><Keywords>0x8000000000000000</Keywords><TimeCreated SystemTime='2025-12-15T12:06:32.234132400Z'/><EventRecordID>44</EventRecordID><Correlation/><Execution ProcessID='2620' ThreadID='8520'/><Channel>Microsoft-Windows-Sysmon/Operational</Channel><Computer>DESKTOP-FUN63VP</Computer><Security UserID='S-1-5-18'/></System><EventData><Data Name='RuleName'>-</Data><Data Name='UtcTime'>2025-12-15 12:06:32.230</Data><Data Name='ProcessGuid'>{BF59A455-F96E-693F-F701-000000009301}</Data><Data Name='ProcessId'>5684</Data><Data Name='Image'>C:\Windows\System32\RuntimeBroker.exe</Data><Data Name='User'>DESKTOP-FUN63VP\pc</Data></EventData><RenderingInfo Culture='fr-FR'><Message>Process terminated:
RuleName: -
UtcTime: 2025-12-15 12:06:32.230
ProcessGuid: {BF59A455-F96E-693F-F701-000000009301}
ProcessId: 5684
Image: C:\Windows\System32\RuntimeBroker.exe
User: DESKTOP-FUN63VP\pc</Message><Level>Information</Level><Task>Process terminated (rule: ProcessTerminate)</Task><Opcode>Informations</Opcode><Channel></Channel><Provider></Provider><Keywords></Keywords></RenderingInfo></Event><Event xmlns='http://schemas.microsoft.com/win/2004/08/events/event'><System><Provider Name='Microsoft-Windows-Sysmon' Guid='{5770385F-C22A-43E0-BF4C-06F5698FFBD9}'/><EventID>5</EventID><Version>3</Version><Level>4</Level><Task>5</Task><Opcode>0</Opcode><Keywords>0x8000000000000000</Keywords><TimeCreated SystemTime='2025-12-15T12:06:02.216040500Z'/><EventRecordID>43</EventRecordID><Correlation/><Execution ProcessID='2620' ThreadID='8520'/><Channel>Microsoft-Windows-Sysmon/Operational</Channel><Computer>DESKTOP-FUN63VP</Computer><Security UserID='S-1-5-18'/></System><EventData><Data Name='RuleName'>-</Data><Data Name='UtcTime'>2025-12-15 12:06:02.214</Data><Data Name='ProcessGuid'>{BF59A455-F96D-693F-F601-000000009301}</Data><Data Name='ProcessId'>5856</Data><Data Name='Image'>C:\Windows\System32\backgroundTaskHost.exe</Data><Data Name='User'>DESKTOP-FUN63VP\pc</Data></EventData><RenderingInfo Culture='fr-FR'><Message>Process terminated:
RuleName: -
UtcTime: 2025-12-15 12:06:02.214
ProcessGuid: {BF59A455-F96D-693F-F601-000000009301}
ProcessId: 5856
Image: C:\Windows\System32\backgroundTaskHost.exe
User: DESKTOP-FUN63VP\pc</Message><Level>Information</Level><Task>Process terminated (rule: ProcessTerminate)</Task><Opcode>Informations</Opcode><Channel></Channel><Provider></Provider><Keywords></Keywords></RenderingInfo></Event><Event xmlns='http://schemas.microsoft.com/win/2004/08/events/event'><System><Provider Name='Microsoft-Windows-Sysmon' Guid='{5770385F-C22A-43E0-BF4C-06F5698FFBD9}'/><EventID>5</EventID><Version>3</Version><Level>4</Level><Task>5</Task><Opcode>0</Opcode><Keywords>0x8000000000000000</Keywords><TimeCreated SystemTime='2025-12-15T12:05:41.893477600Z'/><EventRecordID>42</EventRecordID><Correlation/><Execution ProcessID='2620' ThreadID='8520'/><Channel>Microsoft-Windows-Sysmon/Operational</Channel><Computer>DESKTOP-FUN63VP</Computer><Security UserID='S-1-5-18'/></System><EventData><Data Name='RuleName'>-</Data><Data Name='UtcTime'>2025-12-15 12:05:41.893</Data><Data Name='ProcessGuid'>{BF59A455-F959-693F-F501-000000009301}</Data><Data Name='ProcessId'>3344</Data><Data Name='Image'>C:\Users\pc\AppData\Local\Programs\Opera\opera.exe</Data><Data Name='User'>DESKTOP-FUN63VP\pc</Data></EventData><RenderingInfo Culture='fr-FR'><Message>Process terminated:
RuleName: -
UtcTime: 2025-12-15 12:05:41.893
ProcessGuid: {BF59A455-F959-693F-F501-000000009301}
ProcessId: 3344
Image: C:\Users\pc\AppData\Local\Programs\Opera\opera.exe
User: DESKTOP-FUN63VP\pc</Message><Level>Information</Level><Task>Process terminated (rule: ProcessTerminate)</Task><Opcode>Informations</Opcode><Channel></Channel><Provider></Provider><Keywords></Keywords></RenderingInfo></Event><Event xmlns='http://schemas.microsoft.com/win/2004/08/events/event'><System><Provider Name='Microsoft-Windows-Sysmon' Guid='{5770385F-C22A-43E0-BF4C-06F5698FFBD9}'/><EventID>5</EventID><Version>3</Version><Level>4</Level><Task>5</Task><Opcode>0</Opcode><Keywords>0x8000000000000000</Keywords><TimeCreated SystemTime='2025-12-15T12:05:07.311062500Z'/><EventRecordID>41</EventRecordID><Correlation/><Execution ProcessID='2620' ThreadID='8520'/><Channel>Microsoft-Windows-Sysmon/Operational</Channel><Computer>DESKTOP-FUN63VP</Computer><Security UserID='S-1-5-18'/></System><EventData><Data Name='RuleName'>-</Data><Data Name='UtcTime'>2025-12-15 12:05:07.309</Data><Data Name='ProcessGuid'>{BF59A455-F845-693F-EA01-000000009301}</Data><Data Name='ProcessId'>8184</Data><Data Name='Image'>C:\Windows\System32\svchost.exe</Data><Data Name='User'>DESKTOP-FUN63VP\pc</Data></EventData><RenderingInfo Culture='fr-FR'><Message>Process terminated:
RuleName: -
UtcTime: 2025-12-15 12:05:07.309
ProcessGuid: {BF59A455-F845-693F-EA01-000000009301}
ProcessId: 8184
Image: C:\Windows\System32\svchost.exe
User: DESKTOP-FUN63VP\pc</Message><Level>Information</Level><Task>Process terminated (rule: ProcessTerminate)</Task><Opcode>Informations</Opcode><Channel></Channel><Provider></Provider><Keywords></Keywords></RenderingInfo></Event><Event xmlns='http://schemas.microsoft.com/win/2004/08/events/event'><System><Provider Name='Microsoft-Windows-Sysmon' Guid='{5770385F-C22A-43E0-BF4C-06F5698FFBD9}'/><EventID>5</EventID><Version>3</Version><Level>4</Level><Task>5</Task><Opcode>0</Opcode><Keywords>0x8000000000000000</Keywords><TimeCreated SystemTime='2025-12-15T12:04:14.327391400Z'/><EventRecordID>40</EventRecordID><Correlation/><Execution ProcessID='2620' ThreadID='8520'/><Channel>Microsoft-Windows-Sysmon/Operational</Channel><Computer>DESKTOP-FUN63VP</Computer><Security UserID='S-1-5-18'/></System><EventData><Data Name='RuleName'>-</Data><Data Name='UtcTime'>2025-12-15 12:04:14.326</Data><Data Name='ProcessGuid'>{BF59A455-F812-693F-E801-000000009301}</Data><Data Name='ProcessId'>6640</Data><Data Name='Image'>C:\Windows\System32\svchost.exe</Data><Data Name='User'>AUTORITE NT\Système</Data></EventData><RenderingInfo Culture='fr-FR'><Message>Process terminated:
RuleName: -
UtcTime: 2025-12-15 12:04:14.326
ProcessGuid: {BF59A455-F812-693F-E801-000000009301}
ProcessId: 6640
Image: C:\Windows\System32\svchost.exe
User: AUTORITE NT\Système</Message><Level>Information</Level><Task>Process terminated (rule: ProcessTerminate)</Task><Opcode>Informations</Opcode><Channel></Channel><Provider></Provider><Keywords></Keywords></RenderingInfo></Event><Event xmlns='http://schemas.microsoft.com/win/2004/08/events/event'><System><Provider Name='Microsoft-Windows-Sysmon' Guid='{5770385F-C22A-43E0-BF4C-06F5698FFBD9}'/><EventID>5</EventID><Version>3</Version><Level>4</Level><Task>5</Task><Opcode>0</Opcode><Keywords>0x8000000000000000</Keywords><TimeCreated SystemTime='2025-12-15T12:03:53.267294300Z'/><EventRecordID>39</EventRecordID><Correlation/><Execution ProcessID='2620' ThreadID='8520'/><Channel>Microsoft-Windows-Sysmon/Operational</Channel><Computer>DESKTOP-FUN63VP</Computer><Security UserID='S-1-5-18'/></System><EventData><Data Name='RuleName'>-</Data><Data Name='UtcTime'>2025-12-15 12:03:53.266</Data><Data Name='ProcessGuid'>{BF59A455-F928-693F-F401-000000009301}</Data><Data Name='ProcessId'>9312</Data><Data Name='Image'>C:\Windows\System32\backgroundTaskHost.exe</Data><Data Name='User'>DESKTOP-FUN63VP\pc</Data></EventData><RenderingInfo Culture='fr-FR'><Message>Process terminated:
RuleName: -
UtcTime: 2025-12-15 12:03:53.266
ProcessGuid: {BF59A455-F928-693F-F401-000000009301}
ProcessId: 9312
Image: C:\Windows\System32\backgroundTaskHost.exe
User: DESKTOP-FUN63VP\pc</Message><Level>Information</Level><Task>Process terminated (rule: ProcessTerminate)</Task><Opcode>Informations</Opcode><Channel></Channel><Provider></Provider><Keywords></Keywords></RenderingInfo></Event><Event xmlns='http://schemas.microsoft.com/win/2004/08/events/event'><System><Provider Name='Microsoft-Windows-Sysmon' Guid='{5770385F-C22A-43E0-BF4C-06F5698FFBD9}'/><EventID>5</EventID><Version>3</Version><Level>4</Level><Task>5</Task><Opcode>0</Opcode><Keywords>0x8000000000000000</Keywords><TimeCreated SystemTime='2025-12-15T12:03:42.453396900Z'/><EventRecordID>38</EventRecordID><Correlation/><Execution ProcessID='2620' ThreadID='8520'/><Channel>Microsoft-Windows-Sysmon/Operational</Channel><Computer>DESKTOP-FUN63VP</Computer><Security UserID='S-1-5-18'/></System><EventData><Data Name='RuleName'>-</Data><Data Name='UtcTime'>2025-12-15 12:03:42.452</Data><Data Name='ProcessGuid'>{BF59A455-F8FF-693F-F301-000000009301}</Data><Data Name='ProcessId'>9128</Data><Data Name='Image'>C:\Users\pc\AppData\Local\Programs\Opera\opera.exe</Data><Data Name='User'>DESKTOP-FUN63VP\pc</Data></EventData><RenderingInfo Culture='fr-FR'><Message>Process terminated:
RuleName: -
UtcTime: 2025-12-15 12:03:42.452
ProcessGuid: {BF59A455-F8FF-693F-F301-000000009301}
ProcessId: 9128
Image: C:\Users\pc\AppData\Local\Programs\Opera\opera.exe
User: DESKTOP-FUN63VP\pc</Message><Level>Information</Level><Task>Process terminated (rule: ProcessTerminate)</Task><Opcode>Informations</Opcode><Channel></Channel><Provider></Provider><Keywords></Keywords></RenderingInfo></Event><Event xmlns='http://schemas.microsoft.com/win/2004/08/events/event'><System><Provider Name='Microsoft-Windows-Sysmon' Guid='{5770385F-C22A-43E0-BF4C-06F5698FFBD9}'/><EventID>5</EventID><Version>3</Version><Level>4</Level><Task>5</Task><Opcode>0</Opcode><Keywords>0x8000000000000000</Keywords><TimeCreated SystemTime='2025-12-15T12:02:59.215289800Z'/><EventRecordID>37</EventRecordID><Correlation/><Execution ProcessID='2620' ThreadID='8520'/><Channel>Microsoft-Windows-Sysmon/Operational</Channel><Computer>DESKTOP-FUN63VP</Computer><Security UserID='S-1-5-18'/></System><EventData><Data Name='RuleName'>-</Data><Data Name='UtcTime'>2025-12-15 12:02:59.213</Data><Data Name='ProcessGuid'>{BF59A455-F366-693F-6401-000000009301}</Data><Data Name='ProcessId'>9400</Data><Data Name='Image'>C:\Windows\System32\smartscreen.exe</Data><Data Name='User'>DESKTOP-FUN63VP\pc</Data></EventData><RenderingInfo Culture='fr-FR'><Message>Process terminated:
RuleName: -
UtcTime: 2025-12-15 12:02:59.213
ProcessGuid: {BF59A455-F366-693F-6401-000000009301}
ProcessId: 9400
Image: C:\Windows\System32\smartscreen.exe
User: DESKTOP-FUN63VP\pc</Message><Level>Information</Level><Task>Process terminated (rule: ProcessTerminate)</Task><Opcode>Informations</Opcode><Channel></Channel><Provider></Provider><Keywords></Keywords></RenderingInfo></Event><Event xmlns='http://schemas.microsoft.com/win/2004/08/events/event'><System><Provider Name='Microsoft-Windows-Sysmon' Guid='{5770385F-C22A-43E0-BF4C-06F5698FFBD9}'/><EventID>5</EventID><Version>3</Version><Level>4</Level><Task>5</Task><Opcode>0</Opcode><Keywords>0x8000000000000000</Keywords><TimeCreated SystemTime='2025-12-15T12:02:42.191791600Z'/><EventRecordID>36</EventRecordID><Correlation/><Execution ProcessID='2620' ThreadID='8520'/><Channel>Microsoft-Windows-Sysmon/Operational</Channel><Computer>DESKTOP-FUN63VP</Computer><Security UserID='S-1-5-18'/></System><EventData><Data Name='RuleName'>-</Data><Data Name='UtcTime'>2025-12-15 12:02:42.191</Data><Data Name='ProcessGuid'>{BF59A455-F8C3-693F-F201-000000009301}</Data><Data Name='ProcessId'>9380</Data><Data Name='Image'>C:\Users\pc\AppData\Local\Programs\Opera\opera.exe</Data><Data Name='User'>DESKTOP-FUN63VP\pc</Data></EventData><RenderingInfo Culture='fr-FR'><Message>Process terminated:
RuleName: -
UtcTime: 2025-12-15 12:02:42.191
ProcessGuid: {BF59A455-F8C3-693F-F201-000000009301}
ProcessId: 9380
Image: C:\Users\pc\AppData\Local\Programs\Opera\opera.exe
User: DESKTOP-FUN63VP\pc</Message><Level>Information</Level><Task>Process terminated (rule: ProcessTerminate)</Task><Opcode>Informations</Opcode><Channel></Channel><Provider></Provider><Keywords></Keywords></RenderingInfo></Event><Event xmlns='http://schemas.microsoft.com/win/2004/08/events/event'><System><Provider Name='Microsoft-Windows-Sysmon' Guid='{5770385F-C22A-43E0-BF4C-06F5698FFBD9}'/><EventID>5</EventID><Version>3</Version><Level>4</Level><Task>5</Task><Opcode>0</Opcode><Keywords>0x8000000000000000</Keywords><TimeCreated SystemTime='2025-12-15T12:02:34.853450900Z'/><EventRecordID>35</EventRecordID><Correlation/><Execution ProcessID='2620' ThreadID='8520'/><Channel>Microsoft-Windows-Sysmon/Operational</Channel><Computer>DESKTOP-FUN63VP</Computer><Security UserID='S-1-5-18'/></System><EventData><Data Name='RuleName'>-</Data><Data Name='UtcTime'>2025-12-15 12:02:34.852</Data><Data Name='ProcessGuid'>{BF59A455-F7AE-693F-DB01-000000009301}</Data><Data Name='ProcessId'>8548</Data><Data Name='Image'>C:\Windows\System32\svchost.exe</Data><Data Name='User'>AUTORITE NT\Système</Data></EventData><RenderingInfo Culture='fr-FR'><Message>Process terminated:
RuleName: -
UtcTime: 2025-12-15 12:02:34.852
ProcessGuid: {BF59A455-F7AE-693F-DB01-000000009301}
ProcessId: 8548
Image: C:\Windows\System32\svchost.exe
User: AUTORITE NT\Système</Message><Level>Information</Level><Task>Process terminated (rule: ProcessTerminate)</Task><Opcode>Informations</Opcode><Channel></Channel><Provider></Provider><Keywords></Keywords></RenderingInfo></Event><Event xmlns='http://schemas.microsoft.com/win/2004/08/events/event'><System><Provider Name='Microsoft-Windows-Sysmon' Guid='{5770385F-C22A-43E0-BF4C-06F5698FFBD9}'/><EventID>5</EventID><Version>3</Version><Level>4</Level><Task>5</Task><Opcode>0</Opcode><Keywords>0x8000000000000000</Keywords><TimeCreated SystemTime='2025-12-15T12:01:42.335942800Z'/><EventRecordID>34</EventRecordID><Correlation/><Execution ProcessID='2620' ThreadID='8520'/><Channel>Microsoft-Windows-Sysmon/Operational</Channel><Computer>DESKTOP-FUN63VP</Computer><Security UserID='S-1-5-18'/></System><EventData><Data Name='RuleName'>-</Data><Data Name='UtcTime'>2025-12-15 12:01:42.335</Data><Data Name='ProcessGuid'>{BF59A455-F887-693F-F001-000000009301}</Data><Data Name='ProcessId'>10168</Data><Data Name='Image'>C:\Users\pc\AppData\Local\Programs\Opera\opera.exe</Data><Data Name='User'>DESKTOP-FUN63VP\pc</Data></EventData><RenderingInfo Culture='fr-FR'><Message>Process terminated:
RuleName: -
UtcTime: 2025-12-15 12:01:42.335
ProcessGuid: {BF59A455-F887-693F-F001-000000009301}
ProcessId: 10168
Image: C:\Users\pc\AppData\Local\Programs\Opera\opera.exe
User: DESKTOP-FUN63VP\pc</Message><Level>Information</Level><Task>Process terminated (rule: ProcessTerminate)</Task><Opcode>Informations</Opcode><Channel></Channel><Provider></Provider><Keywords></Keywords></RenderingInfo></Event><Event xmlns='http://schemas.microsoft.com/win/2004/08/events/event'><System><Provider Name='Microsoft-Windows-Sysmon' Guid='{5770385F-C22A-43E0-BF4C-06F5698FFBD9}'/><EventID>5</EventID><Version>3</Version><Level>4</Level><Task>5</Task><Opcode>0</Opcode><Keywords>0x8000000000000000</Keywords><TimeCreated SystemTime='2025-12-15T12:01:42.132699600Z'/><EventRecordID>33</EventRecordID><Correlation/><Execution ProcessID='2620' ThreadID='8520'/><Channel>Microsoft-Windows-Sysmon/Operational</Channel><Computer>DESKTOP-FUN63VP</Computer><Security UserID='S-1-5-18'/></System><EventData><Data Name='RuleName'>-</Data><Data Name='UtcTime'>2025-12-15 12:01:42.132</Data><Data Name='ProcessGuid'>{BF59A455-F8A5-693F-F101-000000009301}</Data><Data Name='ProcessId'>2264</Data><Data Name='Image'>C:\Program Files (x86)\Microsoft\EdgeUpdate\MicrosoftEdgeUpdate.exe</Data><Data Name='User'>AUTORITE NT\Système</Data></EventData><RenderingInfo Culture='fr-FR'><Message>Process terminated:
RuleName: -
UtcTime: 2025-12-15 12:01:42.132
ProcessGuid: {BF59A455-F8A5-693F-F101-000000009301}
ProcessId: 2264
Image: C:\Program Files (x86)\Microsoft\EdgeUpdate\MicrosoftEdgeUpdate.exe
User: AUTORITE NT\Système</Message><Level>Information</Level><Task>Process terminated (rule: ProcessTerminate)</Task><Opcode>Informations</Opcode><Channel></Channel><Provider></Provider><Keywords></Keywords></RenderingInfo></Event><Event xmlns='http://schemas.microsoft.com/win/2004/08/events/event'><System><Provider Name='Microsoft-Windows-Sysmon' Guid='{5770385F-C22A-43E0-BF4C-06F5698FFBD9}'/><EventID>5</EventID><Version>3</Version><Level>4</Level><Task>5</Task><Opcode>0</Opcode><Keywords>0x8000000000000000</Keywords><TimeCreated SystemTime='2025-12-15T12:01:35.185035900Z'/><EventRecordID>32</EventRecordID><Correlation/><Execution ProcessID='2620' ThreadID='8520'/><Channel>Microsoft-Windows-Sysmon/Operational</Channel><Computer>DESKTOP-FUN63VP</Computer><Security UserID='S-1-5-18'/></System><EventData><Data Name='RuleName'>-</Data><Data Name='UtcTime'>2025-12-15 12:01:35.183</Data><Data Name='ProcessGuid'>{BF59A455-F807-693F-E701-000000009301}</Data><Data Name='ProcessId'>9188</Data><Data Name='Image'>C:\Windows\System32\SearchFilterHost.exe</Data><Data Name='User'>AUTORITE NT\Système</Data></EventData><RenderingInfo Culture='fr-FR'><Message>Process terminated:
RuleName: -
UtcTime: 2025-12-15 12:01:35.183
ProcessGuid: {BF59A455-F807-693F-E701-000000009301}
ProcessId: 9188
Image: C:\Windows\System32\SearchFilterHost.exe
User: AUTORITE NT\Système</Message><Level>Information</Level><Task>Process terminated (rule: ProcessTerminate)</Task><Opcode>Informations</Opcode><Channel></Channel><Provider></Provider><Keywords></Keywords></RenderingInfo></Event><Event xmlns='http://schemas.microsoft.com/win/2004/08/events/event'><System><Provider Name='Microsoft-Windows-Sysmon' Guid='{5770385F-C22A-43E0-BF4C-06F5698FFBD9}'/><EventID>5</EventID><Version>3</Version><Level>4</Level><Task>5</Task><Opcode>0</Opcode><Keywords>0x8000000000000000</Keywords><TimeCreated SystemTime='2025-12-15T12:01:35.171403600Z'/><EventRecordID>31</EventRecordID><Correlation/><Execution ProcessID='2620' ThreadID='8520'/><Channel>Microsoft-Windows-Sysmon/Operational</Channel><Computer>DESKTOP-FUN63VP</Computer><Security UserID='S-1-5-18'/></System><EventData><Data Name='RuleName'>-</Data><Data Name='UtcTime'>2025-12-15 12:01:35.169</Data><Data Name='ProcessGuid'>{BF59A455-F807-693F-E601-000000009301}</Data><Data Name='ProcessId'>9892</Data><Data Name='Image'>C:\Windows\System32\SearchProtocolHost.exe</Data><Data Name='User'>AUTORITE NT\Système</Data></EventData><RenderingInfo Culture='fr-FR'><Message>Process terminated:
RuleName: -
UtcTime: 2025-12-15 12:01:35.169
ProcessGuid: {BF59A455-F807-693F-E601-000000009301}
ProcessId: 9892
Image: C:\Windows\System32\SearchProtocolHost.exe
User: AUTORITE NT\Système</Message><Level>Information</Level><Task>Process terminated (rule: ProcessTerminate)</Task><Opcode>Informations</Opcode><Channel></Channel><Provider></Provider><Keywords></Keywords></RenderingInfo></Event><Event xmlns='http://schemas.microsoft.com/win/2004/08/events/event'><System><Provider Name='Microsoft-Windows-Sysmon' Guid='{5770385F-C22A-43E0-BF4C-06F5698FFBD9}'/><EventID>5</EventID><Version>3</Version><Level>4</Level><Task>5</Task><Opcode>0</Opcode><Keywords>0x8000000000000000</Keywords><TimeCreated SystemTime='2025-12-15T12:00:41.949473200Z'/><EventRecordID>30</EventRecordID><Correlation/><Execution ProcessID='2620' ThreadID='8520'/><Channel>Microsoft-Windows-Sysmon/Operational</Channel><Computer>DESKTOP-FUN63VP</Computer><Security UserID='S-1-5-18'/></System><EventData><Data Name='RuleName'>-</Data><Data Name='UtcTime'>2025-12-15 12:00:41.948</Data><Data Name='ProcessGuid'>{BF59A455-F82D-693F-E901-000000009301}</Data><Data Name='ProcessId'>8720</Data><Data Name='Image'>C:\Users\pc\AppData\Local\Programs\Opera\opera.exe</Data><Data Name='User'>DESKTOP-FUN63VP\pc</Data></EventData><RenderingInfo Culture='fr-FR'><Message>Process terminated:
RuleName: -
UtcTime: 2025-12-15 12:00:41.948
ProcessGuid: {BF59A455-F82D-693F-E901-000000009301}
ProcessId: 8720
Image: C:\Users\pc\AppData\Local\Programs\Opera\opera.exe
User: DESKTOP-FUN63VP\pc</Message><Level>Information</Level><Task>Process terminated (rule: ProcessTerminate)</Task><Opcode>Informations</Opcode><Channel></Channel><Provider></Provider><Keywords></Keywords></RenderingInfo></Event><Event xmlns='http://schemas.microsoft.com/win/2004/08/events/event'><System><Provider Name='Microsoft-Windows-Sysmon' Guid='{5770385F-C22A-43E0-BF4C-06F5698FFBD9}'/><EventID>5</EventID><Version>3</Version><Level>4</Level><Task>5</Task><Opcode>0</Opcode><Keywords>0x8000000000000000</Keywords><TimeCreated SystemTime='2025-12-15T12:00:27.566595600Z'/><EventRecordID>29</EventRecordID><Correlation/><Execution ProcessID='2620' ThreadID='8520'/><Channel>Microsoft-Windows-Sysmon/Operational</Channel><Computer>DESKTOP-FUN63VP</Computer><Security UserID='S-1-5-18'/></System><EventData><Data Name='RuleName'>-</Data><Data Name='UtcTime'>2025-12-15 12:00:27.565</Data><Data Name='ProcessGuid'>{BF59A455-F850-693F-EE01-000000009301}</Data><Data Name='ProcessId'>4596</Data><Data Name='Image'>C:\Program Files (x86)\Google\GoogleUpdater\140.0.7273.0\updater.exe</Data><Data Name='User'>AUTORITE NT\Système</Data></EventData><RenderingInfo Culture='fr-FR'><Message>Process terminated:
RuleName: -
UtcTime: 2025-12-15 12:00:27.565
ProcessGuid: {BF59A455-F850-693F-EE01-000000009301}
ProcessId: 4596
Image: C:\Program Files (x86)\Google\GoogleUpdater\140.0.7273.0\updater.exe
User: AUTORITE NT\Système</Message><Level>Information</Level><Task>Process terminated (rule: ProcessTerminate)</Task><Opcode>Informations</Opcode><Channel></Channel><Provider></Provider><Keywords></Keywords></RenderingInfo></Event><Event xmlns='http://schemas.microsoft.com/win/2004/08/events/event'><System><Provider Name='Microsoft-Windows-Sysmon' Guid='{5770385F-C22A-43E0-BF4C-06F5698FFBD9}'/><EventID>5</EventID><Version>3</Version><Level>4</Level><Task>5</Task><Opcode>0</Opcode><Keywords>0x8000000000000000</Keywords><TimeCreated SystemTime='2025-12-15T12:00:27.553717800Z'/><EventRecordID>28</EventRecordID><Correlation/><Execution ProcessID='2620' ThreadID='8520'/><Channel>Microsoft-Windows-Sysmon/Operational</Channel><Computer>DESKTOP-FUN63VP</Computer><Security UserID='S-1-5-18'/></System><EventData><Data Name='RuleName'>-</Data><Data Name='UtcTime'>2025-12-15 12:00:27.552</Data><Data Name='ProcessGuid'>{BF59A455-F850-693F-ED01-000000009301}</Data><Data Name='ProcessId'>1992</Data><Data Name='Image'>C:\Program Files (x86)\Google\GoogleUpdater\140.0.7273.0\updater.exe</Data><Data Name='User'>AUTORITE NT\Système</Data></EventData><RenderingInfo Culture='fr-FR'><Message>Process terminated:
RuleName: -
UtcTime: 2025-12-15 12:00:27.552
ProcessGuid: {BF59A455-F850-693F-ED01-000000009301}
ProcessId: 1992
Image: C:\Program Files (x86)\Google\GoogleUpdater\140.0.7273.0\updater.exe
User: AUTORITE NT\Système</Message><Level>Information</Level><Task>Process terminated (rule: ProcessTerminate)</Task><Opcode>Informations</Opcode><Channel></Channel><Provider></Provider><Keywords></Keywords></RenderingInfo></Event><Event xmlns='http://schemas.microsoft.com/win/2004/08/events/event'><System><Provider Name='Microsoft-Windows-Sysmon' Guid='{5770385F-C22A-43E0-BF4C-06F5698FFBD9}'/><EventID>5</EventID><Version>3</Version><Level>4</Level><Task>5</Task><Opcode>0</Opcode><Keywords>0x8000000000000000</Keywords><TimeCreated SystemTime='2025-12-15T12:00:17.566986200Z'/><EventRecordID>27</EventRecordID><Correlation/><Execution ProcessID='2620' ThreadID='8520'/><Channel>Microsoft-Windows-Sysmon/Operational</Channel><Computer>DESKTOP-FUN63VP</Computer><Security UserID='S-1-5-18'/></System><EventData><Data Name='RuleName'>-</Data><Data Name='UtcTime'>2025-12-15 12:00:17.565</Data><Data Name='ProcessGuid'>{BF59A455-F84F-693F-EC01-000000009301}</Data><Data Name='ProcessId'>1956</Data><Data Name='Image'>C:\Program Files (x86)\Google\GoogleUpdater\140.0.7273.0\updater.exe</Data><Data Name='User'>AUTORITE NT\Système</Data></EventData><RenderingInfo Culture='fr-FR'><Message>Process terminated:
RuleName: -
UtcTime: 2025-12-15 12:00:17.565
ProcessGuid: {BF59A455-F84F-693F-EC01-000000009301}
ProcessId: 1956
Image: C:\Program Files (x86)\Google\GoogleUpdater\140.0.7273.0\updater.exe
User: AUTORITE NT\Système</Message><Level>Information</Level><Task>Process terminated (rule: ProcessTerminate)</Task><Opcode>Informations</Opcode><Channel></Channel><Provider></Provider><Keywords></Keywords></RenderingInfo></Event><Event xmlns='http://schemas.microsoft.com/win/2004/08/events/event'><System><Provider Name='Microsoft-Windows-Sysmon' Guid='{5770385F-C22A-43E0-BF4C-06F5698FFBD9}'/><EventID>5</EventID><Version>3</Version><Level>4</Level><Task>5</Task><Opcode>0</Opcode><Keywords>0x8000000000000000</Keywords><TimeCreated SystemTime='2025-12-15T12:00:17.553367800Z'/><EventRecordID>26</EventRecordID><Correlation/><Execution ProcessID='2620' ThreadID='8520'/><Channel>Microsoft-Windows-Sysmon/Operational</Channel><Computer>DESKTOP-FUN63VP</Computer><Security UserID='S-1-5-18'/></System><EventData><Data Name='RuleName'>-</Data><Data Name='UtcTime'>2025-12-15 12:00:17.552</Data><Data Name='ProcessGuid'>{BF59A455-F84F-693F-EB01-000000009301}</Data><Data Name='ProcessId'>3996</Data><Data Name='Image'>C:\Program Files (x86)\Google\GoogleUpdater\140.0.7273.0\updater.exe</Data><Data Name='User'>AUTORITE NT\Système</Data></EventData><RenderingInfo Culture='fr-FR'><Message>Process terminated:
RuleName: -
UtcTime: 2025-12-15 12:00:17.552
ProcessGuid: {BF59A455-F84F-693F-EB01-000000009301}
ProcessId: 3996
Image: C:\Program Files (x86)\Google\GoogleUpdater\140.0.7273.0\updater.exe
User: AUTORITE NT\Système</Message><Level>Information</Level><Task>Process terminated (rule: ProcessTerminate)</Task><Opcode>Informations</Opcode><Channel></Channel><Provider></Provider><Keywords></Keywords></RenderingInfo></Event><Event xmlns='http://schemas.microsoft.com/win/2004/08/events/event'><System><Provider Name='Microsoft-Windows-Sysmon' Guid='{5770385F-C22A-43E0-BF4C-06F5698FFBD9}'/><EventID>5</EventID><Version>3</Version><Level>4</Level><Task>5</Task><Opcode>0</Opcode><Keywords>0x8000000000000000</Keywords><TimeCreated SystemTime='2025-12-15T12:00:10.347796300Z'/><EventRecordID>25</EventRecordID><Correlation/><Execution ProcessID='2620' ThreadID='8520'/><Channel>Microsoft-Windows-Sysmon/Operational</Channel><Computer>DESKTOP-FUN63VP</Computer><Security UserID='S-1-5-18'/></System><EventData><Data Name='RuleName'>-</Data><Data Name='UtcTime'>2025-12-15 12:00:10.345</Data><Data Name='ProcessGuid'>{BF59A455-F572-693F-9201-000000009301}</Data><Data Name='ProcessId'>6852</Data><Data Name='Image'>C:\Windows\System32\audiodg.exe</Data><Data Name='User'>AUTORITE NT\SERVICE LOCAL</Data></EventData><RenderingInfo Culture='fr-FR'><Message>Process terminated:
RuleName: -
UtcTime: 2025-12-15 12:00:10.345
ProcessGuid: {BF59A455-F572-693F-9201-000000009301}
ProcessId: 6852
Image: C:\Windows\System32\audiodg.exe
User: AUTORITE NT\SERVICE LOCAL</Message><Level>Information</Level><Task>Process terminated (rule: ProcessTerminate)</Task><Opcode>Informations</Opcode><Channel></Channel><Provider></Provider><Keywords></Keywords></RenderingInfo></Event><Event xmlns='http://schemas.microsoft.com/win/2004/08/events/event'><System><Provider Name='Microsoft-Windows-Sysmon' Guid='{5770385F-C22A-43E0-BF4C-06F5698FFBD9}'/><EventID>5</EventID><Version>3</Version><Level>4</Level><Task>5</Task><Opcode>0</Opcode><Keywords>0x8000000000000000</Keywords><TimeCreated SystemTime='2025-12-15T11:59:18.111659600Z'/><EventRecordID>24</EventRecordID><Correlation/><Execution ProcessID='2620' ThreadID='8520'/><Channel>Microsoft-Windows-Sysmon/Operational</Channel><Computer>DESKTOP-FUN63VP</Computer><Security UserID='S-1-5-18'/></System><EventData><Data Name='RuleName'>-</Data><Data Name='UtcTime'>2025-12-15 11:59:18.109</Data><Data Name='ProcessGuid'>{BF59A455-F366-693F-6101-000000009301}</Data><Data Name='ProcessId'>6952</Data><Data Name='Image'>C:\Windows\System32\svchost.exe</Data><Data Name='User'>AUTORITE NT\Système</Data></EventData><RenderingInfo Culture='fr-FR'><Message>Process terminated:
RuleName: -
UtcTime: 2025-12-15 11:59:18.109
ProcessGuid: {BF59A455-F366-693F-6101-000000009301}
ProcessId: 6952
Image: C:\Windows\System32\svchost.exe
User: AUTORITE NT\Système</Message><Level>Information</Level><Task>Process terminated (rule: ProcessTerminate)</Task><Opcode>Informations</Opcode><Channel></Channel><Provider></Provider><Keywords></Keywords></RenderingInfo></Event><Event xmlns='http://schemas.microsoft.com/win/2004/08/events/event'><System><Provider Name='Microsoft-Windows-Sysmon' Guid='{5770385F-C22A-43E0-BF4C-06F5698FFBD9}'/><EventID>5</EventID><Version>3</Version><Level>4</Level><Task>5</Task><Opcode>0</Opcode><Keywords>0x8000000000000000</Keywords><TimeCreated SystemTime='2025-12-15T11:59:14.957494400Z'/><EventRecordID>23</EventRecordID><Correlation/><Execution ProcessID='2620' ThreadID='8520'/><Channel>Microsoft-Windows-Sysmon/Operational</Channel><Computer>DESKTOP-FUN63VP</Computer><Security UserID='S-1-5-18'/></System><EventData><Data Name='RuleName'>-</Data><Data Name='UtcTime'>2025-12-15 11:59:14.956</Data><Data Name='ProcessGuid'>{BF59A455-F7F4-693F-E501-000000009301}</Data><Data Name='ProcessId'>9708</Data><Data Name='Image'>C:\Users\pc\AppData\Local\Programs\Opera\opera.exe</Data><Data Name='User'>DESKTOP-FUN63VP\pc</Data></EventData><RenderingInfo Culture='fr-FR'><Message>Process terminated:
RuleName: -
UtcTime: 2025-12-15 11:59:14.956
ProcessGuid: {BF59A455-F7F4-693F-E501-000000009301}
ProcessId: 9708
Image: C:\Users\pc\AppData\Local\Programs\Opera\opera.exe
User: DESKTOP-FUN63VP\pc</Message><Level>Information</Level><Task>Process terminated (rule: ProcessTerminate)</Task><Opcode>Informations</Opcode><Channel></Channel><Provider></Provider><Keywords></Keywords></RenderingInfo></Event><Event xmlns='http://schemas.microsoft.com/win/2004/08/events/event'><System><Provider Name='Microsoft-Windows-Sysmon' Guid='{5770385F-C22A-43E0-BF4C-06F5698FFBD9}'/><EventID>5</EventID><Version>3</Version><Level>4</Level><Task>5</Task><Opcode>0</Opcode><Keywords>0x8000000000000000</Keywords><TimeCreated SystemTime='2025-12-15T11:59:14.327559900Z'/><EventRecordID>22</EventRecordID><Correlation/><Execution ProcessID='2620' ThreadID='8520'/><Channel>Microsoft-Windows-Sysmon/Operational</Channel><Computer>DESKTOP-FUN63VP</Computer><Security UserID='S-1-5-18'/></System><EventData><Data Name='RuleName'>-</Data><Data Name='UtcTime'>2025-12-15 11:59:14.326</Data><Data Name='ProcessGuid'>{BF59A455-F6E4-693F-C801-000000009301}</Data><Data Name='ProcessId'>4140</Data><Data Name='Image'>C:\Windows\System32\svchost.exe</Data><Data Name='User'>DESKTOP-FUN63VP\pc</Data></EventData><RenderingInfo Culture='fr-FR'><Message>Process terminated:
RuleName: -
UtcTime: 2025-12-15 11:59:14.326
ProcessGuid: {BF59A455-F6E4-693F-C801-000000009301}
ProcessId: 4140
Image: C:\Windows\System32\svchost.exe
User: DESKTOP-FUN63VP\pc</Message><Level>Information</Level><Task>Process terminated (rule: ProcessTerminate)</Task><Opcode>Informations</Opcode><Channel></Channel><Provider></Provider><Keywords></Keywords></RenderingInfo></Event><Event xmlns='http://schemas.microsoft.com/win/2004/08/events/event'><System><Provider Name='Microsoft-Windows-Sysmon' Guid='{5770385F-C22A-43E0-BF4C-06F5698FFBD9}'/><EventID>5</EventID><Version>3</Version><Level>4</Level><Task>5</Task><Opcode>0</Opcode><Keywords>0x8000000000000000</Keywords><TimeCreated SystemTime='2025-12-15T11:58:42.232273400Z'/><EventRecordID>21</EventRecordID><Correlation/><Execution ProcessID='2620' ThreadID='8520'/><Channel>Microsoft-Windows-Sysmon/Operational</Channel><Computer>DESKTOP-FUN63VP</Computer><Security UserID='S-1-5-18'/></System><EventData><Data Name='RuleName'>-</Data><Data Name='UtcTime'>2025-12-15 11:58:42.231</Data><Data Name='ProcessGuid'>{BF59A455-F7D3-693F-E101-000000009301}</Data><Data Name='ProcessId'>8456</Data><Data Name='Image'>C:\Users\pc\AppData\Local\Programs\Opera\opera.exe</Data><Data Name='User'>DESKTOP-FUN63VP\pc</Data></EventData><RenderingInfo Culture='fr-FR'><Message>Process terminated:
RuleName: -
UtcTime: 2025-12-15 11:58:42.231
ProcessGuid: {BF59A455-F7D3-693F-E101-000000009301}
ProcessId: 8456
Image: C:\Users\pc\AppData\Local\Programs\Opera\opera.exe
User: DESKTOP-FUN63VP\pc</Message><Level>Information</Level><Task>Process terminated (rule: ProcessTerminate)</Task><Opcode>Informations</Opcode><Channel></Channel><Provider></Provider><Keywords></Keywords></RenderingInfo></Event><Event xmlns='http://schemas.microsoft.com/win/2004/08/events/event'><System><Provider Name='Microsoft-Windows-Sysmon' Guid='{5770385F-C22A-43E0-BF4C-06F5698FFBD9}'/><EventID>5</EventID><Version>3</Version><Level>4</Level><Task>5</Task><Opcode>0</Opcode><Keywords>0x8000000000000000</Keywords><TimeCreated SystemTime='2025-12-15T11:58:40.572155500Z'/><EventRecordID>20</EventRecordID><Correlation/><Execution ProcessID='2620' ThreadID='8520'/><Channel>Microsoft-Windows-Sysmon/Operational</Channel><Computer>DESKTOP-FUN63VP</Computer><Security UserID='S-1-5-18'/></System><EventData><Data Name='RuleName'>-</Data><Data Name='UtcTime'>2025-12-15 11:58:40.570</Data><Data Name='ProcessGuid'>{BF59A455-F7F0-693F-E401-000000009301}</Data><Data Name='ProcessId'>9556</Data><Data Name='Image'>C:\Users\pc\AppData\Local\Programs\Opera\124.0.5705.42\opera_crashreporter.exe</Data><Data Name='User'>DESKTOP-FUN63VP\pc</Data></EventData><RenderingInfo Culture='fr-FR'><Message>Process terminated:
RuleName: -
UtcTime: 2025-12-15 11:58:40.570
ProcessGuid: {BF59A455-F7F0-693F-E401-000000009301}
ProcessId: 9556
Image: C:\Users\pc\AppData\Local\Programs\Opera\124.0.5705.42\opera_crashreporter.exe
User: DESKTOP-FUN63VP\pc</Message><Level>Information</Level><Task>Process terminated (rule: ProcessTerminate)</Task><Opcode>Informations</Opcode><Channel></Channel><Provider></Provider><Keywords></Keywords></RenderingInfo></Event><Event xmlns='http://schemas.microsoft.com/win/2004/08/events/event'><System><Provider Name='Microsoft-Windows-Sysmon' Guid='{5770385F-C22A-43E0-BF4C-06F5698FFBD9}'/><EventID>5</EventID><Version>3</Version><Level>4</Level><Task>5</Task><Opcode>0</Opcode><Keywords>0x8000000000000000</Keywords><TimeCreated SystemTime='2025-12-15T11:58:40.531258800Z'/><EventRecordID>19</EventRecordID><Correlation/><Execution ProcessID='2620' ThreadID='8520'/><Channel>Microsoft-Windows-Sysmon/Operational</Channel><Computer>DESKTOP-FUN63VP</Computer><Security UserID='S-1-5-18'/></System><EventData><Data Name='RuleName'>-</Data><Data Name='UtcTime'>2025-12-15 11:58:40.528</Data><Data Name='ProcessGuid'>{BF59A455-F7F0-693F-E301-000000009301}</Data><Data Name='ProcessId'>9332</Data><Data Name='Image'>C:\Users\pc\AppData\Local\Programs\Opera\opera.exe</Data><Data Name='User'>DESKTOP-FUN63VP\pc</Data></EventData><RenderingInfo Culture='fr-FR'><Message>Process terminated:
RuleName: -
UtcTime: 2025-12-15 11:58:40.528
ProcessGuid: {BF59A455-F7F0-693F-E301-000000009301}
ProcessId: 9332
Image: C:\Users\pc\AppData\Local\Programs\Opera\opera.exe
User: DESKTOP-FUN63VP\pc</Message><Level>Information</Level><Task>Process terminated (rule: ProcessTerminate)</Task><Opcode>Informations</Opcode><Channel></Channel><Provider></Provider><Keywords></Keywords></RenderingInfo></Event><Event xmlns='http://schemas.microsoft.com/win/2004/08/events/event'><System><Provider Name='Microsoft-Windows-Sysmon' Guid='{5770385F-C22A-43E0-BF4C-06F5698FFBD9}'/><EventID>5</EventID><Version>3</Version><Level>4</Level><Task>5</Task><Opcode>0</Opcode><Keywords>0x8000000000000000</Keywords><TimeCreated SystemTime='2025-12-15T11:58:36.546768900Z'/><EventRecordID>18</EventRecordID><Correlation/><Execution ProcessID='2620' ThreadID='8520'/><Channel>Microsoft-Windows-Sysmon/Operational</Channel><Computer>DESKTOP-FUN63VP</Computer><Security UserID='S-1-5-18'/></System><EventData><Data Name='RuleName'>-</Data><Data Name='UtcTime'>2025-12-15 11:58:36.545</Data><Data Name='ProcessGuid'>{BF59A455-F7EC-693F-E201-000000009301}</Data><Data Name='ProcessId'>5272</Data><Data Name='Image'>C:\Windows\System32\backgroundTaskHost.exe</Data><Data Name='User'>DESKTOP-FUN63VP\pc</Data></EventData><RenderingInfo Culture='fr-FR'><Message>Process terminated:
RuleName: -
UtcTime: 2025-12-15 11:58:36.545
ProcessGuid: {BF59A455-F7EC-693F-E201-000000009301}
ProcessId: 5272
Image: C:\Windows\System32\backgroundTaskHost.exe
User: DESKTOP-FUN63VP\pc</Message><Level>Information</Level><Task>Process terminated (rule: ProcessTerminate)</Task><Opcode>Informations</Opcode><Channel></Channel><Provider></Provider><Keywords></Keywords></RenderingInfo></Event>