{
    "Id":  5,
    "Version":  3,
    "Qualifiers":  null,
    "Level":  4,
    "Task":  5,
    "Opcode":  0,
    "Keywords":  -9223372036854775808,
    "RecordId":  645,
    "ProviderName":  "Microsoft-Windows-Sysmon",
    "ProviderId":  "5770385f-c22a-43e0-bf4c-06f5698ffbd9",
    "LogName":  "Microsoft-Windows-Sysmon/Operational",
    "ProcessId":  2620,
    "ThreadId":  8520,
    "MachineName":  "DESKTOP-FUN63VP",
    "UserId":  {
                   "BinaryLength":  12,
                   "AccountDomainSid":  null,
                   "Value":  "S-1-5-18"
               },
    "TimeCreated":  "\/Date(1765809879810)\/",
    "ActivityId":  null,
    "RelatedActivityId":  null,
    "ContainerLog":  "Microsoft-Windows-Sysmon/Operational",
    "MatchedQueryIds":  [

                        ],
    "Bookmark":  {

                 },
    "LevelDisplayName":  "Information",
    "OpcodeDisplayName":  "Informations",
    "TaskDisplayName":  "Process terminated (rule: ProcessTerminate)",
    "KeywordsDisplayNames":  [

                             ],
    "Properties":  [
                       {
                           "Value":  "-"
                       },
                       {
                           "Value":  "2025-12-15 14:44:39.810"
                       },
                       {
                           "Value":  "bf59a455-1eb7-6940-6d04-000000009301"
                       },
                       {
                           "Value":  7164
                       },
                       {
                           "Value":  "C:\\Users\\pc\\AppData\\Local\\Programs\\Opera\\opera.exe"
                       },
                       {
                           "Value":  "DESKTOP-FUN63VP\\pc"
                       }
                   ],
    "Message":  "Process terminated:\r\nRuleName: -\r\nUtcTime: 2025-12-15 14:44:39.810\r\nProcessGuid: {BF59A455-1EB7-6940-6D04-000000009301}\r\nProcessId: 7164\r\nImage: C:\\Users\\pc\\AppData\\Local\\Programs\\Opera\\opera.exe\r\nUser: DESKTOP-FUN63VP\\pc"
}
{
    "Id":  5,
    "Version":  3,
    "Qualifiers":  null,
    "Level":  4,
    "Task":  5,
    "Opcode":  0,
    "Keywords":  -9223372036854775808,
    "RecordId":  644,
    "ProviderName":  "Microsoft-Windows-Sysmon",
    "ProviderId":  "5770385f-c22a-43e0-bf4c-06f5698ffbd9",
    "LogName":  "Microsoft-Windows-Sysmon/Operational",
    "ProcessId":  2620,
    "ThreadId":  8520,
    "MachineName":  "DESKTOP-FUN63VP",
    "UserId":  {
                   "BinaryLength":  12,
                   "AccountDomainSid":  null,
                   "Value":  "S-1-5-18"
               },
    "TimeCreated":  "\/Date(1765809821899)\/",
    "ActivityId":  null,
    "RelatedActivityId":  null,
    "ContainerLog":  "Microsoft-Windows-Sysmon/Operational",
    "MatchedQueryIds":  [

                        ],
    "Bookmark":  {

                 },
    "LevelDisplayName":  "Information",
    "OpcodeDisplayName":  "Informations",
    "TaskDisplayName":  "Process terminated (rule: ProcessTerminate)",
    "KeywordsDisplayNames":  [

                             ],
    "Properties":  [
                       {
                           "Value":  "-"
                       },
                       {
                           "Value":  "2025-12-15 14:43:41.898"
                       },
                       {
                           "Value":  "bf59a455-1e61-6940-6a04-000000009301"
                       },
                       {
                           "Value":  6320
                       },
                       {
                           "Value":  "C:\\Users\\pc\\AppData\\Local\\Programs\\Opera\\opera.exe"
                       },
                       {
                           "Value":  "DESKTOP-FUN63VP\\pc"
                       }
                   ],
    "Message":  "Process terminated:\r\nRuleName: -\r\nUtcTime: 2025-12-15 14:43:41.898\r\nProcessGuid: {BF59A455-1E61-6940-6A04-000000009301}\r\nProcessId: 6320\r\nImage: C:\\Users\\pc\\AppData\\Local\\Programs\\Opera\\opera.exe\r\nUser: DESKTOP-FUN63VP\\pc"
}
{
    "Id":  5,
    "Version":  3,
    "Qualifiers":  null,
    "Level":  4,
    "Task":  5,
    "Opcode":  0,
    "Keywords":  -9223372036854775808,
    "RecordId":  643,
    "ProviderName":  "Microsoft-Windows-Sysmon",
    "ProviderId":  "5770385f-c22a-43e0-bf4c-06f5698ffbd9",
    "LogName":  "Microsoft-Windows-Sysmon/Operational",
    "ProcessId":  2620,
    "ThreadId":  8520,
    "MachineName":  "DESKTOP-FUN63VP",
    "UserId":  {
                   "BinaryLength":  12,
                   "AccountDomainSid":  null,
                   "Value":  "S-1-5-18"
               },
    "TimeCreated":  "\/Date(1765809753513)\/",
    "ActivityId":  null,
    "RelatedActivityId":  null,
    "ContainerLog":  "Microsoft-Windows-Sysmon/Operational",
    "MatchedQueryIds":  [

                        ],
    "Bookmark":  {

                 },
    "LevelDisplayName":  "Information",
    "OpcodeDisplayName":  "Informations",
    "TaskDisplayName":  "Process terminated (rule: ProcessTerminate)",
    "KeywordsDisplayNames":  [

                             ],
    "Properties":  [
                       {
                           "Value":  "-"
                       },
                       {
                           "Value":  "2025-12-15 14:42:33.506"
                       },
                       {
                           "Value":  "bf59a455-1c60-6940-3d04-000000009301"
                       },
                       {
                           "Value":  9640
                       },
                       {
                           "Value":  "C:\\Windows\\System32\\smartscreen.exe"
                       },
                       {
                           "Value":  "DESKTOP-FUN63VP\\pc"
                       }
                   ],
    "Message":  "Process terminated:\r\nRuleName: -\r\nUtcTime: 2025-12-15 14:42:33.506\r\nProcessGuid: {BF59A455-1C60-6940-3D04-000000009301}\r\nProcessId: 9640\r\nImage: C:\\Windows\\System32\\smartscreen.exe\r\nUser: DESKTOP-FUN63VP\\pc"
}
{
    "Id":  5,
    "Version":  3,
    "Qualifiers":  null,
    "Level":  4,
    "Task":  5,
    "Opcode":  0,
    "Keywords":  -9223372036854775808,
    "RecordId":  642,
    "ProviderName":  "Microsoft-Windows-Sysmon",
    "ProviderId":  "5770385f-c22a-43e0-bf4c-06f5698ffbd9",
    "LogName":  "Microsoft-Windows-Sysmon/Operational",
    "ProcessId":  2620,
    "ThreadId":  8520,
    "MachineName":  "DESKTOP-FUN63VP",
    "UserId":  {
                   "BinaryLength":  12,
                   "AccountDomainSid":  null,
                   "Value":  "S-1-5-18"
               },
    "TimeCreated":  "\/Date(1765809736825)\/",
    "ActivityId":  null,
    "RelatedActivityId":  null,
    "ContainerLog":  "Microsoft-Windows-Sysmon/Operational",
    "MatchedQueryIds":  [

                        ],
    "Bookmark":  {

                 },
    "LevelDisplayName":  "Information",
    "OpcodeDisplayName":  "Informations",
    "TaskDisplayName":  "Process terminated (rule: ProcessTerminate)",
    "KeywordsDisplayNames":  [

                             ],
    "Properties":  [
                       {
                           "Value":  "-"
                       },
                       {
                           "Value":  "2025-12-15 14:42:16.825"
                       },
                       {
                           "Value":  "bf59a455-1e48-6940-6904-000000009301"
                       },
                       {
                           "Value":  5380
                       },
                       {
                           "Value":  "C:\\Windows\\System32\\backgroundTaskHost.exe"
                       },
                       {
                           "Value":  "DESKTOP-FUN63VP\\pc"
                       }
                   ],
    "Message":  "Process terminated:\r\nRuleName: -\r\nUtcTime: 2025-12-15 14:42:16.825\r\nProcessGuid: {BF59A455-1E48-6940-6904-000000009301}\r\nProcessId: 5380\r\nImage: C:\\Windows\\System32\\backgroundTaskHost.exe\r\nUser: DESKTOP-FUN63VP\\pc"
}
{
    "Id":  5,
    "Version":  3,
    "Qualifiers":  null,
    "Level":  4,
    "Task":  5,
    "Opcode":  0,
    "Keywords":  -9223372036854775808,
    "RecordId":  641,
    "ProviderName":  "Microsoft-Windows-Sysmon",
    "ProviderId":  "5770385f-c22a-43e0-bf4c-06f5698ffbd9",
    "LogName":  "Microsoft-Windows-Sysmon/Operational",
    "ProcessId":  2620,
    "ThreadId":  8520,
    "MachineName":  "DESKTOP-FUN63VP",
    "UserId":  {
                   "BinaryLength":  12,
                   "AccountDomainSid":  null,
                   "Value":  "S-1-5-18"
               },
    "TimeCreated":  "\/Date(1765809712193)\/",
    "ActivityId":  null,
    "RelatedActivityId":  null,
    "ContainerLog":  "Microsoft-Windows-Sysmon/Operational",
    "MatchedQueryIds":  [

                        ],
    "Bookmark":  {

                 },
    "LevelDisplayName":  "Information",
    "OpcodeDisplayName":  "Informations",
    "TaskDisplayName":  "Process terminated (rule: ProcessTerminate)",
    "KeywordsDisplayNames":  [

                             ],
    "Properties":  [
                       {
                           "Value":  "-"
                       },
                       {
                           "Value":  "2025-12-15 14:41:52.191"
                       },
                       {
                           "Value":  "bf59a455-1d01-6940-4904-000000009301"
                       },
                       {
                           "Value":  7568
                       },
                       {
                           "Value":  "C:\\Windows\\System32\\audiodg.exe"
                       },
                       {
                           "Value":  "AUTORITE NT\\SERVICE LOCAL"
                       }
                   ],
    "Message":  "Process terminated:\r\nRuleName: -\r\nUtcTime: 2025-12-15 14:41:52.191\r\nProcessGuid: {BF59A455-1D01-6940-4904-000000009301}\r\nProcessId: 7568\r\nImage: C:\\Windows\\System32\\audiodg.exe\r\nUser: AUTORITE NT\\SERVICE LOCAL"
}
{
    "Id":  5,
    "Version":  3,
    "Qualifiers":  null,
    "Level":  4,
    "Task":  5,
    "Opcode":  0,
    "Keywords":  -9223372036854775808,
    "RecordId":  640,
    "ProviderName":  "Microsoft-Windows-Sysmon",
    "ProviderId":  "5770385f-c22a-43e0-bf4c-06f5698ffbd9",
    "LogName":  "Microsoft-Windows-Sysmon/Operational",
    "ProcessId":  2620,
    "ThreadId":  8520,
    "MachineName":  "DESKTOP-FUN63VP",
    "UserId":  {
                   "BinaryLength":  12,
                   "AccountDomainSid":  null,
                   "Value":  "S-1-5-18"
               },
    "TimeCreated":  "\/Date(1765809708224)\/",
    "ActivityId":  null,
    "RelatedActivityId":  null,
    "ContainerLog":  "Microsoft-Windows-Sysmon/Operational",
    "MatchedQueryIds":  [

                        ],
    "Bookmark":  {

                 },
    "LevelDisplayName":  "Information",
    "OpcodeDisplayName":  "Informations",
    "TaskDisplayName":  "Process terminated (rule: ProcessTerminate)",
    "KeywordsDisplayNames":  [

                             ],
    "Properties":  [
                       {
                           "Value":  "-"
                       },
                       {
                           "Value":  "2025-12-15 14:41:48.223"
                       },
                       {
                           "Value":  "bf59a455-1e0c-6940-6704-000000009301"
                       },
                       {
                           "Value":  6004
                       },
                       {
                           "Value":  "C:\\Windows\\System32\\svchost.exe"
                       },
                       {
                           "Value":  "AUTORITE NT\\SERVICE LOCAL"
                       }
                   ],
    "Message":  "Process terminated:\r\nRuleName: -\r\nUtcTime: 2025-12-15 14:41:48.223\r\nProcessGuid: {BF59A455-1E0C-6940-6704-000000009301}\r\nProcessId: 6004\r\nImage: C:\\Windows\\System32\\svchost.exe\r\nUser: AUTORITE NT\\SERVICE LOCAL"
}
{
    "Id":  5,
    "Version":  3,
    "Qualifiers":  null,
    "Level":  4,
    "Task":  5,
    "Opcode":  0,
    "Keywords":  -9223372036854775808,
    "RecordId":  639,
    "ProviderName":  "Microsoft-Windows-Sysmon",
    "ProviderId":  "5770385f-c22a-43e0-bf4c-06f5698ffbd9",
    "LogName":  "Microsoft-Windows-Sysmon/Operational",
    "ProcessId":  2620,
    "ThreadId":  8520,
    "MachineName":  "DESKTOP-FUN63VP",
    "UserId":  {
                   "BinaryLength":  12,
                   "AccountDomainSid":  null,
                   "Value":  "S-1-5-18"
               },
    "TimeCreated":  "\/Date(1765809701917)\/",
    "ActivityId":  null,
    "RelatedActivityId":  null,
    "ContainerLog":  "Microsoft-Windows-Sysmon/Operational",
    "MatchedQueryIds":  [

                        ],
    "Bookmark":  {

                 },
    "LevelDisplayName":  "Information",
    "OpcodeDisplayName":  "Informations",
    "TaskDisplayName":  "Process terminated (rule: ProcessTerminate)",
    "KeywordsDisplayNames":  [

                             ],
    "Properties":  [
                       {
                           "Value":  "-"
                       },
                       {
                           "Value":  "2025-12-15 14:41:41.917"
                       },
                       {
                           "Value":  "bf59a455-1de9-6940-6204-000000009301"
                       },
                       {
                           "Value":  4964
                       },
                       {
                           "Value":  "C:\\Users\\pc\\AppData\\Local\\Programs\\Opera\\opera.exe"
                       },
                       {
                           "Value":  "DESKTOP-FUN63VP\\pc"
                       }
                   ],
    "Message":  "Process terminated:\r\nRuleName: -\r\nUtcTime: 2025-12-15 14:41:41.917\r\nProcessGuid: {BF59A455-1DE9-6940-6204-000000009301}\r\nProcessId: 4964\r\nImage: C:\\Users\\pc\\AppData\\Local\\Programs\\Opera\\opera.exe\r\nUser: DESKTOP-FUN63VP\\pc"
}
{
    "Id":  5,
    "Version":  3,
    "Qualifiers":  null,
    "Level":  4,
    "Task":  5,
    "Opcode":  0,
    "Keywords":  -9223372036854775808,
    "RecordId":  638,
    "ProviderName":  "Microsoft-Windows-Sysmon",
    "ProviderId":  "5770385f-c22a-43e0-bf4c-06f5698ffbd9",
    "LogName":  "Microsoft-Windows-Sysmon/Operational",
    "ProcessId":  2620,
    "ThreadId":  8520,
    "MachineName":  "DESKTOP-FUN63VP",
    "UserId":  {
                   "BinaryLength":  12,
                   "AccountDomainSid":  null,
                   "Value":  "S-1-5-18"
               },
    "TimeCreated":  "\/Date(1765809611080)\/",
    "ActivityId":  null,
    "RelatedActivityId":  null,
    "ContainerLog":  "Microsoft-Windows-Sysmon/Operational",
    "MatchedQueryIds":  [

                        ],
    "Bookmark":  {

                 },
    "LevelDisplayName":  "Information",
    "OpcodeDisplayName":  "Informations",
    "TaskDisplayName":  "Process terminated (rule: ProcessTerminate)",
    "KeywordsDisplayNames":  [

                             ],
    "Properties":  [
                       {
                           "Value":  "-"
                       },
                       {
                           "Value":  "2025-12-15 14:40:11.080"
                       },
                       {
                           "Value":  "bf59a455-1a82-6940-2604-000000009301"
                       },
                       {
                           "Value":  4492
                       },
                       {
                           "Value":  "C:\\Windows\\System32\\svchost.exe"
                       },
                       {
                           "Value":  "AUTORITE NT\\Système"
                       }
                   ],
    "Message":  "Process terminated:\r\nRuleName: -\r\nUtcTime: 2025-12-15 14:40:11.080\r\nProcessGuid: {BF59A455-1A82-6940-2604-000000009301}\r\nProcessId: 4492\r\nImage: C:\\Windows\\System32\\svchost.exe\r\nUser: AUTORITE NT\\Système"
}
{
    "Id":  5,
    "Version":  3,
    "Qualifiers":  null,
    "Level":  4,
    "Task":  5,
    "Opcode":  0,
    "Keywords":  -9223372036854775808,
    "RecordId":  637,
    "ProviderName":  "Microsoft-Windows-Sysmon",
    "ProviderId":  "5770385f-c22a-43e0-bf4c-06f5698ffbd9",
    "LogName":  "Microsoft-Windows-Sysmon/Operational",
    "ProcessId":  2620,
    "ThreadId":  8520,
    "MachineName":  "DESKTOP-FUN63VP",
    "UserId":  {
                   "BinaryLength":  12,
                   "AccountDomainSid":  null,
                   "Value":  "S-1-5-18"
               },
    "TimeCreated":  "\/Date(1765809594300)\/",
    "ActivityId":  null,
    "RelatedActivityId":  null,
    "ContainerLog":  "Microsoft-Windows-Sysmon/Operational",
    "MatchedQueryIds":  [

                        ],
    "Bookmark":  {

                 },
    "LevelDisplayName":  "Information",
    "OpcodeDisplayName":  "Informations",
    "TaskDisplayName":  "Process terminated (rule: ProcessTerminate)",
    "KeywordsDisplayNames":  [

                             ],
    "Properties":  [
                       {
                           "Value":  "-"
                       },
                       {
                           "Value":  "2025-12-15 14:39:54.299"
                       },
                       {
                           "Value":  "bf59a455-1d3e-6940-5804-000000009301"
                       },
                       {
                           "Value":  6680
                       },
                       {
                           "Value":  "C:\\Windows\\System32\\svchost.exe"
                       },
                       {
                           "Value":  "AUTORITE NT\\Système"
                       }
                   ],
    "Message":  "Process terminated:\r\nRuleName: -\r\nUtcTime: 2025-12-15 14:39:54.299\r\nProcessGuid: {BF59A455-1D3E-6940-5804-000000009301}\r\nProcessId: 6680\r\nImage: C:\\Windows\\System32\\svchost.exe\r\nUser: AUTORITE NT\\Système"
}
{
    "Id":  5,
    "Version":  3,
    "Qualifiers":  null,
    "Level":  4,
    "Task":  5,
    "Opcode":  0,
    "Keywords":  -9223372036854775808,
    "RecordId":  636,
    "ProviderName":  "Microsoft-Windows-Sysmon",
    "ProviderId":  "5770385f-c22a-43e0-bf4c-06f5698ffbd9",
    "LogName":  "Microsoft-Windows-Sysmon/Operational",
    "ProcessId":  2620,
    "ThreadId":  8520,
    "MachineName":  "DESKTOP-FUN63VP",
    "UserId":  {
                   "BinaryLength":  12,
                   "AccountDomainSid":  null,
                   "Value":  "S-1-5-18"
               },
    "TimeCreated":  "\/Date(1765809582481)\/",
    "ActivityId":  null,
    "RelatedActivityId":  null,
    "ContainerLog":  "Microsoft-Windows-Sysmon/Operational",
    "MatchedQueryIds":  [

                        ],
    "Bookmark":  {

                 },
    "LevelDisplayName":  "Information",
    "OpcodeDisplayName":  "Informations",
    "TaskDisplayName":  "Process terminated (rule: ProcessTerminate)",
    "KeywordsDisplayNames":  [

                             ],
    "Properties":  [
                       {
                           "Value":  "-"
                       },
                       {
                           "Value":  "2025-12-15 14:39:42.480"
                       },
                       {
                           "Value":  "bf59a455-1d8f-6940-5e04-000000009301"
                       },
                       {
                           "Value":  8100
                       },
                       {
                           "Value":  "C:\\Users\\pc\\AppData\\Local\\Programs\\Opera\\opera.exe"
                       },
                       {
                           "Value":  "DESKTOP-FUN63VP\\pc"
                       }
                   ],
    "Message":  "Process terminated:\r\nRuleName: -\r\nUtcTime: 2025-12-15 14:39:42.480\r\nProcessGuid: {BF59A455-1D8F-6940-5E04-000000009301}\r\nProcessId: 8100\r\nImage: C:\\Users\\pc\\AppData\\Local\\Programs\\Opera\\opera.exe\r\nUser: DESKTOP-FUN63VP\\pc"
}
{
    "Id":  5,
    "Version":  3,
    "Qualifiers":  null,
    "Level":  4,
    "Task":  5,
    "Opcode":  0,
    "Keywords":  -9223372036854775808,
    "RecordId":  635,
    "ProviderName":  "Microsoft-Windows-Sysmon",
    "ProviderId":  "5770385f-c22a-43e0-bf4c-06f5698ffbd9",
    "LogName":  "Microsoft-Windows-Sysmon/Operational",
    "ProcessId":  2620,
    "ThreadId":  8520,
    "MachineName":  "DESKTOP-FUN63VP",
    "UserId":  {
                   "BinaryLength":  12,
                   "AccountDomainSid":  null,
                   "Value":  "S-1-5-18"
               },
    "TimeCreated":  "\/Date(1765809578184)\/",
    "ActivityId":  null,
    "RelatedActivityId":  null,
    "ContainerLog":  "Microsoft-Windows-Sysmon/Operational",
    "MatchedQueryIds":  [

                        ],
    "Bookmark":  {

                 },
    "LevelDisplayName":  "Information",
    "OpcodeDisplayName":  "Informations",
    "TaskDisplayName":  "Process terminated (rule: ProcessTerminate)",
    "KeywordsDisplayNames":  [

                             ],
    "Properties":  [
                       {
                           "Value":  "-"
                       },
                       {
                           "Value":  "2025-12-15 14:39:38.183"
                       },
                       {
                           "Value":  "bf59a455-1da9-6940-6004-000000009301"
                       },
                       {
                           "Value":  1716
                       },
                       {
                           "Value":  "C:\\Program Files\\Google\\Chrome\\Application\\chrome.exe"
                       },
                       {
                           "Value":  "DESKTOP-FUN63VP\\pc"
                       }
                   ],
    "Message":  "Process terminated:\r\nRuleName: -\r\nUtcTime: 2025-12-15 14:39:38.183\r\nProcessGuid: {BF59A455-1DA9-6940-6004-000000009301}\r\nProcessId: 1716\r\nImage: C:\\Program Files\\Google\\Chrome\\Application\\chrome.exe\r\nUser: DESKTOP-FUN63VP\\pc"
}
{
    "Id":  5,
    "Version":  3,
    "Qualifiers":  null,
    "Level":  4,
    "Task":  5,
    "Opcode":  0,
    "Keywords":  -9223372036854775808,
    "RecordId":  634,
    "ProviderName":  "Microsoft-Windows-Sysmon",
    "ProviderId":  "5770385f-c22a-43e0-bf4c-06f5698ffbd9",
    "LogName":  "Microsoft-Windows-Sysmon/Operational",
    "ProcessId":  2620,
    "ThreadId":  8520,
    "MachineName":  "DESKTOP-FUN63VP",
    "UserId":  {
                   "BinaryLength":  12,
                   "AccountDomainSid":  null,
                   "Value":  "S-1-5-18"
               },
    "TimeCreated":  "\/Date(1765809568483)\/",
    "ActivityId":  null,
    "RelatedActivityId":  null,
    "ContainerLog":  "Microsoft-Windows-Sysmon/Operational",
    "MatchedQueryIds":  [

                        ],
    "Bookmark":  {

                 },
    "LevelDisplayName":  "Information",
    "OpcodeDisplayName":  "Informations",
    "TaskDisplayName":  "Process terminated (rule: ProcessTerminate)",
    "KeywordsDisplayNames":  [

                             ],
    "Properties":  [
                       {
                           "Value":  "-"
                       },
                       {
                           "Value":  "2025-12-15 14:39:28.482"
                       },
                       {
                           "Value":  "bf59a455-1d33-6940-5304-000000009301"
                       },
                       {
                           "Value":  8856
                       },
                       {
                           "Value":  "C:\\Program Files\\Google\\Chrome\\Application\\chrome.exe"
                       },
                       {
                           "Value":  "DESKTOP-FUN63VP\\pc"
                       }
                   ],
    "Message":  "Process terminated:\r\nRuleName: -\r\nUtcTime: 2025-12-15 14:39:28.482\r\nProcessGuid: {BF59A455-1D33-6940-5304-000000009301}\r\nProcessId: 8856\r\nImage: C:\\Program Files\\Google\\Chrome\\Application\\chrome.exe\r\nUser: DESKTOP-FUN63VP\\pc"
}
{
    "Id":  5,
    "Version":  3,
    "Qualifiers":  null,
    "Level":  4,
    "Task":  5,
    "Opcode":  0,
    "Keywords":  -9223372036854775808,
    "RecordId":  633,
    "ProviderName":  "Microsoft-Windows-Sysmon",
    "ProviderId":  "5770385f-c22a-43e0-bf4c-06f5698ffbd9",
    "LogName":  "Microsoft-Windows-Sysmon/Operational",
    "ProcessId":  2620,
    "ThreadId":  8520,
    "MachineName":  "DESKTOP-FUN63VP",
    "UserId":  {
                   "BinaryLength":  12,
                   "AccountDomainSid":  null,
                   "Value":  "S-1-5-18"
               },
    "TimeCreated":  "\/Date(1765809568399)\/",
    "ActivityId":  null,
    "RelatedActivityId":  null,
    "ContainerLog":  "Microsoft-Windows-Sysmon/Operational",
    "MatchedQueryIds":  [

                        ],
    "Bookmark":  {

                 },
    "LevelDisplayName":  "Information",
    "OpcodeDisplayName":  "Informations",
    "TaskDisplayName":  "Process terminated (rule: ProcessTerminate)",
    "KeywordsDisplayNames":  [

                             ],
    "Properties":  [
                       {
                           "Value":  "-"
                       },
                       {
                           "Value":  "2025-12-15 14:39:28.399"
                       },
                       {
                           "Value":  "bf59a455-1d33-6940-5204-000000009301"
                       },
                       {
                           "Value":  9336
                       },
                       {
                           "Value":  "C:\\Program Files\\Google\\Chrome\\Application\\chrome.exe"
                       },
                       {
                           "Value":  "DESKTOP-FUN63VP\\pc"
                       }
                   ],
    "Message":  "Process terminated:\r\nRuleName: -\r\nUtcTime: 2025-12-15 14:39:28.399\r\nProcessGuid: {BF59A455-1D33-6940-5204-000000009301}\r\nProcessId: 9336\r\nImage: C:\\Program Files\\Google\\Chrome\\Application\\chrome.exe\r\nUser: DESKTOP-FUN63VP\\pc"
}
{
    "Id":  5,
    "Version":  3,
    "Qualifiers":  null,
    "Level":  4,
    "Task":  5,
    "Opcode":  0,
    "Keywords":  -9223372036854775808,
    "RecordId":  632,
    "ProviderName":  "Microsoft-Windows-Sysmon",
    "ProviderId":  "5770385f-c22a-43e0-bf4c-06f5698ffbd9",
    "LogName":  "Microsoft-Windows-Sysmon/Operational",
    "ProcessId":  2620,
    "ThreadId":  8520,
    "MachineName":  "DESKTOP-FUN63VP",
    "UserId":  {
                   "BinaryLength":  12,
                   "AccountDomainSid":  null,
                   "Value":  "S-1-5-18"
               },
    "TimeCreated":  "\/Date(1765809568397)\/",
    "ActivityId":  null,
    "RelatedActivityId":  null,
    "ContainerLog":  "Microsoft-Windows-Sysmon/Operational",
    "MatchedQueryIds":  [

                        ],
    "Bookmark":  {

                 },
    "LevelDisplayName":  "Information",
    "OpcodeDisplayName":  "Informations",
    "TaskDisplayName":  "Process terminated (rule: ProcessTerminate)",
    "KeywordsDisplayNames":  [

                             ],
    "Properties":  [
                       {
                           "Value":  "-"
                       },
                       {
                           "Value":  "2025-12-15 14:39:28.396"
                       },
                       {
                           "Value":  "bf59a455-1d37-6940-5504-000000009301"
                       },
                       {
                           "Value":  6416
                       },
                       {
                           "Value":  "C:\\Program Files\\Google\\Chrome\\Application\\chrome.exe"
                       },
                       {
                           "Value":  "DESKTOP-FUN63VP\\pc"
                       }
                   ],
    "Message":  "Process terminated:\r\nRuleName: -\r\nUtcTime: 2025-12-15 14:39:28.396\r\nProcessGuid: {BF59A455-1D37-6940-5504-000000009301}\r\nProcessId: 6416\r\nImage: C:\\Program Files\\Google\\Chrome\\Application\\chrome.exe\r\nUser: DESKTOP-FUN63VP\\pc"
}
{
    "Id":  5,
    "Version":  3,
    "Qualifiers":  null,
    "Level":  4,
    "Task":  5,
    "Opcode":  0,
    "Keywords":  -9223372036854775808,
    "RecordId":  631,
    "ProviderName":  "Microsoft-Windows-Sysmon",
    "ProviderId":  "5770385f-c22a-43e0-bf4c-06f5698ffbd9",
    "LogName":  "Microsoft-Windows-Sysmon/Operational",
    "ProcessId":  2620,
    "ThreadId":  8520,
    "MachineName":  "DESKTOP-FUN63VP",
    "UserId":  {
                   "BinaryLength":  12,
                   "AccountDomainSid":  null,
                   "Value":  "S-1-5-18"
               },
    "TimeCreated":  "\/Date(1765809559085)\/",
    "ActivityId":  null,
    "RelatedActivityId":  null,
    "ContainerLog":  "Microsoft-Windows-Sysmon/Operational",
    "MatchedQueryIds":  [

                        ],
    "Bookmark":  {

                 },
    "LevelDisplayName":  "Information",
    "OpcodeDisplayName":  "Informations",
    "TaskDisplayName":  "Process terminated (rule: ProcessTerminate)",
    "KeywordsDisplayNames":  [

                             ],
    "Properties":  [
                       {
                           "Value":  "-"
                       },
                       {
                           "Value":  "2025-12-15 14:39:19.081"
                       },
                       {
                           "Value":  "bf59a455-1d3d-6940-5704-000000009301"
                       },
                       {
                           "Value":  4120
                       },
                       {
                           "Value":  "C:\\Windows\\System32\\wbem\\WmiPrvSE.exe"
                       },
                       {
                           "Value":  "AUTORITE NT\\SERVICE RÉSEAU"
                       }
                   ],
    "Message":  "Process terminated:\r\nRuleName: -\r\nUtcTime: 2025-12-15 14:39:19.081\r\nProcessGuid: {BF59A455-1D3D-6940-5704-000000009301}\r\nProcessId: 4120\r\nImage: C:\\Windows\\System32\\wbem\\WmiPrvSE.exe\r\nUser: AUTORITE NT\\SERVICE RÉSEAU"
}
{
    "Id":  5,
    "Version":  3,
    "Qualifiers":  null,
    "Level":  4,
    "Task":  5,
    "Opcode":  0,
    "Keywords":  -9223372036854775808,
    "RecordId":  630,
    "ProviderName":  "Microsoft-Windows-Sysmon",
    "ProviderId":  "5770385f-c22a-43e0-bf4c-06f5698ffbd9",
    "LogName":  "Microsoft-Windows-Sysmon/Operational",
    "ProcessId":  2620,
    "ThreadId":  8520,
    "MachineName":  "DESKTOP-FUN63VP",
    "UserId":  {
                   "BinaryLength":  12,
                   "AccountDomainSid":  null,
                   "Value":  "S-1-5-18"
               },
    "TimeCreated":  "\/Date(1765809522755)\/",
    "ActivityId":  null,
    "RelatedActivityId":  null,
    "ContainerLog":  "Microsoft-Windows-Sysmon/Operational",
    "MatchedQueryIds":  [

                        ],
    "Bookmark":  {

                 },
    "LevelDisplayName":  "Information",
    "OpcodeDisplayName":  "Informations",
    "TaskDisplayName":  "Process terminated (rule: ProcessTerminate)",
    "KeywordsDisplayNames":  [

                             ],
    "Properties":  [
                       {
                           "Value":  "-"
                       },
                       {
                           "Value":  "2025-12-15 14:38:42.754"
                       },
                       {
                           "Value":  "bf59a455-1d2d-6940-4c04-000000009301"
                       },
                       {
                           "Value":  9776
                       },
                       {
                           "Value":  "C:\\Windows\\System32\\SearchFilterHost.exe"
                       },
                       {
                           "Value":  "AUTORITE NT\\Système"
                       }
                   ],
    "Message":  "Process terminated:\r\nRuleName: -\r\nUtcTime: 2025-12-15 14:38:42.754\r\nProcessGuid: {BF59A455-1D2D-6940-4C04-000000009301}\r\nProcessId: 9776\r\nImage: C:\\Windows\\System32\\SearchFilterHost.exe\r\nUser: AUTORITE NT\\Système"
}
{
    "Id":  5,
    "Version":  3,
    "Qualifiers":  null,
    "Level":  4,
    "Task":  5,
    "Opcode":  0,
    "Keywords":  -9223372036854775808,
    "RecordId":  629,
    "ProviderName":  "Microsoft-Windows-Sysmon",
    "ProviderId":  "5770385f-c22a-43e0-bf4c-06f5698ffbd9",
    "LogName":  "Microsoft-Windows-Sysmon/Operational",
    "ProcessId":  2620,
    "ThreadId":  8520,
    "MachineName":  "DESKTOP-FUN63VP",
    "UserId":  {
                   "BinaryLength":  12,
                   "AccountDomainSid":  null,
                   "Value":  "S-1-5-18"
               },
    "TimeCreated":  "\/Date(1765809522743)\/",
    "ActivityId":  null,
    "RelatedActivityId":  null,
    "ContainerLog":  "Microsoft-Windows-Sysmon/Operational",
    "MatchedQueryIds":  [

                        ],
    "Bookmark":  {

                 },
    "LevelDisplayName":  "Information",
    "OpcodeDisplayName":  "Informations",
    "TaskDisplayName":  "Process terminated (rule: ProcessTerminate)",
    "KeywordsDisplayNames":  [

                             ],
    "Properties":  [
                       {
                           "Value":  "-"
                       },
                       {
                           "Value":  "2025-12-15 14:38:42.742"
                       },
                       {
                           "Value":  "bf59a455-1d2d-6940-4b04-000000009301"
                       },
                       {
                           "Value":  492
                       },
                       {
                           "Value":  "C:\\Windows\\System32\\SearchProtocolHost.exe"
                       },
                       {
                           "Value":  "DESKTOP-FUN63VP\\pc"
                       }
                   ],
    "Message":  "Process terminated:\r\nRuleName: -\r\nUtcTime: 2025-12-15 14:38:42.742\r\nProcessGuid: {BF59A455-1D2D-6940-4B04-000000009301}\r\nProcessId: 492\r\nImage: C:\\Windows\\System32\\SearchProtocolHost.exe\r\nUser: DESKTOP-FUN63VP\\pc"
}
{
    "Id":  5,
    "Version":  3,
    "Qualifiers":  null,
    "Level":  4,
    "Task":  5,
    "Opcode":  0,
    "Keywords":  -9223372036854775808,
    "RecordId":  628,
    "ProviderName":  "Microsoft-Windows-Sysmon",
    "ProviderId":  "5770385f-c22a-43e0-bf4c-06f5698ffbd9",
    "LogName":  "Microsoft-Windows-Sysmon/Operational",
    "ProcessId":  2620,
    "ThreadId":  8520,
    "MachineName":  "DESKTOP-FUN63VP",
    "UserId":  {
                   "BinaryLength":  12,
                   "AccountDomainSid":  null,
                   "Value":  "S-1-5-18"
               },
    "TimeCreated":  "\/Date(1765809521901)\/",
    "ActivityId":  null,
    "RelatedActivityId":  null,
    "ContainerLog":  "Microsoft-Windows-Sysmon/Operational",
    "MatchedQueryIds":  [

                        ],
    "Bookmark":  {

                 },
    "LevelDisplayName":  "Information",
    "OpcodeDisplayName":  "Informations",
    "TaskDisplayName":  "Process terminated (rule: ProcessTerminate)",
    "KeywordsDisplayNames":  [

                             ],
    "Properties":  [
                       {
                           "Value":  "-"
                       },
                       {
                           "Value":  "2025-12-15 14:38:41.901"
                       },
                       {
                           "Value":  "bf59a455-1d35-6940-5404-000000009301"
                       },
                       {
                           "Value":  5428
                       },
                       {
                           "Value":  "C:\\Users\\pc\\AppData\\Local\\Programs\\Opera\\opera.exe"
                       },
                       {
                           "Value":  "DESKTOP-FUN63VP\\pc"
                       }
                   ],
    "Message":  "Process terminated:\r\nRuleName: -\r\nUtcTime: 2025-12-15 14:38:41.901\r\nProcessGuid: {BF59A455-1D35-6940-5404-000000009301}\r\nProcessId: 5428\r\nImage: C:\\Users\\pc\\AppData\\Local\\Programs\\Opera\\opera.exe\r\nUser: DESKTOP-FUN63VP\\pc"
}
{
    "Id":  5,
    "Version":  3,
    "Qualifiers":  null,
    "Level":  4,
    "Task":  5,
    "Opcode":  0,
    "Keywords":  -9223372036854775808,
    "RecordId":  627,
    "ProviderName":  "Microsoft-Windows-Sysmon",
    "ProviderId":  "5770385f-c22a-43e0-bf4c-06f5698ffbd9",
    "LogName":  "Microsoft-Windows-Sysmon/Operational",
    "ProcessId":  2620,
    "ThreadId":  8520,
    "MachineName":  "DESKTOP-FUN63VP",
    "UserId":  {
                   "BinaryLength":  12,
                   "AccountDomainSid":  null,
                   "Value":  "S-1-5-18"
               },
    "TimeCreated":  "\/Date(1765809496377)\/",
    "ActivityId":  null,
    "RelatedActivityId":  null,
    "ContainerLog":  "Microsoft-Windows-Sysmon/Operational",
    "MatchedQueryIds":  [

                        ],
    "Bookmark":  {

                 },
    "LevelDisplayName":  "Information",
    "OpcodeDisplayName":  "Informations",
    "TaskDisplayName":  "Process terminated (rule: ProcessTerminate)",
    "KeywordsDisplayNames":  [

                             ],
    "Properties":  [
                       {
                           "Value":  "-"
                       },
                       {
                           "Value":  "2025-12-15 14:38:16.375"
                       },
                       {
                           "Value":  "bf59a455-1cfe-6940-4804-000000009301"
                       },
                       {
                           "Value":  3312
                       },
                       {
                           "Value":  "C:\\Windows\\System32\\RuntimeBroker.exe"
                       },
                       {
                           "Value":  "DESKTOP-FUN63VP\\pc"
                       }
                   ],
    "Message":  "Process terminated:\r\nRuleName: -\r\nUtcTime: 2025-12-15 14:38:16.375\r\nProcessGuid: {BF59A455-1CFE-6940-4804-000000009301}\r\nProcessId: 3312\r\nImage: C:\\Windows\\System32\\RuntimeBroker.exe\r\nUser: DESKTOP-FUN63VP\\pc"
}
{
    "Id":  5,
    "Version":  3,
    "Qualifiers":  null,
    "Level":  4,
    "Task":  5,
    "Opcode":  0,
    "Keywords":  -9223372036854775808,
    "RecordId":  626,
    "ProviderName":  "Microsoft-Windows-Sysmon",
    "ProviderId":  "5770385f-c22a-43e0-bf4c-06f5698ffbd9",
    "LogName":  "Microsoft-Windows-Sysmon/Operational",
    "ProcessId":  2620,
    "ThreadId":  8520,
    "MachineName":  "DESKTOP-FUN63VP",
    "UserId":  {
                   "BinaryLength":  12,
                   "AccountDomainSid":  null,
                   "Value":  "S-1-5-18"
               },
    "TimeCreated":  "\/Date(1765809488998)\/",
    "ActivityId":  null,
    "RelatedActivityId":  null,
    "ContainerLog":  "Microsoft-Windows-Sysmon/Operational",
    "MatchedQueryIds":  [

                        ],
    "Bookmark":  {

                 },
    "LevelDisplayName":  "Information",
    "OpcodeDisplayName":  "Informations",
    "TaskDisplayName":  "Process terminated (rule: ProcessTerminate)",
    "KeywordsDisplayNames":  [

                             ],
    "Properties":  [
                       {
                           "Value":  "-"
                       },
                       {
                           "Value":  "2025-12-15 14:38:08.994"
                       },
                       {
                           "Value":  "bf59a455-1c61-6940-3e04-000000009301"
                       },
                       {
                           "Value":  6028
                       },
                       {
                           "Value":  "C:\\Windows\\System32\\svchost.exe"
                       },
                       {
                           "Value":  "AUTORITE NT\\Système"
                       }
                   ],
    "Message":  "Process terminated:\r\nRuleName: -\r\nUtcTime: 2025-12-15 14:38:08.994\r\nProcessGuid: {BF59A455-1C61-6940-3E04-000000009301}\r\nProcessId: 6028\r\nImage: C:\\Windows\\System32\\svchost.exe\r\nUser: AUTORITE NT\\Système"
}
{
    "Id":  5,
    "Version":  3,
    "Qualifiers":  null,
    "Level":  4,
    "Task":  5,
    "Opcode":  0,
    "Keywords":  -9223372036854775808,
    "RecordId":  625,
    "ProviderName":  "Microsoft-Windows-Sysmon",
    "ProviderId":  "5770385f-c22a-43e0-bf4c-06f5698ffbd9",
    "LogName":  "Microsoft-Windows-Sysmon/Operational",
    "ProcessId":  2620,
    "ThreadId":  8520,
    "MachineName":  "DESKTOP-FUN63VP",
    "UserId":  {
                   "BinaryLength":  12,
                   "AccountDomainSid":  null,
                   "Value":  "S-1-5-18"
               },
    "TimeCreated":  "\/Date(1765809488424)\/",
    "ActivityId":  null,
    "RelatedActivityId":  null,
    "ContainerLog":  "Microsoft-Windows-Sysmon/Operational",
    "MatchedQueryIds":  [

                        ],
    "Bookmark":  {

                 },
    "LevelDisplayName":  "Information",
    "OpcodeDisplayName":  "Informations",
    "TaskDisplayName":  "Process terminated (rule: ProcessTerminate)",
    "KeywordsDisplayNames":  [

                             ],
    "Properties":  [
                       {
                           "Value":  "-"
                       },
                       {
                           "Value":  "2025-12-15 14:38:08.423"
                       },
                       {
                           "Value":  "bf59a455-1d4f-6940-5c04-000000009301"
                       },
                       {
                           "Value":  2416
                       },
                       {
                           "Value":  "C:\\Program Files\\Google\\Chrome\\Application\\chrome.exe"
                       },
                       {
                           "Value":  "DESKTOP-FUN63VP\\pc"
                       }
                   ],
    "Message":  "Process terminated:\r\nRuleName: -\r\nUtcTime: 2025-12-15 14:38:08.423\r\nProcessGuid: {BF59A455-1D4F-6940-5C04-000000009301}\r\nProcessId: 2416\r\nImage: C:\\Program Files\\Google\\Chrome\\Application\\chrome.exe\r\nUser: DESKTOP-FUN63VP\\pc"
}
{
    "Id":  5,
    "Version":  3,
    "Qualifiers":  null,
    "Level":  4,
    "Task":  5,
    "Opcode":  0,
    "Keywords":  -9223372036854775808,
    "RecordId":  624,
    "ProviderName":  "Microsoft-Windows-Sysmon",
    "ProviderId":  "5770385f-c22a-43e0-bf4c-06f5698ffbd9",
    "LogName":  "Microsoft-Windows-Sysmon/Operational",
    "ProcessId":  2620,
    "ThreadId":  8520,
    "MachineName":  "DESKTOP-FUN63VP",
    "UserId":  {
                   "BinaryLength":  12,
                   "AccountDomainSid":  null,
                   "Value":  "S-1-5-18"
               },
    "TimeCreated":  "\/Date(1765809488421)\/",
    "ActivityId":  null,
    "RelatedActivityId":  null,
    "ContainerLog":  "Microsoft-Windows-Sysmon/Operational",
    "MatchedQueryIds":  [

                        ],
    "Bookmark":  {

                 },
    "LevelDisplayName":  "Information",
    "OpcodeDisplayName":  "Informations",
    "TaskDisplayName":  "Process terminated (rule: ProcessTerminate)",
    "KeywordsDisplayNames":  [

                             ],
    "Properties":  [
                       {
                           "Value":  "-"
                       },
                       {
                           "Value":  "2025-12-15 14:38:08.420"
                       },
                       {
                           "Value":  "bf59a455-1d4f-6940-5d04-000000009301"
                       },
                       {
                           "Value":  8348
                       },
                       {
                           "Value":  "C:\\Program Files\\Google\\Chrome\\Application\\chrome.exe"
                       },
                       {
                           "Value":  "DESKTOP-FUN63VP\\pc"
                       }
                   ],
    "Message":  "Process terminated:\r\nRuleName: -\r\nUtcTime: 2025-12-15 14:38:08.420\r\nProcessGuid: {BF59A455-1D4F-6940-5D04-000000009301}\r\nProcessId: 8348\r\nImage: C:\\Program Files\\Google\\Chrome\\Application\\chrome.exe\r\nUser: DESKTOP-FUN63VP\\pc"
}
{
    "Id":  5,
    "Version":  3,
    "Qualifiers":  null,
    "Level":  4,
    "Task":  5,
    "Opcode":  0,
    "Keywords":  -9223372036854775808,
    "RecordId":  623,
    "ProviderName":  "Microsoft-Windows-Sysmon",
    "ProviderId":  "5770385f-c22a-43e0-bf4c-06f5698ffbd9",
    "LogName":  "Microsoft-Windows-Sysmon/Operational",
    "ProcessId":  2620,
    "ThreadId":  8520,
    "MachineName":  "DESKTOP-FUN63VP",
    "UserId":  {
                   "BinaryLength":  12,
                   "AccountDomainSid":  null,
                   "Value":  "S-1-5-18"
               },
    "TimeCreated":  "\/Date(1765809488417)\/",
    "ActivityId":  null,
    "RelatedActivityId":  null,
    "ContainerLog":  "Microsoft-Windows-Sysmon/Operational",
    "MatchedQueryIds":  [

                        ],
    "Bookmark":  {

                 },
    "LevelDisplayName":  "Information",
    "OpcodeDisplayName":  "Informations",
    "TaskDisplayName":  "Process terminated (rule: ProcessTerminate)",
    "KeywordsDisplayNames":  [

                             ],
    "Properties":  [
                       {
                           "Value":  "-"
                       },
                       {
                           "Value":  "2025-12-15 14:38:08.416"
                       },
                       {
                           "Value":  "bf59a455-1d4f-6940-5b04-000000009301"
                       },
                       {
                           "Value":  5320
                       },
                       {
                           "Value":  "C:\\Program Files\\Google\\Chrome\\Application\\chrome.exe"
                       },
                       {
                           "Value":  "DESKTOP-FUN63VP\\pc"
                       }
                   ],
    "Message":  "Process terminated:\r\nRuleName: -\r\nUtcTime: 2025-12-15 14:38:08.416\r\nProcessGuid: {BF59A455-1D4F-6940-5B04-000000009301}\r\nProcessId: 5320\r\nImage: C:\\Program Files\\Google\\Chrome\\Application\\chrome.exe\r\nUser: DESKTOP-FUN63VP\\pc"
}
